/h/angelo/single-cell-proj/repo/team_single_cell/experiments/jobs
gpu110
Sun Dec 18 14:07:16 EST 2022
wandb: Starting wandb agent 🕵️
2022-12-18 14:07:24,831 - wandb.wandb_agent - INFO - Running runs: []
2022-12-18 14:07:25,036 - wandb.wandb_agent - INFO - Agent received command: run
2022-12-18 14:07:25,036 - wandb.wandb_agent - INFO - Agent starting run with config:
	atac_dim: 10000
	atac_weight: 83.64674834999877
	epochs: 40
	gex_dim: 2500
	gex_weight: 95.45211928932832
	init: xavier
	latent_dim: 128
	lr: 1e-05
	model: [[1000, 800, 600, 400, 200], [10, 30, 50, 100, 160], [1200, 900, 600, 400, 150], [15, 40, 60, 100, 180]]
	weight_decay: 0.0017151446673394522
2022-12-18 14:07:25,045 - wandb.wandb_agent - INFO - About to run command: /usr/bin/env python gex_atac_sweep.py --atac_dim=10000 --atac_weight=83.64674834999877 --epochs=40 --gex_dim=2500 --gex_weight=95.45211928932832 --init=xavier --latent_dim=128 --lr=1e-05 "--model=[[1000, 800, 600, 400, 200], [10, 30, 50, 100, 160], [1200, 900, 600, 400, 150], [15, 40, 60, 100, 180]]" --weight_decay=0.0017151446673394522
2022-12-18 14:07:30,058 - wandb.wandb_agent - INFO - Running runs: ['rle04d90']
wandb: Currently logged in as: ange1o5 (team-single-cell). Use `wandb login --relogin` to force relogin
wandb: WARNING Ignored wandb.init() arg project when running a sweep.
wandb: WARNING Ignored wandb.init() arg entity when running a sweep.
wandb: Tracking run with wandb version 0.13.7
wandb: Run data is saved locally in /ssd003/home/angelo/single-cell-proj/repo/team_single_cell/experiments/scripts/wandb/run-20221218_140732-rle04d90
wandb: Run `wandb offline` to turn off syncing.
wandb: Syncing run usual-sweep-203
wandb: ⭐️ View project at https://wandb.ai/team-single-cell/gex_atac_sweep
wandb: 🧹 View sweep at https://wandb.ai/team-single-cell/gex_atac_sweep/sweeps/j1snhit4
wandb: 🚀 View run at https://wandb.ai/team-single-cell/gex_atac_sweep/runs/rle04d90
 UserWarning:/h/angelo/miniconda3/envs/single_cell_env/lib/python3.7/site-packages/scanpy/preprocessing/_highly_variable_genes.py:64: `flavor='seurat_v3'` expects raw count data, but non-integers were found.
Trying to set attribute `._uns` of view, copying.
Trying to set attribute `.var` of view, copying.
slurmstepd: error: *** JOB 8874643 ON gpu110 CANCELLED AT 2022-12-18T14:32:15 ***
