/h/angelo/single-cell-proj/repo/team_single_cell/experiments/jobs
gpu092
Sun Dec 18 14:07:47 EST 2022
wandb: Starting wandb agent 🕵️
2022-12-18 14:07:55,497 - wandb.wandb_agent - INFO - Running runs: []
2022-12-18 14:07:55,806 - wandb.wandb_agent - INFO - Agent received command: run
2022-12-18 14:07:55,806 - wandb.wandb_agent - INFO - Agent starting run with config:
	atac_dim: 10000
	atac_weight: 83.50073590655253
	epochs: 20
	gex_dim: 5000
	gex_weight: 65.16667881936088
	init: xavier
	latent_dim: 64
	lr: 0.01
	model: [[1000, 200], [50, 100], [2000, 400], [100, 300]]
	weight_decay: 0.0769618888722262
2022-12-18 14:07:55,814 - wandb.wandb_agent - INFO - About to run command: /usr/bin/env python gex_atac_sweep.py --atac_dim=10000 --atac_weight=83.50073590655253 --epochs=20 --gex_dim=5000 --gex_weight=65.16667881936088 --init=xavier --latent_dim=64 --lr=0.01 "--model=[[1000, 200], [50, 100], [2000, 400], [100, 300]]" --weight_decay=0.0769618888722262
2022-12-18 14:08:00,825 - wandb.wandb_agent - INFO - Running runs: ['pq3s9snd']
wandb: Currently logged in as: ange1o5 (team-single-cell). Use `wandb login --relogin` to force relogin
wandb: WARNING Ignored wandb.init() arg project when running a sweep.
wandb: WARNING Ignored wandb.init() arg entity when running a sweep.
wandb: Tracking run with wandb version 0.13.7
wandb: Run data is saved locally in /ssd003/home/angelo/single-cell-proj/repo/team_single_cell/experiments/scripts/wandb/run-20221218_140803-pq3s9snd
wandb: Run `wandb offline` to turn off syncing.
wandb: Syncing run distinctive-sweep-273
wandb: ⭐️ View project at https://wandb.ai/team-single-cell/gex_atac_sweep
wandb: 🧹 View sweep at https://wandb.ai/team-single-cell/gex_atac_sweep/sweeps/j1snhit4
wandb: 🚀 View run at https://wandb.ai/team-single-cell/gex_atac_sweep/runs/pq3s9snd
 UserWarning:/h/angelo/miniconda3/envs/single_cell_env/lib/python3.7/site-packages/scanpy/preprocessing/_highly_variable_genes.py:64: `flavor='seurat_v3'` expects raw count data, but non-integers were found.
Trying to set attribute `._uns` of view, copying.
Trying to set attribute `.var` of view, copying.
2022-12-18 14:27:36.727074: I tensorflow/core/platform/cpu_feature_guard.cc:193] This TensorFlow binary is optimized with oneAPI Deep Neural Network Library (oneDNN) to use the following CPU instructions in performance-critical operations:  SSE4.1 SSE4.2 AVX AVX2 AVX512F FMA
To enable them in other operations, rebuild TensorFlow with the appropriate compiler flags.
 FutureWarning:/h/angelo/miniconda3/envs/single_cell_env/lib/python3.7/site-packages/anndata/_core/anndata.py:1228: The `inplace` parameter in pandas.Categorical.reorder_categories is deprecated and will be removed in a future version. Reordering categories will always return a new Categorical object.
... storing 'feature_types' as categorical
 FutureWarning:/h/angelo/miniconda3/envs/single_cell_env/lib/python3.7/site-packages/anndata/_core/anndata.py:1228: The `inplace` parameter in pandas.Categorical.reorder_categories is deprecated and will be removed in a future version. Reordering categories will always return a new Categorical object.
... storing 'gene_id' as categorical
Reading dataset...
Feature selecting GEX...
Feature selecting ATAC...

New GEX dim: 5000;
New ATAC dim: 10002;
AnnData dataset's shape: (69249, 15002)

Initializing dataset and dataloader...
The order of labels: ['s1d1', 's1d1', 's1d1', 's1d1', 's1d1', ..., 's4d9', 's4d9', 's4d9', 's4d9', 's4d9']
Length: 69249
Categories (13, object): ['s1d1', 's1d2', 's1d3', 's2d1', ..., 's3d10', 's4d1', 's4d8', 's4d9']
The device: cuda;

The model: DeepGexAtacMultiModalAutoencoder(
  (gex_encoder): Sequential(
    (0): Linear(in_features=5000, out_features=1000, bias=True)
    (1): BatchNorm1d(1000, eps=1e-05, momentum=0.1, affine=True, track_running_stats=True)
    (2): ReLU()
    (3): Dropout(p=0.1, inplace=False)
    (4): Linear(in_features=1000, out_features=200, bias=True)
    (5): BatchNorm1d(200, eps=1e-05, momentum=0.1, affine=True, track_running_stats=True)
    (6): ReLU()
    (7): Linear(in_features=200, out_features=32, bias=True)
    (8): ReLU()
  )
  (atac_encoder): Sequential(
    (0): Linear(in_features=10002, out_features=2000, bias=True)
    (1): BatchNorm1d(2000, eps=1e-05, momentum=0.1, affine=True, track_running_stats=True)
    (2): ReLU()
    (3): Dropout(p=0.1, inplace=False)
    (4): Linear(in_features=2000, out_features=400, bias=True)
    (5): BatchNorm1d(400, eps=1e-05, momentum=0.1, affine=True, track_running_stats=True)
    (6): ReLU()
    (7): Linear(in_features=400, out_features=32, bias=True)
    (8): ReLU()
  )
  (gex_decoder): Sequential(
    (0): Linear(in_features=64, out_features=50, bias=True)
    (1): BatchNorm1d(50, eps=1e-05, momentum=0.1, affine=True, track_running_stats=True)
    (2): ReLU()
    (3): Dropout(p=0.1, inplace=False)
    (4): Linear(in_features=50, out_features=100, bias=True)
    (5): BatchNorm1d(100, eps=1e-05, momentum=0.1, affine=True, track_running_stats=True)
    (6): ReLU()
    (7): Linear(in_features=100, out_features=5000, bias=True)
    (8): ReLU()
  )
  (atac_decoder): Sequential(
    (0): Linear(in_features=64, out_features=100, bias=True)
    (1): BatchNorm1d(100, eps=1e-05, momentum=0.1, affine=True, track_running_stats=True)
    (2): ReLU()
    (3): Dropout(p=0.1, inplace=False)
    (4): Linear(in_features=100, out_features=300, bias=True)
    (5): BatchNorm1d(300, eps=1e-05, momentum=0.1, affine=True, track_running_stats=True)
    (6): ReLU()
    (7): Linear(in_features=300, out_features=10002, bias=True)
    (8): Sigmoid()
  )
);
The dataset: <datasets.anndatadataset.AnnDataDataset object at 0x7f3930be0c10>;
The optimizer: Adam (
Parameter Group 0
    amsgrad: False
    betas: (0.9, 0.999)
    eps: 1e-08
    lr: 0.01
    weight_decay: 0.0769618888722262
);

Epoch 0 recon loss: 5070.5558905059
Epoch 1 recon loss: 3946.9266485835
Epoch 2 recon loss: 3423.9190110701
Epoch 3 recon loss: 3179.2736712071
Epoch 4 recon loss: 3027.5098618067
Epoch 5 recon loss: 2207.3300973232
Epoch 6 recon loss: 2117.7294643831
Epoch 7 recon loss: 1456.0886393979
Epoch 8 recon loss: 1409.1638293686
Epoch 9 recon loss: 1330.6424428121
Epoch 10 recon loss: 1203.0532808692
Epoch 11 recon loss: 1161.7113949141
Epoch 12 recon loss: 1002.8818874524
Epoch 13 recon loss: 816.0867290588
Epoch 14 recon loss: 933.4412076293
Epoch 15 recon loss: 830.8407501898
Epoch 16 recon loss: 794.3927333349
Epoch 17 recon loss: 728.1012671338
Epoch 18 recon loss: 861.0056623855
Epoch 19 recon loss: 633.0044119966

Latent space type: <class 'numpy.ndarray'>;
GEX encoded shape: torch.Size([69249, 32]);
ATAC encoded shape: torch.Size([69249, 32]);
Latent space shape: (69249, 64);

0.49974502700033296
   celltype_ari  celltype_ami  ...  batch_homogeneity  batch_complete
0      0.078299      0.305594  ...           0.789106        0.868533

[1 rows x 8 columns]
wandb: ERROR Failed to sample metric: process no longer exists (pid=1593)
2022-12-18 14:31:10,582 - wandb.wandb_agent - INFO - Cleaning up finished run: pq3s9snd
wandb: Waiting for W&B process to finish... (success).
wandb: 
wandb: Run history:
wandb:  recon loss █▆▅▅▅▃▃▂▂▂▂▂▂▁▁▁▁▁▁▁
wandb: total_score ▁
wandb: 
wandb: Run summary:
wandb:  recon loss 633.00441
wandb: total_score 0.49975
wandb: 
wandb: Synced distinctive-sweep-273: https://wandb.ai/team-single-cell/gex_atac_sweep/runs/pq3s9snd
wandb: Synced 6 W&B file(s), 1 media file(s), 1 artifact file(s) and 0 other file(s)
wandb: Find logs at: ./wandb/run-20221218_140803-pq3s9snd/logs
2022-12-18 14:31:21,838 - wandb.wandb_agent - INFO - Agent received command: run
2022-12-18 14:31:21,861 - wandb.wandb_agent - INFO - Agent starting run with config:
	atac_dim: 2500
	atac_weight: 67.09899290227128
	epochs: 40
	gex_dim: 2500
	gex_weight: 48.24332455674692
	init: he
	latent_dim: 10
	lr: 0.01
	model: [[1200, 400, 100], [50, 100, 200], [1600, 600, 120], [60, 100, 150]]
	weight_decay: 0.08824839474465704
2022-12-18 14:31:22,097 - wandb.wandb_agent - INFO - About to run command: /usr/bin/env python gex_atac_sweep.py --atac_dim=2500 --atac_weight=67.09899290227128 --epochs=40 --gex_dim=2500 --gex_weight=48.24332455674692 --init=he --latent_dim=10 --lr=0.01 "--model=[[1200, 400, 100], [50, 100, 200], [1600, 600, 120], [60, 100, 150]]" --weight_decay=0.08824839474465704
2022-12-18 14:31:27,349 - wandb.wandb_agent - INFO - Running runs: ['xu2ljo6e']
wandb: Currently logged in as: ange1o5 (team-single-cell). Use `wandb login --relogin` to force relogin
wandb: WARNING Ignored wandb.init() arg project when running a sweep.
wandb: WARNING Ignored wandb.init() arg entity when running a sweep.
wandb: Tracking run with wandb version 0.13.7
wandb: Run data is saved locally in /ssd003/home/angelo/single-cell-proj/repo/team_single_cell/experiments/scripts/wandb/run-20221218_143128-xu2ljo6e
wandb: Run `wandb offline` to turn off syncing.
wandb: Syncing run peach-sweep-527
wandb: ⭐️ View project at https://wandb.ai/team-single-cell/gex_atac_sweep
wandb: 🧹 View sweep at https://wandb.ai/team-single-cell/gex_atac_sweep/sweeps/j1snhit4
wandb: 🚀 View run at https://wandb.ai/team-single-cell/gex_atac_sweep/runs/xu2ljo6e
slurmstepd: error: *** JOB 8874705 ON gpu092 CANCELLED AT 2022-12-18T14:32:15 ***
