/h/angelo/single-cell-proj/repo/team_single_cell/experiments/jobs
gpu158.cluster.local
Sun Dec 18 14:07:28 EST 2022
wandb: Starting wandb agent 🕵️
2022-12-18 14:07:39,275 - wandb.wandb_agent - INFO - Running runs: []
2022-12-18 14:07:39,576 - wandb.wandb_agent - INFO - Agent received command: run
2022-12-18 14:07:39,576 - wandb.wandb_agent - INFO - Agent starting run with config:
	atac_dim: 2500
	atac_weight: 94.076952916547
	epochs: 40
	gex_dim: 5000
	gex_weight: 39.74037833064242
	init: xavier
	latent_dim: 20
	lr: 0.01
	model: [[1000, 200], [50, 100], [2000, 400], [100, 300]]
	weight_decay: 0.019447125051587123
2022-12-18 14:07:39,583 - wandb.wandb_agent - INFO - About to run command: /usr/bin/env python gex_atac_sweep.py --atac_dim=2500 --atac_weight=94.076952916547 --epochs=40 --gex_dim=5000 --gex_weight=39.74037833064242 --init=xavier --latent_dim=20 --lr=0.01 "--model=[[1000, 200], [50, 100], [2000, 400], [100, 300]]" --weight_decay=0.019447125051587123
2022-12-18 14:07:44,597 - wandb.wandb_agent - INFO - Running runs: ['eq7xk5u4']
wandb: Currently logged in as: ange1o5 (team-single-cell). Use `wandb login --relogin` to force relogin
wandb: WARNING Ignored wandb.init() arg project when running a sweep.
wandb: WARNING Ignored wandb.init() arg entity when running a sweep.
wandb: Tracking run with wandb version 0.13.7
wandb: Run data is saved locally in /ssd003/home/angelo/single-cell-proj/repo/team_single_cell/experiments/scripts/wandb/run-20221218_140747-eq7xk5u4
wandb: Run `wandb offline` to turn off syncing.
wandb: Syncing run ethereal-sweep-234
wandb: ⭐️ View project at https://wandb.ai/team-single-cell/gex_atac_sweep
wandb: 🧹 View sweep at https://wandb.ai/team-single-cell/gex_atac_sweep/sweeps/j1snhit4
wandb: 🚀 View run at https://wandb.ai/team-single-cell/gex_atac_sweep/runs/eq7xk5u4
 UserWarning:/h/angelo/miniconda3/envs/single_cell_env/lib/python3.7/site-packages/scanpy/preprocessing/_highly_variable_genes.py:64: `flavor='seurat_v3'` expects raw count data, but non-integers were found.
Trying to set attribute `._uns` of view, copying.
Trying to set attribute `.var` of view, copying.
2022-12-18 14:18:07.469475: I tensorflow/core/platform/cpu_feature_guard.cc:193] This TensorFlow binary is optimized with oneAPI Deep Neural Network Library (oneDNN) to use the following CPU instructions in performance-critical operations:  SSE4.1 SSE4.2 AVX AVX2 AVX512F AVX512_VNNI FMA
To enable them in other operations, rebuild TensorFlow with the appropriate compiler flags.
2022-12-18 14:18:07.945247: I tensorflow/core/util/util.cc:169] oneDNN custom operations are on. You may see slightly different numerical results due to floating-point round-off errors from different computation orders. To turn them off, set the environment variable `TF_ENABLE_ONEDNN_OPTS=0`.
 FutureWarning:/h/angelo/miniconda3/envs/single_cell_env/lib/python3.7/site-packages/anndata/_core/anndata.py:1228: The `inplace` parameter in pandas.Categorical.reorder_categories is deprecated and will be removed in a future version. Reordering categories will always return a new Categorical object.
... storing 'feature_types' as categorical
 FutureWarning:/h/angelo/miniconda3/envs/single_cell_env/lib/python3.7/site-packages/anndata/_core/anndata.py:1228: The `inplace` parameter in pandas.Categorical.reorder_categories is deprecated and will be removed in a future version. Reordering categories will always return a new Categorical object.
... storing 'gene_id' as categorical
Reading dataset...
Feature selecting GEX...
Feature selecting ATAC...

New GEX dim: 5000;
New ATAC dim: 2501;
AnnData dataset's shape: (69249, 7501)

Initializing dataset and dataloader...
The order of labels: ['s1d1', 's1d1', 's1d1', 's1d1', 's1d1', ..., 's4d9', 's4d9', 's4d9', 's4d9', 's4d9']
Length: 69249
Categories (13, object): ['s1d1', 's1d2', 's1d3', 's2d1', ..., 's3d10', 's4d1', 's4d8', 's4d9']
The device: cuda;

The model: DeepGexAtacMultiModalAutoencoder(
  (gex_encoder): Sequential(
    (0): Linear(in_features=5000, out_features=1000, bias=True)
    (1): BatchNorm1d(1000, eps=1e-05, momentum=0.1, affine=True, track_running_stats=True)
    (2): ReLU()
    (3): Dropout(p=0.1, inplace=False)
    (4): Linear(in_features=1000, out_features=200, bias=True)
    (5): BatchNorm1d(200, eps=1e-05, momentum=0.1, affine=True, track_running_stats=True)
    (6): ReLU()
    (7): Linear(in_features=200, out_features=10, bias=True)
    (8): ReLU()
  )
  (atac_encoder): Sequential(
    (0): Linear(in_features=2501, out_features=2000, bias=True)
    (1): BatchNorm1d(2000, eps=1e-05, momentum=0.1, affine=True, track_running_stats=True)
    (2): ReLU()
    (3): Dropout(p=0.1, inplace=False)
    (4): Linear(in_features=2000, out_features=400, bias=True)
    (5): BatchNorm1d(400, eps=1e-05, momentum=0.1, affine=True, track_running_stats=True)
    (6): ReLU()
    (7): Linear(in_features=400, out_features=10, bias=True)
    (8): ReLU()
  )
  (gex_decoder): Sequential(
    (0): Linear(in_features=20, out_features=50, bias=True)
    (1): BatchNorm1d(50, eps=1e-05, momentum=0.1, affine=True, track_running_stats=True)
    (2): ReLU()
    (3): Dropout(p=0.1, inplace=False)
    (4): Linear(in_features=50, out_features=100, bias=True)
    (5): BatchNorm1d(100, eps=1e-05, momentum=0.1, affine=True, track_running_stats=True)
    (6): ReLU()
    (7): Linear(in_features=100, out_features=5000, bias=True)
    (8): ReLU()
  )
  (atac_decoder): Sequential(
    (0): Linear(in_features=20, out_features=100, bias=True)
    (1): BatchNorm1d(100, eps=1e-05, momentum=0.1, affine=True, track_running_stats=True)
    (2): ReLU()
    (3): Dropout(p=0.1, inplace=False)
    (4): Linear(in_features=100, out_features=300, bias=True)
    (5): BatchNorm1d(300, eps=1e-05, momentum=0.1, affine=True, track_running_stats=True)
    (6): ReLU()
    (7): Linear(in_features=300, out_features=2501, bias=True)
    (8): Sigmoid()
  )
);
The dataset: <datasets.anndatadataset.AnnDataDataset object at 0x7faa04d97510>;
The optimizer: Adam (
Parameter Group 0
    amsgrad: False
    betas: (0.9, 0.999)
    eps: 1e-08
    lr: 0.01
    weight_decay: 0.019447125051587123
);

Epoch 0 recon loss: 3188.7182044175
Epoch 1 recon loss: 2689.7446088205
Epoch 2 recon loss: 2117.0734958956
Epoch 3 recon loss: 2048.0953141967
Epoch 4 recon loss: 1662.0016595891
Epoch 5 recon loss: 1381.2490366279
Epoch 6 recon loss: 1063.5360539249
Epoch 7 recon loss: 925.7503211708
Epoch 8 recon loss: 1062.2006583099
Epoch 9 recon loss: 1201.9759482625
Epoch 10 recon loss: 729.8383976624
Epoch 11 recon loss: 618.656343355
Epoch 12 recon loss: 718.5866434127
Epoch 13 recon loss: 727.9056732096
Epoch 14 recon loss: 494.2392189028
Epoch 15 recon loss: 412.1038147689
Epoch 16 recon loss: 395.3277903773
Epoch 17 recon loss: 500.4113112903
Epoch 18 recon loss: 395.0991998541
Epoch 19 recon loss: 434.286363299
Epoch 20 recon loss: 355.0316159907
Epoch 21 recon loss: 383.6971760117
Epoch 22 recon loss: 277.8356691248
Epoch 23 recon loss: 524.5244643616
Epoch 24 recon loss: 455.762567378
Epoch 25 recon loss: 273.9374913032
Epoch 26 recon loss: 246.5202404192
Epoch 27 recon loss: 325.8302922947
Epoch 28 recon loss: 244.5891158235
Epoch 29 recon loss: 247.3070551677
Epoch 30 recon loss: 241.2361980577
Epoch 31 recon loss: 241.0865837676
Epoch 32 recon loss: 294.2598125633
Epoch 33 recon loss: 248.0733231068
Epoch 34 recon loss: 233.967699854
Epoch 35 recon loss: 250.1808632854
Epoch 36 recon loss: 308.2095774291
Epoch 37 recon loss: 220.243632577
Epoch 38 recon loss: 231.7580239814
Epoch 39 recon loss: 353.2050048034

Latent space type: <class 'numpy.ndarray'>;
GEX encoded shape: torch.Size([69249, 10]);
ATAC encoded shape: torch.Size([69249, 10]);
Latent space shape: (69249, 20);

0.4721971697059385
   celltype_ari  celltype_ami  ...  batch_homogeneity  batch_complete
0      0.039874      0.237022  ...           0.818973        0.892967

[1 rows x 8 columns]
wandb: ERROR Failed to sample metric: process no longer exists (pid=16161)
2022-12-18 14:21:04,236 - wandb.wandb_agent - INFO - Cleaning up finished run: eq7xk5u4
wandb: Waiting for W&B process to finish... (success).
wandb: - 0.007 MB of 0.007 MB uploaded (0.000 MB deduped)wandb: \ 0.026 MB of 0.026 MB uploaded (0.000 MB deduped)wandb: 
wandb: Run history:
wandb:  recon loss █▇▅▅▄▄▃▃▃▃▂▂▂▂▂▁▁▂▁▂▁▁▁▂▂▁▁▁▁▁▁▁▁▁▁▁▁▁▁▁
wandb: total_score ▁
wandb: 
wandb: Run summary:
wandb:  recon loss 353.205
wandb: total_score 0.4722
wandb: 
wandb: Synced ethereal-sweep-234: https://wandb.ai/team-single-cell/gex_atac_sweep/runs/eq7xk5u4
wandb: Synced 6 W&B file(s), 1 media file(s), 1 artifact file(s) and 0 other file(s)
wandb: Find logs at: ./wandb/run-20221218_140747-eq7xk5u4/logs
2022-12-18 14:21:08,635 - wandb.wandb_agent - INFO - Agent received command: run
2022-12-18 14:21:08,649 - wandb.wandb_agent - INFO - Agent starting run with config:
	atac_dim: 2500
	atac_weight: 2.0127717669500034
	epochs: 20
	gex_dim: 2500
	gex_weight: 41.78238847778323
	init: xavier
	latent_dim: 10
	lr: 0.001
	model: [[1600, 800, 400, 100], [40, 60, 100, 150], [1800, 800, 400, 100], [40, 60, 120, 200]]
	weight_decay: 0.008269541912216861
2022-12-18 14:21:08,893 - wandb.wandb_agent - INFO - About to run command: /usr/bin/env python gex_atac_sweep.py --atac_dim=2500 --atac_weight=2.0127717669500034 --epochs=20 --gex_dim=2500 --gex_weight=41.78238847778323 --init=xavier --latent_dim=10 --lr=0.001 "--model=[[1600, 800, 400, 100], [40, 60, 100, 150], [1800, 800, 400, 100], [40, 60, 120, 200]]" --weight_decay=0.008269541912216861
2022-12-18 14:21:14,176 - wandb.wandb_agent - INFO - Running runs: ['zoi58us9']
wandb: Currently logged in as: ange1o5 (team-single-cell). Use `wandb login --relogin` to force relogin
wandb: WARNING Ignored wandb.init() arg project when running a sweep.
wandb: WARNING Ignored wandb.init() arg entity when running a sweep.
wandb: Tracking run with wandb version 0.13.7
wandb: Run data is saved locally in /ssd003/home/angelo/single-cell-proj/repo/team_single_cell/experiments/scripts/wandb/run-20221218_142117-zoi58us9
wandb: Run `wandb offline` to turn off syncing.
wandb: Syncing run rosy-sweep-410
wandb: ⭐️ View project at https://wandb.ai/team-single-cell/gex_atac_sweep
wandb: 🧹 View sweep at https://wandb.ai/team-single-cell/gex_atac_sweep/sweeps/j1snhit4
wandb: 🚀 View run at https://wandb.ai/team-single-cell/gex_atac_sweep/runs/zoi58us9
 UserWarning:/h/angelo/miniconda3/envs/single_cell_env/lib/python3.7/site-packages/scanpy/preprocessing/_highly_variable_genes.py:64: `flavor='seurat_v3'` expects raw count data, but non-integers were found.
Trying to set attribute `._uns` of view, copying.
Trying to set attribute `.var` of view, copying.
2022-12-18 14:27:27.704183: I tensorflow/core/platform/cpu_feature_guard.cc:193] This TensorFlow binary is optimized with oneAPI Deep Neural Network Library (oneDNN) to use the following CPU instructions in performance-critical operations:  SSE4.1 SSE4.2 AVX AVX2 AVX512F AVX512_VNNI FMA
To enable them in other operations, rebuild TensorFlow with the appropriate compiler flags.
2022-12-18 14:27:27.807930: I tensorflow/core/util/util.cc:169] oneDNN custom operations are on. You may see slightly different numerical results due to floating-point round-off errors from different computation orders. To turn them off, set the environment variable `TF_ENABLE_ONEDNN_OPTS=0`.
 FutureWarning:/h/angelo/miniconda3/envs/single_cell_env/lib/python3.7/site-packages/anndata/_core/anndata.py:1228: The `inplace` parameter in pandas.Categorical.reorder_categories is deprecated and will be removed in a future version. Reordering categories will always return a new Categorical object.
... storing 'feature_types' as categorical
 FutureWarning:/h/angelo/miniconda3/envs/single_cell_env/lib/python3.7/site-packages/anndata/_core/anndata.py:1228: The `inplace` parameter in pandas.Categorical.reorder_categories is deprecated and will be removed in a future version. Reordering categories will always return a new Categorical object.
... storing 'gene_id' as categorical
Reading dataset...
Feature selecting GEX...
Feature selecting ATAC...

New GEX dim: 2500;
New ATAC dim: 2501;
AnnData dataset's shape: (69249, 5001)

Initializing dataset and dataloader...
The order of labels: ['s1d1', 's1d1', 's1d1', 's1d1', 's1d1', ..., 's4d9', 's4d9', 's4d9', 's4d9', 's4d9']
Length: 69249
Categories (13, object): ['s1d1', 's1d2', 's1d3', 's2d1', ..., 's3d10', 's4d1', 's4d8', 's4d9']
The device: cuda;

The model: DeepGexAtacMultiModalAutoencoder(
  (gex_encoder): Sequential(
    (0): Linear(in_features=2500, out_features=1600, bias=True)
    (1): BatchNorm1d(1600, eps=1e-05, momentum=0.1, affine=True, track_running_stats=True)
    (2): ReLU()
    (3): Dropout(p=0.1, inplace=False)
    (4): Linear(in_features=1600, out_features=800, bias=True)
    (5): BatchNorm1d(800, eps=1e-05, momentum=0.1, affine=True, track_running_stats=True)
    (6): ReLU()
    (7): Linear(in_features=800, out_features=400, bias=True)
    (8): BatchNorm1d(400, eps=1e-05, momentum=0.1, affine=True, track_running_stats=True)
    (9): ReLU()
    (10): Dropout(p=0.1, inplace=False)
    (11): Linear(in_features=400, out_features=100, bias=True)
    (12): BatchNorm1d(100, eps=1e-05, momentum=0.1, affine=True, track_running_stats=True)
    (13): ReLU()
    (14): Linear(in_features=100, out_features=5, bias=True)
    (15): ReLU()
  )
  (atac_encoder): Sequential(
    (0): Linear(in_features=2501, out_features=1800, bias=True)
    (1): BatchNorm1d(1800, eps=1e-05, momentum=0.1, affine=True, track_running_stats=True)
    (2): ReLU()
    (3): Dropout(p=0.1, inplace=False)
    (4): Linear(in_features=1800, out_features=800, bias=True)
    (5): BatchNorm1d(800, eps=1e-05, momentum=0.1, affine=True, track_running_stats=True)
    (6): ReLU()
    (7): Linear(in_features=800, out_features=400, bias=True)
    (8): BatchNorm1d(400, eps=1e-05, momentum=0.1, affine=True, track_running_stats=True)
    (9): ReLU()
    (10): Dropout(p=0.1, inplace=False)
    (11): Linear(in_features=400, out_features=100, bias=True)
    (12): BatchNorm1d(100, eps=1e-05, momentum=0.1, affine=True, track_running_stats=True)
    (13): ReLU()
    (14): Linear(in_features=100, out_features=5, bias=True)
    (15): ReLU()
  )
  (gex_decoder): Sequential(
    (0): Linear(in_features=10, out_features=40, bias=True)
    (1): BatchNorm1d(40, eps=1e-05, momentum=0.1, affine=True, track_running_stats=True)
    (2): ReLU()
    (3): Dropout(p=0.1, inplace=False)
    (4): Linear(in_features=40, out_features=60, bias=True)
    (5): BatchNorm1d(60, eps=1e-05, momentum=0.1, affine=True, track_running_stats=True)
    (6): ReLU()
    (7): Linear(in_features=60, out_features=100, bias=True)
    (8): BatchNorm1d(100, eps=1e-05, momentum=0.1, affine=True, track_running_stats=True)
    (9): ReLU()
    (10): Dropout(p=0.1, inplace=False)
    (11): Linear(in_features=100, out_features=150, bias=True)
    (12): BatchNorm1d(150, eps=1e-05, momentum=0.1, affine=True, track_running_stats=True)
    (13): ReLU()
    (14): Linear(in_features=150, out_features=2500, bias=True)
    (15): ReLU()
  )
  (atac_decoder): Sequential(
    (0): Linear(in_features=10, out_features=40, bias=True)
    (1): BatchNorm1d(40, eps=1e-05, momentum=0.1, affine=True, track_running_stats=True)
    (2): ReLU()
    (3): Dropout(p=0.1, inplace=False)
    (4): Linear(in_features=40, out_features=60, bias=True)
    (5): BatchNorm1d(60, eps=1e-05, momentum=0.1, affine=True, track_running_stats=True)
    (6): ReLU()
    (7): Linear(in_features=60, out_features=120, bias=True)
    (8): BatchNorm1d(120, eps=1e-05, momentum=0.1, affine=True, track_running_stats=True)
    (9): ReLU()
    (10): Dropout(p=0.1, inplace=False)
    (11): Linear(in_features=120, out_features=200, bias=True)
    (12): BatchNorm1d(200, eps=1e-05, momentum=0.1, affine=True, track_running_stats=True)
    (13): ReLU()
    (14): Linear(in_features=200, out_features=2501, bias=True)
    (15): Sigmoid()
  )
);
The dataset: <datasets.anndatadataset.AnnDataDataset object at 0x7fdb47f8d290>;
The optimizer: Adam (
Parameter Group 0
    amsgrad: False
    betas: (0.9, 0.999)
    eps: 1e-08
    lr: 0.001
    weight_decay: 0.008269541912216861
);

Epoch 0 recon loss: 7018.4623017262
Epoch 1 recon loss: 6703.4674238842
Epoch 2 recon loss: 6587.9086149606
Epoch 3 recon loss: 6490.5351419436
Epoch 4 recon loss: 6008.8376040538
Epoch 5 recon loss: 5979.0721578281
Epoch 6 recon loss: 6052.9470400673
Epoch 7 recon loss: 5627.4796447663
Epoch 8 recon loss: 5709.1131993634
Epoch 9 recon loss: 5521.8891130636
Epoch 10 recon loss: 5343.0187626317
Epoch 11 recon loss: 5142.787447731
Epoch 12 recon loss: 5020.9921022494
Epoch 13 recon loss: 4941.9951991363
Epoch 14 recon loss: 4758.1554492812
Epoch 15 recon loss: 4622.6155862871
Epoch 16 recon loss: 4382.5595213384
Epoch 17 recon loss: 4456.9634806878
Epoch 18 recon loss: 4381.7981845358
Epoch 19 recon loss: 4113.6230944345

Latent space type: <class 'numpy.ndarray'>;
GEX encoded shape: torch.Size([69249, 5]);
ATAC encoded shape: torch.Size([69249, 5]);
Latent space shape: (69249, 10);

0.4293489204127429
   celltype_ari  celltype_ami  ...  batch_homogeneity  batch_complete
0      0.018179      0.129256  ...           0.858865        0.916988

[1 rows x 8 columns]
wandb: Waiting for W&B process to finish... (success).
wandb: - 0.007 MB of 0.007 MB uploaded (0.000 MB deduped)wandb: \ 0.007 MB of 0.007 MB uploaded (0.000 MB deduped)wandb: | 0.007 MB of 0.007 MB uploaded (0.000 MB deduped)wandb: / 0.007 MB of 0.007 MB uploaded (0.000 MB deduped)wandb: - 0.007 MB of 0.007 MB uploaded (0.000 MB deduped)wandb: \ 0.007 MB of 0.007 MB uploaded (0.000 MB deduped)wandb: 
wandb: Run history:
wandb:  recon loss █▇▇▇▆▅▆▅▅▄▄▃▃▃▃▂▂▂▂▁
wandb: total_score ▁
wandb: 
wandb: Run summary:
wandb:  recon loss 4113.62309
wandb: total_score 0.42935
wandb: 
wandb: Synced rosy-sweep-410: https://wandb.ai/team-single-cell/gex_atac_sweep/runs/zoi58us9
wandb: Synced 6 W&B file(s), 1 media file(s), 1 artifact file(s) and 0 other file(s)
wandb: Find logs at: ./wandb/run-20221218_142117-zoi58us9/logs
2022-12-18 14:32:10,696 - wandb.wandb_agent - INFO - Cleaning up finished run: zoi58us9
2022-12-18 14:32:10,915 - wandb.wandb_agent - INFO - Agent received command: run
2022-12-18 14:32:10,915 - wandb.wandb_agent - INFO - Agent starting run with config:
	atac_dim: 2500
	atac_weight: 34.876695053831256
	epochs: 60
	gex_dim: 1000
	gex_weight: 67.6504101146602
	init: xavier
	latent_dim: 128
	lr: 0.1
	model: [[1000, 800, 600, 400, 200], [10, 30, 50, 100, 160], [1200, 900, 600, 400, 150], [15, 40, 60, 100, 180]]
	weight_decay: 0.003837479485516793
2022-12-18 14:32:10,923 - wandb.wandb_agent - INFO - About to run command: /usr/bin/env python gex_atac_sweep.py --atac_dim=2500 --atac_weight=34.876695053831256 --epochs=60 --gex_dim=1000 --gex_weight=67.6504101146602 --init=xavier --latent_dim=128 --lr=0.1 "--model=[[1000, 800, 600, 400, 200], [10, 30, 50, 100, 160], [1200, 900, 600, 400, 150], [15, 40, 60, 100, 180]]" --weight_decay=0.003837479485516793
slurmstepd: error: *** JOB 8874664 ON gpu158 CANCELLED AT 2022-12-18T14:32:15 ***
