/h/angelo/single-cell-proj/repo/team_single_cell/experiments/jobs
gpu091
Sun Dec 18 14:07:49 EST 2022
wandb: Starting wandb agent 🕵️
2022-12-18 14:07:58,340 - wandb.wandb_agent - INFO - Running runs: []
2022-12-18 14:07:58,530 - wandb.wandb_agent - INFO - Agent received command: run
2022-12-18 14:07:58,531 - wandb.wandb_agent - INFO - Agent starting run with config:
	atac_dim: 5000
	atac_weight: 80.51416294385001
	epochs: 20
	gex_dim: 5000
	gex_weight: 99.35100799190984
	init: xavier
	latent_dim: 128
	lr: 0.0001
	model: [[1200, 400, 100], [50, 100, 200], [1600, 600, 120], [60, 100, 150]]
	weight_decay: 0.04051213187571983
2022-12-18 14:07:58,540 - wandb.wandb_agent - INFO - About to run command: /usr/bin/env python gex_atac_sweep.py --atac_dim=5000 --atac_weight=80.51416294385001 --epochs=20 --gex_dim=5000 --gex_weight=99.35100799190984 --init=xavier --latent_dim=128 --lr=0.0001 "--model=[[1200, 400, 100], [50, 100, 200], [1600, 600, 120], [60, 100, 150]]" --weight_decay=0.04051213187571983
2022-12-18 14:08:03,552 - wandb.wandb_agent - INFO - Running runs: ['sdnz9os3']
wandb: Currently logged in as: ange1o5 (team-single-cell). Use `wandb login --relogin` to force relogin
wandb: WARNING Ignored wandb.init() arg project when running a sweep.
wandb: WARNING Ignored wandb.init() arg entity when running a sweep.
wandb: Tracking run with wandb version 0.13.7
wandb: Run data is saved locally in /ssd003/home/angelo/single-cell-proj/repo/team_single_cell/experiments/scripts/wandb/run-20221218_140806-sdnz9os3
wandb: Run `wandb offline` to turn off syncing.
wandb: Syncing run grateful-sweep-275
wandb: ⭐️ View project at https://wandb.ai/team-single-cell/gex_atac_sweep
wandb: 🧹 View sweep at https://wandb.ai/team-single-cell/gex_atac_sweep/sweeps/j1snhit4
wandb: 🚀 View run at https://wandb.ai/team-single-cell/gex_atac_sweep/runs/sdnz9os3
 UserWarning:/h/angelo/miniconda3/envs/single_cell_env/lib/python3.7/site-packages/scanpy/preprocessing/_highly_variable_genes.py:64: `flavor='seurat_v3'` expects raw count data, but non-integers were found.
Trying to set attribute `._uns` of view, copying.
Trying to set attribute `.var` of view, copying.
2022-12-18 14:20:38.536168: I tensorflow/core/platform/cpu_feature_guard.cc:193] This TensorFlow binary is optimized with oneAPI Deep Neural Network Library (oneDNN) to use the following CPU instructions in performance-critical operations:  SSE4.1 SSE4.2 AVX AVX2 AVX512F FMA
To enable them in other operations, rebuild TensorFlow with the appropriate compiler flags.
 FutureWarning:/h/angelo/miniconda3/envs/single_cell_env/lib/python3.7/site-packages/anndata/_core/anndata.py:1228: The `inplace` parameter in pandas.Categorical.reorder_categories is deprecated and will be removed in a future version. Reordering categories will always return a new Categorical object.
... storing 'feature_types' as categorical
 FutureWarning:/h/angelo/miniconda3/envs/single_cell_env/lib/python3.7/site-packages/anndata/_core/anndata.py:1228: The `inplace` parameter in pandas.Categorical.reorder_categories is deprecated and will be removed in a future version. Reordering categories will always return a new Categorical object.
... storing 'gene_id' as categorical
Reading dataset...
Feature selecting GEX...
Feature selecting ATAC...

New GEX dim: 5000;
New ATAC dim: 5001;
AnnData dataset's shape: (69249, 10001)

Initializing dataset and dataloader...
The order of labels: ['s1d1', 's1d1', 's1d1', 's1d1', 's1d1', ..., 's4d9', 's4d9', 's4d9', 's4d9', 's4d9']
Length: 69249
Categories (13, object): ['s1d1', 's1d2', 's1d3', 's2d1', ..., 's3d10', 's4d1', 's4d8', 's4d9']
The device: cuda;

The model: DeepGexAtacMultiModalAutoencoder(
  (gex_encoder): Sequential(
    (0): Linear(in_features=5000, out_features=1200, bias=True)
    (1): BatchNorm1d(1200, eps=1e-05, momentum=0.1, affine=True, track_running_stats=True)
    (2): ReLU()
    (3): Dropout(p=0.1, inplace=False)
    (4): Linear(in_features=1200, out_features=400, bias=True)
    (5): BatchNorm1d(400, eps=1e-05, momentum=0.1, affine=True, track_running_stats=True)
    (6): ReLU()
    (7): Linear(in_features=400, out_features=100, bias=True)
    (8): BatchNorm1d(100, eps=1e-05, momentum=0.1, affine=True, track_running_stats=True)
    (9): ReLU()
    (10): Dropout(p=0.1, inplace=False)
    (11): Linear(in_features=100, out_features=64, bias=True)
    (12): ReLU()
  )
  (atac_encoder): Sequential(
    (0): Linear(in_features=5001, out_features=1600, bias=True)
    (1): BatchNorm1d(1600, eps=1e-05, momentum=0.1, affine=True, track_running_stats=True)
    (2): ReLU()
    (3): Dropout(p=0.1, inplace=False)
    (4): Linear(in_features=1600, out_features=600, bias=True)
    (5): BatchNorm1d(600, eps=1e-05, momentum=0.1, affine=True, track_running_stats=True)
    (6): ReLU()
    (7): Linear(in_features=600, out_features=120, bias=True)
    (8): BatchNorm1d(120, eps=1e-05, momentum=0.1, affine=True, track_running_stats=True)
    (9): ReLU()
    (10): Dropout(p=0.1, inplace=False)
    (11): Linear(in_features=120, out_features=64, bias=True)
    (12): ReLU()
  )
  (gex_decoder): Sequential(
    (0): Linear(in_features=128, out_features=50, bias=True)
    (1): BatchNorm1d(50, eps=1e-05, momentum=0.1, affine=True, track_running_stats=True)
    (2): ReLU()
    (3): Dropout(p=0.1, inplace=False)
    (4): Linear(in_features=50, out_features=100, bias=True)
    (5): BatchNorm1d(100, eps=1e-05, momentum=0.1, affine=True, track_running_stats=True)
    (6): ReLU()
    (7): Linear(in_features=100, out_features=200, bias=True)
    (8): BatchNorm1d(200, eps=1e-05, momentum=0.1, affine=True, track_running_stats=True)
    (9): ReLU()
    (10): Dropout(p=0.1, inplace=False)
    (11): Linear(in_features=200, out_features=5000, bias=True)
    (12): ReLU()
  )
  (atac_decoder): Sequential(
    (0): Linear(in_features=128, out_features=60, bias=True)
    (1): BatchNorm1d(60, eps=1e-05, momentum=0.1, affine=True, track_running_stats=True)
    (2): ReLU()
    (3): Dropout(p=0.1, inplace=False)
    (4): Linear(in_features=60, out_features=100, bias=True)
    (5): BatchNorm1d(100, eps=1e-05, momentum=0.1, affine=True, track_running_stats=True)
    (6): ReLU()
    (7): Linear(in_features=100, out_features=150, bias=True)
    (8): BatchNorm1d(150, eps=1e-05, momentum=0.1, affine=True, track_running_stats=True)
    (9): ReLU()
    (10): Dropout(p=0.1, inplace=False)
    (11): Linear(in_features=150, out_features=5001, bias=True)
    (12): Sigmoid()
  )
);
The dataset: <datasets.anndatadataset.AnnDataDataset object at 0x7f542ce370d0>;
The optimizer: Adam (
Parameter Group 0
    amsgrad: False
    betas: (0.9, 0.999)
    eps: 1e-08
    lr: 0.0001
    weight_decay: 0.04051213187571983
);

Epoch 0 recon loss: 8052.3607648291
Epoch 1 recon loss: 8120.3139845361
Epoch 2 recon loss: 8232.3508822822
Epoch 3 recon loss: 8208.8324494885
Epoch 4 recon loss: 7896.0913686957
Epoch 5 recon loss: 8138.7899234808
Epoch 6 recon loss: 8101.5943148317
Epoch 7 recon loss: 8191.6454406694
Epoch 8 recon loss: 8177.1306640294
Epoch 9 recon loss: 7916.8375780546
Epoch 10 recon loss: 7953.096669197
Epoch 11 recon loss: 8087.8805989223
Epoch 12 recon loss: 7836.4267807347
Epoch 13 recon loss: 8039.7624241577
Epoch 14 recon loss: 7843.454253303
Epoch 15 recon loss: 7967.4868595389
Epoch 16 recon loss: 7639.9553455616
Epoch 17 recon loss: 7549.1894194813
Epoch 18 recon loss: 7580.1076219399
Epoch 19 recon loss: 7740.5482720588

Latent space type: <class 'numpy.ndarray'>;
GEX encoded shape: torch.Size([69249, 64]);
ATAC encoded shape: torch.Size([69249, 64]);
Latent space shape: (69249, 128);

0.529263298823891
   celltype_ari  celltype_ami  ...  batch_homogeneity  batch_complete
0      0.117519      0.345941  ...           0.835056        0.880793

[1 rows x 8 columns]
2022-12-18 14:23:21,884 - wandb.wandb_agent - INFO - Cleaning up finished run: sdnz9os3
wandb: Waiting for W&B process to finish... (success).
wandb: 
wandb: Run history:
wandb:  recon loss ▆▇██▅▇▇█▇▅▅▇▄▆▄▅▂▁▁▃
wandb: total_score ▁
wandb: 
wandb: Run summary:
wandb:  recon loss 7740.54827
wandb: total_score 0.52926
wandb: 
wandb: Synced grateful-sweep-275: https://wandb.ai/team-single-cell/gex_atac_sweep/runs/sdnz9os3
wandb: Synced 6 W&B file(s), 1 media file(s), 1 artifact file(s) and 0 other file(s)
wandb: Find logs at: ./wandb/run-20221218_140806-sdnz9os3/logs
2022-12-18 14:23:27,135 - wandb.wandb_agent - INFO - Agent received command: run
2022-12-18 14:23:27,135 - wandb.wandb_agent - INFO - Agent starting run with config:
	atac_dim: 7500
	atac_weight: 27.747276662276448
	epochs: 20
	gex_dim: 2500
	gex_weight: 5.750593967780393
	init: he
	latent_dim: 128
	lr: 1e-05
	model: [[1000, 200], [50, 100], [2000, 400], [100, 300]]
	weight_decay: 0.07095258429859945
2022-12-18 14:23:27,145 - wandb.wandb_agent - INFO - About to run command: /usr/bin/env python gex_atac_sweep.py --atac_dim=7500 --atac_weight=27.747276662276448 --epochs=20 --gex_dim=2500 --gex_weight=5.750593967780393 --init=he --latent_dim=128 --lr=1e-05 "--model=[[1000, 200], [50, 100], [2000, 400], [100, 300]]" --weight_decay=0.07095258429859945
2022-12-18 14:23:32,172 - wandb.wandb_agent - INFO - Running runs: ['2ceqfz5d']
wandb: Currently logged in as: ange1o5 (team-single-cell). Use `wandb login --relogin` to force relogin
wandb: WARNING Ignored wandb.init() arg project when running a sweep.
wandb: WARNING Ignored wandb.init() arg entity when running a sweep.
wandb: Tracking run with wandb version 0.13.7
wandb: Run data is saved locally in /ssd003/home/angelo/single-cell-proj/repo/team_single_cell/experiments/scripts/wandb/run-20221218_142333-2ceqfz5d
wandb: Run `wandb offline` to turn off syncing.
wandb: Syncing run glamorous-sweep-422
wandb: ⭐️ View project at https://wandb.ai/team-single-cell/gex_atac_sweep
wandb: 🧹 View sweep at https://wandb.ai/team-single-cell/gex_atac_sweep/sweeps/j1snhit4
wandb: 🚀 View run at https://wandb.ai/team-single-cell/gex_atac_sweep/runs/2ceqfz5d
 UserWarning:/h/angelo/miniconda3/envs/single_cell_env/lib/python3.7/site-packages/scanpy/preprocessing/_highly_variable_genes.py:64: `flavor='seurat_v3'` expects raw count data, but non-integers were found.
Trying to set attribute `._uns` of view, copying.
Trying to set attribute `.var` of view, copying.
slurmstepd: error: *** JOB 8874707 ON gpu091 CANCELLED AT 2022-12-18T14:32:15 ***
