/h/angelo/single-cell-proj/repo/team_single_cell/experiments/jobs
gpu105
Sun Dec 18 14:07:22 EST 2022
wandb: Starting wandb agent 🕵️
2022-12-18 14:07:30,643 - wandb.wandb_agent - INFO - Running runs: []
2022-12-18 14:07:30,862 - wandb.wandb_agent - INFO - Agent received command: run
2022-12-18 14:07:30,862 - wandb.wandb_agent - INFO - Agent starting run with config:
	atac_dim: 5000
	atac_weight: 91.85138510860142
	epochs: 60
	gex_dim: 1000
	gex_weight: 12.661701434478454
	init: he
	latent_dim: 128
	lr: 0.0001
	model: [[1000, 200], [50, 100], [2000, 400], [100, 300]]
	weight_decay: 0.08544806851305363
2022-12-18 14:07:30,872 - wandb.wandb_agent - INFO - About to run command: /usr/bin/env python gex_atac_sweep.py --atac_dim=5000 --atac_weight=91.85138510860142 --epochs=60 --gex_dim=1000 --gex_weight=12.661701434478454 --init=he --latent_dim=128 --lr=0.0001 "--model=[[1000, 200], [50, 100], [2000, 400], [100, 300]]" --weight_decay=0.08544806851305363
2022-12-18 14:07:35,883 - wandb.wandb_agent - INFO - Running runs: ['6yshep8a']
wandb: Currently logged in as: ange1o5 (team-single-cell). Use `wandb login --relogin` to force relogin
wandb: WARNING Ignored wandb.init() arg project when running a sweep.
wandb: WARNING Ignored wandb.init() arg entity when running a sweep.
wandb: Tracking run with wandb version 0.13.7
wandb: Run data is saved locally in /ssd003/home/angelo/single-cell-proj/repo/team_single_cell/experiments/scripts/wandb/run-20221218_140739-6yshep8a
wandb: Run `wandb offline` to turn off syncing.
wandb: Syncing run bright-sweep-216
wandb: ⭐️ View project at https://wandb.ai/team-single-cell/gex_atac_sweep
wandb: 🧹 View sweep at https://wandb.ai/team-single-cell/gex_atac_sweep/sweeps/j1snhit4
wandb: 🚀 View run at https://wandb.ai/team-single-cell/gex_atac_sweep/runs/6yshep8a
 UserWarning:/h/angelo/miniconda3/envs/single_cell_env/lib/python3.7/site-packages/scanpy/preprocessing/_highly_variable_genes.py:64: `flavor='seurat_v3'` expects raw count data, but non-integers were found.
Trying to set attribute `._uns` of view, copying.
Trying to set attribute `.var` of view, copying.
2022-12-18 14:31:02.406034: I tensorflow/core/platform/cpu_feature_guard.cc:193] This TensorFlow binary is optimized with oneAPI Deep Neural Network Library (oneDNN) to use the following CPU instructions in performance-critical operations:  SSE4.1 SSE4.2 AVX AVX2 AVX512F FMA
To enable them in other operations, rebuild TensorFlow with the appropriate compiler flags.
slurmstepd: error: *** JOB 8874646 ON gpu105 CANCELLED AT 2022-12-18T14:32:15 ***
