/h/angelo/single-cell-proj/repo/team_single_cell/experiments/jobs
gpu049
Sun Dec 18 14:04:49 EST 2022
wandb: Starting wandb agent 🕵️
2022-12-18 14:05:00,130 - wandb.wandb_agent - INFO - Running runs: []
2022-12-18 14:05:07,402 - wandb.wandb_agent - INFO - Agent received command: run
2022-12-18 14:05:07,402 - wandb.wandb_agent - INFO - Agent starting run with config:
	atac_dim: 2500
	atac_weight: 46.180650323363345
	epochs: 20
	gex_dim: 2500
	gex_weight: 48.37630045419162
	init: xavier
	latent_dim: 20
	lr: 0.0001
	model: [[1000, 200], [50, 100], [2000, 400], [100, 300]]
	weight_decay: 0.05960838874522784
2022-12-18 14:05:07,407 - wandb.wandb_agent - INFO - About to run command: /usr/bin/env python gex_atac_sweep.py --atac_dim=2500 --atac_weight=46.180650323363345 --epochs=20 --gex_dim=2500 --gex_weight=48.37630045419162 --init=xavier --latent_dim=20 --lr=0.0001 "--model=[[1000, 200], [50, 100], [2000, 400], [100, 300]]" --weight_decay=0.05960838874522784
wandb: Currently logged in as: ange1o5 (team-single-cell). Use `wandb login --relogin` to force relogin
wandb: WARNING Ignored wandb.init() arg project when running a sweep.
wandb: WARNING Ignored wandb.init() arg entity when running a sweep.
2022-12-18 14:05:12,419 - wandb.wandb_agent - INFO - Running runs: ['tyi1ngt4']
wandb: Tracking run with wandb version 0.13.7
wandb: Run data is saved locally in /ssd003/home/angelo/single-cell-proj/repo/team_single_cell/experiments/scripts/wandb/run-20221218_140511-tyi1ngt4
wandb: Run `wandb offline` to turn off syncing.
wandb: Syncing run worthy-sweep-47
wandb: ⭐️ View project at https://wandb.ai/team-single-cell/gex_atac_sweep
wandb: 🧹 View sweep at https://wandb.ai/team-single-cell/gex_atac_sweep/sweeps/j1snhit4
wandb: 🚀 View run at https://wandb.ai/team-single-cell/gex_atac_sweep/runs/tyi1ngt4
 UserWarning:/h/angelo/miniconda3/envs/single_cell_env/lib/python3.7/site-packages/scanpy/preprocessing/_highly_variable_genes.py:64: `flavor='seurat_v3'` expects raw count data, but non-integers were found.
Trying to set attribute `._uns` of view, copying.
Trying to set attribute `.var` of view, copying.
Reading dataset...
Feature selecting GEX...
Feature selecting ATAC...

New GEX dim: 2500;
New ATAC dim: 2501;
AnnData dataset's shape: (69249, 5001)

Initializing dataset and dataloader...
The order of labels: ['s1d1', 's1d1', 's1d1', 's1d1', 's1d1', ..., 's4d9', 's4d9', 's4d9', 's4d9', 's4d9']
Length: 69249
Categories (13, object): ['s1d1', 's1d2', 's1d3', 's2d1', ..., 's3d10', 's4d1', 's4d8', 's4d9']
The device: cuda;

The model: DeepGexAtacMultiModalAutoencoder(
  (gex_encoder): Sequential(
    (0): Linear(in_features=2500, out_features=1000, bias=True)
    (1): BatchNorm1d(1000, eps=1e-05, momentum=0.1, affine=True, track_running_stats=True)
    (2): ReLU()
    (3): Dropout(p=0.1, inplace=False)
    (4): Linear(in_features=1000, out_features=200, bias=True)
    (5): BatchNorm1d(200, eps=1e-05, momentum=0.1, affine=True, track_running_stats=True)
    (6): ReLU()
    (7): Linear(in_features=200, out_features=10, bias=True)
    (8): ReLU()
  )
  (atac_encoder): Sequential(
    (0): Linear(in_features=2501, out_features=2000, bias=True)
    (1): BatchNorm1d(2000, eps=1e-05, momentum=0.1, affine=True, track_running_stats=True)
    (2): ReLU()
    (3): Dropout(p=0.1, inplace=False)
    (4): Linear(in_features=2000, out_features=400, bias=True)
    (5): BatchNorm1d(400, eps=1e-05, momentum=0.1, affine=True, track_running_stats=True)
    (6): ReLU()
    (7): Linear(in_features=400, out_features=10, bias=True)
    (8): ReLU()
  )
  (gex_decoder): Sequential(
    (0): Linear(in_features=20, out_features=50, bias=True)
    (1): BatchNorm1d(50, eps=1e-05, momentum=0.1, affine=True, track_running_stats=True)
    (2): ReLU()
    (3): Dropout(p=0.1, inplace=False)
    (4): Linear(in_features=50, out_features=100, bias=True)
    (5): BatchNorm1d(100, eps=1e-05, momentum=0.1, affine=True, track_running_stats=True)
    (6): ReLU()
    (7): Linear(in_features=100, out_features=2500, bias=True)
    (8): ReLU()
  )
  (atac_decoder): Sequential(
    (0): Linear(in_features=20, out_features=100, bias=True)
    (1): BatchNorm1d(100, eps=1e-05, momentum=0.1, affine=True, track_running_stats=True)
    (2): ReLU()
    (3): Dropout(p=0.1, inplace=False)
    (4): Linear(in_features=100, out_features=300, bias=True)
    (5): BatchNorm1d(300, eps=1e-05, momentum=0.1, affine=True, track_running_stats=True)
    (6): ReLU()
    (7): Linear(in_features=300, out_features=2501, bias=True)
    (8): Sigmoid()
  )
);
The dataset: <datasets.anndatadataset.AnnDataDataset object at 0x7f2c18451850>;
The optimizer: Adam (
Parameter Group 0
    amsgrad: False
    betas: (0.9, 0.999)
    eps: 1e-08
    lr: 0.0001
    weight_decay: 0.05960838874522784
);

Traceback (most recent call last):
  File "gex_atac_sweep.py", line 58, in <module>
    gex_atac_trainer.train(epochs=epochs, gex_loss_w=gex_weight, atac_loss_w=atac_weight, wandb_log=True)
  File "../../train.py", line 87, in train
    outs = self.autoencoder.forward(inputs)
  File "../../models/multimodal_autoencoder.py", line 150, in forward
    gex_Z = self.gex_encode(gex_X)
  File "../../models/multimodal_autoencoder.py", line 130, in gex_encode
    gex_Z = self.gex_encoder(gex_X)
  File "/h/angelo/miniconda3/envs/single_cell_env/lib/python3.7/site-packages/torch/nn/modules/module.py", line 541, in __call__
    result = self.forward(*input, **kwargs)
  File "/h/angelo/miniconda3/envs/single_cell_env/lib/python3.7/site-packages/torch/nn/modules/container.py", line 92, in forward
    input = module(input)
  File "/h/angelo/miniconda3/envs/single_cell_env/lib/python3.7/site-packages/torch/nn/modules/module.py", line 541, in __call__
    result = self.forward(*input, **kwargs)
  File "/h/angelo/miniconda3/envs/single_cell_env/lib/python3.7/site-packages/torch/nn/modules/batchnorm.py", line 81, in forward
    exponential_average_factor, self.eps)
  File "/h/angelo/miniconda3/envs/single_cell_env/lib/python3.7/site-packages/torch/nn/functional.py", line 1670, in batch_norm
    training, momentum, eps, torch.backends.cudnn.enabled
RuntimeError: cuDNN error: CUDNN_STATUS_EXECUTION_FAILED
2022-12-18 14:17:58,460 - wandb.wandb_agent - INFO - Cleaning up finished run: tyi1ngt4
wandb: Waiting for W&B process to finish... (failed 1). Press Control-C to abort syncing.
wandb: - 0.005 MB of 0.005 MB uploaded (0.000 MB deduped)wandb: \ 0.005 MB of 0.022 MB uploaded (0.000 MB deduped)wandb: Synced worthy-sweep-47: https://wandb.ai/team-single-cell/gex_atac_sweep/runs/tyi1ngt4
wandb: Synced 6 W&B file(s), 0 media file(s), 0 artifact file(s) and 0 other file(s)
wandb: Find logs at: ./wandb/run-20221218_140511-tyi1ngt4/logs
2022-12-18 14:18:02,710 - wandb.wandb_agent - INFO - Agent received command: run
2022-12-18 14:18:02,710 - wandb.wandb_agent - INFO - Agent starting run with config:
	atac_dim: 7500
	atac_weight: 28.442863379093673
	epochs: 60
	gex_dim: 1000
	gex_weight: 89.1974093926316
	init: he
	latent_dim: 10
	lr: 1e-05
	model: [[1600, 800, 400, 100], [40, 60, 100, 150], [1800, 800, 400, 100], [40, 60, 120, 200]]
	weight_decay: 0.07765451432965592
2022-12-18 14:18:02,716 - wandb.wandb_agent - INFO - About to run command: /usr/bin/env python gex_atac_sweep.py --atac_dim=7500 --atac_weight=28.442863379093673 --epochs=60 --gex_dim=1000 --gex_weight=89.1974093926316 --init=he --latent_dim=10 --lr=1e-05 "--model=[[1600, 800, 400, 100], [40, 60, 100, 150], [1800, 800, 400, 100], [40, 60, 120, 200]]" --weight_decay=0.07765451432965592
2022-12-18 14:18:07,728 - wandb.wandb_agent - INFO - Running runs: ['m4mldy8o']
wandb: Currently logged in as: ange1o5 (team-single-cell). Use `wandb login --relogin` to force relogin
wandb: WARNING Ignored wandb.init() arg project when running a sweep.
wandb: WARNING Ignored wandb.init() arg entity when running a sweep.
wandb: Tracking run with wandb version 0.13.7
wandb: Run data is saved locally in /ssd003/home/angelo/single-cell-proj/repo/team_single_cell/experiments/scripts/wandb/run-20221218_141808-m4mldy8o
wandb: Run `wandb offline` to turn off syncing.
wandb: Syncing run lemon-sweep-345
wandb: ⭐️ View project at https://wandb.ai/team-single-cell/gex_atac_sweep
wandb: 🧹 View sweep at https://wandb.ai/team-single-cell/gex_atac_sweep/sweeps/j1snhit4
wandb: 🚀 View run at https://wandb.ai/team-single-cell/gex_atac_sweep/runs/m4mldy8o
 UserWarning:/h/angelo/miniconda3/envs/single_cell_env/lib/python3.7/site-packages/scanpy/preprocessing/_highly_variable_genes.py:64: `flavor='seurat_v3'` expects raw count data, but non-integers were found.
Trying to set attribute `._uns` of view, copying.
Trying to set attribute `.var` of view, copying.
Reading dataset...
Feature selecting GEX...
Feature selecting ATAC...

New GEX dim: 1000;
New ATAC dim: 7502;
AnnData dataset's shape: (69249, 8502)

Initializing dataset and dataloader...
The order of labels: ['s1d1', 's1d1', 's1d1', 's1d1', 's1d1', ..., 's4d9', 's4d9', 's4d9', 's4d9', 's4d9']
Length: 69249
Categories (13, object): ['s1d1', 's1d2', 's1d3', 's2d1', ..., 's3d10', 's4d1', 's4d8', 's4d9']
The device: cuda;

The model: DeepGexAtacMultiModalAutoencoder(
  (gex_encoder): Sequential(
    (0): Linear(in_features=1000, out_features=1600, bias=True)
    (1): BatchNorm1d(1600, eps=1e-05, momentum=0.1, affine=True, track_running_stats=True)
    (2): ReLU()
    (3): Dropout(p=0.1, inplace=False)
    (4): Linear(in_features=1600, out_features=800, bias=True)
    (5): BatchNorm1d(800, eps=1e-05, momentum=0.1, affine=True, track_running_stats=True)
    (6): ReLU()
    (7): Linear(in_features=800, out_features=400, bias=True)
    (8): BatchNorm1d(400, eps=1e-05, momentum=0.1, affine=True, track_running_stats=True)
    (9): ReLU()
    (10): Dropout(p=0.1, inplace=False)
    (11): Linear(in_features=400, out_features=100, bias=True)
    (12): BatchNorm1d(100, eps=1e-05, momentum=0.1, affine=True, track_running_stats=True)
    (13): ReLU()
    (14): Linear(in_features=100, out_features=5, bias=True)
    (15): ReLU()
  )
  (atac_encoder): Sequential(
    (0): Linear(in_features=7502, out_features=1800, bias=True)
    (1): BatchNorm1d(1800, eps=1e-05, momentum=0.1, affine=True, track_running_stats=True)
    (2): ReLU()
    (3): Dropout(p=0.1, inplace=False)
    (4): Linear(in_features=1800, out_features=800, bias=True)
    (5): BatchNorm1d(800, eps=1e-05, momentum=0.1, affine=True, track_running_stats=True)
    (6): ReLU()
    (7): Linear(in_features=800, out_features=400, bias=True)
    (8): BatchNorm1d(400, eps=1e-05, momentum=0.1, affine=True, track_running_stats=True)
    (9): ReLU()
    (10): Dropout(p=0.1, inplace=False)
    (11): Linear(in_features=400, out_features=100, bias=True)
    (12): BatchNorm1d(100, eps=1e-05, momentum=0.1, affine=True, track_running_stats=True)
    (13): ReLU()
    (14): Linear(in_features=100, out_features=5, bias=True)
    (15): ReLU()
  )
  (gex_decoder): Sequential(
    (0): Linear(in_features=10, out_features=40, bias=True)
    (1): BatchNorm1d(40, eps=1e-05, momentum=0.1, affine=True, track_running_stats=True)
    (2): ReLU()
    (3): Dropout(p=0.1, inplace=False)
    (4): Linear(in_features=40, out_features=60, bias=True)
    (5): BatchNorm1d(60, eps=1e-05, momentum=0.1, affine=True, track_running_stats=True)
    (6): ReLU()
    (7): Linear(in_features=60, out_features=100, bias=True)
    (8): BatchNorm1d(100, eps=1e-05, momentum=0.1, affine=True, track_running_stats=True)
    (9): ReLU()
    (10): Dropout(p=0.1, inplace=False)
    (11): Linear(in_features=100, out_features=150, bias=True)
    (12): BatchNorm1d(150, eps=1e-05, momentum=0.1, affine=True, track_running_stats=True)
    (13): ReLU()
    (14): Linear(in_features=150, out_features=1000, bias=True)
    (15): ReLU()
  )
  (atac_decoder): Sequential(
    (0): Linear(in_features=10, out_features=40, bias=True)
    (1): BatchNorm1d(40, eps=1e-05, momentum=0.1, affine=True, track_running_stats=True)
    (2): ReLU()
    (3): Dropout(p=0.1, inplace=False)
    (4): Linear(in_features=40, out_features=60, bias=True)
    (5): BatchNorm1d(60, eps=1e-05, momentum=0.1, affine=True, track_running_stats=True)
    (6): ReLU()
    (7): Linear(in_features=60, out_features=120, bias=True)
    (8): BatchNorm1d(120, eps=1e-05, momentum=0.1, affine=True, track_running_stats=True)
    (9): ReLU()
    (10): Dropout(p=0.1, inplace=False)
    (11): Linear(in_features=120, out_features=200, bias=True)
    (12): BatchNorm1d(200, eps=1e-05, momentum=0.1, affine=True, track_running_stats=True)
    (13): ReLU()
    (14): Linear(in_features=200, out_features=7502, bias=True)
    (15): Sigmoid()
  )
);
The dataset: <datasets.anndatadataset.AnnDataDataset object at 0x7ff0609c5650>;
The optimizer: Adam (
Parameter Group 0
    amsgrad: False
    betas: (0.9, 0.999)
    eps: 1e-08
    lr: 1e-05
    weight_decay: 0.07765451432965592
);

wandb: Waiting for W&B process to finish... (failed 1). Press Control-C to abort syncing.
wandb: Synced lemon-sweep-345: https://wandb.ai/team-single-cell/gex_atac_sweep/runs/m4mldy8o
wandb: Synced 6 W&B file(s), 0 media file(s), 0 artifact file(s) and 0 other file(s)
wandb: Find logs at: ./wandb/run-20221218_141808-m4mldy8o/logs
Traceback (most recent call last):
  File "gex_atac_sweep.py", line 58, in <module>
    gex_atac_trainer.train(epochs=epochs, gex_loss_w=gex_weight, atac_loss_w=atac_weight, wandb_log=True)
  File "../../train.py", line 87, in train
    outs = self.autoencoder.forward(inputs)
  File "../../models/multimodal_autoencoder.py", line 150, in forward
    gex_Z = self.gex_encode(gex_X)
  File "../../models/multimodal_autoencoder.py", line 130, in gex_encode
    gex_Z = self.gex_encoder(gex_X)
  File "/h/angelo/miniconda3/envs/single_cell_env/lib/python3.7/site-packages/torch/nn/modules/module.py", line 541, in __call__
    result = self.forward(*input, **kwargs)
  File "/h/angelo/miniconda3/envs/single_cell_env/lib/python3.7/site-packages/torch/nn/modules/container.py", line 92, in forward
    input = module(input)
  File "/h/angelo/miniconda3/envs/single_cell_env/lib/python3.7/site-packages/torch/nn/modules/module.py", line 541, in __call__
    result = self.forward(*input, **kwargs)
  File "/h/angelo/miniconda3/envs/single_cell_env/lib/python3.7/site-packages/torch/nn/modules/batchnorm.py", line 81, in forward
    exponential_average_factor, self.eps)
  File "/h/angelo/miniconda3/envs/single_cell_env/lib/python3.7/site-packages/torch/nn/functional.py", line 1670, in batch_norm
    training, momentum, eps, torch.backends.cudnn.enabled
RuntimeError: cuDNN error: CUDNN_STATUS_EXECUTION_FAILED
2022-12-18 14:28:06,477 - wandb.wandb_agent - INFO - Cleaning up finished run: m4mldy8o
2022-12-18 14:28:06,683 - wandb.wandb_agent - INFO - Agent received command: run
2022-12-18 14:28:06,684 - wandb.wandb_agent - INFO - Agent starting run with config:
	atac_dim: 7500
	atac_weight: 94.7293472832306
	epochs: 60
	gex_dim: 5000
	gex_weight: 69.54448619346351
	init: he
	latent_dim: 20
	lr: 0.0001
	model: [[1000, 200], [50, 100], [2000, 400], [100, 300]]
	weight_decay: 0.0804647532863635
2022-12-18 14:28:06,688 - wandb.wandb_agent - INFO - About to run command: /usr/bin/env python gex_atac_sweep.py --atac_dim=7500 --atac_weight=94.7293472832306 --epochs=60 --gex_dim=5000 --gex_weight=69.54448619346351 --init=he --latent_dim=20 --lr=0.0001 "--model=[[1000, 200], [50, 100], [2000, 400], [100, 300]]" --weight_decay=0.0804647532863635
2022-12-18 14:28:11,699 - wandb.wandb_agent - INFO - Running runs: ['ihk5k99f']
wandb: Currently logged in as: ange1o5 (team-single-cell). Use `wandb login --relogin` to force relogin
wandb: WARNING Ignored wandb.init() arg project when running a sweep.
wandb: WARNING Ignored wandb.init() arg entity when running a sweep.
wandb: Tracking run with wandb version 0.13.7
wandb: Run data is saved locally in /ssd003/home/angelo/single-cell-proj/repo/team_single_cell/experiments/scripts/wandb/run-20221218_142812-ihk5k99f
wandb: Run `wandb offline` to turn off syncing.
wandb: Syncing run polar-sweep-468
wandb: ⭐️ View project at https://wandb.ai/team-single-cell/gex_atac_sweep
wandb: 🧹 View sweep at https://wandb.ai/team-single-cell/gex_atac_sweep/sweeps/j1snhit4
wandb: 🚀 View run at https://wandb.ai/team-single-cell/gex_atac_sweep/runs/ihk5k99f
 UserWarning:/h/angelo/miniconda3/envs/single_cell_env/lib/python3.7/site-packages/scanpy/preprocessing/_highly_variable_genes.py:64: `flavor='seurat_v3'` expects raw count data, but non-integers were found.
Trying to set attribute `._uns` of view, copying.
Trying to set attribute `.var` of view, copying.
slurmstepd: error: *** JOB 8874445 ON gpu049 CANCELLED AT 2022-12-18T14:32:15 ***
