/h/angelo/single-cell-proj/repo/team_single_cell/experiments/jobs
gpu177.cluster.local
Sun Dec 18 14:07:34 EST 2022
wandb: Starting wandb agent 🕵️
2022-12-18 14:07:44,992 - wandb.wandb_agent - INFO - Running runs: []
2022-12-18 14:07:45,807 - wandb.wandb_agent - INFO - Agent received command: run
2022-12-18 14:07:45,807 - wandb.wandb_agent - INFO - Agent starting run with config:
	atac_dim: 5000
	atac_weight: 80.51405670056297
	epochs: 60
	gex_dim: 1000
	gex_weight: 46.10511318026857
	init: he
	latent_dim: 20
	lr: 1e-05
	model: [[1200, 400, 100], [50, 100, 200], [1600, 600, 120], [60, 100, 150]]
	weight_decay: 0.008375756515428169
2022-12-18 14:07:45,815 - wandb.wandb_agent - INFO - About to run command: /usr/bin/env python gex_atac_sweep.py --atac_dim=5000 --atac_weight=80.51405670056297 --epochs=60 --gex_dim=1000 --gex_weight=46.10511318026857 --init=he --latent_dim=20 --lr=1e-05 "--model=[[1200, 400, 100], [50, 100, 200], [1600, 600, 120], [60, 100, 150]]" --weight_decay=0.008375756515428169
2022-12-18 14:07:50,828 - wandb.wandb_agent - INFO - Running runs: ['gwj3hhl3']
wandb: Currently logged in as: ange1o5 (team-single-cell). Use `wandb login --relogin` to force relogin
wandb: WARNING Ignored wandb.init() arg project when running a sweep.
wandb: WARNING Ignored wandb.init() arg entity when running a sweep.
wandb: Tracking run with wandb version 0.13.7
wandb: Run data is saved locally in /ssd003/home/angelo/single-cell-proj/repo/team_single_cell/experiments/scripts/wandb/run-20221218_140753-gwj3hhl3
wandb: Run `wandb offline` to turn off syncing.
wandb: Syncing run glorious-sweep-247
wandb: ⭐️ View project at https://wandb.ai/team-single-cell/gex_atac_sweep
wandb: 🧹 View sweep at https://wandb.ai/team-single-cell/gex_atac_sweep/sweeps/j1snhit4
wandb: 🚀 View run at https://wandb.ai/team-single-cell/gex_atac_sweep/runs/gwj3hhl3
 UserWarning:/h/angelo/miniconda3/envs/single_cell_env/lib/python3.7/site-packages/scanpy/preprocessing/_highly_variable_genes.py:64: `flavor='seurat_v3'` expects raw count data, but non-integers were found.
Trying to set attribute `._uns` of view, copying.
Trying to set attribute `.var` of view, copying.
2022-12-18 14:21:36.099332: I tensorflow/core/platform/cpu_feature_guard.cc:193] This TensorFlow binary is optimized with oneAPI Deep Neural Network Library (oneDNN) to use the following CPU instructions in performance-critical operations:  SSE4.1 SSE4.2 AVX AVX2 AVX512F AVX512_VNNI FMA
To enable them in other operations, rebuild TensorFlow with the appropriate compiler flags.
2022-12-18 14:21:36.883023: I tensorflow/core/util/util.cc:169] oneDNN custom operations are on. You may see slightly different numerical results due to floating-point round-off errors from different computation orders. To turn them off, set the environment variable `TF_ENABLE_ONEDNN_OPTS=0`.
 FutureWarning:/h/angelo/miniconda3/envs/single_cell_env/lib/python3.7/site-packages/anndata/_core/anndata.py:1228: The `inplace` parameter in pandas.Categorical.reorder_categories is deprecated and will be removed in a future version. Reordering categories will always return a new Categorical object.
... storing 'feature_types' as categorical
 FutureWarning:/h/angelo/miniconda3/envs/single_cell_env/lib/python3.7/site-packages/anndata/_core/anndata.py:1228: The `inplace` parameter in pandas.Categorical.reorder_categories is deprecated and will be removed in a future version. Reordering categories will always return a new Categorical object.
... storing 'gene_id' as categorical
Reading dataset...
Feature selecting GEX...
Feature selecting ATAC...

New GEX dim: 1000;
New ATAC dim: 5001;
AnnData dataset's shape: (69249, 6001)

Initializing dataset and dataloader...
The order of labels: ['s1d1', 's1d1', 's1d1', 's1d1', 's1d1', ..., 's4d9', 's4d9', 's4d9', 's4d9', 's4d9']
Length: 69249
Categories (13, object): ['s1d1', 's1d2', 's1d3', 's2d1', ..., 's3d10', 's4d1', 's4d8', 's4d9']
The device: cuda;

The model: DeepGexAtacMultiModalAutoencoder(
  (gex_encoder): Sequential(
    (0): Linear(in_features=1000, out_features=1200, bias=True)
    (1): BatchNorm1d(1200, eps=1e-05, momentum=0.1, affine=True, track_running_stats=True)
    (2): ReLU()
    (3): Dropout(p=0.1, inplace=False)
    (4): Linear(in_features=1200, out_features=400, bias=True)
    (5): BatchNorm1d(400, eps=1e-05, momentum=0.1, affine=True, track_running_stats=True)
    (6): ReLU()
    (7): Linear(in_features=400, out_features=100, bias=True)
    (8): BatchNorm1d(100, eps=1e-05, momentum=0.1, affine=True, track_running_stats=True)
    (9): ReLU()
    (10): Dropout(p=0.1, inplace=False)
    (11): Linear(in_features=100, out_features=10, bias=True)
    (12): ReLU()
  )
  (atac_encoder): Sequential(
    (0): Linear(in_features=5001, out_features=1600, bias=True)
    (1): BatchNorm1d(1600, eps=1e-05, momentum=0.1, affine=True, track_running_stats=True)
    (2): ReLU()
    (3): Dropout(p=0.1, inplace=False)
    (4): Linear(in_features=1600, out_features=600, bias=True)
    (5): BatchNorm1d(600, eps=1e-05, momentum=0.1, affine=True, track_running_stats=True)
    (6): ReLU()
    (7): Linear(in_features=600, out_features=120, bias=True)
    (8): BatchNorm1d(120, eps=1e-05, momentum=0.1, affine=True, track_running_stats=True)
    (9): ReLU()
    (10): Dropout(p=0.1, inplace=False)
    (11): Linear(in_features=120, out_features=10, bias=True)
    (12): ReLU()
  )
  (gex_decoder): Sequential(
    (0): Linear(in_features=20, out_features=50, bias=True)
    (1): BatchNorm1d(50, eps=1e-05, momentum=0.1, affine=True, track_running_stats=True)
    (2): ReLU()
    (3): Dropout(p=0.1, inplace=False)
    (4): Linear(in_features=50, out_features=100, bias=True)
    (5): BatchNorm1d(100, eps=1e-05, momentum=0.1, affine=True, track_running_stats=True)
    (6): ReLU()
    (7): Linear(in_features=100, out_features=200, bias=True)
    (8): BatchNorm1d(200, eps=1e-05, momentum=0.1, affine=True, track_running_stats=True)
    (9): ReLU()
    (10): Dropout(p=0.1, inplace=False)
    (11): Linear(in_features=200, out_features=1000, bias=True)
    (12): ReLU()
  )
  (atac_decoder): Sequential(
    (0): Linear(in_features=20, out_features=60, bias=True)
    (1): BatchNorm1d(60, eps=1e-05, momentum=0.1, affine=True, track_running_stats=True)
    (2): ReLU()
    (3): Dropout(p=0.1, inplace=False)
    (4): Linear(in_features=60, out_features=100, bias=True)
    (5): BatchNorm1d(100, eps=1e-05, momentum=0.1, affine=True, track_running_stats=True)
    (6): ReLU()
    (7): Linear(in_features=100, out_features=150, bias=True)
    (8): BatchNorm1d(150, eps=1e-05, momentum=0.1, affine=True, track_running_stats=True)
    (9): ReLU()
    (10): Dropout(p=0.1, inplace=False)
    (11): Linear(in_features=150, out_features=5001, bias=True)
    (12): Sigmoid()
  )
);
The dataset: <datasets.anndatadataset.AnnDataDataset object at 0x7fbd67a9b610>;
The optimizer: Adam (
Parameter Group 0
    amsgrad: False
    betas: (0.9, 0.999)
    eps: 1e-08
    lr: 1e-05
    weight_decay: 0.008375756515428169
);

Epoch 0 recon loss: 18833.3655590424
Epoch 1 recon loss: 19431.8461052341
Epoch 2 recon loss: 19469.339239897
Epoch 3 recon loss: 18236.6660730738
Epoch 4 recon loss: 19297.9664824848
Epoch 5 recon loss: 19470.6578823508
Epoch 6 recon loss: 18274.2500526778
Epoch 7 recon loss: 18642.0828609066
Epoch 8 recon loss: 19101.3951033402
Epoch 9 recon loss: 19569.2870823373
Epoch 10 recon loss: 18748.4599179424
Epoch 11 recon loss: 19424.4311944645
Epoch 12 recon loss: 18744.3413541834
Epoch 13 recon loss: 18856.4007882147
Epoch 14 recon loss: 18932.6002930866
Epoch 15 recon loss: 18650.7142566002
Epoch 16 recon loss: 18593.7575633225
Epoch 17 recon loss: 19517.4683030811
Epoch 18 recon loss: 18553.6933294885
Epoch 19 recon loss: 18825.2702497759
Epoch 20 recon loss: 18654.1408248131
Epoch 21 recon loss: 19284.4807588317
Epoch 22 recon loss: 18848.9753572866
Epoch 23 recon loss: 19011.0866335708
Epoch 24 recon loss: 18734.0729412211
Epoch 25 recon loss: 19001.7750091713
Epoch 26 recon loss: 19191.4923324697
Epoch 27 recon loss: 18937.8836118324
Epoch 28 recon loss: 18728.0745153289
Epoch 29 recon loss: 19185.2435004105
Epoch 30 recon loss: 19047.7793594513
Epoch 31 recon loss: 18398.1381787546
Epoch 32 recon loss: 18655.1646032821
Epoch 33 recon loss: 18984.8912938237
Epoch 34 recon loss: 18559.2079183378
Epoch 35 recon loss: 19073.2397918619
Epoch 36 recon loss: 18864.4709119934
Epoch 37 recon loss: 19139.0186774203
Epoch 38 recon loss: 18043.902140723
Epoch 39 recon loss: 18368.8836228101
Epoch 40 recon loss: 19203.2044552397
Epoch 41 recon loss: 18597.8572750687
Epoch 42 recon loss: 19044.2326168223
Epoch 43 recon loss: 18603.99320886
Epoch 44 recon loss: 18560.6082957783
Epoch 45 recon loss: 18844.3320569139
Epoch 46 recon loss: 18900.9076461095
Epoch 47 recon loss: 18925.9318355757
Epoch 48 recon loss: 18351.1088808429
Epoch 49 recon loss: 19106.5697614789
Epoch 50 recon loss: 18787.3362101902
Epoch 51 recon loss: 18615.1468688304
Epoch 52 recon loss: 18383.7645946773
Epoch 53 recon loss: 18747.6759690002
Epoch 54 recon loss: 18965.5529111013
Epoch 55 recon loss: 18759.2746028879
Epoch 56 recon loss: 19085.2238671233
Epoch 57 recon loss: 18839.9646495772
Epoch 58 recon loss: 19185.2667466335
Epoch 59 recon loss: 18062.570859282

Latent space type: <class 'numpy.ndarray'>;
GEX encoded shape: torch.Size([69249, 10]);
ATAC encoded shape: torch.Size([69249, 10]);
Latent space shape: (69249, 20);

0.4432151541040972
   celltype_ari  celltype_ami  ...  batch_homogeneity  batch_complete
0      0.039294      0.143735  ...           0.893329        0.927069

[1 rows x 8 columns]
wandb: ERROR Failed to sample metric: process no longer exists (pid=22433)
2022-12-18 14:24:19,741 - wandb.wandb_agent - INFO - Cleaning up finished run: gwj3hhl3
wandb: Waiting for W&B process to finish... (success).
wandb: 
wandb: Run history:
wandb:  recon loss ▅▇▂▇▂▄█▄▄▅▄▃▃▅▇▅▄▅▅▄▆▃▅▃▅▆▂▆▆▄▅▅▂▆▄▂▅▄▅▁
wandb: total_score ▁
wandb: 
wandb: Run summary:
wandb:  recon loss 18062.57086
wandb: total_score 0.44322
wandb: 
wandb: Synced glorious-sweep-247: https://wandb.ai/team-single-cell/gex_atac_sweep/runs/gwj3hhl3
wandb: Synced 6 W&B file(s), 1 media file(s), 1 artifact file(s) and 0 other file(s)
wandb: Find logs at: ./wandb/run-20221218_140753-gwj3hhl3/logs
2022-12-18 14:24:28,765 - wandb.wandb_agent - INFO - Agent received command: run
2022-12-18 14:24:28,791 - wandb.wandb_agent - INFO - Agent starting run with config:
	atac_dim: 7500
	atac_weight: 53.8347656878984
	epochs: 80
	gex_dim: 1000
	gex_weight: 23.9377094169179
	init: xavier
	latent_dim: 128
	lr: 0.0001
	model: [[1200, 400, 100], [50, 100, 200], [1600, 600, 120], [60, 100, 150]]
	weight_decay: 0.047173909566153555
2022-12-18 14:24:29,150 - wandb.wandb_agent - INFO - About to run command: /usr/bin/env python gex_atac_sweep.py --atac_dim=7500 --atac_weight=53.8347656878984 --epochs=80 --gex_dim=1000 --gex_weight=23.9377094169179 --init=xavier --latent_dim=128 --lr=0.0001 "--model=[[1200, 400, 100], [50, 100, 200], [1600, 600, 120], [60, 100, 150]]" --weight_decay=0.047173909566153555
2022-12-18 14:24:34,470 - wandb.wandb_agent - INFO - Running runs: ['6douxti2']
wandb: Currently logged in as: ange1o5 (team-single-cell). Use `wandb login --relogin` to force relogin
wandb: WARNING Ignored wandb.init() arg project when running a sweep.
wandb: WARNING Ignored wandb.init() arg entity when running a sweep.
wandb: Tracking run with wandb version 0.13.7
wandb: Run data is saved locally in /ssd003/home/angelo/single-cell-proj/repo/team_single_cell/experiments/scripts/wandb/run-20221218_142436-6douxti2
wandb: Run `wandb offline` to turn off syncing.
wandb: Syncing run dainty-sweep-428
wandb: ⭐️ View project at https://wandb.ai/team-single-cell/gex_atac_sweep
wandb: 🧹 View sweep at https://wandb.ai/team-single-cell/gex_atac_sweep/sweeps/j1snhit4
wandb: 🚀 View run at https://wandb.ai/team-single-cell/gex_atac_sweep/runs/6douxti2
 UserWarning:/h/angelo/miniconda3/envs/single_cell_env/lib/python3.7/site-packages/scanpy/preprocessing/_highly_variable_genes.py:64: `flavor='seurat_v3'` expects raw count data, but non-integers were found.
Trying to set attribute `._uns` of view, copying.
Trying to set attribute `.var` of view, copying.
slurmstepd: error: *** JOB 8874674 ON gpu177 CANCELLED AT 2022-12-18T14:32:15 ***
