/h/angelo/single-cell-proj/repo/team_single_cell/experiments/jobs
gpu134.cluster.local
Sun Dec 18 14:07:05 EST 2022
wandb: Starting wandb agent 🕵️
2022-12-18 14:07:14,723 - wandb.wandb_agent - INFO - Running runs: []
2022-12-18 14:07:15,101 - wandb.wandb_agent - INFO - Agent received command: run
2022-12-18 14:07:15,101 - wandb.wandb_agent - INFO - Agent starting run with config:
	atac_dim: 10000
	atac_weight: 99.1222064616504
	epochs: 80
	gex_dim: 2500
	gex_weight: 5.8541199945483395
	init: xavier
	latent_dim: 20
	lr: 0.001
	model: [[1000, 200], [50, 100], [2000, 400], [100, 300]]
	weight_decay: 0.06924228855646834
2022-12-18 14:07:15,109 - wandb.wandb_agent - INFO - About to run command: /usr/bin/env python gex_atac_sweep.py --atac_dim=10000 --atac_weight=99.1222064616504 --epochs=80 --gex_dim=2500 --gex_weight=5.8541199945483395 --init=xavier --latent_dim=20 --lr=0.001 "--model=[[1000, 200], [50, 100], [2000, 400], [100, 300]]" --weight_decay=0.06924228855646834
2022-12-18 14:07:20,123 - wandb.wandb_agent - INFO - Running runs: ['tbem1os2']
wandb: Currently logged in as: ange1o5 (team-single-cell). Use `wandb login --relogin` to force relogin
wandb: WARNING Ignored wandb.init() arg project when running a sweep.
wandb: WARNING Ignored wandb.init() arg entity when running a sweep.
wandb: Tracking run with wandb version 0.13.7
wandb: Run data is saved locally in /ssd003/home/angelo/single-cell-proj/repo/team_single_cell/experiments/scripts/wandb/run-20221218_140722-tbem1os2
wandb: Run `wandb offline` to turn off syncing.
wandb: Syncing run young-sweep-190
wandb: ⭐️ View project at https://wandb.ai/team-single-cell/gex_atac_sweep
wandb: 🧹 View sweep at https://wandb.ai/team-single-cell/gex_atac_sweep/sweeps/j1snhit4
wandb: 🚀 View run at https://wandb.ai/team-single-cell/gex_atac_sweep/runs/tbem1os2
 UserWarning:/h/angelo/miniconda3/envs/single_cell_env/lib/python3.7/site-packages/scanpy/preprocessing/_highly_variable_genes.py:64: `flavor='seurat_v3'` expects raw count data, but non-integers were found.
Trying to set attribute `._uns` of view, copying.
Trying to set attribute `.var` of view, copying.
slurmstepd: error: *** JOB 8874619 ON gpu134 CANCELLED AT 2022-12-18T14:32:15 ***
