/h/angelo/single-cell-proj/repo/team_single_cell/experiments/jobs
gpu110
Sun Dec 18 14:07:14 EST 2022
wandb: Starting wandb agent 🕵️
2022-12-18 14:07:24,500 - wandb.wandb_agent - INFO - Running runs: []
2022-12-18 14:07:24,865 - wandb.wandb_agent - INFO - Agent received command: run
2022-12-18 14:07:24,866 - wandb.wandb_agent - INFO - Agent starting run with config:
	atac_dim: 2500
	atac_weight: 45.3734522808499
	epochs: 40
	gex_dim: 1000
	gex_weight: 64.34515223648643
	init: xavier
	latent_dim: 64
	lr: 0.1
	model: [[1600, 800, 400, 100], [40, 60, 100, 150], [1800, 800, 400, 100], [40, 60, 120, 200]]
	weight_decay: 0.07317529577240607
2022-12-18 14:07:24,875 - wandb.wandb_agent - INFO - About to run command: /usr/bin/env python gex_atac_sweep.py --atac_dim=2500 --atac_weight=45.3734522808499 --epochs=40 --gex_dim=1000 --gex_weight=64.34515223648643 --init=xavier --latent_dim=64 --lr=0.1 "--model=[[1600, 800, 400, 100], [40, 60, 100, 150], [1800, 800, 400, 100], [40, 60, 120, 200]]" --weight_decay=0.07317529577240607
2022-12-18 14:07:29,902 - wandb.wandb_agent - INFO - Running runs: ['aod6d3yk']
wandb: Currently logged in as: ange1o5 (team-single-cell). Use `wandb login --relogin` to force relogin
wandb: WARNING Ignored wandb.init() arg project when running a sweep.
wandb: WARNING Ignored wandb.init() arg entity when running a sweep.
wandb: Tracking run with wandb version 0.13.7
wandb: Run data is saved locally in /ssd003/home/angelo/single-cell-proj/repo/team_single_cell/experiments/scripts/wandb/run-20221218_140732-aod6d3yk
wandb: Run `wandb offline` to turn off syncing.
wandb: Syncing run clear-sweep-202
wandb: ⭐️ View project at https://wandb.ai/team-single-cell/gex_atac_sweep
wandb: 🧹 View sweep at https://wandb.ai/team-single-cell/gex_atac_sweep/sweeps/j1snhit4
wandb: 🚀 View run at https://wandb.ai/team-single-cell/gex_atac_sweep/runs/aod6d3yk
 UserWarning:/h/angelo/miniconda3/envs/single_cell_env/lib/python3.7/site-packages/scanpy/preprocessing/_highly_variable_genes.py:64: `flavor='seurat_v3'` expects raw count data, but non-integers were found.
Trying to set attribute `._uns` of view, copying.
Trying to set attribute `.var` of view, copying.
2022-12-18 14:22:07.889553: I tensorflow/core/platform/cpu_feature_guard.cc:193] This TensorFlow binary is optimized with oneAPI Deep Neural Network Library (oneDNN) to use the following CPU instructions in performance-critical operations:  SSE4.1 SSE4.2 AVX AVX2 AVX512F FMA
To enable them in other operations, rebuild TensorFlow with the appropriate compiler flags.
slurmstepd: error: *** JOB 8874637 ON gpu110 CANCELLED AT 2022-12-18T14:32:15 ***
