/h/angelo/single-cell-proj/repo/team_single_cell/experiments/jobs
gpu098.cluster.local
Sun Dec 18 14:04:55 EST 2022
wandb: Starting wandb agent 🕵️
2022-12-18 14:05:04,314 - wandb.wandb_agent - INFO - Running runs: []
2022-12-18 14:05:06,730 - wandb.wandb_agent - INFO - Agent received command: run
2022-12-18 14:05:06,731 - wandb.wandb_agent - INFO - Agent starting run with config:
	atac_dim: 2500
	atac_weight: 9.256348757376871
	epochs: 60
	gex_dim: 5000
	gex_weight: 11.342091455633785
	init: xavier
	latent_dim: 128
	lr: 0.0001
	model: [[1600, 800, 400, 100], [40, 60, 100, 150], [1800, 800, 400, 100], [40, 60, 120, 200]]
	weight_decay: 0.054274813164659645
2022-12-18 14:05:06,741 - wandb.wandb_agent - INFO - About to run command: /usr/bin/env python gex_atac_sweep.py --atac_dim=2500 --atac_weight=9.256348757376871 --epochs=60 --gex_dim=5000 --gex_weight=11.342091455633785 --init=xavier --latent_dim=128 --lr=0.0001 "--model=[[1600, 800, 400, 100], [40, 60, 100, 150], [1800, 800, 400, 100], [40, 60, 120, 200]]" --weight_decay=0.054274813164659645
2022-12-18 14:05:11,754 - wandb.wandb_agent - INFO - Running runs: ['ebw0iyoo']
wandb: Currently logged in as: ange1o5 (team-single-cell). Use `wandb login --relogin` to force relogin
wandb: WARNING Ignored wandb.init() arg project when running a sweep.
wandb: WARNING Ignored wandb.init() arg entity when running a sweep.
wandb: Tracking run with wandb version 0.13.7
wandb: Run data is saved locally in /ssd003/home/angelo/single-cell-proj/repo/team_single_cell/experiments/scripts/wandb/run-20221218_140512-ebw0iyoo
wandb: Run `wandb offline` to turn off syncing.
wandb: Syncing run divine-sweep-54
wandb: ⭐️ View project at https://wandb.ai/team-single-cell/gex_atac_sweep
wandb: 🧹 View sweep at https://wandb.ai/team-single-cell/gex_atac_sweep/sweeps/j1snhit4
wandb: 🚀 View run at https://wandb.ai/team-single-cell/gex_atac_sweep/runs/ebw0iyoo
 UserWarning:/h/angelo/miniconda3/envs/single_cell_env/lib/python3.7/site-packages/scanpy/preprocessing/_highly_variable_genes.py:64: `flavor='seurat_v3'` expects raw count data, but non-integers were found.
Trying to set attribute `._uns` of view, copying.
Trying to set attribute `.var` of view, copying.
slurmstepd: error: *** JOB 8874490 ON gpu098 CANCELLED AT 2022-12-18T14:32:15 ***
