/h/angelo/single-cell-proj/repo/team_single_cell/experiments/jobs
gpu126.cluster.local
Sun Dec 18 14:05:00 EST 2022
wandb: Starting wandb agent 🕵️
2022-12-18 14:05:09,499 - wandb.wandb_agent - INFO - Running runs: []
2022-12-18 14:05:09,698 - wandb.wandb_agent - INFO - Agent received command: run
2022-12-18 14:05:09,699 - wandb.wandb_agent - INFO - Agent starting run with config:
	atac_dim: 7500
	atac_weight: 90.91370402904684
	epochs: 60
	gex_dim: 1000
	gex_weight: 83.56879206151541
	init: he
	latent_dim: 20
	lr: 0.01
	model: [[1600, 800, 400, 100], [40, 60, 100, 150], [1800, 800, 400, 100], [40, 60, 120, 200]]
	weight_decay: 0.014635498278701664
2022-12-18 14:05:09,706 - wandb.wandb_agent - INFO - About to run command: /usr/bin/env python gex_atac_sweep.py --atac_dim=7500 --atac_weight=90.91370402904684 --epochs=60 --gex_dim=1000 --gex_weight=83.56879206151541 --init=he --latent_dim=20 --lr=0.01 "--model=[[1600, 800, 400, 100], [40, 60, 100, 150], [1800, 800, 400, 100], [40, 60, 120, 200]]" --weight_decay=0.014635498278701664
2022-12-18 14:05:14,738 - wandb.wandb_agent - INFO - Running runs: ['e5aj7wfc']
wandb: Currently logged in as: ange1o5 (team-single-cell). Use `wandb login --relogin` to force relogin
wandb: WARNING Ignored wandb.init() arg project when running a sweep.
wandb: WARNING Ignored wandb.init() arg entity when running a sweep.
wandb: Tracking run with wandb version 0.13.7
wandb: Run data is saved locally in /ssd003/home/angelo/single-cell-proj/repo/team_single_cell/experiments/scripts/wandb/run-20221218_140514-e5aj7wfc
wandb: Run `wandb offline` to turn off syncing.
wandb: Syncing run bright-sweep-74
wandb: ⭐️ View project at https://wandb.ai/team-single-cell/gex_atac_sweep
wandb: 🧹 View sweep at https://wandb.ai/team-single-cell/gex_atac_sweep/sweeps/j1snhit4
wandb: 🚀 View run at https://wandb.ai/team-single-cell/gex_atac_sweep/runs/e5aj7wfc
 UserWarning:/h/angelo/miniconda3/envs/single_cell_env/lib/python3.7/site-packages/scanpy/preprocessing/_highly_variable_genes.py:64: `flavor='seurat_v3'` expects raw count data, but non-integers were found.
Trying to set attribute `._uns` of view, copying.
Trying to set attribute `.var` of view, copying.
2022-12-18 14:25:20.033032: I tensorflow/core/platform/cpu_feature_guard.cc:193] This TensorFlow binary is optimized with oneAPI Deep Neural Network Library (oneDNN) to use the following CPU instructions in performance-critical operations:  SSE4.1 SSE4.2 AVX AVX2 AVX512F AVX512_VNNI FMA
To enable them in other operations, rebuild TensorFlow with the appropriate compiler flags.
2022-12-18 14:25:20.301416: I tensorflow/core/util/util.cc:169] oneDNN custom operations are on. You may see slightly different numerical results due to floating-point round-off errors from different computation orders. To turn them off, set the environment variable `TF_ENABLE_ONEDNN_OPTS=0`.
 FutureWarning:/h/angelo/miniconda3/envs/single_cell_env/lib/python3.7/site-packages/anndata/_core/anndata.py:1228: The `inplace` parameter in pandas.Categorical.reorder_categories is deprecated and will be removed in a future version. Reordering categories will always return a new Categorical object.
... storing 'feature_types' as categorical
 FutureWarning:/h/angelo/miniconda3/envs/single_cell_env/lib/python3.7/site-packages/anndata/_core/anndata.py:1228: The `inplace` parameter in pandas.Categorical.reorder_categories is deprecated and will be removed in a future version. Reordering categories will always return a new Categorical object.
... storing 'gene_id' as categorical
Reading dataset...
Feature selecting GEX...
Feature selecting ATAC...

New GEX dim: 1000;
New ATAC dim: 7502;
AnnData dataset's shape: (69249, 8502)

Initializing dataset and dataloader...
The order of labels: ['s1d1', 's1d1', 's1d1', 's1d1', 's1d1', ..., 's4d9', 's4d9', 's4d9', 's4d9', 's4d9']
Length: 69249
Categories (13, object): ['s1d1', 's1d2', 's1d3', 's2d1', ..., 's3d10', 's4d1', 's4d8', 's4d9']
The device: cuda;

The model: DeepGexAtacMultiModalAutoencoder(
  (gex_encoder): Sequential(
    (0): Linear(in_features=1000, out_features=1600, bias=True)
    (1): BatchNorm1d(1600, eps=1e-05, momentum=0.1, affine=True, track_running_stats=True)
    (2): ReLU()
    (3): Dropout(p=0.1, inplace=False)
    (4): Linear(in_features=1600, out_features=800, bias=True)
    (5): BatchNorm1d(800, eps=1e-05, momentum=0.1, affine=True, track_running_stats=True)
    (6): ReLU()
    (7): Linear(in_features=800, out_features=400, bias=True)
    (8): BatchNorm1d(400, eps=1e-05, momentum=0.1, affine=True, track_running_stats=True)
    (9): ReLU()
    (10): Dropout(p=0.1, inplace=False)
    (11): Linear(in_features=400, out_features=100, bias=True)
    (12): BatchNorm1d(100, eps=1e-05, momentum=0.1, affine=True, track_running_stats=True)
    (13): ReLU()
    (14): Linear(in_features=100, out_features=10, bias=True)
    (15): ReLU()
  )
  (atac_encoder): Sequential(
    (0): Linear(in_features=7502, out_features=1800, bias=True)
    (1): BatchNorm1d(1800, eps=1e-05, momentum=0.1, affine=True, track_running_stats=True)
    (2): ReLU()
    (3): Dropout(p=0.1, inplace=False)
    (4): Linear(in_features=1800, out_features=800, bias=True)
    (5): BatchNorm1d(800, eps=1e-05, momentum=0.1, affine=True, track_running_stats=True)
    (6): ReLU()
    (7): Linear(in_features=800, out_features=400, bias=True)
    (8): BatchNorm1d(400, eps=1e-05, momentum=0.1, affine=True, track_running_stats=True)
    (9): ReLU()
    (10): Dropout(p=0.1, inplace=False)
    (11): Linear(in_features=400, out_features=100, bias=True)
    (12): BatchNorm1d(100, eps=1e-05, momentum=0.1, affine=True, track_running_stats=True)
    (13): ReLU()
    (14): Linear(in_features=100, out_features=10, bias=True)
    (15): ReLU()
  )
  (gex_decoder): Sequential(
    (0): Linear(in_features=20, out_features=40, bias=True)
    (1): BatchNorm1d(40, eps=1e-05, momentum=0.1, affine=True, track_running_stats=True)
    (2): ReLU()
    (3): Dropout(p=0.1, inplace=False)
    (4): Linear(in_features=40, out_features=60, bias=True)
    (5): BatchNorm1d(60, eps=1e-05, momentum=0.1, affine=True, track_running_stats=True)
    (6): ReLU()
    (7): Linear(in_features=60, out_features=100, bias=True)
    (8): BatchNorm1d(100, eps=1e-05, momentum=0.1, affine=True, track_running_stats=True)
    (9): ReLU()
    (10): Dropout(p=0.1, inplace=False)
    (11): Linear(in_features=100, out_features=150, bias=True)
    (12): BatchNorm1d(150, eps=1e-05, momentum=0.1, affine=True, track_running_stats=True)
    (13): ReLU()
    (14): Linear(in_features=150, out_features=1000, bias=True)
    (15): ReLU()
  )
  (atac_decoder): Sequential(
    (0): Linear(in_features=20, out_features=40, bias=True)
    (1): BatchNorm1d(40, eps=1e-05, momentum=0.1, affine=True, track_running_stats=True)
    (2): ReLU()
    (3): Dropout(p=0.1, inplace=False)
    (4): Linear(in_features=40, out_features=60, bias=True)
    (5): BatchNorm1d(60, eps=1e-05, momentum=0.1, affine=True, track_running_stats=True)
    (6): ReLU()
    (7): Linear(in_features=60, out_features=120, bias=True)
    (8): BatchNorm1d(120, eps=1e-05, momentum=0.1, affine=True, track_running_stats=True)
    (9): ReLU()
    (10): Dropout(p=0.1, inplace=False)
    (11): Linear(in_features=120, out_features=200, bias=True)
    (12): BatchNorm1d(200, eps=1e-05, momentum=0.1, affine=True, track_running_stats=True)
    (13): ReLU()
    (14): Linear(in_features=200, out_features=7502, bias=True)
    (15): Sigmoid()
  )
);
The dataset: <datasets.anndatadataset.AnnDataDataset object at 0x7fbcac0235d0>;
The optimizer: Adam (
Parameter Group 0
    amsgrad: False
    betas: (0.9, 0.999)
    eps: 1e-08
    lr: 0.01
    weight_decay: 0.014635498278701664
);

Epoch 0 recon loss: 31069.2005401726
Epoch 1 recon loss: 26652.5337752028
Epoch 2 recon loss: 22030.9086705885
Epoch 3 recon loss: 21700.3245339468
Epoch 4 recon loss: 18879.7985616715
Epoch 5 recon loss: 15252.2329847444
Epoch 6 recon loss: 11782.5876994508
Epoch 7 recon loss: 7861.3922302283
Epoch 8 recon loss: 6897.4001900986
Epoch 9 recon loss: 4822.8207183022
Epoch 10 recon loss: 7751.0215117162
Epoch 11 recon loss: 5068.9269733685
Epoch 12 recon loss: 3391.7639440862
Epoch 13 recon loss: 2391.0763312487
Epoch 14 recon loss: 2512.0690299278
Epoch 15 recon loss: 2473.4559923255
Epoch 16 recon loss: 2017.4530309218
Epoch 17 recon loss: 3675.193615994
Epoch 18 recon loss: 2360.6171948749
Epoch 19 recon loss: 2186.5342717794
Epoch 20 recon loss: 2187.1819949242
Epoch 21 recon loss: 4111.8468261785
Epoch 22 recon loss: 2470.1225695939
Epoch 23 recon loss: 1961.6886844506
Epoch 24 recon loss: 1743.699401661
Epoch 25 recon loss: 1881.605145045
Epoch 26 recon loss: 2219.1663178285
Epoch 27 recon loss: 1821.6343946484
Epoch 28 recon loss: 1937.0783279328
Epoch 29 recon loss: 1612.0019805536
Epoch 30 recon loss: 1905.5803106282
Epoch 31 recon loss: 2095.8768086941
Epoch 32 recon loss: 3256.361490808
Epoch 33 recon loss: 2927.3723848876
Epoch 34 recon loss: 2634.4897851099
Epoch 35 recon loss: 2067.9625554586
Epoch 36 recon loss: 1977.1321255684
Epoch 37 recon loss: 1897.9953272488
Epoch 38 recon loss: 1845.8283612322
Epoch 39 recon loss: 1414.0984173062
Epoch 40 recon loss: 1569.2651623791
Epoch 41 recon loss: 2957.6587543512
Epoch 42 recon loss: 1777.7029478215
Epoch 43 recon loss: 2190.7912270749
Epoch 44 recon loss: 2145.0988520583
Epoch 45 recon loss: 1778.2828512169
Epoch 46 recon loss: 2054.8505320119
Epoch 47 recon loss: 1761.2595005108
Epoch 48 recon loss: 1891.2610648079
Epoch 49 recon loss: 1935.3693512855
Epoch 50 recon loss: 1679.8427779657
Epoch 51 recon loss: 2089.6301590554
Epoch 52 recon loss: 2089.383534814
Epoch 53 recon loss: 2960.8627841063
Epoch 54 recon loss: 1780.9965848248
Epoch 55 recon loss: 1670.9931031876
Epoch 56 recon loss: 1679.7108925104
Epoch 57 recon loss: 1437.9504893229
Epoch 58 recon loss: 1807.5575740588
Epoch 59 recon loss: 1897.3687085285

Latent space type: <class 'numpy.ndarray'>;
GEX encoded shape: torch.Size([69249, 10]);
ATAC encoded shape: torch.Size([69249, 10]);
Latent space shape: (69249, 20);

0.4676639504823972
   celltype_ari  celltype_ami  ...  batch_homogeneity  batch_complete
0      0.023514      0.215286  ...           0.827796        0.909469

[1 rows x 8 columns]
2022-12-18 14:31:51,851 - wandb.wandb_agent - INFO - Cleaning up finished run: e5aj7wfc
wandb: Waiting for W&B process to finish... (success).
wandb: 
wandb: Run history:
wandb:  recon loss █▇▆▅▃▃▂▂▁▁▁▁▁▁▂▁▁▁▁▁▁▁▁▁▁▁▁▁▁▁▁▁▁▁▁▁▁▁▁▁
wandb: total_score ▁
wandb: 
wandb: Run summary:
wandb:  recon loss 1897.36871
wandb: total_score 0.46766
wandb: 
wandb: Synced bright-sweep-74: https://wandb.ai/team-single-cell/gex_atac_sweep/runs/e5aj7wfc
wandb: Synced 6 W&B file(s), 1 media file(s), 1 artifact file(s) and 0 other file(s)
wandb: Find logs at: ./wandb/run-20221218_140514-e5aj7wfc/logs
2022-12-18 14:31:56,665 - wandb.wandb_agent - INFO - Agent received command: run
2022-12-18 14:31:56,666 - wandb.wandb_agent - INFO - Agent starting run with config:
	atac_dim: 2500
	atac_weight: 72.05819138363424
	epochs: 40
	gex_dim: 1000
	gex_weight: 47.76691592748772
	init: xavier
	latent_dim: 10
	lr: 0.0001
	model: [[1000, 200], [50, 100], [2000, 400], [100, 300]]
	weight_decay: 0.0140684372259419
2022-12-18 14:31:56,674 - wandb.wandb_agent - INFO - About to run command: /usr/bin/env python gex_atac_sweep.py --atac_dim=2500 --atac_weight=72.05819138363424 --epochs=40 --gex_dim=1000 --gex_weight=47.76691592748772 --init=xavier --latent_dim=10 --lr=0.0001 "--model=[[1000, 200], [50, 100], [2000, 400], [100, 300]]" --weight_decay=0.0140684372259419
2022-12-18 14:32:01,698 - wandb.wandb_agent - INFO - Running runs: ['rio0saaw']
wandb: Currently logged in as: ange1o5 (team-single-cell). Use `wandb login --relogin` to force relogin
wandb: WARNING Ignored wandb.init() arg project when running a sweep.
wandb: WARNING Ignored wandb.init() arg entity when running a sweep.
wandb: Tracking run with wandb version 0.13.7
wandb: Run data is saved locally in /ssd003/home/angelo/single-cell-proj/repo/team_single_cell/experiments/scripts/wandb/run-20221218_143201-rio0saaw
wandb: Run `wandb offline` to turn off syncing.
wandb: Syncing run golden-sweep-535
wandb: ⭐️ View project at https://wandb.ai/team-single-cell/gex_atac_sweep
wandb: 🧹 View sweep at https://wandb.ai/team-single-cell/gex_atac_sweep/sweeps/j1snhit4
wandb: 🚀 View run at https://wandb.ai/team-single-cell/gex_atac_sweep/runs/rio0saaw
slurmstepd: error: *** JOB 8874512 ON gpu126 CANCELLED AT 2022-12-18T14:32:15 ***
