/h/angelo/single-cell-proj/repo/team_single_cell/experiments/jobs
gpu132.cluster.local
Sun Dec 18 14:07:24 EST 2022
wandb: Starting wandb agent 🕵️
2022-12-18 14:07:34,997 - wandb.wandb_agent - INFO - Running runs: []
2022-12-18 14:07:35,353 - wandb.wandb_agent - INFO - Agent received command: run
2022-12-18 14:07:35,353 - wandb.wandb_agent - INFO - Agent starting run with config:
	atac_dim: 7500
	atac_weight: 39.88641724193255
	epochs: 80
	gex_dim: 2500
	gex_weight: 71.61778326557653
	init: he
	latent_dim: 20
	lr: 0.1
	model: [[1600, 800, 400, 100], [40, 60, 100, 150], [1800, 800, 400, 100], [40, 60, 120, 200]]
	weight_decay: 0.014224821065263083
2022-12-18 14:07:35,360 - wandb.wandb_agent - INFO - About to run command: /usr/bin/env python gex_atac_sweep.py --atac_dim=7500 --atac_weight=39.88641724193255 --epochs=80 --gex_dim=2500 --gex_weight=71.61778326557653 --init=he --latent_dim=20 --lr=0.1 "--model=[[1600, 800, 400, 100], [40, 60, 100, 150], [1800, 800, 400, 100], [40, 60, 120, 200]]" --weight_decay=0.014224821065263083
2022-12-18 14:07:40,373 - wandb.wandb_agent - INFO - Running runs: ['l9r532fm']
wandb: Currently logged in as: ange1o5 (team-single-cell). Use `wandb login --relogin` to force relogin
wandb: WARNING Ignored wandb.init() arg project when running a sweep.
wandb: WARNING Ignored wandb.init() arg entity when running a sweep.
wandb: Tracking run with wandb version 0.13.7
wandb: Run data is saved locally in /ssd003/home/angelo/single-cell-proj/repo/team_single_cell/experiments/scripts/wandb/run-20221218_140742-l9r532fm
wandb: Run `wandb offline` to turn off syncing.
wandb: Syncing run pleasant-sweep-226
wandb: ⭐️ View project at https://wandb.ai/team-single-cell/gex_atac_sweep
wandb: 🧹 View sweep at https://wandb.ai/team-single-cell/gex_atac_sweep/sweeps/j1snhit4
wandb: 🚀 View run at https://wandb.ai/team-single-cell/gex_atac_sweep/runs/l9r532fm
 UserWarning:/h/angelo/miniconda3/envs/single_cell_env/lib/python3.7/site-packages/scanpy/preprocessing/_highly_variable_genes.py:64: `flavor='seurat_v3'` expects raw count data, but non-integers were found.
Trying to set attribute `._uns` of view, copying.
Trying to set attribute `.var` of view, copying.
slurmstepd: error: *** JOB 8874652 ON gpu132 CANCELLED AT 2022-12-18T14:32:15 ***
