/h/angelo/single-cell-proj/repo/team_single_cell/experiments/jobs
gpu180.cluster.local
Sun Dec 18 14:07:38 EST 2022
wandb: Starting wandb agent 🕵️
2022-12-18 14:07:48,678 - wandb.wandb_agent - INFO - Running runs: []
2022-12-18 14:07:48,922 - wandb.wandb_agent - INFO - Agent received command: run
2022-12-18 14:07:48,922 - wandb.wandb_agent - INFO - Agent starting run with config:
	atac_dim: 2500
	atac_weight: 77.76246862987804
	epochs: 60
	gex_dim: 2500
	gex_weight: 89.37118742014303
	init: xavier
	latent_dim: 10
	lr: 0.01
	model: [[1000, 800, 600, 400, 200], [10, 30, 50, 100, 160], [1200, 900, 600, 400, 150], [15, 40, 60, 100, 180]]
	weight_decay: 0.028084281368240607
2022-12-18 14:07:48,930 - wandb.wandb_agent - INFO - About to run command: /usr/bin/env python gex_atac_sweep.py --atac_dim=2500 --atac_weight=77.76246862987804 --epochs=60 --gex_dim=2500 --gex_weight=89.37118742014303 --init=xavier --latent_dim=10 --lr=0.01 "--model=[[1000, 800, 600, 400, 200], [10, 30, 50, 100, 160], [1200, 900, 600, 400, 150], [15, 40, 60, 100, 180]]" --weight_decay=0.028084281368240607
2022-12-18 14:07:53,944 - wandb.wandb_agent - INFO - Running runs: ['33dcq9kp']
wandb: Currently logged in as: ange1o5 (team-single-cell). Use `wandb login --relogin` to force relogin
wandb: WARNING Ignored wandb.init() arg project when running a sweep.
wandb: WARNING Ignored wandb.init() arg entity when running a sweep.
wandb: Tracking run with wandb version 0.13.7
wandb: Run data is saved locally in /ssd003/home/angelo/single-cell-proj/repo/team_single_cell/experiments/scripts/wandb/run-20221218_140756-33dcq9kp
wandb: Run `wandb offline` to turn off syncing.
wandb: Syncing run fluent-sweep-256
wandb: ⭐️ View project at https://wandb.ai/team-single-cell/gex_atac_sweep
wandb: 🧹 View sweep at https://wandb.ai/team-single-cell/gex_atac_sweep/sweeps/j1snhit4
wandb: 🚀 View run at https://wandb.ai/team-single-cell/gex_atac_sweep/runs/33dcq9kp
 UserWarning:/h/angelo/miniconda3/envs/single_cell_env/lib/python3.7/site-packages/scanpy/preprocessing/_highly_variable_genes.py:64: `flavor='seurat_v3'` expects raw count data, but non-integers were found.
Trying to set attribute `._uns` of view, copying.
Trying to set attribute `.var` of view, copying.
2022-12-18 14:21:39.655345: I tensorflow/core/platform/cpu_feature_guard.cc:193] This TensorFlow binary is optimized with oneAPI Deep Neural Network Library (oneDNN) to use the following CPU instructions in performance-critical operations:  SSE4.1 SSE4.2 AVX AVX2 AVX512F AVX512_VNNI FMA
To enable them in other operations, rebuild TensorFlow with the appropriate compiler flags.
2022-12-18 14:21:39.762868: I tensorflow/core/util/util.cc:169] oneDNN custom operations are on. You may see slightly different numerical results due to floating-point round-off errors from different computation orders. To turn them off, set the environment variable `TF_ENABLE_ONEDNN_OPTS=0`.
 FutureWarning:/h/angelo/miniconda3/envs/single_cell_env/lib/python3.7/site-packages/anndata/_core/anndata.py:1228: The `inplace` parameter in pandas.Categorical.reorder_categories is deprecated and will be removed in a future version. Reordering categories will always return a new Categorical object.
... storing 'feature_types' as categorical
 FutureWarning:/h/angelo/miniconda3/envs/single_cell_env/lib/python3.7/site-packages/anndata/_core/anndata.py:1228: The `inplace` parameter in pandas.Categorical.reorder_categories is deprecated and will be removed in a future version. Reordering categories will always return a new Categorical object.
... storing 'gene_id' as categorical
Reading dataset...
Feature selecting GEX...
Feature selecting ATAC...

New GEX dim: 2500;
New ATAC dim: 2501;
AnnData dataset's shape: (69249, 5001)

Initializing dataset and dataloader...
The order of labels: ['s1d1', 's1d1', 's1d1', 's1d1', 's1d1', ..., 's4d9', 's4d9', 's4d9', 's4d9', 's4d9']
Length: 69249
Categories (13, object): ['s1d1', 's1d2', 's1d3', 's2d1', ..., 's3d10', 's4d1', 's4d8', 's4d9']
The device: cuda;

The model: DeepGexAtacMultiModalAutoencoder(
  (gex_encoder): Sequential(
    (0): Linear(in_features=2500, out_features=1000, bias=True)
    (1): BatchNorm1d(1000, eps=1e-05, momentum=0.1, affine=True, track_running_stats=True)
    (2): ReLU()
    (3): Dropout(p=0.1, inplace=False)
    (4): Linear(in_features=1000, out_features=800, bias=True)
    (5): BatchNorm1d(800, eps=1e-05, momentum=0.1, affine=True, track_running_stats=True)
    (6): ReLU()
    (7): Linear(in_features=800, out_features=600, bias=True)
    (8): BatchNorm1d(600, eps=1e-05, momentum=0.1, affine=True, track_running_stats=True)
    (9): ReLU()
    (10): Dropout(p=0.1, inplace=False)
    (11): Linear(in_features=600, out_features=400, bias=True)
    (12): BatchNorm1d(400, eps=1e-05, momentum=0.1, affine=True, track_running_stats=True)
    (13): ReLU()
    (14): Linear(in_features=400, out_features=200, bias=True)
    (15): BatchNorm1d(200, eps=1e-05, momentum=0.1, affine=True, track_running_stats=True)
    (16): ReLU()
    (17): Dropout(p=0.1, inplace=False)
    (18): Linear(in_features=200, out_features=5, bias=True)
    (19): ReLU()
  )
  (atac_encoder): Sequential(
    (0): Linear(in_features=2501, out_features=1200, bias=True)
    (1): BatchNorm1d(1200, eps=1e-05, momentum=0.1, affine=True, track_running_stats=True)
    (2): ReLU()
    (3): Dropout(p=0.1, inplace=False)
    (4): Linear(in_features=1200, out_features=900, bias=True)
    (5): BatchNorm1d(900, eps=1e-05, momentum=0.1, affine=True, track_running_stats=True)
    (6): ReLU()
    (7): Linear(in_features=900, out_features=600, bias=True)
    (8): BatchNorm1d(600, eps=1e-05, momentum=0.1, affine=True, track_running_stats=True)
    (9): ReLU()
    (10): Dropout(p=0.1, inplace=False)
    (11): Linear(in_features=600, out_features=400, bias=True)
    (12): BatchNorm1d(400, eps=1e-05, momentum=0.1, affine=True, track_running_stats=True)
    (13): ReLU()
    (14): Linear(in_features=400, out_features=150, bias=True)
    (15): BatchNorm1d(150, eps=1e-05, momentum=0.1, affine=True, track_running_stats=True)
    (16): ReLU()
    (17): Dropout(p=0.1, inplace=False)
    (18): Linear(in_features=150, out_features=5, bias=True)
    (19): ReLU()
  )
  (gex_decoder): Sequential(
    (0): Linear(in_features=10, out_features=10, bias=True)
    (1): BatchNorm1d(10, eps=1e-05, momentum=0.1, affine=True, track_running_stats=True)
    (2): ReLU()
    (3): Dropout(p=0.1, inplace=False)
    (4): Linear(in_features=10, out_features=30, bias=True)
    (5): BatchNorm1d(30, eps=1e-05, momentum=0.1, affine=True, track_running_stats=True)
    (6): ReLU()
    (7): Linear(in_features=30, out_features=50, bias=True)
    (8): BatchNorm1d(50, eps=1e-05, momentum=0.1, affine=True, track_running_stats=True)
    (9): ReLU()
    (10): Dropout(p=0.1, inplace=False)
    (11): Linear(in_features=50, out_features=100, bias=True)
    (12): BatchNorm1d(100, eps=1e-05, momentum=0.1, affine=True, track_running_stats=True)
    (13): ReLU()
    (14): Linear(in_features=100, out_features=160, bias=True)
    (15): BatchNorm1d(160, eps=1e-05, momentum=0.1, affine=True, track_running_stats=True)
    (16): ReLU()
    (17): Dropout(p=0.1, inplace=False)
    (18): Linear(in_features=160, out_features=2500, bias=True)
    (19): ReLU()
  )
  (atac_decoder): Sequential(
    (0): Linear(in_features=10, out_features=15, bias=True)
    (1): BatchNorm1d(15, eps=1e-05, momentum=0.1, affine=True, track_running_stats=True)
    (2): ReLU()
    (3): Dropout(p=0.1, inplace=False)
    (4): Linear(in_features=15, out_features=40, bias=True)
    (5): BatchNorm1d(40, eps=1e-05, momentum=0.1, affine=True, track_running_stats=True)
    (6): ReLU()
    (7): Linear(in_features=40, out_features=60, bias=True)
    (8): BatchNorm1d(60, eps=1e-05, momentum=0.1, affine=True, track_running_stats=True)
    (9): ReLU()
    (10): Dropout(p=0.1, inplace=False)
    (11): Linear(in_features=60, out_features=100, bias=True)
    (12): BatchNorm1d(100, eps=1e-05, momentum=0.1, affine=True, track_running_stats=True)
    (13): ReLU()
    (14): Linear(in_features=100, out_features=180, bias=True)
    (15): BatchNorm1d(180, eps=1e-05, momentum=0.1, affine=True, track_running_stats=True)
    (16): ReLU()
    (17): Dropout(p=0.1, inplace=False)
    (18): Linear(in_features=180, out_features=2501, bias=True)
    (19): Sigmoid()
  )
);
The dataset: <datasets.anndatadataset.AnnDataDataset object at 0x7f81f14b7c50>;
The optimizer: Adam (
Parameter Group 0
    amsgrad: False
    betas: (0.9, 0.999)
    eps: 1e-08
    lr: 0.01
    weight_decay: 0.028084281368240607
);

Epoch 0 recon loss: 13642.880606091
Epoch 1 recon loss: 10381.3479450581
Epoch 2 recon loss: 9370.4587376811
Epoch 3 recon loss: 8808.0777377027
Epoch 4 recon loss: 8443.3158156824
Epoch 5 recon loss: 8416.8740171721
Epoch 6 recon loss: 8299.0832612723
Epoch 7 recon loss: 8348.4976823955
Epoch 8 recon loss: 7802.7247055365
Epoch 9 recon loss: 6224.9971133939
Epoch 10 recon loss: 4772.1125180626
Epoch 11 recon loss: 7619.4270970814
Epoch 12 recon loss: 3733.7606785448
Epoch 13 recon loss: 3256.5293691925
Epoch 14 recon loss: 2538.4950220348
Epoch 15 recon loss: 2267.8021474352
Epoch 16 recon loss: 1879.9414371839
Epoch 17 recon loss: 1694.217667873
Epoch 18 recon loss: 2080.678351632
Epoch 19 recon loss: 1894.3248387862
Epoch 20 recon loss: 1414.6240744602
Epoch 21 recon loss: 2259.8842746356
Epoch 22 recon loss: 1640.8958670059
Epoch 23 recon loss: 1545.744048986
Epoch 24 recon loss: 1415.6173132843
Epoch 25 recon loss: 2206.4721679507
Epoch 26 recon loss: 1484.9000584972
Epoch 27 recon loss: 1180.9366184119
Epoch 28 recon loss: 1048.710945086
Epoch 29 recon loss: 1058.0971200066
Epoch 30 recon loss: 1135.277541112
Epoch 31 recon loss: 1234.0568064718
Epoch 32 recon loss: 1273.363187136
Epoch 33 recon loss: 1248.225375418
Epoch 34 recon loss: 944.6310394329
Epoch 35 recon loss: 1248.4899382894
Epoch 36 recon loss: 1369.4748211989
Epoch 37 recon loss: 3904.4564565807
Epoch 38 recon loss: 1201.2145970448
Epoch 39 recon loss: 1003.0708043452
Epoch 40 recon loss: 997.9680775051
Epoch 41 recon loss: 982.7834724959
Epoch 42 recon loss: 1542.3636529032
Epoch 43 recon loss: 925.9717306673
Epoch 44 recon loss: 901.1119204587
Epoch 45 recon loss: 928.9210649466
Epoch 46 recon loss: 814.2874490446
Epoch 47 recon loss: 820.7364491196
Epoch 48 recon loss: 883.2356468971
Epoch 49 recon loss: 2206.2806071714
Epoch 50 recon loss: 1029.3599625374
Epoch 51 recon loss: 1039.3261374733
Epoch 52 recon loss: 865.6792521753
Epoch 53 recon loss: 791.6980427649
Epoch 54 recon loss: 1139.1757305108
Epoch 55 recon loss: 930.0191674522
Epoch 56 recon loss: 1006.502487562
Epoch 57 recon loss: 991.7794327353
Epoch 58 recon loss: 2211.3391744049
Epoch 59 recon loss: 898.6563628777

Latent space type: <class 'numpy.ndarray'>;
GEX encoded shape: torch.Size([69249, 5]);
ATAC encoded shape: torch.Size([69249, 5]);
Latent space shape: (69249, 10);

0.47908282369557087
   celltype_ari  celltype_ami  ...  batch_homogeneity  batch_complete
0      0.026026       0.22986  ...           0.850878         0.91976

[1 rows x 8 columns]
2022-12-18 14:26:28,971 - wandb.wandb_agent - INFO - Cleaning up finished run: 33dcq9kp
wandb: Waiting for W&B process to finish... (success).
wandb: 
wandb: Run history:
wandb:  recon loss █▆▅▅▅▅▄▃▃▂▂▂▂▂▂▁▁▂▁▁▁▁▁▁▁▃▁▁▁▁▁▁▁▂▁▁▁▁▁▁
wandb: total_score ▁
wandb: 
wandb: Run summary:
wandb:  recon loss 898.65636
wandb: total_score 0.47908
wandb: 
wandb: Synced fluent-sweep-256: https://wandb.ai/team-single-cell/gex_atac_sweep/runs/33dcq9kp
wandb: Synced 6 W&B file(s), 1 media file(s), 1 artifact file(s) and 0 other file(s)
wandb: Find logs at: ./wandb/run-20221218_140756-33dcq9kp/logs
2022-12-18 14:26:35,316 - wandb.wandb_agent - INFO - Agent received command: run
2022-12-18 14:26:35,337 - wandb.wandb_agent - INFO - Agent starting run with config:
	atac_dim: 10000
	atac_weight: 99.83491492151126
	epochs: 20
	gex_dim: 2500
	gex_weight: 27.87393785845741
	init: he
	latent_dim: 64
	lr: 0.001
	model: [[1600, 800, 400, 100], [40, 60, 100, 150], [1800, 800, 400, 100], [40, 60, 120, 200]]
	weight_decay: 0.00890687670655671
2022-12-18 14:26:35,528 - wandb.wandb_agent - INFO - About to run command: /usr/bin/env python gex_atac_sweep.py --atac_dim=10000 --atac_weight=99.83491492151126 --epochs=20 --gex_dim=2500 --gex_weight=27.87393785845741 --init=he --latent_dim=64 --lr=0.001 "--model=[[1600, 800, 400, 100], [40, 60, 100, 150], [1800, 800, 400, 100], [40, 60, 120, 200]]" --weight_decay=0.00890687670655671
2022-12-18 14:26:40,641 - wandb.wandb_agent - INFO - Running runs: ['71pl0f39']
wandb: Currently logged in as: ange1o5 (team-single-cell). Use `wandb login --relogin` to force relogin
wandb: WARNING Ignored wandb.init() arg project when running a sweep.
wandb: WARNING Ignored wandb.init() arg entity when running a sweep.
wandb: Tracking run with wandb version 0.13.7
wandb: Run data is saved locally in /ssd003/home/angelo/single-cell-proj/repo/team_single_cell/experiments/scripts/wandb/run-20221218_142642-71pl0f39
wandb: Run `wandb offline` to turn off syncing.
wandb: Syncing run atomic-sweep-443
wandb: ⭐️ View project at https://wandb.ai/team-single-cell/gex_atac_sweep
wandb: 🧹 View sweep at https://wandb.ai/team-single-cell/gex_atac_sweep/sweeps/j1snhit4
wandb: 🚀 View run at https://wandb.ai/team-single-cell/gex_atac_sweep/runs/71pl0f39
 UserWarning:/h/angelo/miniconda3/envs/single_cell_env/lib/python3.7/site-packages/scanpy/preprocessing/_highly_variable_genes.py:64: `flavor='seurat_v3'` expects raw count data, but non-integers were found.
Trying to set attribute `._uns` of view, copying.
Trying to set attribute `.var` of view, copying.
slurmstepd: error: *** JOB 8874687 ON gpu180 CANCELLED AT 2022-12-18T14:32:15 ***
