/h/angelo/single-cell-proj/repo/team_single_cell/experiments/jobs
gpu088
Sun Dec 18 14:06:11 EST 2022
wandb: Starting wandb agent 🕵️
2022-12-18 14:06:21,361 - wandb.wandb_agent - INFO - Running runs: []
2022-12-18 14:06:21,546 - wandb.wandb_agent - INFO - Agent received command: run
2022-12-18 14:06:21,546 - wandb.wandb_agent - INFO - Agent starting run with config:
	atac_dim: 7500
	atac_weight: 92.97315751123683
	epochs: 60
	gex_dim: 2500
	gex_weight: 58.53792575471781
	init: he
	latent_dim: 20
	lr: 0.01
	model: [[1600, 800, 400, 100], [40, 60, 100, 150], [1800, 800, 400, 100], [40, 60, 120, 200]]
	weight_decay: 0.037285522699038655
2022-12-18 14:06:21,556 - wandb.wandb_agent - INFO - About to run command: /usr/bin/env python gex_atac_sweep.py --atac_dim=7500 --atac_weight=92.97315751123683 --epochs=60 --gex_dim=2500 --gex_weight=58.53792575471781 --init=he --latent_dim=20 --lr=0.01 "--model=[[1600, 800, 400, 100], [40, 60, 100, 150], [1800, 800, 400, 100], [40, 60, 120, 200]]" --weight_decay=0.037285522699038655
2022-12-18 14:06:26,571 - wandb.wandb_agent - INFO - Running runs: ['yvcfwoay']
wandb: Currently logged in as: ange1o5 (team-single-cell). Use `wandb login --relogin` to force relogin
wandb: WARNING Ignored wandb.init() arg project when running a sweep.
wandb: WARNING Ignored wandb.init() arg entity when running a sweep.
wandb: Tracking run with wandb version 0.13.7
wandb: Run data is saved locally in /ssd003/home/angelo/single-cell-proj/repo/team_single_cell/experiments/scripts/wandb/run-20221218_140629-yvcfwoay
wandb: Run `wandb offline` to turn off syncing.
wandb: Syncing run stoic-sweep-165
wandb: ⭐️ View project at https://wandb.ai/team-single-cell/gex_atac_sweep
wandb: 🧹 View sweep at https://wandb.ai/team-single-cell/gex_atac_sweep/sweeps/j1snhit4
wandb: 🚀 View run at https://wandb.ai/team-single-cell/gex_atac_sweep/runs/yvcfwoay
 UserWarning:/h/angelo/miniconda3/envs/single_cell_env/lib/python3.7/site-packages/scanpy/preprocessing/_highly_variable_genes.py:64: `flavor='seurat_v3'` expects raw count data, but non-integers were found.
Trying to set attribute `._uns` of view, copying.
Trying to set attribute `.var` of view, copying.
slurmstepd: error: *** JOB 8874596 ON gpu088 CANCELLED AT 2022-12-18T14:32:15 ***
