/h/angelo/single-cell-proj/repo/team_single_cell/experiments/jobs
gpu098.cluster.local
Sun Dec 18 14:07:02 EST 2022
wandb: Starting wandb agent 🕵️
2022-12-18 14:07:11,309 - wandb.wandb_agent - INFO - Running runs: []
2022-12-18 14:07:11,527 - wandb.wandb_agent - INFO - Agent received command: run
2022-12-18 14:07:11,528 - wandb.wandb_agent - INFO - Agent starting run with config:
	atac_dim: 7500
	atac_weight: 12.14800214505777
	epochs: 40
	gex_dim: 1000
	gex_weight: 8.357906953984287
	init: he
	latent_dim: 20
	lr: 0.0001
	model: [[1200, 400, 100], [50, 100, 200], [1600, 600, 120], [60, 100, 150]]
	weight_decay: 0.014956203826877146
2022-12-18 14:07:11,537 - wandb.wandb_agent - INFO - About to run command: /usr/bin/env python gex_atac_sweep.py --atac_dim=7500 --atac_weight=12.14800214505777 --epochs=40 --gex_dim=1000 --gex_weight=8.357906953984287 --init=he --latent_dim=20 --lr=0.0001 "--model=[[1200, 400, 100], [50, 100, 200], [1600, 600, 120], [60, 100, 150]]" --weight_decay=0.014956203826877146
wandb: Currently logged in as: ange1o5 (team-single-cell). Use `wandb login --relogin` to force relogin
wandb: WARNING Ignored wandb.init() arg project when running a sweep.
wandb: WARNING Ignored wandb.init() arg entity when running a sweep.
2022-12-18 14:07:16,550 - wandb.wandb_agent - INFO - Running runs: ['qei5vdds']
wandb: Tracking run with wandb version 0.13.7
wandb: Run data is saved locally in /ssd003/home/angelo/single-cell-proj/repo/team_single_cell/experiments/scripts/wandb/run-20221218_140715-qei5vdds
wandb: Run `wandb offline` to turn off syncing.
wandb: Syncing run peach-sweep-185
wandb: ⭐️ View project at https://wandb.ai/team-single-cell/gex_atac_sweep
wandb: 🧹 View sweep at https://wandb.ai/team-single-cell/gex_atac_sweep/sweeps/j1snhit4
wandb: 🚀 View run at https://wandb.ai/team-single-cell/gex_atac_sweep/runs/qei5vdds
 UserWarning:/h/angelo/miniconda3/envs/single_cell_env/lib/python3.7/site-packages/scanpy/preprocessing/_highly_variable_genes.py:64: `flavor='seurat_v3'` expects raw count data, but non-integers were found.
Trying to set attribute `._uns` of view, copying.
Trying to set attribute `.var` of view, copying.
2022-12-18 14:27:16.649751: I tensorflow/core/platform/cpu_feature_guard.cc:193] This TensorFlow binary is optimized with oneAPI Deep Neural Network Library (oneDNN) to use the following CPU instructions in performance-critical operations:  SSE4.1 SSE4.2 AVX AVX2 AVX512F FMA
To enable them in other operations, rebuild TensorFlow with the appropriate compiler flags.
 FutureWarning:/h/angelo/miniconda3/envs/single_cell_env/lib/python3.7/site-packages/anndata/_core/anndata.py:1228: The `inplace` parameter in pandas.Categorical.reorder_categories is deprecated and will be removed in a future version. Reordering categories will always return a new Categorical object.
... storing 'feature_types' as categorical
 FutureWarning:/h/angelo/miniconda3/envs/single_cell_env/lib/python3.7/site-packages/anndata/_core/anndata.py:1228: The `inplace` parameter in pandas.Categorical.reorder_categories is deprecated and will be removed in a future version. Reordering categories will always return a new Categorical object.
... storing 'gene_id' as categorical
Reading dataset...
Feature selecting GEX...
Feature selecting ATAC...

New GEX dim: 1000;
New ATAC dim: 7502;
AnnData dataset's shape: (69249, 8502)

Initializing dataset and dataloader...
The order of labels: ['s1d1', 's1d1', 's1d1', 's1d1', 's1d1', ..., 's4d9', 's4d9', 's4d9', 's4d9', 's4d9']
Length: 69249
Categories (13, object): ['s1d1', 's1d2', 's1d3', 's2d1', ..., 's3d10', 's4d1', 's4d8', 's4d9']
The device: cuda;

The model: DeepGexAtacMultiModalAutoencoder(
  (gex_encoder): Sequential(
    (0): Linear(in_features=1000, out_features=1200, bias=True)
    (1): BatchNorm1d(1200, eps=1e-05, momentum=0.1, affine=True, track_running_stats=True)
    (2): ReLU()
    (3): Dropout(p=0.1, inplace=False)
    (4): Linear(in_features=1200, out_features=400, bias=True)
    (5): BatchNorm1d(400, eps=1e-05, momentum=0.1, affine=True, track_running_stats=True)
    (6): ReLU()
    (7): Linear(in_features=400, out_features=100, bias=True)
    (8): BatchNorm1d(100, eps=1e-05, momentum=0.1, affine=True, track_running_stats=True)
    (9): ReLU()
    (10): Dropout(p=0.1, inplace=False)
    (11): Linear(in_features=100, out_features=10, bias=True)
    (12): ReLU()
  )
  (atac_encoder): Sequential(
    (0): Linear(in_features=7502, out_features=1600, bias=True)
    (1): BatchNorm1d(1600, eps=1e-05, momentum=0.1, affine=True, track_running_stats=True)
    (2): ReLU()
    (3): Dropout(p=0.1, inplace=False)
    (4): Linear(in_features=1600, out_features=600, bias=True)
    (5): BatchNorm1d(600, eps=1e-05, momentum=0.1, affine=True, track_running_stats=True)
    (6): ReLU()
    (7): Linear(in_features=600, out_features=120, bias=True)
    (8): BatchNorm1d(120, eps=1e-05, momentum=0.1, affine=True, track_running_stats=True)
    (9): ReLU()
    (10): Dropout(p=0.1, inplace=False)
    (11): Linear(in_features=120, out_features=10, bias=True)
    (12): ReLU()
  )
  (gex_decoder): Sequential(
    (0): Linear(in_features=20, out_features=50, bias=True)
    (1): BatchNorm1d(50, eps=1e-05, momentum=0.1, affine=True, track_running_stats=True)
    (2): ReLU()
    (3): Dropout(p=0.1, inplace=False)
    (4): Linear(in_features=50, out_features=100, bias=True)
    (5): BatchNorm1d(100, eps=1e-05, momentum=0.1, affine=True, track_running_stats=True)
    (6): ReLU()
    (7): Linear(in_features=100, out_features=200, bias=True)
    (8): BatchNorm1d(200, eps=1e-05, momentum=0.1, affine=True, track_running_stats=True)
    (9): ReLU()
    (10): Dropout(p=0.1, inplace=False)
    (11): Linear(in_features=200, out_features=1000, bias=True)
    (12): ReLU()
  )
  (atac_decoder): Sequential(
    (0): Linear(in_features=20, out_features=60, bias=True)
    (1): BatchNorm1d(60, eps=1e-05, momentum=0.1, affine=True, track_running_stats=True)
    (2): ReLU()
    (3): Dropout(p=0.1, inplace=False)
    (4): Linear(in_features=60, out_features=100, bias=True)
    (5): BatchNorm1d(100, eps=1e-05, momentum=0.1, affine=True, track_running_stats=True)
    (6): ReLU()
    (7): Linear(in_features=100, out_features=150, bias=True)
    (8): BatchNorm1d(150, eps=1e-05, momentum=0.1, affine=True, track_running_stats=True)
    (9): ReLU()
    (10): Dropout(p=0.1, inplace=False)
    (11): Linear(in_features=150, out_features=7502, bias=True)
    (12): Sigmoid()
  )
);
The dataset: <datasets.anndatadataset.AnnDataDataset object at 0x7f30ea3926d0>;
The optimizer: Adam (
Parameter Group 0
    amsgrad: False
    betas: (0.9, 0.999)
    eps: 1e-08
    lr: 0.0001
    weight_decay: 0.014956203826877146
);

Epoch 0 recon loss: 3379.5267708161
Epoch 1 recon loss: 3390.9030664789
Epoch 2 recon loss: 3354.1786830451
Epoch 3 recon loss: 3306.8478043897
Epoch 4 recon loss: 3393.8091050849
Epoch 5 recon loss: 3350.8410700914
Epoch 6 recon loss: 3398.9121661689
Epoch 7 recon loss: 3314.4754579926
Epoch 8 recon loss: 3469.0613014412
Epoch 9 recon loss: 3357.223773158
Epoch 10 recon loss: 3135.1648496715
Epoch 11 recon loss: 3305.9294300625
Epoch 12 recon loss: 3286.7049009153
Epoch 13 recon loss: 3267.8845512823
Epoch 14 recon loss: 3290.0797520182
Epoch 15 recon loss: 3372.6476027152
Epoch 16 recon loss: 3394.4871925641
Epoch 17 recon loss: 3300.4460439195
Epoch 18 recon loss: 3311.5625439206
Epoch 19 recon loss: 3079.3667966728
Epoch 20 recon loss: 3231.6656708923
Epoch 21 recon loss: 3169.6248254283
Epoch 22 recon loss: 3262.2549049757
Epoch 23 recon loss: 3183.6342622321
Epoch 24 recon loss: 3252.1248869138
Epoch 25 recon loss: 3095.1656879723
Epoch 26 recon loss: 3274.9700859723
Epoch 27 recon loss: 3191.1222942195
Epoch 28 recon loss: 3265.8678596108
Epoch 29 recon loss: 3322.5262687034
Epoch 30 recon loss: 3160.9986760582
Epoch 31 recon loss: 3265.3067926486
Epoch 32 recon loss: 3149.5679663583
Epoch 33 recon loss: 3074.7425570585
Epoch 34 recon loss: 3262.0672795837
Epoch 35 recon loss: 3252.9536876533
Epoch 36 recon loss: 3003.5925155776
Epoch 37 recon loss: 3202.0702292014
Epoch 38 recon loss: 3128.630604533
Epoch 39 recon loss: 3191.5181942535

Latent space type: <class 'numpy.ndarray'>;
GEX encoded shape: torch.Size([69249, 10]);
ATAC encoded shape: torch.Size([69249, 10]);
Latent space shape: (69249, 20);

0.521400203777519
   celltype_ari  celltype_ami  ...  batch_homogeneity  batch_complete
0        0.1153      0.336901  ...           0.819123        0.873232

[1 rows x 8 columns]
wandb: ERROR Failed to sample metric: process no longer exists (pid=32106)
2022-12-18 14:30:16,404 - wandb.wandb_agent - INFO - Cleaning up finished run: qei5vdds
wandb: Waiting for W&B process to finish... (success).
wandb: - 0.006 MB of 0.026 MB uploaded (0.000 MB deduped)wandb: \ 0.026 MB of 0.026 MB uploaded (0.000 MB deduped)wandb: 
wandb: Run history:
wandb:  recon loss ▇▇▆▆▇▆▇▆█▆▃▆▅▅▅▇▇▅▆▂▄▃▅▄▅▂▅▄▅▆▃▅▃▂▅▅▁▄▃▄
wandb: total_score ▁
wandb: 
wandb: Run summary:
wandb:  recon loss 3191.51819
wandb: total_score 0.5214
wandb: 
wandb: Synced peach-sweep-185: https://wandb.ai/team-single-cell/gex_atac_sweep/runs/qei5vdds
wandb: Synced 6 W&B file(s), 1 media file(s), 1 artifact file(s) and 0 other file(s)
wandb: Find logs at: ./wandb/run-20221218_140715-qei5vdds/logs
2022-12-18 14:30:23,057 - wandb.wandb_agent - INFO - Agent received command: run
2022-12-18 14:30:23,081 - wandb.wandb_agent - INFO - Agent starting run with config:
	atac_dim: 10000
	atac_weight: 24.531650416563124
	epochs: 20
	gex_dim: 1000
	gex_weight: 6.545319130366024
	init: he
	latent_dim: 64
	lr: 0.1
	model: [[1600, 800, 400, 100], [40, 60, 100, 150], [1800, 800, 400, 100], [40, 60, 120, 200]]
	weight_decay: 0.08498584840864315
2022-12-18 14:30:23,310 - wandb.wandb_agent - INFO - About to run command: /usr/bin/env python gex_atac_sweep.py --atac_dim=10000 --atac_weight=24.531650416563124 --epochs=20 --gex_dim=1000 --gex_weight=6.545319130366024 --init=he --latent_dim=64 --lr=0.1 "--model=[[1600, 800, 400, 100], [40, 60, 100, 150], [1800, 800, 400, 100], [40, 60, 120, 200]]" --weight_decay=0.08498584840864315
2022-12-18 14:30:28,482 - wandb.wandb_agent - INFO - Running runs: ['w1s0wvv8']
wandb: Currently logged in as: ange1o5 (team-single-cell). Use `wandb login --relogin` to force relogin
wandb: WARNING Ignored wandb.init() arg project when running a sweep.
wandb: WARNING Ignored wandb.init() arg entity when running a sweep.
wandb: Tracking run with wandb version 0.13.7
wandb: Run data is saved locally in /ssd003/home/angelo/single-cell-proj/repo/team_single_cell/experiments/scripts/wandb/run-20221218_143029-w1s0wvv8
wandb: Run `wandb offline` to turn off syncing.
wandb: Syncing run tough-sweep-513
wandb: ⭐️ View project at https://wandb.ai/team-single-cell/gex_atac_sweep
wandb: 🧹 View sweep at https://wandb.ai/team-single-cell/gex_atac_sweep/sweeps/j1snhit4
wandb: 🚀 View run at https://wandb.ai/team-single-cell/gex_atac_sweep/runs/w1s0wvv8
 UserWarning:/h/angelo/miniconda3/envs/single_cell_env/lib/python3.7/site-packages/scanpy/preprocessing/_highly_variable_genes.py:64: `flavor='seurat_v3'` expects raw count data, but non-integers were found.
Trying to set attribute `._uns` of view, copying.
Trying to set attribute `.var` of view, copying.
slurmstepd: error: *** JOB 8874615 ON gpu098 CANCELLED AT 2022-12-18T14:32:15 ***
