/h/angelo/single-cell-proj/repo/team_single_cell/experiments/jobs
gpu138.cluster.local
Sun Dec 18 14:07:56 EST 2022
wandb: Starting wandb agent 🕵️
2022-12-18 14:08:05,916 - wandb.wandb_agent - INFO - Running runs: []
2022-12-18 14:08:06,109 - wandb.wandb_agent - INFO - Agent received command: run
2022-12-18 14:08:06,109 - wandb.wandb_agent - INFO - Agent starting run with config:
	atac_dim: 7500
	atac_weight: 39.38131986119804
	epochs: 40
	gex_dim: 5000
	gex_weight: 10.986415979450102
	init: he
	latent_dim: 10
	lr: 1e-05
	model: [[1200, 400, 100], [50, 100, 200], [1600, 600, 120], [60, 100, 150]]
	weight_decay: 0.01729469752616065
2022-12-18 14:08:06,116 - wandb.wandb_agent - INFO - About to run command: /usr/bin/env python gex_atac_sweep.py --atac_dim=7500 --atac_weight=39.38131986119804 --epochs=40 --gex_dim=5000 --gex_weight=10.986415979450102 --init=he --latent_dim=10 --lr=1e-05 "--model=[[1200, 400, 100], [50, 100, 200], [1600, 600, 120], [60, 100, 150]]" --weight_decay=0.01729469752616065
2022-12-18 14:08:11,127 - wandb.wandb_agent - INFO - Running runs: ['l91tpiaj']
wandb: Currently logged in as: ange1o5 (team-single-cell). Use `wandb login --relogin` to force relogin
wandb: WARNING Ignored wandb.init() arg project when running a sweep.
wandb: WARNING Ignored wandb.init() arg entity when running a sweep.
wandb: Tracking run with wandb version 0.13.7
wandb: Run data is saved locally in /ssd003/home/angelo/single-cell-proj/repo/team_single_cell/experiments/scripts/wandb/run-20221218_140813-l91tpiaj
wandb: Run `wandb offline` to turn off syncing.
wandb: Syncing run proud-sweep-291
wandb: ⭐️ View project at https://wandb.ai/team-single-cell/gex_atac_sweep
wandb: 🧹 View sweep at https://wandb.ai/team-single-cell/gex_atac_sweep/sweeps/j1snhit4
wandb: 🚀 View run at https://wandb.ai/team-single-cell/gex_atac_sweep/runs/l91tpiaj
 UserWarning:/h/angelo/miniconda3/envs/single_cell_env/lib/python3.7/site-packages/scanpy/preprocessing/_highly_variable_genes.py:64: `flavor='seurat_v3'` expects raw count data, but non-integers were found.
Trying to set attribute `._uns` of view, copying.
Trying to set attribute `.var` of view, copying.
2022-12-18 14:25:13.079494: I tensorflow/core/platform/cpu_feature_guard.cc:193] This TensorFlow binary is optimized with oneAPI Deep Neural Network Library (oneDNN) to use the following CPU instructions in performance-critical operations:  SSE4.1 SSE4.2 AVX AVX2 AVX512F AVX512_VNNI FMA
To enable them in other operations, rebuild TensorFlow with the appropriate compiler flags.
2022-12-18 14:25:13.273791: I tensorflow/core/util/util.cc:169] oneDNN custom operations are on. You may see slightly different numerical results due to floating-point round-off errors from different computation orders. To turn them off, set the environment variable `TF_ENABLE_ONEDNN_OPTS=0`.
 FutureWarning:/h/angelo/miniconda3/envs/single_cell_env/lib/python3.7/site-packages/anndata/_core/anndata.py:1228: The `inplace` parameter in pandas.Categorical.reorder_categories is deprecated and will be removed in a future version. Reordering categories will always return a new Categorical object.
... storing 'feature_types' as categorical
 FutureWarning:/h/angelo/miniconda3/envs/single_cell_env/lib/python3.7/site-packages/anndata/_core/anndata.py:1228: The `inplace` parameter in pandas.Categorical.reorder_categories is deprecated and will be removed in a future version. Reordering categories will always return a new Categorical object.
... storing 'gene_id' as categorical
Reading dataset...
Feature selecting GEX...
Feature selecting ATAC...

New GEX dim: 5000;
New ATAC dim: 7502;
AnnData dataset's shape: (69249, 12502)

Initializing dataset and dataloader...
The order of labels: ['s1d1', 's1d1', 's1d1', 's1d1', 's1d1', ..., 's4d9', 's4d9', 's4d9', 's4d9', 's4d9']
Length: 69249
Categories (13, object): ['s1d1', 's1d2', 's1d3', 's2d1', ..., 's3d10', 's4d1', 's4d8', 's4d9']
The device: cuda;

The model: DeepGexAtacMultiModalAutoencoder(
  (gex_encoder): Sequential(
    (0): Linear(in_features=5000, out_features=1200, bias=True)
    (1): BatchNorm1d(1200, eps=1e-05, momentum=0.1, affine=True, track_running_stats=True)
    (2): ReLU()
    (3): Dropout(p=0.1, inplace=False)
    (4): Linear(in_features=1200, out_features=400, bias=True)
    (5): BatchNorm1d(400, eps=1e-05, momentum=0.1, affine=True, track_running_stats=True)
    (6): ReLU()
    (7): Linear(in_features=400, out_features=100, bias=True)
    (8): BatchNorm1d(100, eps=1e-05, momentum=0.1, affine=True, track_running_stats=True)
    (9): ReLU()
    (10): Dropout(p=0.1, inplace=False)
    (11): Linear(in_features=100, out_features=5, bias=True)
    (12): ReLU()
  )
  (atac_encoder): Sequential(
    (0): Linear(in_features=7502, out_features=1600, bias=True)
    (1): BatchNorm1d(1600, eps=1e-05, momentum=0.1, affine=True, track_running_stats=True)
    (2): ReLU()
    (3): Dropout(p=0.1, inplace=False)
    (4): Linear(in_features=1600, out_features=600, bias=True)
    (5): BatchNorm1d(600, eps=1e-05, momentum=0.1, affine=True, track_running_stats=True)
    (6): ReLU()
    (7): Linear(in_features=600, out_features=120, bias=True)
    (8): BatchNorm1d(120, eps=1e-05, momentum=0.1, affine=True, track_running_stats=True)
    (9): ReLU()
    (10): Dropout(p=0.1, inplace=False)
    (11): Linear(in_features=120, out_features=5, bias=True)
    (12): ReLU()
  )
  (gex_decoder): Sequential(
    (0): Linear(in_features=10, out_features=50, bias=True)
    (1): BatchNorm1d(50, eps=1e-05, momentum=0.1, affine=True, track_running_stats=True)
    (2): ReLU()
    (3): Dropout(p=0.1, inplace=False)
    (4): Linear(in_features=50, out_features=100, bias=True)
    (5): BatchNorm1d(100, eps=1e-05, momentum=0.1, affine=True, track_running_stats=True)
    (6): ReLU()
    (7): Linear(in_features=100, out_features=200, bias=True)
    (8): BatchNorm1d(200, eps=1e-05, momentum=0.1, affine=True, track_running_stats=True)
    (9): ReLU()
    (10): Dropout(p=0.1, inplace=False)
    (11): Linear(in_features=200, out_features=5000, bias=True)
    (12): ReLU()
  )
  (atac_decoder): Sequential(
    (0): Linear(in_features=10, out_features=60, bias=True)
    (1): BatchNorm1d(60, eps=1e-05, momentum=0.1, affine=True, track_running_stats=True)
    (2): ReLU()
    (3): Dropout(p=0.1, inplace=False)
    (4): Linear(in_features=60, out_features=100, bias=True)
    (5): BatchNorm1d(100, eps=1e-05, momentum=0.1, affine=True, track_running_stats=True)
    (6): ReLU()
    (7): Linear(in_features=100, out_features=150, bias=True)
    (8): BatchNorm1d(150, eps=1e-05, momentum=0.1, affine=True, track_running_stats=True)
    (9): ReLU()
    (10): Dropout(p=0.1, inplace=False)
    (11): Linear(in_features=150, out_features=7502, bias=True)
    (12): Sigmoid()
  )
);
The dataset: <datasets.anndatadataset.AnnDataDataset object at 0x7f9c2ebe6790>;
The optimizer: Adam (
Parameter Group 0
    amsgrad: False
    betas: (0.9, 0.999)
    eps: 1e-08
    lr: 1e-05
    weight_decay: 0.01729469752616065
);

Epoch 0 recon loss: 957.672623471
Epoch 1 recon loss: 960.693547377
Epoch 2 recon loss: 941.2302384306
Epoch 3 recon loss: 949.7910445577
Epoch 4 recon loss: 961.7496244952
Epoch 5 recon loss: 947.4958432288
Epoch 6 recon loss: 948.3506396216
Epoch 7 recon loss: 942.9114975661
Epoch 8 recon loss: 956.3026344679
Epoch 9 recon loss: 968.3013784718
Epoch 10 recon loss: 956.2423233714
Epoch 11 recon loss: 940.7220521819
Epoch 12 recon loss: 913.8658027386
Epoch 13 recon loss: 953.9012707351
Epoch 14 recon loss: 955.4182324039
Epoch 15 recon loss: 875.874830033
Epoch 16 recon loss: 946.2626367673
Epoch 17 recon loss: 929.8460911193
Epoch 18 recon loss: 920.4860055268
Epoch 19 recon loss: 920.8162212131
Epoch 20 recon loss: 946.6346771352
Epoch 21 recon loss: 947.0227391923
Epoch 22 recon loss: 922.0258984634
Epoch 23 recon loss: 947.1605914778
Epoch 24 recon loss: 932.6091677795
Epoch 25 recon loss: 907.3375842877
Epoch 26 recon loss: 882.502385295
Epoch 27 recon loss: 920.6598746694
Epoch 28 recon loss: 944.5229451897
Epoch 29 recon loss: 923.4537066908
Epoch 30 recon loss: 939.8737249346
Epoch 31 recon loss: 937.4136413198
Epoch 32 recon loss: 915.1287974846
Epoch 33 recon loss: 928.5321323547
Epoch 34 recon loss: 898.0723300572
Epoch 35 recon loss: 924.5517282574
Epoch 36 recon loss: 925.4940683616
Epoch 37 recon loss: 933.2410987002
Epoch 38 recon loss: 923.1196610755
Epoch 39 recon loss: 908.811957781

Latent space type: <class 'numpy.ndarray'>;
GEX encoded shape: torch.Size([69249, 5]);
ATAC encoded shape: torch.Size([69249, 5]);
Latent space shape: (69249, 10);

0.42733391590194203
   celltype_ari  celltype_ami  ...  batch_homogeneity  batch_complete
0      0.024084      0.100683  ...           0.895449        0.942493

[1 rows x 8 columns]
2022-12-18 14:29:05,418 - wandb.wandb_agent - INFO - Cleaning up finished run: l91tpiaj
wandb: ERROR Failed to sample metric: process no longer exists (pid=31563)
wandb: Waiting for W&B process to finish... (success).
wandb: 
wandb: Run history:
wandb:  recon loss ▇▇▆▇█▆▆▆▇█▇▆▄▇▇▁▆▅▄▄▆▆▄▆▅▃▂▄▆▅▆▆▄▅▃▅▅▅▅▃
wandb: total_score ▁
wandb: 
wandb: Run summary:
wandb:  recon loss 908.81196
wandb: total_score 0.42733
wandb: 
wandb: Synced proud-sweep-291: https://wandb.ai/team-single-cell/gex_atac_sweep/runs/l91tpiaj
wandb: Synced 6 W&B file(s), 1 media file(s), 1 artifact file(s) and 0 other file(s)
wandb: Find logs at: ./wandb/run-20221218_140813-l91tpiaj/logs
2022-12-18 14:29:31,238 - wandb.wandb_agent - INFO - Agent received command: run
2022-12-18 14:29:31,270 - wandb.wandb_agent - INFO - Agent starting run with config:
	atac_dim: 10000
	atac_weight: 27.234085844575073
	epochs: 20
	gex_dim: 2500
	gex_weight: 13.366654527391065
	init: xavier
	latent_dim: 20
	lr: 0.01
	model: [[1200, 400, 100], [50, 100, 200], [1600, 600, 120], [60, 100, 150]]
	weight_decay: 0.09568339143100237
2022-12-18 14:29:31,723 - wandb.wandb_agent - INFO - About to run command: /usr/bin/env python gex_atac_sweep.py --atac_dim=10000 --atac_weight=27.234085844575073 --epochs=20 --gex_dim=2500 --gex_weight=13.366654527391065 --init=xavier --latent_dim=20 --lr=0.01 "--model=[[1200, 400, 100], [50, 100, 200], [1600, 600, 120], [60, 100, 150]]" --weight_decay=0.09568339143100237
2022-12-18 14:29:37,279 - wandb.wandb_agent - INFO - Running runs: ['lqhaybal']
wandb: Currently logged in as: ange1o5 (team-single-cell). Use `wandb login --relogin` to force relogin
wandb: WARNING Ignored wandb.init() arg project when running a sweep.
wandb: WARNING Ignored wandb.init() arg entity when running a sweep.
wandb: Tracking run with wandb version 0.13.7
wandb: Run data is saved locally in /ssd003/home/angelo/single-cell-proj/repo/team_single_cell/experiments/scripts/wandb/run-20221218_142941-lqhaybal
wandb: Run `wandb offline` to turn off syncing.
wandb: Syncing run stellar-sweep-495
wandb: ⭐️ View project at https://wandb.ai/team-single-cell/gex_atac_sweep
wandb: 🧹 View sweep at https://wandb.ai/team-single-cell/gex_atac_sweep/sweeps/j1snhit4
wandb: 🚀 View run at https://wandb.ai/team-single-cell/gex_atac_sweep/runs/lqhaybal
 UserWarning:/h/angelo/miniconda3/envs/single_cell_env/lib/python3.7/site-packages/scanpy/preprocessing/_highly_variable_genes.py:64: `flavor='seurat_v3'` expects raw count data, but non-integers were found.
Trying to set attribute `._uns` of view, copying.
Trying to set attribute `.var` of view, copying.
slurmstepd: error: *** JOB 8874722 ON gpu138 CANCELLED AT 2022-12-18T14:32:15 ***
