/h/angelo/single-cell-proj/repo/team_single_cell/experiments/jobs
gpu079
Sun Dec 18 14:05:29 EST 2022
wandb: Starting wandb agent 🕵️
2022-12-18 14:05:38,363 - wandb.wandb_agent - INFO - Running runs: []
2022-12-18 14:05:38,540 - wandb.wandb_agent - INFO - Agent received command: run
2022-12-18 14:05:38,541 - wandb.wandb_agent - INFO - Agent starting run with config:
	atac_dim: 5000
	atac_weight: 18.909340927645328
	epochs: 20
	gex_dim: 1000
	gex_weight: 28.955218219601583
	init: he
	latent_dim: 128
	lr: 0.001
	model: [[1200, 400, 100], [50, 100, 200], [1600, 600, 120], [60, 100, 150]]
	weight_decay: 0.023537014037300907
2022-12-18 14:05:38,549 - wandb.wandb_agent - INFO - About to run command: /usr/bin/env python gex_atac_sweep.py --atac_dim=5000 --atac_weight=18.909340927645328 --epochs=20 --gex_dim=1000 --gex_weight=28.955218219601583 --init=he --latent_dim=128 --lr=0.001 "--model=[[1200, 400, 100], [50, 100, 200], [1600, 600, 120], [60, 100, 150]]" --weight_decay=0.023537014037300907
2022-12-18 14:05:43,562 - wandb.wandb_agent - INFO - Running runs: ['ewp2befz']
wandb: Currently logged in as: ange1o5 (team-single-cell). Use `wandb login --relogin` to force relogin
wandb: WARNING Ignored wandb.init() arg project when running a sweep.
wandb: WARNING Ignored wandb.init() arg entity when running a sweep.
wandb: Tracking run with wandb version 0.13.7
wandb: Run data is saved locally in /ssd003/home/angelo/single-cell-proj/repo/team_single_cell/experiments/scripts/wandb/run-20221218_140544-ewp2befz
wandb: Run `wandb offline` to turn off syncing.
wandb: Syncing run good-sweep-130
wandb: ⭐️ View project at https://wandb.ai/team-single-cell/gex_atac_sweep
wandb: 🧹 View sweep at https://wandb.ai/team-single-cell/gex_atac_sweep/sweeps/j1snhit4
wandb: 🚀 View run at https://wandb.ai/team-single-cell/gex_atac_sweep/runs/ewp2befz
 UserWarning:/h/angelo/miniconda3/envs/single_cell_env/lib/python3.7/site-packages/scanpy/preprocessing/_highly_variable_genes.py:64: `flavor='seurat_v3'` expects raw count data, but non-integers were found.
Trying to set attribute `._uns` of view, copying.
Trying to set attribute `.var` of view, copying.
2022-12-18 14:15:07.742132: I tensorflow/core/platform/cpu_feature_guard.cc:193] This TensorFlow binary is optimized with oneAPI Deep Neural Network Library (oneDNN) to use the following CPU instructions in performance-critical operations:  SSE4.1 SSE4.2 AVX AVX2 AVX512F FMA
To enable them in other operations, rebuild TensorFlow with the appropriate compiler flags.
 FutureWarning:/h/angelo/miniconda3/envs/single_cell_env/lib/python3.7/site-packages/anndata/_core/anndata.py:1228: The `inplace` parameter in pandas.Categorical.reorder_categories is deprecated and will be removed in a future version. Reordering categories will always return a new Categorical object.
... storing 'feature_types' as categorical
 FutureWarning:/h/angelo/miniconda3/envs/single_cell_env/lib/python3.7/site-packages/anndata/_core/anndata.py:1228: The `inplace` parameter in pandas.Categorical.reorder_categories is deprecated and will be removed in a future version. Reordering categories will always return a new Categorical object.
... storing 'gene_id' as categorical
Reading dataset...
Feature selecting GEX...
Feature selecting ATAC...

New GEX dim: 1000;
New ATAC dim: 5001;
AnnData dataset's shape: (69249, 6001)

Initializing dataset and dataloader...
The order of labels: ['s1d1', 's1d1', 's1d1', 's1d1', 's1d1', ..., 's4d9', 's4d9', 's4d9', 's4d9', 's4d9']
Length: 69249
Categories (13, object): ['s1d1', 's1d2', 's1d3', 's2d1', ..., 's3d10', 's4d1', 's4d8', 's4d9']
The device: cuda;

The model: DeepGexAtacMultiModalAutoencoder(
  (gex_encoder): Sequential(
    (0): Linear(in_features=1000, out_features=1200, bias=True)
    (1): BatchNorm1d(1200, eps=1e-05, momentum=0.1, affine=True, track_running_stats=True)
    (2): ReLU()
    (3): Dropout(p=0.1, inplace=False)
    (4): Linear(in_features=1200, out_features=400, bias=True)
    (5): BatchNorm1d(400, eps=1e-05, momentum=0.1, affine=True, track_running_stats=True)
    (6): ReLU()
    (7): Linear(in_features=400, out_features=100, bias=True)
    (8): BatchNorm1d(100, eps=1e-05, momentum=0.1, affine=True, track_running_stats=True)
    (9): ReLU()
    (10): Dropout(p=0.1, inplace=False)
    (11): Linear(in_features=100, out_features=64, bias=True)
    (12): ReLU()
  )
  (atac_encoder): Sequential(
    (0): Linear(in_features=5001, out_features=1600, bias=True)
    (1): BatchNorm1d(1600, eps=1e-05, momentum=0.1, affine=True, track_running_stats=True)
    (2): ReLU()
    (3): Dropout(p=0.1, inplace=False)
    (4): Linear(in_features=1600, out_features=600, bias=True)
    (5): BatchNorm1d(600, eps=1e-05, momentum=0.1, affine=True, track_running_stats=True)
    (6): ReLU()
    (7): Linear(in_features=600, out_features=120, bias=True)
    (8): BatchNorm1d(120, eps=1e-05, momentum=0.1, affine=True, track_running_stats=True)
    (9): ReLU()
    (10): Dropout(p=0.1, inplace=False)
    (11): Linear(in_features=120, out_features=64, bias=True)
    (12): ReLU()
  )
  (gex_decoder): Sequential(
    (0): Linear(in_features=128, out_features=50, bias=True)
    (1): BatchNorm1d(50, eps=1e-05, momentum=0.1, affine=True, track_running_stats=True)
    (2): ReLU()
    (3): Dropout(p=0.1, inplace=False)
    (4): Linear(in_features=50, out_features=100, bias=True)
    (5): BatchNorm1d(100, eps=1e-05, momentum=0.1, affine=True, track_running_stats=True)
    (6): ReLU()
    (7): Linear(in_features=100, out_features=200, bias=True)
    (8): BatchNorm1d(200, eps=1e-05, momentum=0.1, affine=True, track_running_stats=True)
    (9): ReLU()
    (10): Dropout(p=0.1, inplace=False)
    (11): Linear(in_features=200, out_features=1000, bias=True)
    (12): ReLU()
  )
  (atac_decoder): Sequential(
    (0): Linear(in_features=128, out_features=60, bias=True)
    (1): BatchNorm1d(60, eps=1e-05, momentum=0.1, affine=True, track_running_stats=True)
    (2): ReLU()
    (3): Dropout(p=0.1, inplace=False)
    (4): Linear(in_features=60, out_features=100, bias=True)
    (5): BatchNorm1d(100, eps=1e-05, momentum=0.1, affine=True, track_running_stats=True)
    (6): ReLU()
    (7): Linear(in_features=100, out_features=150, bias=True)
    (8): BatchNorm1d(150, eps=1e-05, momentum=0.1, affine=True, track_running_stats=True)
    (9): ReLU()
    (10): Dropout(p=0.1, inplace=False)
    (11): Linear(in_features=150, out_features=5001, bias=True)
    (12): Sigmoid()
  )
);
The dataset: <datasets.anndatadataset.AnnDataDataset object at 0x7febdb68a810>;
The optimizer: Adam (
Parameter Group 0
    amsgrad: False
    betas: (0.9, 0.999)
    eps: 1e-08
    lr: 0.001
    weight_decay: 0.023537014037300907
);

Epoch 0 recon loss: 11300.7949779127
Epoch 1 recon loss: 11212.7473951122
Epoch 2 recon loss: 11336.8222717373
Epoch 3 recon loss: 10622.7004716112
Epoch 4 recon loss: 10798.9200103121
Epoch 5 recon loss: 10419.0695852242
Epoch 6 recon loss: 9769.1657966924
Epoch 7 recon loss: 9751.4245366059
Epoch 8 recon loss: 9392.3203958974
Epoch 9 recon loss: 9312.9356915437
Epoch 10 recon loss: 8870.7293719033
Epoch 11 recon loss: 8253.4648930088
Epoch 12 recon loss: 7998.5100554587
Epoch 13 recon loss: 7839.5335462095
Epoch 14 recon loss: 7481.8634647812
Epoch 15 recon loss: 7197.7440502477
Epoch 16 recon loss: 6961.2548189947
Epoch 17 recon loss: 6378.9200696568
Epoch 18 recon loss: 6316.746079387
Epoch 19 recon loss: 6031.9267458159

Latent space type: <class 'numpy.ndarray'>;
GEX encoded shape: torch.Size([69249, 64]);
ATAC encoded shape: torch.Size([69249, 64]);
Latent space shape: (69249, 128);

0.5419615478257288
   celltype_ari  celltype_ami  ...  batch_homogeneity  batch_complete
0      0.131232      0.351388  ...           0.855689        0.902051

[1 rows x 8 columns]
2022-12-18 14:17:54,303 - wandb.wandb_agent - INFO - Cleaning up finished run: ewp2befz
wandb: Waiting for W&B process to finish... (success).
wandb: - 0.006 MB of 0.006 MB uploaded (0.000 MB deduped)wandb: \ 0.006 MB of 0.025 MB uploaded (0.000 MB deduped)wandb: | 0.025 MB of 0.025 MB uploaded (0.000 MB deduped)wandb: 
wandb: Run history:
wandb:  recon loss ███▇▇▇▆▆▅▅▅▄▄▃▃▃▂▁▁▁
wandb: total_score ▁
wandb: 
wandb: Run summary:
wandb:  recon loss 6031.92675
wandb: total_score 0.54196
wandb: 
wandb: Synced good-sweep-130: https://wandb.ai/team-single-cell/gex_atac_sweep/runs/ewp2befz
wandb: Synced 6 W&B file(s), 1 media file(s), 1 artifact file(s) and 0 other file(s)
wandb: Find logs at: ./wandb/run-20221218_140544-ewp2befz/logs
2022-12-18 14:17:59,318 - wandb.wandb_agent - INFO - Agent received command: run
2022-12-18 14:17:59,319 - wandb.wandb_agent - INFO - Agent starting run with config:
	atac_dim: 5000
	atac_weight: 31.83879000174888
	epochs: 80
	gex_dim: 1000
	gex_weight: 51.63545385343815
	init: he
	latent_dim: 10
	lr: 0.001
	model: [[1000, 200], [50, 100], [2000, 400], [100, 300]]
	weight_decay: 0.023932673609437377
2022-12-18 14:17:59,349 - wandb.wandb_agent - INFO - About to run command: /usr/bin/env python gex_atac_sweep.py --atac_dim=5000 --atac_weight=31.83879000174888 --epochs=80 --gex_dim=1000 --gex_weight=51.63545385343815 --init=he --latent_dim=10 --lr=0.001 "--model=[[1000, 200], [50, 100], [2000, 400], [100, 300]]" --weight_decay=0.023932673609437377
2022-12-18 14:18:04,382 - wandb.wandb_agent - INFO - Running runs: ['jkrgffco']
wandb: Currently logged in as: ange1o5 (team-single-cell). Use `wandb login --relogin` to force relogin
wandb: WARNING Ignored wandb.init() arg project when running a sweep.
wandb: WARNING Ignored wandb.init() arg entity when running a sweep.
wandb: Tracking run with wandb version 0.13.7
wandb: Run data is saved locally in /ssd003/home/angelo/single-cell-proj/repo/team_single_cell/experiments/scripts/wandb/run-20221218_141805-jkrgffco
wandb: Run `wandb offline` to turn off syncing.
wandb: Syncing run fearless-sweep-344
wandb: ⭐️ View project at https://wandb.ai/team-single-cell/gex_atac_sweep
wandb: 🧹 View sweep at https://wandb.ai/team-single-cell/gex_atac_sweep/sweeps/j1snhit4
wandb: 🚀 View run at https://wandb.ai/team-single-cell/gex_atac_sweep/runs/jkrgffco
 UserWarning:/h/angelo/miniconda3/envs/single_cell_env/lib/python3.7/site-packages/scanpy/preprocessing/_highly_variable_genes.py:64: `flavor='seurat_v3'` expects raw count data, but non-integers were found.
Trying to set attribute `._uns` of view, copying.
Trying to set attribute `.var` of view, copying.
slurmstepd: error: *** JOB 8874560 ON gpu079 CANCELLED AT 2022-12-18T14:32:15 ***
