/h/angelo/single-cell-proj/repo/team_single_cell/experiments/jobs
gpu072
Sun Dec 18 14:05:06 EST 2022
wandb: Starting wandb agent 🕵️
2022-12-18 14:05:16,567 - wandb.wandb_agent - INFO - Running runs: []
2022-12-18 14:05:16,789 - wandb.wandb_agent - INFO - Agent received command: run
2022-12-18 14:05:16,790 - wandb.wandb_agent - INFO - Agent starting run with config:
	atac_dim: 7500
	atac_weight: 61.137525856781515
	epochs: 80
	gex_dim: 1000
	gex_weight: 31.363065484832926
	init: xavier
	latent_dim: 64
	lr: 0.1
	model: [[1000, 200], [50, 100], [2000, 400], [100, 300]]
	weight_decay: 0.052365899559703666
2022-12-18 14:05:16,799 - wandb.wandb_agent - INFO - About to run command: /usr/bin/env python gex_atac_sweep.py --atac_dim=7500 --atac_weight=61.137525856781515 --epochs=80 --gex_dim=1000 --gex_weight=31.363065484832926 --init=xavier --latent_dim=64 --lr=0.1 "--model=[[1000, 200], [50, 100], [2000, 400], [100, 300]]" --weight_decay=0.052365899559703666
2022-12-18 14:05:21,815 - wandb.wandb_agent - INFO - Running runs: ['j8j9gqbt']
wandb: Currently logged in as: ange1o5 (team-single-cell). Use `wandb login --relogin` to force relogin
wandb: WARNING Ignored wandb.init() arg project when running a sweep.
wandb: WARNING Ignored wandb.init() arg entity when running a sweep.
wandb: Tracking run with wandb version 0.13.7
wandb: Run data is saved locally in /ssd003/home/angelo/single-cell-proj/repo/team_single_cell/experiments/scripts/wandb/run-20221218_140524-j8j9gqbt
wandb: Run `wandb offline` to turn off syncing.
wandb: Syncing run likely-sweep-100
wandb: ⭐️ View project at https://wandb.ai/team-single-cell/gex_atac_sweep
wandb: 🧹 View sweep at https://wandb.ai/team-single-cell/gex_atac_sweep/sweeps/j1snhit4
wandb: 🚀 View run at https://wandb.ai/team-single-cell/gex_atac_sweep/runs/j8j9gqbt
 UserWarning:/h/angelo/miniconda3/envs/single_cell_env/lib/python3.7/site-packages/scanpy/preprocessing/_highly_variable_genes.py:64: `flavor='seurat_v3'` expects raw count data, but non-integers were found.
Trying to set attribute `._uns` of view, copying.
Trying to set attribute `.var` of view, copying.
slurmstepd: error: *** JOB 8874529 ON gpu072 CANCELLED AT 2022-12-18T14:32:15 ***
