/h/angelo/single-cell-proj/repo/team_single_cell/experiments/jobs
gpu107
Sun Dec 18 14:05:17 EST 2022
wandb: Starting wandb agent 🕵️
2022-12-18 14:05:28,245 - wandb.wandb_agent - INFO - Running runs: []
2022-12-18 14:05:28,417 - wandb.wandb_agent - INFO - Agent received command: run
2022-12-18 14:05:28,417 - wandb.wandb_agent - INFO - Agent starting run with config:
	atac_dim: 10000
	atac_weight: 23.168370614298816
	epochs: 80
	gex_dim: 1000
	gex_weight: 19.21357428602103
	init: he
	latent_dim: 10
	lr: 0.001
	model: [[1600, 800, 400, 100], [40, 60, 100, 150], [1800, 800, 400, 100], [40, 60, 120, 200]]
	weight_decay: 0.07638874446662777
2022-12-18 14:05:28,430 - wandb.wandb_agent - INFO - About to run command: /usr/bin/env python gex_atac_sweep.py --atac_dim=10000 --atac_weight=23.168370614298816 --epochs=80 --gex_dim=1000 --gex_weight=19.21357428602103 --init=he --latent_dim=10 --lr=0.001 "--model=[[1600, 800, 400, 100], [40, 60, 100, 150], [1800, 800, 400, 100], [40, 60, 120, 200]]" --weight_decay=0.07638874446662777
2022-12-18 14:05:33,464 - wandb.wandb_agent - INFO - Running runs: ['fezbwghh']
wandb: Currently logged in as: ange1o5 (team-single-cell). Use `wandb login --relogin` to force relogin
wandb: WARNING Ignored wandb.init() arg project when running a sweep.
wandb: WARNING Ignored wandb.init() arg entity when running a sweep.
wandb: Tracking run with wandb version 0.13.7
wandb: Run data is saved locally in /ssd003/home/angelo/single-cell-proj/repo/team_single_cell/experiments/scripts/wandb/run-20221218_140536-fezbwghh
wandb: Run `wandb offline` to turn off syncing.
wandb: Syncing run curious-sweep-113
wandb: ⭐️ View project at https://wandb.ai/team-single-cell/gex_atac_sweep
wandb: 🧹 View sweep at https://wandb.ai/team-single-cell/gex_atac_sweep/sweeps/j1snhit4
wandb: 🚀 View run at https://wandb.ai/team-single-cell/gex_atac_sweep/runs/fezbwghh
 UserWarning:/h/angelo/miniconda3/envs/single_cell_env/lib/python3.7/site-packages/scanpy/preprocessing/_highly_variable_genes.py:64: `flavor='seurat_v3'` expects raw count data, but non-integers were found.
Trying to set attribute `._uns` of view, copying.
Trying to set attribute `.var` of view, copying.
slurmstepd: error: *** JOB 8874544 ON gpu107 CANCELLED AT 2022-12-18T14:32:15 ***
