/h/angelo/single-cell-proj/repo/team_single_cell/experiments/jobs
gpu164.cluster.local
Sun Dec 18 14:07:16 EST 2022
wandb: Starting wandb agent 🕵️
2022-12-18 14:07:26,346 - wandb.wandb_agent - INFO - Running runs: []
2022-12-18 14:07:26,586 - wandb.wandb_agent - INFO - Agent received command: run
2022-12-18 14:07:26,586 - wandb.wandb_agent - INFO - Agent starting run with config:
	atac_dim: 10000
	atac_weight: 68.15994059549583
	epochs: 60
	gex_dim: 5000
	gex_weight: 78.14339550899292
	init: he
	latent_dim: 20
	lr: 0.0001
	model: [[1200, 400, 100], [50, 100, 200], [1600, 600, 120], [60, 100, 150]]
	weight_decay: 0.01717526908260759
2022-12-18 14:07:26,593 - wandb.wandb_agent - INFO - About to run command: /usr/bin/env python gex_atac_sweep.py --atac_dim=10000 --atac_weight=68.15994059549583 --epochs=60 --gex_dim=5000 --gex_weight=78.14339550899292 --init=he --latent_dim=20 --lr=0.0001 "--model=[[1200, 400, 100], [50, 100, 200], [1600, 600, 120], [60, 100, 150]]" --weight_decay=0.01717526908260759
2022-12-18 14:07:31,607 - wandb.wandb_agent - INFO - Running runs: ['l5k9f01h']
wandb: Currently logged in as: ange1o5 (team-single-cell). Use `wandb login --relogin` to force relogin
wandb: WARNING Ignored wandb.init() arg project when running a sweep.
wandb: WARNING Ignored wandb.init() arg entity when running a sweep.
wandb: Tracking run with wandb version 0.13.7
wandb: Run data is saved locally in /ssd003/home/angelo/single-cell-proj/repo/team_single_cell/experiments/scripts/wandb/run-20221218_140733-l5k9f01h
wandb: Run `wandb offline` to turn off syncing.
wandb: Syncing run peach-sweep-212
wandb: ⭐️ View project at https://wandb.ai/team-single-cell/gex_atac_sweep
wandb: 🧹 View sweep at https://wandb.ai/team-single-cell/gex_atac_sweep/sweeps/j1snhit4
wandb: 🚀 View run at https://wandb.ai/team-single-cell/gex_atac_sweep/runs/l5k9f01h
 UserWarning:/h/angelo/miniconda3/envs/single_cell_env/lib/python3.7/site-packages/scanpy/preprocessing/_highly_variable_genes.py:64: `flavor='seurat_v3'` expects raw count data, but non-integers were found.
Trying to set attribute `._uns` of view, copying.
Trying to set attribute `.var` of view, copying.
slurmstepd: error: *** JOB 8874641 ON gpu164 CANCELLED AT 2022-12-18T14:32:15 ***
