/h/angelo/single-cell-proj/repo/team_single_cell/experiments/jobs
gpu092
Sun Dec 18 14:07:45 EST 2022
wandb: Starting wandb agent 🕵️
2022-12-18 14:07:55,393 - wandb.wandb_agent - INFO - Running runs: []
2022-12-18 14:07:55,738 - wandb.wandb_agent - INFO - Agent received command: run
2022-12-18 14:07:55,738 - wandb.wandb_agent - INFO - Agent starting run with config:
	atac_dim: 7500
	atac_weight: 13.788211610472723
	epochs: 20
	gex_dim: 1000
	gex_weight: 58.22964296879602
	init: xavier
	latent_dim: 20
	lr: 0.01
	model: [[1000, 800, 600, 400, 200], [10, 30, 50, 100, 160], [1200, 900, 600, 400, 150], [15, 40, 60, 100, 180]]
	weight_decay: 0.059400718231029985
2022-12-18 14:07:55,747 - wandb.wandb_agent - INFO - About to run command: /usr/bin/env python gex_atac_sweep.py --atac_dim=7500 --atac_weight=13.788211610472723 --epochs=20 --gex_dim=1000 --gex_weight=58.22964296879602 --init=xavier --latent_dim=20 --lr=0.01 "--model=[[1000, 800, 600, 400, 200], [10, 30, 50, 100, 160], [1200, 900, 600, 400, 150], [15, 40, 60, 100, 180]]" --weight_decay=0.059400718231029985
2022-12-18 14:08:00,769 - wandb.wandb_agent - INFO - Running runs: ['8p55450c']
wandb: Currently logged in as: ange1o5 (team-single-cell). Use `wandb login --relogin` to force relogin
wandb: WARNING Ignored wandb.init() arg project when running a sweep.
wandb: WARNING Ignored wandb.init() arg entity when running a sweep.
wandb: Tracking run with wandb version 0.13.7
wandb: Run data is saved locally in /ssd003/home/angelo/single-cell-proj/repo/team_single_cell/experiments/scripts/wandb/run-20221218_140803-8p55450c
wandb: Run `wandb offline` to turn off syncing.
wandb: Syncing run royal-sweep-272
wandb: ⭐️ View project at https://wandb.ai/team-single-cell/gex_atac_sweep
wandb: 🧹 View sweep at https://wandb.ai/team-single-cell/gex_atac_sweep/sweeps/j1snhit4
wandb: 🚀 View run at https://wandb.ai/team-single-cell/gex_atac_sweep/runs/8p55450c
 UserWarning:/h/angelo/miniconda3/envs/single_cell_env/lib/python3.7/site-packages/scanpy/preprocessing/_highly_variable_genes.py:64: `flavor='seurat_v3'` expects raw count data, but non-integers were found.
Trying to set attribute `._uns` of view, copying.
Trying to set attribute `.var` of view, copying.
2022-12-18 14:19:44.753310: I tensorflow/core/platform/cpu_feature_guard.cc:193] This TensorFlow binary is optimized with oneAPI Deep Neural Network Library (oneDNN) to use the following CPU instructions in performance-critical operations:  SSE4.1 SSE4.2 AVX AVX2 AVX512F FMA
To enable them in other operations, rebuild TensorFlow with the appropriate compiler flags.
slurmstepd: error: *** JOB 8874701 ON gpu092 CANCELLED AT 2022-12-18T14:32:15 ***
