/h/angelo/single-cell-proj/repo/team_single_cell/experiments/jobs
gpu151.cluster.local
Sun Dec 18 14:07:26 EST 2022
wandb: Starting wandb agent 🕵️
2022-12-18 14:07:36,517 - wandb.wandb_agent - INFO - Running runs: []
2022-12-18 14:07:36,761 - wandb.wandb_agent - INFO - Agent received command: run
2022-12-18 14:07:36,762 - wandb.wandb_agent - INFO - Agent starting run with config:
	atac_dim: 10000
	atac_weight: 47.46889623981521
	epochs: 40
	gex_dim: 1000
	gex_weight: 8.617596627850482
	init: xavier
	latent_dim: 64
	lr: 0.001
	model: [[1000, 800, 600, 400, 200], [10, 30, 50, 100, 160], [1200, 900, 600, 400, 150], [15, 40, 60, 100, 180]]
	weight_decay: 0.04626151995019269
2022-12-18 14:07:36,770 - wandb.wandb_agent - INFO - About to run command: /usr/bin/env python gex_atac_sweep.py --atac_dim=10000 --atac_weight=47.46889623981521 --epochs=40 --gex_dim=1000 --gex_weight=8.617596627850482 --init=xavier --latent_dim=64 --lr=0.001 "--model=[[1000, 800, 600, 400, 200], [10, 30, 50, 100, 160], [1200, 900, 600, 400, 150], [15, 40, 60, 100, 180]]" --weight_decay=0.04626151995019269
2022-12-18 14:07:41,782 - wandb.wandb_agent - INFO - Running runs: ['ja0spr3v']
wandb: Currently logged in as: ange1o5 (team-single-cell). Use `wandb login --relogin` to force relogin
wandb: WARNING Ignored wandb.init() arg project when running a sweep.
wandb: WARNING Ignored wandb.init() arg entity when running a sweep.
wandb: Tracking run with wandb version 0.13.7
wandb: Run data is saved locally in /ssd003/home/angelo/single-cell-proj/repo/team_single_cell/experiments/scripts/wandb/run-20221218_140744-ja0spr3v
wandb: Run `wandb offline` to turn off syncing.
wandb: Syncing run breezy-sweep-228
wandb: ⭐️ View project at https://wandb.ai/team-single-cell/gex_atac_sweep
wandb: 🧹 View sweep at https://wandb.ai/team-single-cell/gex_atac_sweep/sweeps/j1snhit4
wandb: 🚀 View run at https://wandb.ai/team-single-cell/gex_atac_sweep/runs/ja0spr3v
 UserWarning:/h/angelo/miniconda3/envs/single_cell_env/lib/python3.7/site-packages/scanpy/preprocessing/_highly_variable_genes.py:64: `flavor='seurat_v3'` expects raw count data, but non-integers were found.
Trying to set attribute `._uns` of view, copying.
Trying to set attribute `.var` of view, copying.
slurmstepd: error: *** JOB 8874658 ON gpu151 CANCELLED AT 2022-12-18T14:32:15 ***
