/h/angelo/single-cell-proj/repo/team_single_cell/experiments/jobs
gpu152.cluster.local
Sun Dec 18 14:07:32 EST 2022
wandb: Starting wandb agent 🕵️
2022-12-18 14:07:43,094 - wandb.wandb_agent - INFO - Running runs: []
2022-12-18 14:07:43,335 - wandb.wandb_agent - INFO - Agent received command: run
2022-12-18 14:07:43,335 - wandb.wandb_agent - INFO - Agent starting run with config:
	atac_dim: 5000
	atac_weight: 40.97286341107007
	epochs: 20
	gex_dim: 1000
	gex_weight: 62.78463231529425
	init: he
	latent_dim: 20
	lr: 0.0001
	model: [[1000, 200], [50, 100], [2000, 400], [100, 300]]
	weight_decay: 0.062833907904759
2022-12-18 14:07:43,343 - wandb.wandb_agent - INFO - About to run command: /usr/bin/env python gex_atac_sweep.py --atac_dim=5000 --atac_weight=40.97286341107007 --epochs=20 --gex_dim=1000 --gex_weight=62.78463231529425 --init=he --latent_dim=20 --lr=0.0001 "--model=[[1000, 200], [50, 100], [2000, 400], [100, 300]]" --weight_decay=0.062833907904759
2022-12-18 14:07:48,357 - wandb.wandb_agent - INFO - Running runs: ['0421i7z5']
wandb: Currently logged in as: ange1o5 (team-single-cell). Use `wandb login --relogin` to force relogin
wandb: WARNING Ignored wandb.init() arg project when running a sweep.
wandb: WARNING Ignored wandb.init() arg entity when running a sweep.
wandb: Tracking run with wandb version 0.13.7
wandb: Run data is saved locally in /ssd003/home/angelo/single-cell-proj/repo/team_single_cell/experiments/scripts/wandb/run-20221218_140751-0421i7z5
wandb: Run `wandb offline` to turn off syncing.
wandb: Syncing run stellar-sweep-240
wandb: ⭐️ View project at https://wandb.ai/team-single-cell/gex_atac_sweep
wandb: 🧹 View sweep at https://wandb.ai/team-single-cell/gex_atac_sweep/sweeps/j1snhit4
wandb: 🚀 View run at https://wandb.ai/team-single-cell/gex_atac_sweep/runs/0421i7z5
 UserWarning:/h/angelo/miniconda3/envs/single_cell_env/lib/python3.7/site-packages/scanpy/preprocessing/_highly_variable_genes.py:64: `flavor='seurat_v3'` expects raw count data, but non-integers were found.
Trying to set attribute `._uns` of view, copying.
Trying to set attribute `.var` of view, copying.
2022-12-18 14:14:38.205841: I tensorflow/core/platform/cpu_feature_guard.cc:193] This TensorFlow binary is optimized with oneAPI Deep Neural Network Library (oneDNN) to use the following CPU instructions in performance-critical operations:  SSE4.1 SSE4.2 AVX AVX2 AVX512F AVX512_VNNI FMA
To enable them in other operations, rebuild TensorFlow with the appropriate compiler flags.
2022-12-18 14:14:38.318366: I tensorflow/core/util/util.cc:169] oneDNN custom operations are on. You may see slightly different numerical results due to floating-point round-off errors from different computation orders. To turn them off, set the environment variable `TF_ENABLE_ONEDNN_OPTS=0`.
 FutureWarning:/h/angelo/miniconda3/envs/single_cell_env/lib/python3.7/site-packages/anndata/_core/anndata.py:1228: The `inplace` parameter in pandas.Categorical.reorder_categories is deprecated and will be removed in a future version. Reordering categories will always return a new Categorical object.
... storing 'feature_types' as categorical
 FutureWarning:/h/angelo/miniconda3/envs/single_cell_env/lib/python3.7/site-packages/anndata/_core/anndata.py:1228: The `inplace` parameter in pandas.Categorical.reorder_categories is deprecated and will be removed in a future version. Reordering categories will always return a new Categorical object.
... storing 'gene_id' as categorical
Reading dataset...
Feature selecting GEX...
Feature selecting ATAC...

New GEX dim: 1000;
New ATAC dim: 5001;
AnnData dataset's shape: (69249, 6001)

Initializing dataset and dataloader...
The order of labels: ['s1d1', 's1d1', 's1d1', 's1d1', 's1d1', ..., 's4d9', 's4d9', 's4d9', 's4d9', 's4d9']
Length: 69249
Categories (13, object): ['s1d1', 's1d2', 's1d3', 's2d1', ..., 's3d10', 's4d1', 's4d8', 's4d9']
The device: cuda;

The model: DeepGexAtacMultiModalAutoencoder(
  (gex_encoder): Sequential(
    (0): Linear(in_features=1000, out_features=1000, bias=True)
    (1): BatchNorm1d(1000, eps=1e-05, momentum=0.1, affine=True, track_running_stats=True)
    (2): ReLU()
    (3): Dropout(p=0.1, inplace=False)
    (4): Linear(in_features=1000, out_features=200, bias=True)
    (5): BatchNorm1d(200, eps=1e-05, momentum=0.1, affine=True, track_running_stats=True)
    (6): ReLU()
    (7): Linear(in_features=200, out_features=10, bias=True)
    (8): ReLU()
  )
  (atac_encoder): Sequential(
    (0): Linear(in_features=5001, out_features=2000, bias=True)
    (1): BatchNorm1d(2000, eps=1e-05, momentum=0.1, affine=True, track_running_stats=True)
    (2): ReLU()
    (3): Dropout(p=0.1, inplace=False)
    (4): Linear(in_features=2000, out_features=400, bias=True)
    (5): BatchNorm1d(400, eps=1e-05, momentum=0.1, affine=True, track_running_stats=True)
    (6): ReLU()
    (7): Linear(in_features=400, out_features=10, bias=True)
    (8): ReLU()
  )
  (gex_decoder): Sequential(
    (0): Linear(in_features=20, out_features=50, bias=True)
    (1): BatchNorm1d(50, eps=1e-05, momentum=0.1, affine=True, track_running_stats=True)
    (2): ReLU()
    (3): Dropout(p=0.1, inplace=False)
    (4): Linear(in_features=50, out_features=100, bias=True)
    (5): BatchNorm1d(100, eps=1e-05, momentum=0.1, affine=True, track_running_stats=True)
    (6): ReLU()
    (7): Linear(in_features=100, out_features=1000, bias=True)
    (8): ReLU()
  )
  (atac_decoder): Sequential(
    (0): Linear(in_features=20, out_features=100, bias=True)
    (1): BatchNorm1d(100, eps=1e-05, momentum=0.1, affine=True, track_running_stats=True)
    (2): ReLU()
    (3): Dropout(p=0.1, inplace=False)
    (4): Linear(in_features=100, out_features=300, bias=True)
    (5): BatchNorm1d(300, eps=1e-05, momentum=0.1, affine=True, track_running_stats=True)
    (6): ReLU()
    (7): Linear(in_features=300, out_features=5001, bias=True)
    (8): Sigmoid()
  )
);
The dataset: <datasets.anndatadataset.AnnDataDataset object at 0x7f06d759ff50>;
The optimizer: Adam (
Parameter Group 0
    amsgrad: False
    betas: (0.9, 0.999)
    eps: 1e-08
    lr: 0.0001
    weight_decay: 0.062833907904759
);

Epoch 0 recon loss: 25853.7363104346
Epoch 1 recon loss: 26189.2028888172
Epoch 2 recon loss: 25123.2624137738
Epoch 3 recon loss: 25571.0615901286
Epoch 4 recon loss: 25949.4123979376
Epoch 5 recon loss: 26159.1966043788
Epoch 6 recon loss: 25821.1225481589
Epoch 7 recon loss: 24897.9676807219
Epoch 8 recon loss: 24965.3243992434
Epoch 9 recon loss: 24388.8127996699
Epoch 10 recon loss: 24879.9737327343
Epoch 11 recon loss: 25615.7636181207
Epoch 12 recon loss: 25491.1880018709
Epoch 13 recon loss: 24927.8880924978
Epoch 14 recon loss: 24744.9589912003
Epoch 15 recon loss: 25483.2330055636
Epoch 16 recon loss: 25803.6477937768
Epoch 17 recon loss: 25468.4327706835
Epoch 18 recon loss: 25923.8708173783
Epoch 19 recon loss: 24827.5096739922

Latent space type: <class 'numpy.ndarray'>;
GEX encoded shape: torch.Size([69249, 10]);
ATAC encoded shape: torch.Size([69249, 10]);
Latent space shape: (69249, 20);

0.4449280538865663
   celltype_ari  celltype_ami  ...  batch_homogeneity  batch_complete
0      0.036288      0.142588  ...           0.911159        0.930804

[1 rows x 8 columns]
wandb: ERROR Failed to sample metric: process no longer exists (pid=37271)
2022-12-18 14:17:16,149 - wandb.wandb_agent - INFO - Cleaning up finished run: 0421i7z5
wandb: Waiting for W&B process to finish... (success).
wandb: 
wandb: Run history:
wandb:  recon loss ▇█▄▆▇█▇▃▃▁▃▆▅▃▂▅▇▅▇▃
wandb: total_score ▁
wandb: 
wandb: Run summary:
wandb:  recon loss 24827.50967
wandb: total_score 0.44493
wandb: 
wandb: Synced stellar-sweep-240: https://wandb.ai/team-single-cell/gex_atac_sweep/runs/0421i7z5
wandb: Synced 6 W&B file(s), 1 media file(s), 1 artifact file(s) and 0 other file(s)
wandb: Find logs at: ./wandb/run-20221218_140751-0421i7z5/logs
2022-12-18 14:17:21,766 - wandb.wandb_agent - INFO - Agent received command: run
2022-12-18 14:17:21,768 - wandb.wandb_agent - INFO - Agent starting run with config:
	atac_dim: 7500
	atac_weight: 42.74557227380724
	epochs: 60
	gex_dim: 1000
	gex_weight: 81.43569562166874
	init: he
	latent_dim: 20
	lr: 0.001
	model: [[1000, 200], [50, 100], [2000, 400], [100, 300]]
	weight_decay: 0.023558305876615372
2022-12-18 14:17:21,926 - wandb.wandb_agent - INFO - About to run command: /usr/bin/env python gex_atac_sweep.py --atac_dim=7500 --atac_weight=42.74557227380724 --epochs=60 --gex_dim=1000 --gex_weight=81.43569562166874 --init=he --latent_dim=20 --lr=0.001 "--model=[[1000, 200], [50, 100], [2000, 400], [100, 300]]" --weight_decay=0.023558305876615372
2022-12-18 14:17:27,010 - wandb.wandb_agent - INFO - Running runs: ['e7s68mzn']
wandb: Currently logged in as: ange1o5 (team-single-cell). Use `wandb login --relogin` to force relogin
wandb: WARNING Ignored wandb.init() arg project when running a sweep.
wandb: WARNING Ignored wandb.init() arg entity when running a sweep.
wandb: Tracking run with wandb version 0.13.7
wandb: Run data is saved locally in /ssd003/home/angelo/single-cell-proj/repo/team_single_cell/experiments/scripts/wandb/run-20221218_141728-e7s68mzn
wandb: Run `wandb offline` to turn off syncing.
wandb: Syncing run proud-sweep-335
wandb: ⭐️ View project at https://wandb.ai/team-single-cell/gex_atac_sweep
wandb: 🧹 View sweep at https://wandb.ai/team-single-cell/gex_atac_sweep/sweeps/j1snhit4
wandb: 🚀 View run at https://wandb.ai/team-single-cell/gex_atac_sweep/runs/e7s68mzn
 UserWarning:/h/angelo/miniconda3/envs/single_cell_env/lib/python3.7/site-packages/scanpy/preprocessing/_highly_variable_genes.py:64: `flavor='seurat_v3'` expects raw count data, but non-integers were found.
Trying to set attribute `._uns` of view, copying.
Trying to set attribute `.var` of view, copying.
slurmstepd: error: *** JOB 8874672 ON gpu152 CANCELLED AT 2022-12-18T14:32:15 ***
