/h/angelo/single-cell-proj/repo/team_single_cell/experiments/jobs
gpu115
Sun Dec 18 14:07:04 EST 2022
wandb: Starting wandb agent 🕵️
2022-12-18 14:07:14,561 - wandb.wandb_agent - INFO - Running runs: []
2022-12-18 14:07:14,762 - wandb.wandb_agent - INFO - Agent received command: run
2022-12-18 14:07:14,762 - wandb.wandb_agent - INFO - Agent starting run with config:
	atac_dim: 5000
	atac_weight: 77.29996215988935
	epochs: 40
	gex_dim: 5000
	gex_weight: 37.965596107826975
	init: xavier
	latent_dim: 10
	lr: 1e-05
	model: [[1000, 800, 600, 400, 200], [10, 30, 50, 100, 160], [1200, 900, 600, 400, 150], [15, 40, 60, 100, 180]]
	weight_decay: 0.00762184242214512
2022-12-18 14:07:14,772 - wandb.wandb_agent - INFO - About to run command: /usr/bin/env python gex_atac_sweep.py --atac_dim=5000 --atac_weight=77.29996215988935 --epochs=40 --gex_dim=5000 --gex_weight=37.965596107826975 --init=xavier --latent_dim=10 --lr=1e-05 "--model=[[1000, 800, 600, 400, 200], [10, 30, 50, 100, 160], [1200, 900, 600, 400, 150], [15, 40, 60, 100, 180]]" --weight_decay=0.00762184242214512
2022-12-18 14:07:19,787 - wandb.wandb_agent - INFO - Running runs: ['isj1xjfq']
wandb: Currently logged in as: ange1o5 (team-single-cell). Use `wandb login --relogin` to force relogin
wandb: WARNING Ignored wandb.init() arg project when running a sweep.
wandb: WARNING Ignored wandb.init() arg entity when running a sweep.
wandb: Tracking run with wandb version 0.13.7
wandb: Run data is saved locally in /ssd003/home/angelo/single-cell-proj/repo/team_single_cell/experiments/scripts/wandb/run-20221218_140721-isj1xjfq
wandb: Run `wandb offline` to turn off syncing.
wandb: Syncing run scarlet-sweep-186
wandb: ⭐️ View project at https://wandb.ai/team-single-cell/gex_atac_sweep
wandb: 🧹 View sweep at https://wandb.ai/team-single-cell/gex_atac_sweep/sweeps/j1snhit4
wandb: 🚀 View run at https://wandb.ai/team-single-cell/gex_atac_sweep/runs/isj1xjfq
 UserWarning:/h/angelo/miniconda3/envs/single_cell_env/lib/python3.7/site-packages/scanpy/preprocessing/_highly_variable_genes.py:64: `flavor='seurat_v3'` expects raw count data, but non-integers were found.
Trying to set attribute `._uns` of view, copying.
Trying to set attribute `.var` of view, copying.
2022-12-18 14:29:07.322320: I tensorflow/core/platform/cpu_feature_guard.cc:193] This TensorFlow binary is optimized with oneAPI Deep Neural Network Library (oneDNN) to use the following CPU instructions in performance-critical operations:  SSE4.1 SSE4.2 AVX AVX2 AVX512F FMA
To enable them in other operations, rebuild TensorFlow with the appropriate compiler flags.
 FutureWarning:/h/angelo/miniconda3/envs/single_cell_env/lib/python3.7/site-packages/anndata/_core/anndata.py:1228: The `inplace` parameter in pandas.Categorical.reorder_categories is deprecated and will be removed in a future version. Reordering categories will always return a new Categorical object.
... storing 'feature_types' as categorical
 FutureWarning:/h/angelo/miniconda3/envs/single_cell_env/lib/python3.7/site-packages/anndata/_core/anndata.py:1228: The `inplace` parameter in pandas.Categorical.reorder_categories is deprecated and will be removed in a future version. Reordering categories will always return a new Categorical object.
... storing 'gene_id' as categorical
Reading dataset...
Feature selecting GEX...
Feature selecting ATAC...

New GEX dim: 5000;
New ATAC dim: 5001;
AnnData dataset's shape: (69249, 10001)

Initializing dataset and dataloader...
The order of labels: ['s1d1', 's1d1', 's1d1', 's1d1', 's1d1', ..., 's4d9', 's4d9', 's4d9', 's4d9', 's4d9']
Length: 69249
Categories (13, object): ['s1d1', 's1d2', 's1d3', 's2d1', ..., 's3d10', 's4d1', 's4d8', 's4d9']
The device: cuda;

The model: DeepGexAtacMultiModalAutoencoder(
  (gex_encoder): Sequential(
    (0): Linear(in_features=5000, out_features=1000, bias=True)
    (1): BatchNorm1d(1000, eps=1e-05, momentum=0.1, affine=True, track_running_stats=True)
    (2): ReLU()
    (3): Dropout(p=0.1, inplace=False)
    (4): Linear(in_features=1000, out_features=800, bias=True)
    (5): BatchNorm1d(800, eps=1e-05, momentum=0.1, affine=True, track_running_stats=True)
    (6): ReLU()
    (7): Linear(in_features=800, out_features=600, bias=True)
    (8): BatchNorm1d(600, eps=1e-05, momentum=0.1, affine=True, track_running_stats=True)
    (9): ReLU()
    (10): Dropout(p=0.1, inplace=False)
    (11): Linear(in_features=600, out_features=400, bias=True)
    (12): BatchNorm1d(400, eps=1e-05, momentum=0.1, affine=True, track_running_stats=True)
    (13): ReLU()
    (14): Linear(in_features=400, out_features=200, bias=True)
    (15): BatchNorm1d(200, eps=1e-05, momentum=0.1, affine=True, track_running_stats=True)
    (16): ReLU()
    (17): Dropout(p=0.1, inplace=False)
    (18): Linear(in_features=200, out_features=5, bias=True)
    (19): ReLU()
  )
  (atac_encoder): Sequential(
    (0): Linear(in_features=5001, out_features=1200, bias=True)
    (1): BatchNorm1d(1200, eps=1e-05, momentum=0.1, affine=True, track_running_stats=True)
    (2): ReLU()
    (3): Dropout(p=0.1, inplace=False)
    (4): Linear(in_features=1200, out_features=900, bias=True)
    (5): BatchNorm1d(900, eps=1e-05, momentum=0.1, affine=True, track_running_stats=True)
    (6): ReLU()
    (7): Linear(in_features=900, out_features=600, bias=True)
    (8): BatchNorm1d(600, eps=1e-05, momentum=0.1, affine=True, track_running_stats=True)
    (9): ReLU()
    (10): Dropout(p=0.1, inplace=False)
    (11): Linear(in_features=600, out_features=400, bias=True)
    (12): BatchNorm1d(400, eps=1e-05, momentum=0.1, affine=True, track_running_stats=True)
    (13): ReLU()
    (14): Linear(in_features=400, out_features=150, bias=True)
    (15): BatchNorm1d(150, eps=1e-05, momentum=0.1, affine=True, track_running_stats=True)
    (16): ReLU()
    (17): Dropout(p=0.1, inplace=False)
    (18): Linear(in_features=150, out_features=5, bias=True)
    (19): ReLU()
  )
  (gex_decoder): Sequential(
    (0): Linear(in_features=10, out_features=10, bias=True)
    (1): BatchNorm1d(10, eps=1e-05, momentum=0.1, affine=True, track_running_stats=True)
    (2): ReLU()
    (3): Dropout(p=0.1, inplace=False)
    (4): Linear(in_features=10, out_features=30, bias=True)
    (5): BatchNorm1d(30, eps=1e-05, momentum=0.1, affine=True, track_running_stats=True)
    (6): ReLU()
    (7): Linear(in_features=30, out_features=50, bias=True)
    (8): BatchNorm1d(50, eps=1e-05, momentum=0.1, affine=True, track_running_stats=True)
    (9): ReLU()
    (10): Dropout(p=0.1, inplace=False)
    (11): Linear(in_features=50, out_features=100, bias=True)
    (12): BatchNorm1d(100, eps=1e-05, momentum=0.1, affine=True, track_running_stats=True)
    (13): ReLU()
    (14): Linear(in_features=100, out_features=160, bias=True)
    (15): BatchNorm1d(160, eps=1e-05, momentum=0.1, affine=True, track_running_stats=True)
    (16): ReLU()
    (17): Dropout(p=0.1, inplace=False)
    (18): Linear(in_features=160, out_features=5000, bias=True)
    (19): ReLU()
  )
  (atac_decoder): Sequential(
    (0): Linear(in_features=10, out_features=15, bias=True)
    (1): BatchNorm1d(15, eps=1e-05, momentum=0.1, affine=True, track_running_stats=True)
    (2): ReLU()
    (3): Dropout(p=0.1, inplace=False)
    (4): Linear(in_features=15, out_features=40, bias=True)
    (5): BatchNorm1d(40, eps=1e-05, momentum=0.1, affine=True, track_running_stats=True)
    (6): ReLU()
    (7): Linear(in_features=40, out_features=60, bias=True)
    (8): BatchNorm1d(60, eps=1e-05, momentum=0.1, affine=True, track_running_stats=True)
    (9): ReLU()
    (10): Dropout(p=0.1, inplace=False)
    (11): Linear(in_features=60, out_features=100, bias=True)
    (12): BatchNorm1d(100, eps=1e-05, momentum=0.1, affine=True, track_running_stats=True)
    (13): ReLU()
    (14): Linear(in_features=100, out_features=180, bias=True)
    (15): BatchNorm1d(180, eps=1e-05, momentum=0.1, affine=True, track_running_stats=True)
    (16): ReLU()
    (17): Dropout(p=0.1, inplace=False)
    (18): Linear(in_features=180, out_features=5001, bias=True)
    (19): Sigmoid()
  )
);
The dataset: <datasets.anndatadataset.AnnDataDataset object at 0x7f6f5c36ded0>;
The optimizer: Adam (
Parameter Group 0
    amsgrad: False
    betas: (0.9, 0.999)
    eps: 1e-08
    lr: 1e-05
    weight_decay: 0.00762184242214512
);

Epoch 0 recon loss: 3169.9453018902
Epoch 1 recon loss: 3258.8304046634
Epoch 2 recon loss: 3041.4434512575
Epoch 3 recon loss: 3185.2108077179
Epoch 4 recon loss: 3240.1341293115
Epoch 5 recon loss: 3195.1538713974
Epoch 6 recon loss: 3254.6519253666
Epoch 7 recon loss: 3249.754532971
Epoch 8 recon loss: 3191.965084771
Epoch 9 recon loss: 3179.8445679224
Epoch 10 recon loss: 3207.6081529893
Epoch 11 recon loss: 3146.7237654801
Epoch 12 recon loss: 3237.5496945818
Epoch 13 recon loss: 3115.9995151931
Epoch 14 recon loss: 3275.988849016
Epoch 15 recon loss: 3181.420908627
Epoch 16 recon loss: 3188.4875305726
Epoch 17 recon loss: 3170.8092520686
Epoch 18 recon loss: 3135.1254617373
Epoch 19 recon loss: 3137.408810874
Epoch 20 recon loss: 3022.0532006278
Epoch 21 recon loss: 3141.3515844335
Epoch 22 recon loss: 3079.1026683519
Epoch 23 recon loss: 3148.8399442777
Epoch 24 recon loss: 3104.2261250771
Epoch 25 recon loss: 3227.1275746638
Epoch 26 recon loss: 3138.3786894375
Epoch 27 recon loss: 3061.8878822848
Epoch 28 recon loss: 3201.7746926172
Epoch 29 recon loss: 3130.9265923846
Epoch 30 recon loss: 3085.1543798829
Epoch 31 recon loss: 3100.3171781738
Epoch 32 recon loss: 2999.0658566829
Epoch 33 recon loss: 3205.2433503382
Epoch 34 recon loss: 3167.9820509624
Epoch 35 recon loss: 3127.5200744573
Epoch 36 recon loss: 3163.4759703245
Epoch 37 recon loss: 3228.2399625993
Epoch 38 recon loss: 3145.4349733388
Epoch 39 recon loss: 3182.2507063846

Latent space type: <class 'numpy.ndarray'>;
GEX encoded shape: torch.Size([69249, 5]);
ATAC encoded shape: torch.Size([69249, 5]);
Latent space shape: (69249, 10);

0.44251763546423095
   celltype_ari  celltype_ami  ...  batch_homogeneity  batch_complete
0      0.053545      0.146655  ...           0.881356        0.915031

[1 rows x 8 columns]
2022-12-18 14:32:13,176 - wandb.wandb_agent - INFO - Cleaning up finished run: isj1xjfq
wandb: Waiting for W&B process to finish... (success).
wandb: - 0.006 MB of 0.006 MB uploaded (0.000 MB deduped)slurmstepd: error: *** JOB 8874616 ON gpu115 CANCELLED AT 2022-12-18T14:32:15 ***
