/h/angelo/single-cell-proj/repo/team_single_cell/experiments/jobs
gpu159.cluster.local
Sun Dec 18 14:07:54 EST 2022
wandb: Starting wandb agent 🕵️
2022-12-18 14:08:04,132 - wandb.wandb_agent - INFO - Running runs: []
wandb: ERROR Error while calling W&B API: internal database error (<Response [500]>)
2022-12-18 14:08:05,603 - wandb.wandb_agent - INFO - Agent received command: run
2022-12-18 14:08:05,603 - wandb.wandb_agent - INFO - Agent starting run with config:
	atac_dim: 2500
	atac_weight: 34.040713688294076
	epochs: 40
	gex_dim: 2500
	gex_weight: 53.767484968103034
	init: he
	latent_dim: 64
	lr: 1e-05
	model: [[1000, 200], [50, 100], [2000, 400], [100, 300]]
	weight_decay: 0.03545612534153758
2022-12-18 14:08:05,610 - wandb.wandb_agent - INFO - About to run command: /usr/bin/env python gex_atac_sweep.py --atac_dim=2500 --atac_weight=34.040713688294076 --epochs=40 --gex_dim=2500 --gex_weight=53.767484968103034 --init=he --latent_dim=64 --lr=1e-05 "--model=[[1000, 200], [50, 100], [2000, 400], [100, 300]]" --weight_decay=0.03545612534153758
2022-12-18 14:08:10,621 - wandb.wandb_agent - INFO - Running runs: ['dhcf7332']
wandb: Currently logged in as: ange1o5 (team-single-cell). Use `wandb login --relogin` to force relogin
wandb: WARNING Ignored wandb.init() arg project when running a sweep.
wandb: WARNING Ignored wandb.init() arg entity when running a sweep.
wandb: Tracking run with wandb version 0.13.7
wandb: Run data is saved locally in /ssd003/home/angelo/single-cell-proj/repo/team_single_cell/experiments/scripts/wandb/run-20221218_140811-dhcf7332
wandb: Run `wandb offline` to turn off syncing.
wandb: Syncing run polished-sweep-289
wandb: ⭐️ View project at https://wandb.ai/team-single-cell/gex_atac_sweep
wandb: 🧹 View sweep at https://wandb.ai/team-single-cell/gex_atac_sweep/sweeps/j1snhit4
wandb: 🚀 View run at https://wandb.ai/team-single-cell/gex_atac_sweep/runs/dhcf7332
 UserWarning:/h/angelo/miniconda3/envs/single_cell_env/lib/python3.7/site-packages/scanpy/preprocessing/_highly_variable_genes.py:64: `flavor='seurat_v3'` expects raw count data, but non-integers were found.
Trying to set attribute `._uns` of view, copying.
Trying to set attribute `.var` of view, copying.
2022-12-18 14:16:46.504897: I tensorflow/core/platform/cpu_feature_guard.cc:193] This TensorFlow binary is optimized with oneAPI Deep Neural Network Library (oneDNN) to use the following CPU instructions in performance-critical operations:  SSE4.1 SSE4.2 AVX AVX2 AVX512F AVX512_VNNI FMA
To enable them in other operations, rebuild TensorFlow with the appropriate compiler flags.
2022-12-18 14:16:46.734582: I tensorflow/core/util/util.cc:169] oneDNN custom operations are on. You may see slightly different numerical results due to floating-point round-off errors from different computation orders. To turn them off, set the environment variable `TF_ENABLE_ONEDNN_OPTS=0`.
 FutureWarning:/h/angelo/miniconda3/envs/single_cell_env/lib/python3.7/site-packages/anndata/_core/anndata.py:1228: The `inplace` parameter in pandas.Categorical.reorder_categories is deprecated and will be removed in a future version. Reordering categories will always return a new Categorical object.
... storing 'feature_types' as categorical
 FutureWarning:/h/angelo/miniconda3/envs/single_cell_env/lib/python3.7/site-packages/anndata/_core/anndata.py:1228: The `inplace` parameter in pandas.Categorical.reorder_categories is deprecated and will be removed in a future version. Reordering categories will always return a new Categorical object.
... storing 'gene_id' as categorical
Reading dataset...
Feature selecting GEX...
Feature selecting ATAC...

New GEX dim: 2500;
New ATAC dim: 2501;
AnnData dataset's shape: (69249, 5001)

Initializing dataset and dataloader...
The order of labels: ['s1d1', 's1d1', 's1d1', 's1d1', 's1d1', ..., 's4d9', 's4d9', 's4d9', 's4d9', 's4d9']
Length: 69249
Categories (13, object): ['s1d1', 's1d2', 's1d3', 's2d1', ..., 's3d10', 's4d1', 's4d8', 's4d9']
The device: cuda;

The model: DeepGexAtacMultiModalAutoencoder(
  (gex_encoder): Sequential(
    (0): Linear(in_features=2500, out_features=1000, bias=True)
    (1): BatchNorm1d(1000, eps=1e-05, momentum=0.1, affine=True, track_running_stats=True)
    (2): ReLU()
    (3): Dropout(p=0.1, inplace=False)
    (4): Linear(in_features=1000, out_features=200, bias=True)
    (5): BatchNorm1d(200, eps=1e-05, momentum=0.1, affine=True, track_running_stats=True)
    (6): ReLU()
    (7): Linear(in_features=200, out_features=32, bias=True)
    (8): ReLU()
  )
  (atac_encoder): Sequential(
    (0): Linear(in_features=2501, out_features=2000, bias=True)
    (1): BatchNorm1d(2000, eps=1e-05, momentum=0.1, affine=True, track_running_stats=True)
    (2): ReLU()
    (3): Dropout(p=0.1, inplace=False)
    (4): Linear(in_features=2000, out_features=400, bias=True)
    (5): BatchNorm1d(400, eps=1e-05, momentum=0.1, affine=True, track_running_stats=True)
    (6): ReLU()
    (7): Linear(in_features=400, out_features=32, bias=True)
    (8): ReLU()
  )
  (gex_decoder): Sequential(
    (0): Linear(in_features=64, out_features=50, bias=True)
    (1): BatchNorm1d(50, eps=1e-05, momentum=0.1, affine=True, track_running_stats=True)
    (2): ReLU()
    (3): Dropout(p=0.1, inplace=False)
    (4): Linear(in_features=50, out_features=100, bias=True)
    (5): BatchNorm1d(100, eps=1e-05, momentum=0.1, affine=True, track_running_stats=True)
    (6): ReLU()
    (7): Linear(in_features=100, out_features=2500, bias=True)
    (8): ReLU()
  )
  (atac_decoder): Sequential(
    (0): Linear(in_features=64, out_features=100, bias=True)
    (1): BatchNorm1d(100, eps=1e-05, momentum=0.1, affine=True, track_running_stats=True)
    (2): ReLU()
    (3): Dropout(p=0.1, inplace=False)
    (4): Linear(in_features=100, out_features=300, bias=True)
    (5): BatchNorm1d(300, eps=1e-05, momentum=0.1, affine=True, track_running_stats=True)
    (6): ReLU()
    (7): Linear(in_features=300, out_features=2501, bias=True)
    (8): Sigmoid()
  )
);
The dataset: <datasets.anndatadataset.AnnDataDataset object at 0x7fddb3da2f90>;
The optimizer: Adam (
Parameter Group 0
    amsgrad: False
    betas: (0.9, 0.999)
    eps: 1e-08
    lr: 1e-05
    weight_decay: 0.03545612534153758
);

Epoch 0 recon loss: 8606.5530086049
Epoch 1 recon loss: 8704.2651691225
Epoch 2 recon loss: 9193.4600161639
Epoch 3 recon loss: 8750.7448849488
Epoch 4 recon loss: 7933.6649354508
Epoch 5 recon loss: 9009.4669738341
Epoch 6 recon loss: 8610.4139566993
Epoch 7 recon loss: 8675.075076321
Epoch 8 recon loss: 8918.4597018816
Epoch 9 recon loss: 8903.4681513621
Epoch 10 recon loss: 9024.6612779902
Epoch 11 recon loss: 8815.7203650747
Epoch 12 recon loss: 9006.4789795046
Epoch 13 recon loss: 8654.9386197841
Epoch 14 recon loss: 8928.3578832648
Epoch 15 recon loss: 8715.4526323773
Epoch 16 recon loss: 8770.9840825651
Epoch 17 recon loss: 8928.5371972572
Epoch 18 recon loss: 9044.2952168907
Epoch 19 recon loss: 8805.3528667548
Epoch 20 recon loss: 8706.3441709308
Epoch 21 recon loss: 8946.1918753823
Epoch 22 recon loss: 8932.8796984981
Epoch 23 recon loss: 8991.1347410732
Epoch 24 recon loss: 8478.5909146486
Epoch 25 recon loss: 8720.5564247232
Epoch 26 recon loss: 8638.6395554015
Epoch 27 recon loss: 8987.3984025178
Epoch 28 recon loss: 8656.0545844826
Epoch 29 recon loss: 8918.6659714892
Epoch 30 recon loss: 8895.2614847137
Epoch 31 recon loss: 8878.4739503428
Epoch 32 recon loss: 8778.2023869739
Epoch 33 recon loss: 8756.5317996118
Epoch 34 recon loss: 8627.7760809601
Epoch 35 recon loss: 8848.6575529297
Epoch 36 recon loss: 8750.4370967348
Epoch 37 recon loss: 8950.6796419794
Epoch 38 recon loss: 8897.8755025369
Epoch 39 recon loss: 8850.515173792

Latent space type: <class 'numpy.ndarray'>;
GEX encoded shape: torch.Size([69249, 32]);
ATAC encoded shape: torch.Size([69249, 32]);
Latent space shape: (69249, 64);

0.4648227653984571
   celltype_ari  celltype_ami  ...  batch_homogeneity  batch_complete
0      0.079272      0.180396  ...            0.91399        0.917075

[1 rows x 8 columns]
2022-12-18 14:19:45,400 - wandb.wandb_agent - INFO - Cleaning up finished run: dhcf7332
wandb: Waiting for W&B process to finish... (success).
wandb: 
wandb: Run history:
wandb:  recon loss ▅▅█▆▁▇▅▅▆▆▇▆▇▅▇▅▆▇▇▆▅▇▇▇▄▅▅▇▅▆▆▆▆▆▅▆▆▇▆▆
wandb: total_score ▁
wandb: 
wandb: Run summary:
wandb:  recon loss 8850.51517
wandb: total_score 0.46482
wandb: 
wandb: Synced polished-sweep-289: https://wandb.ai/team-single-cell/gex_atac_sweep/runs/dhcf7332
wandb: Synced 6 W&B file(s), 1 media file(s), 1 artifact file(s) and 0 other file(s)
wandb: Find logs at: ./wandb/run-20221218_140811-dhcf7332/logs
2022-12-18 14:19:51,001 - wandb.wandb_agent - INFO - Agent received command: run
2022-12-18 14:19:51,004 - wandb.wandb_agent - INFO - Agent starting run with config:
	atac_dim: 2500
	atac_weight: 70.34687954552523
	epochs: 80
	gex_dim: 5000
	gex_weight: 74.09879411480937
	init: he
	latent_dim: 10
	lr: 1e-05
	model: [[1000, 800, 600, 400, 200], [10, 30, 50, 100, 160], [1200, 900, 600, 400, 150], [15, 40, 60, 100, 180]]
	weight_decay: 0.06493227187669633
2022-12-18 14:19:51,230 - wandb.wandb_agent - INFO - About to run command: /usr/bin/env python gex_atac_sweep.py --atac_dim=2500 --atac_weight=70.34687954552523 --epochs=80 --gex_dim=5000 --gex_weight=74.09879411480937 --init=he --latent_dim=10 --lr=1e-05 "--model=[[1000, 800, 600, 400, 200], [10, 30, 50, 100, 160], [1200, 900, 600, 400, 150], [15, 40, 60, 100, 180]]" --weight_decay=0.06493227187669633
2022-12-18 14:19:56,330 - wandb.wandb_agent - INFO - Running runs: ['eivxyvmr']
wandb: Currently logged in as: ange1o5 (team-single-cell). Use `wandb login --relogin` to force relogin
wandb: WARNING Ignored wandb.init() arg project when running a sweep.
wandb: WARNING Ignored wandb.init() arg entity when running a sweep.
wandb: Tracking run with wandb version 0.13.7
wandb: Run data is saved locally in /ssd003/home/angelo/single-cell-proj/repo/team_single_cell/experiments/scripts/wandb/run-20221218_141956-eivxyvmr
wandb: Run `wandb offline` to turn off syncing.
wandb: Syncing run soft-sweep-394
wandb: ⭐️ View project at https://wandb.ai/team-single-cell/gex_atac_sweep
wandb: 🧹 View sweep at https://wandb.ai/team-single-cell/gex_atac_sweep/sweeps/j1snhit4
wandb: 🚀 View run at https://wandb.ai/team-single-cell/gex_atac_sweep/runs/eivxyvmr
 UserWarning:/h/angelo/miniconda3/envs/single_cell_env/lib/python3.7/site-packages/scanpy/preprocessing/_highly_variable_genes.py:64: `flavor='seurat_v3'` expects raw count data, but non-integers were found.
Trying to set attribute `._uns` of view, copying.
Trying to set attribute `.var` of view, copying.
slurmstepd: error: *** JOB 8874716 ON gpu159 CANCELLED AT 2022-12-18T14:32:15 ***
