/h/angelo/single-cell-proj/repo/team_single_cell/experiments/jobs
gpu063
Sun Dec 18 14:04:57 EST 2022
wandb: Starting wandb agent 🕵️
2022-12-18 14:05:06,122 - wandb.wandb_agent - INFO - Running runs: []
2022-12-18 14:05:06,789 - wandb.wandb_agent - INFO - Agent received command: run
2022-12-18 14:05:06,790 - wandb.wandb_agent - INFO - Agent starting run with config:
	atac_dim: 10000
	atac_weight: 40.96381778413935
	epochs: 20
	gex_dim: 1000
	gex_weight: 99.0816500887926
	init: he
	latent_dim: 128
	lr: 0.1
	model: [[1000, 200], [50, 100], [2000, 400], [100, 300]]
	weight_decay: 0.031998382086977376
2022-12-18 14:05:06,798 - wandb.wandb_agent - INFO - About to run command: /usr/bin/env python gex_atac_sweep.py --atac_dim=10000 --atac_weight=40.96381778413935 --epochs=20 --gex_dim=1000 --gex_weight=99.0816500887926 --init=he --latent_dim=128 --lr=0.1 "--model=[[1000, 200], [50, 100], [2000, 400], [100, 300]]" --weight_decay=0.031998382086977376
2022-12-18 14:05:11,811 - wandb.wandb_agent - INFO - Running runs: ['sbtpgzzw']
wandb: Currently logged in as: ange1o5 (team-single-cell). Use `wandb login --relogin` to force relogin
wandb: WARNING Ignored wandb.init() arg project when running a sweep.
wandb: WARNING Ignored wandb.init() arg entity when running a sweep.
wandb: Tracking run with wandb version 0.13.7
wandb: Run data is saved locally in /ssd003/home/angelo/single-cell-proj/repo/team_single_cell/experiments/scripts/wandb/run-20221218_140512-sbtpgzzw
wandb: Run `wandb offline` to turn off syncing.
wandb: Syncing run lucky-sweep-55
wandb: ⭐️ View project at https://wandb.ai/team-single-cell/gex_atac_sweep
wandb: 🧹 View sweep at https://wandb.ai/team-single-cell/gex_atac_sweep/sweeps/j1snhit4
wandb: 🚀 View run at https://wandb.ai/team-single-cell/gex_atac_sweep/runs/sbtpgzzw
 UserWarning:/h/angelo/miniconda3/envs/single_cell_env/lib/python3.7/site-packages/scanpy/preprocessing/_highly_variable_genes.py:64: `flavor='seurat_v3'` expects raw count data, but non-integers were found.
Trying to set attribute `._uns` of view, copying.
Trying to set attribute `.var` of view, copying.
2022-12-18 14:20:44.956930: I tensorflow/core/platform/cpu_feature_guard.cc:193] This TensorFlow binary is optimized with oneAPI Deep Neural Network Library (oneDNN) to use the following CPU instructions in performance-critical operations:  SSE4.1 SSE4.2 AVX AVX2 AVX512F FMA
To enable them in other operations, rebuild TensorFlow with the appropriate compiler flags.
 FutureWarning:/h/angelo/miniconda3/envs/single_cell_env/lib/python3.7/site-packages/anndata/_core/anndata.py:1228: The `inplace` parameter in pandas.Categorical.reorder_categories is deprecated and will be removed in a future version. Reordering categories will always return a new Categorical object.
... storing 'feature_types' as categorical
 FutureWarning:/h/angelo/miniconda3/envs/single_cell_env/lib/python3.7/site-packages/anndata/_core/anndata.py:1228: The `inplace` parameter in pandas.Categorical.reorder_categories is deprecated and will be removed in a future version. Reordering categories will always return a new Categorical object.
... storing 'gene_id' as categorical
Reading dataset...
Feature selecting GEX...
Feature selecting ATAC...

New GEX dim: 1000;
New ATAC dim: 10002;
AnnData dataset's shape: (69249, 11002)

Initializing dataset and dataloader...
The order of labels: ['s1d1', 's1d1', 's1d1', 's1d1', 's1d1', ..., 's4d9', 's4d9', 's4d9', 's4d9', 's4d9']
Length: 69249
Categories (13, object): ['s1d1', 's1d2', 's1d3', 's2d1', ..., 's3d10', 's4d1', 's4d8', 's4d9']
The device: cuda;

The model: DeepGexAtacMultiModalAutoencoder(
  (gex_encoder): Sequential(
    (0): Linear(in_features=1000, out_features=1000, bias=True)
    (1): BatchNorm1d(1000, eps=1e-05, momentum=0.1, affine=True, track_running_stats=True)
    (2): ReLU()
    (3): Dropout(p=0.1, inplace=False)
    (4): Linear(in_features=1000, out_features=200, bias=True)
    (5): BatchNorm1d(200, eps=1e-05, momentum=0.1, affine=True, track_running_stats=True)
    (6): ReLU()
    (7): Linear(in_features=200, out_features=64, bias=True)
    (8): ReLU()
  )
  (atac_encoder): Sequential(
    (0): Linear(in_features=10002, out_features=2000, bias=True)
    (1): BatchNorm1d(2000, eps=1e-05, momentum=0.1, affine=True, track_running_stats=True)
    (2): ReLU()
    (3): Dropout(p=0.1, inplace=False)
    (4): Linear(in_features=2000, out_features=400, bias=True)
    (5): BatchNorm1d(400, eps=1e-05, momentum=0.1, affine=True, track_running_stats=True)
    (6): ReLU()
    (7): Linear(in_features=400, out_features=64, bias=True)
    (8): ReLU()
  )
  (gex_decoder): Sequential(
    (0): Linear(in_features=128, out_features=50, bias=True)
    (1): BatchNorm1d(50, eps=1e-05, momentum=0.1, affine=True, track_running_stats=True)
    (2): ReLU()
    (3): Dropout(p=0.1, inplace=False)
    (4): Linear(in_features=50, out_features=100, bias=True)
    (5): BatchNorm1d(100, eps=1e-05, momentum=0.1, affine=True, track_running_stats=True)
    (6): ReLU()
    (7): Linear(in_features=100, out_features=1000, bias=True)
    (8): ReLU()
  )
  (atac_decoder): Sequential(
    (0): Linear(in_features=128, out_features=100, bias=True)
    (1): BatchNorm1d(100, eps=1e-05, momentum=0.1, affine=True, track_running_stats=True)
    (2): ReLU()
    (3): Dropout(p=0.1, inplace=False)
    (4): Linear(in_features=100, out_features=300, bias=True)
    (5): BatchNorm1d(300, eps=1e-05, momentum=0.1, affine=True, track_running_stats=True)
    (6): ReLU()
    (7): Linear(in_features=300, out_features=10002, bias=True)
    (8): Sigmoid()
  )
);
The dataset: <datasets.anndatadataset.AnnDataDataset object at 0x7fcb502d3090>;
The optimizer: Adam (
Parameter Group 0
    amsgrad: False
    betas: (0.9, 0.999)
    eps: 1e-08
    lr: 0.1
    weight_decay: 0.031998382086977376
);

Epoch 0 recon loss: 29142.0798645179
Epoch 1 recon loss: 21942.2008991448
Epoch 2 recon loss: 21363.7343941096
Epoch 3 recon loss: 20264.3461759894
Epoch 4 recon loss: 12222.7221807427
Epoch 5 recon loss: 9033.2976605605
Epoch 6 recon loss: 4827.9205741324
Epoch 7 recon loss: 5874.1510087354
Epoch 8 recon loss: 3930.8494765983
Epoch 9 recon loss: 3085.0787572951
Epoch 10 recon loss: 5349.4142286154
Epoch 11 recon loss: 4666.0104386239
Epoch 12 recon loss: 3212.7134840148
Epoch 13 recon loss: 3254.7809088935
Epoch 14 recon loss: 2835.3466377173
Epoch 15 recon loss: 2853.5919689603
Epoch 16 recon loss: 3974.0935213974
Epoch 17 recon loss: 6286.655282928
Epoch 18 recon loss: 2732.2286295637
Epoch 19 recon loss: 2509.3844413791

Latent space type: <class 'numpy.ndarray'>;
GEX encoded shape: torch.Size([69249, 64]);
ATAC encoded shape: torch.Size([69249, 64]);
Latent space shape: (69249, 128);

0.467461001075334
   celltype_ari  celltype_ami  ...  batch_homogeneity  batch_complete
0      0.028092      0.210975  ...            0.84928         0.91352

[1 rows x 8 columns]
2022-12-18 14:29:44,705 - wandb.wandb_agent - INFO - Cleaning up finished run: sbtpgzzw
wandb: Waiting for W&B process to finish... (success).
wandb: - 0.006 MB of 0.024 MB uploaded (0.000 MB deduped)wandb: 
wandb: Run history:
wandb:  recon loss █▆▆▆▄▃▂▂▁▁▂▂▁▁▁▁▁▂▁▁
wandb: total_score ▁
wandb: 
wandb: Run summary:
wandb:  recon loss 2509.38444
wandb: total_score 0.46746
wandb: 
wandb: Synced lucky-sweep-55: https://wandb.ai/team-single-cell/gex_atac_sweep/runs/sbtpgzzw
wandb: Synced 6 W&B file(s), 1 media file(s), 1 artifact file(s) and 0 other file(s)
wandb: Find logs at: ./wandb/run-20221218_140512-sbtpgzzw/logs
2022-12-18 14:29:54,260 - wandb.wandb_agent - INFO - Agent received command: run
2022-12-18 14:29:54,277 - wandb.wandb_agent - INFO - Agent starting run with config:
	atac_dim: 2500
	atac_weight: 61.97302080431626
	epochs: 20
	gex_dim: 5000
	gex_weight: 83.58142374526349
	init: xavier
	latent_dim: 128
	lr: 0.0001
	model: [[1600, 800, 400, 100], [40, 60, 100, 150], [1800, 800, 400, 100], [40, 60, 120, 200]]
	weight_decay: 0.09417214253811824
2022-12-18 14:29:54,489 - wandb.wandb_agent - INFO - About to run command: /usr/bin/env python gex_atac_sweep.py --atac_dim=2500 --atac_weight=61.97302080431626 --epochs=20 --gex_dim=5000 --gex_weight=83.58142374526349 --init=xavier --latent_dim=128 --lr=0.0001 "--model=[[1600, 800, 400, 100], [40, 60, 100, 150], [1800, 800, 400, 100], [40, 60, 120, 200]]" --weight_decay=0.09417214253811824
2022-12-18 14:29:59,591 - wandb.wandb_agent - INFO - Running runs: ['r6scwp0n']
wandb: Currently logged in as: ange1o5 (team-single-cell). Use `wandb login --relogin` to force relogin
wandb: WARNING Ignored wandb.init() arg project when running a sweep.
wandb: WARNING Ignored wandb.init() arg entity when running a sweep.
wandb: Tracking run with wandb version 0.13.7
wandb: Run data is saved locally in /ssd003/home/angelo/single-cell-proj/repo/team_single_cell/experiments/scripts/wandb/run-20221218_143000-r6scwp0n
wandb: Run `wandb offline` to turn off syncing.
wandb: Syncing run jumping-sweep-501
wandb: ⭐️ View project at https://wandb.ai/team-single-cell/gex_atac_sweep
wandb: 🧹 View sweep at https://wandb.ai/team-single-cell/gex_atac_sweep/sweeps/j1snhit4
wandb: 🚀 View run at https://wandb.ai/team-single-cell/gex_atac_sweep/runs/r6scwp0n
 UserWarning:/h/angelo/miniconda3/envs/single_cell_env/lib/python3.7/site-packages/scanpy/preprocessing/_highly_variable_genes.py:64: `flavor='seurat_v3'` expects raw count data, but non-integers were found.
Trying to set attribute `._uns` of view, copying.
Trying to set attribute `.var` of view, copying.
slurmstepd: error: *** JOB 8874497 ON gpu063 CANCELLED AT 2022-12-18T14:32:15 ***
