/h/angelo/single-cell-proj/repo/team_single_cell/experiments/jobs
gpu084
Sun Dec 18 14:05:56 EST 2022
wandb: Starting wandb agent 🕵️
2022-12-18 14:06:06,278 - wandb.wandb_agent - INFO - Running runs: []
2022-12-18 14:06:06,539 - wandb.wandb_agent - INFO - Agent received command: run
2022-12-18 14:06:06,539 - wandb.wandb_agent - INFO - Agent starting run with config:
	atac_dim: 2500
	atac_weight: 10.388790306367373
	epochs: 40
	gex_dim: 2500
	gex_weight: 13.505526990079016
	init: he
	latent_dim: 128
	lr: 0.001
	model: [[1000, 800, 600, 400, 200], [10, 30, 50, 100, 160], [1200, 900, 600, 400, 150], [15, 40, 60, 100, 180]]
	weight_decay: 0.05632895559516485
2022-12-18 14:06:06,549 - wandb.wandb_agent - INFO - About to run command: /usr/bin/env python gex_atac_sweep.py --atac_dim=2500 --atac_weight=10.388790306367373 --epochs=40 --gex_dim=2500 --gex_weight=13.505526990079016 --init=he --latent_dim=128 --lr=0.001 "--model=[[1000, 800, 600, 400, 200], [10, 30, 50, 100, 160], [1200, 900, 600, 400, 150], [15, 40, 60, 100, 180]]" --weight_decay=0.05632895559516485
2022-12-18 14:06:11,561 - wandb.wandb_agent - INFO - Running runs: ['wjh11fag']
wandb: Currently logged in as: ange1o5 (team-single-cell). Use `wandb login --relogin` to force relogin
wandb: WARNING Ignored wandb.init() arg project when running a sweep.
wandb: WARNING Ignored wandb.init() arg entity when running a sweep.
wandb: Tracking run with wandb version 0.13.7
wandb: Run data is saved locally in /ssd003/home/angelo/single-cell-proj/repo/team_single_cell/experiments/scripts/wandb/run-20221218_140614-wjh11fag
wandb: Run `wandb offline` to turn off syncing.
wandb: Syncing run spring-sweep-152
wandb: ⭐️ View project at https://wandb.ai/team-single-cell/gex_atac_sweep
wandb: 🧹 View sweep at https://wandb.ai/team-single-cell/gex_atac_sweep/sweeps/j1snhit4
wandb: 🚀 View run at https://wandb.ai/team-single-cell/gex_atac_sweep/runs/wjh11fag
 UserWarning:/h/angelo/miniconda3/envs/single_cell_env/lib/python3.7/site-packages/scanpy/preprocessing/_highly_variable_genes.py:64: `flavor='seurat_v3'` expects raw count data, but non-integers were found.
Trying to set attribute `._uns` of view, copying.
Trying to set attribute `.var` of view, copying.
2022-12-18 14:21:26.786760: I tensorflow/core/platform/cpu_feature_guard.cc:193] This TensorFlow binary is optimized with oneAPI Deep Neural Network Library (oneDNN) to use the following CPU instructions in performance-critical operations:  SSE4.1 SSE4.2 AVX AVX2 AVX512F FMA
To enable them in other operations, rebuild TensorFlow with the appropriate compiler flags.
slurmstepd: error: *** JOB 8874581 ON gpu084 CANCELLED AT 2022-12-18T14:32:15 ***
