/h/angelo/single-cell-proj/repo/team_single_cell/experiments/jobs
gpu102
Sun Dec 18 14:07:26 EST 2022
wandb: Starting wandb agent 🕵️
2022-12-18 14:07:35,184 - wandb.wandb_agent - INFO - Running runs: []
2022-12-18 14:07:35,417 - wandb.wandb_agent - INFO - Agent received command: run
2022-12-18 14:07:35,417 - wandb.wandb_agent - INFO - Agent starting run with config:
	atac_dim: 7500
	atac_weight: 34.92333881237529
	epochs: 80
	gex_dim: 5000
	gex_weight: 65.87519004008719
	init: xavier
	latent_dim: 10
	lr: 0.001
	model: [[1200, 400, 100], [50, 100, 200], [1600, 600, 120], [60, 100, 150]]
	weight_decay: 0.0018354356709652576
2022-12-18 14:07:35,426 - wandb.wandb_agent - INFO - About to run command: /usr/bin/env python gex_atac_sweep.py --atac_dim=7500 --atac_weight=34.92333881237529 --epochs=80 --gex_dim=5000 --gex_weight=65.87519004008719 --init=xavier --latent_dim=10 --lr=0.001 "--model=[[1200, 400, 100], [50, 100, 200], [1600, 600, 120], [60, 100, 150]]" --weight_decay=0.0018354356709652576
wandb: Currently logged in as: ange1o5 (team-single-cell). Use `wandb login --relogin` to force relogin
wandb: WARNING Ignored wandb.init() arg project when running a sweep.
wandb: WARNING Ignored wandb.init() arg entity when running a sweep.
2022-12-18 14:07:40,458 - wandb.wandb_agent - INFO - Running runs: ['dt9upvs5']
wandb: Tracking run with wandb version 0.13.7
wandb: Run data is saved locally in /ssd003/home/angelo/single-cell-proj/repo/team_single_cell/experiments/scripts/wandb/run-20221218_140739-dt9upvs5
wandb: Run `wandb offline` to turn off syncing.
wandb: Syncing run atomic-sweep-227
wandb: ⭐️ View project at https://wandb.ai/team-single-cell/gex_atac_sweep
wandb: 🧹 View sweep at https://wandb.ai/team-single-cell/gex_atac_sweep/sweeps/j1snhit4
wandb: 🚀 View run at https://wandb.ai/team-single-cell/gex_atac_sweep/runs/dt9upvs5
 UserWarning:/h/angelo/miniconda3/envs/single_cell_env/lib/python3.7/site-packages/scanpy/preprocessing/_highly_variable_genes.py:64: `flavor='seurat_v3'` expects raw count data, but non-integers were found.
Trying to set attribute `._uns` of view, copying.
Trying to set attribute `.var` of view, copying.
slurmstepd: error: *** JOB 8874656 ON gpu102 CANCELLED AT 2022-12-18T14:32:15 ***
