/h/angelo/single-cell-proj/repo/team_single_cell/experiments/jobs
gpu180.cluster.local
Sun Dec 18 14:07:38 EST 2022
wandb: Starting wandb agent 🕵️
2022-12-18 14:07:48,652 - wandb.wandb_agent - INFO - Running runs: []
2022-12-18 14:07:48,832 - wandb.wandb_agent - INFO - Agent received command: run
2022-12-18 14:07:48,832 - wandb.wandb_agent - INFO - Agent starting run with config:
	atac_dim: 2500
	atac_weight: 17.5100070947796
	epochs: 20
	gex_dim: 5000
	gex_weight: 61.13283311098691
	init: xavier
	latent_dim: 64
	lr: 1e-05
	model: [[1000, 200], [50, 100], [2000, 400], [100, 300]]
	weight_decay: 0.0672070384834361
2022-12-18 14:07:48,842 - wandb.wandb_agent - INFO - About to run command: /usr/bin/env python gex_atac_sweep.py --atac_dim=2500 --atac_weight=17.5100070947796 --epochs=20 --gex_dim=5000 --gex_weight=61.13283311098691 --init=xavier --latent_dim=64 --lr=1e-05 "--model=[[1000, 200], [50, 100], [2000, 400], [100, 300]]" --weight_decay=0.0672070384834361
2022-12-18 14:07:53,856 - wandb.wandb_agent - INFO - Running runs: ['uvdlimk0']
wandb: Currently logged in as: ange1o5 (team-single-cell). Use `wandb login --relogin` to force relogin
wandb: WARNING Ignored wandb.init() arg project when running a sweep.
wandb: WARNING Ignored wandb.init() arg entity when running a sweep.
wandb: Tracking run with wandb version 0.13.7
wandb: Run data is saved locally in /ssd003/home/angelo/single-cell-proj/repo/team_single_cell/experiments/scripts/wandb/run-20221218_140756-uvdlimk0
wandb: Run `wandb offline` to turn off syncing.
wandb: Syncing run lilac-sweep-255
wandb: ⭐️ View project at https://wandb.ai/team-single-cell/gex_atac_sweep
wandb: 🧹 View sweep at https://wandb.ai/team-single-cell/gex_atac_sweep/sweeps/j1snhit4
wandb: 🚀 View run at https://wandb.ai/team-single-cell/gex_atac_sweep/runs/uvdlimk0
 UserWarning:/h/angelo/miniconda3/envs/single_cell_env/lib/python3.7/site-packages/scanpy/preprocessing/_highly_variable_genes.py:64: `flavor='seurat_v3'` expects raw count data, but non-integers were found.
Trying to set attribute `._uns` of view, copying.
Trying to set attribute `.var` of view, copying.
2022-12-18 14:14:26.753262: I tensorflow/core/platform/cpu_feature_guard.cc:193] This TensorFlow binary is optimized with oneAPI Deep Neural Network Library (oneDNN) to use the following CPU instructions in performance-critical operations:  SSE4.1 SSE4.2 AVX AVX2 AVX512F AVX512_VNNI FMA
To enable them in other operations, rebuild TensorFlow with the appropriate compiler flags.
2022-12-18 14:14:27.128671: I tensorflow/core/util/util.cc:169] oneDNN custom operations are on. You may see slightly different numerical results due to floating-point round-off errors from different computation orders. To turn them off, set the environment variable `TF_ENABLE_ONEDNN_OPTS=0`.
 FutureWarning:/h/angelo/miniconda3/envs/single_cell_env/lib/python3.7/site-packages/anndata/_core/anndata.py:1228: The `inplace` parameter in pandas.Categorical.reorder_categories is deprecated and will be removed in a future version. Reordering categories will always return a new Categorical object.
... storing 'feature_types' as categorical
 FutureWarning:/h/angelo/miniconda3/envs/single_cell_env/lib/python3.7/site-packages/anndata/_core/anndata.py:1228: The `inplace` parameter in pandas.Categorical.reorder_categories is deprecated and will be removed in a future version. Reordering categories will always return a new Categorical object.
... storing 'gene_id' as categorical
Reading dataset...
Feature selecting GEX...
Feature selecting ATAC...

New GEX dim: 5000;
New ATAC dim: 2501;
AnnData dataset's shape: (69249, 7501)

Initializing dataset and dataloader...
The order of labels: ['s1d1', 's1d1', 's1d1', 's1d1', 's1d1', ..., 's4d9', 's4d9', 's4d9', 's4d9', 's4d9']
Length: 69249
Categories (13, object): ['s1d1', 's1d2', 's1d3', 's2d1', ..., 's3d10', 's4d1', 's4d8', 's4d9']
The device: cuda;

The model: DeepGexAtacMultiModalAutoencoder(
  (gex_encoder): Sequential(
    (0): Linear(in_features=5000, out_features=1000, bias=True)
    (1): BatchNorm1d(1000, eps=1e-05, momentum=0.1, affine=True, track_running_stats=True)
    (2): ReLU()
    (3): Dropout(p=0.1, inplace=False)
    (4): Linear(in_features=1000, out_features=200, bias=True)
    (5): BatchNorm1d(200, eps=1e-05, momentum=0.1, affine=True, track_running_stats=True)
    (6): ReLU()
    (7): Linear(in_features=200, out_features=32, bias=True)
    (8): ReLU()
  )
  (atac_encoder): Sequential(
    (0): Linear(in_features=2501, out_features=2000, bias=True)
    (1): BatchNorm1d(2000, eps=1e-05, momentum=0.1, affine=True, track_running_stats=True)
    (2): ReLU()
    (3): Dropout(p=0.1, inplace=False)
    (4): Linear(in_features=2000, out_features=400, bias=True)
    (5): BatchNorm1d(400, eps=1e-05, momentum=0.1, affine=True, track_running_stats=True)
    (6): ReLU()
    (7): Linear(in_features=400, out_features=32, bias=True)
    (8): ReLU()
  )
  (gex_decoder): Sequential(
    (0): Linear(in_features=64, out_features=50, bias=True)
    (1): BatchNorm1d(50, eps=1e-05, momentum=0.1, affine=True, track_running_stats=True)
    (2): ReLU()
    (3): Dropout(p=0.1, inplace=False)
    (4): Linear(in_features=50, out_features=100, bias=True)
    (5): BatchNorm1d(100, eps=1e-05, momentum=0.1, affine=True, track_running_stats=True)
    (6): ReLU()
    (7): Linear(in_features=100, out_features=5000, bias=True)
    (8): ReLU()
  )
  (atac_decoder): Sequential(
    (0): Linear(in_features=64, out_features=100, bias=True)
    (1): BatchNorm1d(100, eps=1e-05, momentum=0.1, affine=True, track_running_stats=True)
    (2): ReLU()
    (3): Dropout(p=0.1, inplace=False)
    (4): Linear(in_features=100, out_features=300, bias=True)
    (5): BatchNorm1d(300, eps=1e-05, momentum=0.1, affine=True, track_running_stats=True)
    (6): ReLU()
    (7): Linear(in_features=300, out_features=2501, bias=True)
    (8): Sigmoid()
  )
);
The dataset: <datasets.anndatadataset.AnnDataDataset object at 0x7f6edf733550>;
The optimizer: Adam (
Parameter Group 0
    amsgrad: False
    betas: (0.9, 0.999)
    eps: 1e-08
    lr: 1e-05
    weight_decay: 0.0672070384834361
);

Epoch 0 recon loss: 5154.6833451842
Epoch 1 recon loss: 5159.435218468
Epoch 2 recon loss: 4934.9059971971
Epoch 3 recon loss: 5192.1498162658
Epoch 4 recon loss: 5115.3317099323
Epoch 5 recon loss: 5048.6829164045
Epoch 6 recon loss: 5169.5682081528
Epoch 7 recon loss: 5155.9354125097
Epoch 8 recon loss: 4811.0531130857
Epoch 9 recon loss: 5040.3321458371
Epoch 10 recon loss: 5071.2358786181
Epoch 11 recon loss: 4919.0087946884
Epoch 12 recon loss: 5154.0219693116
Epoch 13 recon loss: 5001.0760793678
Epoch 14 recon loss: 5142.6688892464
Epoch 15 recon loss: 5068.0658749577
Epoch 16 recon loss: 5017.477615458
Epoch 17 recon loss: 5143.0914273596
Epoch 18 recon loss: 5016.9785461099
Epoch 19 recon loss: 5185.7145180624

Latent space type: <class 'numpy.ndarray'>;
GEX encoded shape: torch.Size([69249, 32]);
ATAC encoded shape: torch.Size([69249, 32]);
Latent space shape: (69249, 64);

0.48836993438584697
   celltype_ari  celltype_ami  ...  batch_homogeneity  batch_complete
0      0.107211      0.222627  ...           0.911141         0.91924

[1 rows x 8 columns]
wandb: ERROR Failed to sample metric: process no longer exists (pid=27679)
2022-12-18 14:17:07,043 - wandb.wandb_agent - INFO - Cleaning up finished run: uvdlimk0
wandb: Waiting for W&B process to finish... (success).
wandb: - 0.007 MB of 0.007 MB uploaded (0.000 MB deduped)wandb: \ 0.007 MB of 0.025 MB uploaded (0.000 MB deduped)wandb: | 0.025 MB of 0.025 MB uploaded (0.000 MB deduped)wandb: 
wandb: Run history:
wandb:  recon loss ▇▇▃█▇▅█▇▁▅▆▃▇▄▇▆▅▇▅█
wandb: total_score ▁
wandb: 
wandb: Run summary:
wandb:  recon loss 5185.71452
wandb: total_score 0.48837
wandb: 
wandb: Synced lilac-sweep-255: https://wandb.ai/team-single-cell/gex_atac_sweep/runs/uvdlimk0
wandb: Synced 6 W&B file(s), 1 media file(s), 1 artifact file(s) and 0 other file(s)
wandb: Find logs at: ./wandb/run-20221218_140756-uvdlimk0/logs
2022-12-18 14:17:12,899 - wandb.wandb_agent - INFO - Agent received command: run
2022-12-18 14:17:12,927 - wandb.wandb_agent - INFO - Agent starting run with config:
	atac_dim: 7500
	atac_weight: 52.80357442979265
	epochs: 80
	gex_dim: 1000
	gex_weight: 87.2795732578793
	init: he
	latent_dim: 128
	lr: 0.01
	model: [[1600, 800, 400, 100], [40, 60, 100, 150], [1800, 800, 400, 100], [40, 60, 120, 200]]
	weight_decay: 0.015740784981006273
2022-12-18 14:17:13,183 - wandb.wandb_agent - INFO - About to run command: /usr/bin/env python gex_atac_sweep.py --atac_dim=7500 --atac_weight=52.80357442979265 --epochs=80 --gex_dim=1000 --gex_weight=87.2795732578793 --init=he --latent_dim=128 --lr=0.01 "--model=[[1600, 800, 400, 100], [40, 60, 100, 150], [1800, 800, 400, 100], [40, 60, 120, 200]]" --weight_decay=0.015740784981006273
2022-12-18 14:17:18,484 - wandb.wandb_agent - INFO - Running runs: ['ogk76bz3']
wandb: Currently logged in as: ange1o5 (team-single-cell). Use `wandb login --relogin` to force relogin
wandb: WARNING Ignored wandb.init() arg project when running a sweep.
wandb: WARNING Ignored wandb.init() arg entity when running a sweep.
wandb: Tracking run with wandb version 0.13.7
wandb: Run data is saved locally in /ssd003/home/angelo/single-cell-proj/repo/team_single_cell/experiments/scripts/wandb/run-20221218_141722-ogk76bz3
wandb: Run `wandb offline` to turn off syncing.
wandb: Syncing run wandering-sweep-332
wandb: ⭐️ View project at https://wandb.ai/team-single-cell/gex_atac_sweep
wandb: 🧹 View sweep at https://wandb.ai/team-single-cell/gex_atac_sweep/sweeps/j1snhit4
wandb: 🚀 View run at https://wandb.ai/team-single-cell/gex_atac_sweep/runs/ogk76bz3
 UserWarning:/h/angelo/miniconda3/envs/single_cell_env/lib/python3.7/site-packages/scanpy/preprocessing/_highly_variable_genes.py:64: `flavor='seurat_v3'` expects raw count data, but non-integers were found.
Trying to set attribute `._uns` of view, copying.
Trying to set attribute `.var` of view, copying.
slurmstepd: error: *** JOB 8874685 ON gpu180 CANCELLED AT 2022-12-18T14:32:15 ***
