/h/angelo/single-cell-proj/repo/team_single_cell/experiments/jobs
gpu086
Sun Dec 18 14:06:03 EST 2022
wandb: Starting wandb agent 🕵️
2022-12-18 14:06:14,112 - wandb.wandb_agent - INFO - Running runs: []
2022-12-18 14:06:14,291 - wandb.wandb_agent - INFO - Agent received command: run
2022-12-18 14:06:14,292 - wandb.wandb_agent - INFO - Agent starting run with config:
	atac_dim: 5000
	atac_weight: 4.1001395549032775
	epochs: 40
	gex_dim: 1000
	gex_weight: 51.74090523090976
	init: he
	latent_dim: 20
	lr: 0.1
	model: [[1000, 200], [50, 100], [2000, 400], [100, 300]]
	weight_decay: 0.03248825428228468
2022-12-18 14:06:14,301 - wandb.wandb_agent - INFO - About to run command: /usr/bin/env python gex_atac_sweep.py --atac_dim=5000 --atac_weight=4.1001395549032775 --epochs=40 --gex_dim=1000 --gex_weight=51.74090523090976 --init=he --latent_dim=20 --lr=0.1 "--model=[[1000, 200], [50, 100], [2000, 400], [100, 300]]" --weight_decay=0.03248825428228468
2022-12-18 14:06:19,316 - wandb.wandb_agent - INFO - Running runs: ['f68q6enw']
wandb: Currently logged in as: ange1o5 (team-single-cell). Use `wandb login --relogin` to force relogin
wandb: WARNING Ignored wandb.init() arg project when running a sweep.
wandb: WARNING Ignored wandb.init() arg entity when running a sweep.
wandb: Tracking run with wandb version 0.13.7
wandb: Run data is saved locally in /ssd003/home/angelo/single-cell-proj/repo/team_single_cell/experiments/scripts/wandb/run-20221218_140622-f68q6enw
wandb: Run `wandb offline` to turn off syncing.
wandb: Syncing run dandy-sweep-158
wandb: ⭐️ View project at https://wandb.ai/team-single-cell/gex_atac_sweep
wandb: 🧹 View sweep at https://wandb.ai/team-single-cell/gex_atac_sweep/sweeps/j1snhit4
wandb: 🚀 View run at https://wandb.ai/team-single-cell/gex_atac_sweep/runs/f68q6enw
 UserWarning:/h/angelo/miniconda3/envs/single_cell_env/lib/python3.7/site-packages/scanpy/preprocessing/_highly_variable_genes.py:64: `flavor='seurat_v3'` expects raw count data, but non-integers were found.
Trying to set attribute `._uns` of view, copying.
Trying to set attribute `.var` of view, copying.
2022-12-18 14:23:14.956449: I tensorflow/core/platform/cpu_feature_guard.cc:193] This TensorFlow binary is optimized with oneAPI Deep Neural Network Library (oneDNN) to use the following CPU instructions in performance-critical operations:  SSE4.1 SSE4.2 AVX AVX2 AVX512F FMA
To enable them in other operations, rebuild TensorFlow with the appropriate compiler flags.
 FutureWarning:/h/angelo/miniconda3/envs/single_cell_env/lib/python3.7/site-packages/anndata/_core/anndata.py:1228: The `inplace` parameter in pandas.Categorical.reorder_categories is deprecated and will be removed in a future version. Reordering categories will always return a new Categorical object.
... storing 'feature_types' as categorical
 FutureWarning:/h/angelo/miniconda3/envs/single_cell_env/lib/python3.7/site-packages/anndata/_core/anndata.py:1228: The `inplace` parameter in pandas.Categorical.reorder_categories is deprecated and will be removed in a future version. Reordering categories will always return a new Categorical object.
... storing 'gene_id' as categorical
Reading dataset...
Feature selecting GEX...
Feature selecting ATAC...

New GEX dim: 1000;
New ATAC dim: 5001;
AnnData dataset's shape: (69249, 6001)

Initializing dataset and dataloader...
The order of labels: ['s1d1', 's1d1', 's1d1', 's1d1', 's1d1', ..., 's4d9', 's4d9', 's4d9', 's4d9', 's4d9']
Length: 69249
Categories (13, object): ['s1d1', 's1d2', 's1d3', 's2d1', ..., 's3d10', 's4d1', 's4d8', 's4d9']
The device: cuda;

The model: DeepGexAtacMultiModalAutoencoder(
  (gex_encoder): Sequential(
    (0): Linear(in_features=1000, out_features=1000, bias=True)
    (1): BatchNorm1d(1000, eps=1e-05, momentum=0.1, affine=True, track_running_stats=True)
    (2): ReLU()
    (3): Dropout(p=0.1, inplace=False)
    (4): Linear(in_features=1000, out_features=200, bias=True)
    (5): BatchNorm1d(200, eps=1e-05, momentum=0.1, affine=True, track_running_stats=True)
    (6): ReLU()
    (7): Linear(in_features=200, out_features=10, bias=True)
    (8): ReLU()
  )
  (atac_encoder): Sequential(
    (0): Linear(in_features=5001, out_features=2000, bias=True)
    (1): BatchNorm1d(2000, eps=1e-05, momentum=0.1, affine=True, track_running_stats=True)
    (2): ReLU()
    (3): Dropout(p=0.1, inplace=False)
    (4): Linear(in_features=2000, out_features=400, bias=True)
    (5): BatchNorm1d(400, eps=1e-05, momentum=0.1, affine=True, track_running_stats=True)
    (6): ReLU()
    (7): Linear(in_features=400, out_features=10, bias=True)
    (8): ReLU()
  )
  (gex_decoder): Sequential(
    (0): Linear(in_features=20, out_features=50, bias=True)
    (1): BatchNorm1d(50, eps=1e-05, momentum=0.1, affine=True, track_running_stats=True)
    (2): ReLU()
    (3): Dropout(p=0.1, inplace=False)
    (4): Linear(in_features=50, out_features=100, bias=True)
    (5): BatchNorm1d(100, eps=1e-05, momentum=0.1, affine=True, track_running_stats=True)
    (6): ReLU()
    (7): Linear(in_features=100, out_features=1000, bias=True)
    (8): ReLU()
  )
  (atac_decoder): Sequential(
    (0): Linear(in_features=20, out_features=100, bias=True)
    (1): BatchNorm1d(100, eps=1e-05, momentum=0.1, affine=True, track_running_stats=True)
    (2): ReLU()
    (3): Dropout(p=0.1, inplace=False)
    (4): Linear(in_features=100, out_features=300, bias=True)
    (5): BatchNorm1d(300, eps=1e-05, momentum=0.1, affine=True, track_running_stats=True)
    (6): ReLU()
    (7): Linear(in_features=300, out_features=5001, bias=True)
    (8): Sigmoid()
  )
);
The dataset: <datasets.anndatadataset.AnnDataDataset object at 0x7f49dc61f190>;
The optimizer: Adam (
Parameter Group 0
    amsgrad: False
    betas: (0.9, 0.999)
    eps: 1e-08
    lr: 0.1
    weight_decay: 0.03248825428228468
);

Epoch 0 recon loss: 15196.5028466823
Epoch 1 recon loss: 9808.2300460337
Epoch 2 recon loss: 5933.6365133288
Epoch 3 recon loss: 5413.849199026
Epoch 4 recon loss: 5165.3510603731
Epoch 5 recon loss: 3065.0572133832
Epoch 6 recon loss: 4650.842166343
Epoch 7 recon loss: 3680.9107769787
Epoch 8 recon loss: 3194.4912924839
Epoch 9 recon loss: 3864.4773330579
Epoch 10 recon loss: 2825.4191064547
Epoch 11 recon loss: 3518.9674550727
Epoch 12 recon loss: 3095.3885299031
Epoch 13 recon loss: 3147.106483719
Epoch 14 recon loss: 2544.9132719474
Epoch 15 recon loss: 3097.7456373725
Epoch 16 recon loss: 3387.5268276969
Epoch 17 recon loss: 3485.2098904786
Epoch 18 recon loss: 2538.3570326423
Epoch 19 recon loss: 2109.979805577
Epoch 20 recon loss: 3050.1467401177
Epoch 21 recon loss: 2851.7900133578
Epoch 22 recon loss: 3344.8176697355
Epoch 23 recon loss: 2771.7337365745
Epoch 24 recon loss: 1850.7014386862
Epoch 25 recon loss: 3352.7453274369
Epoch 26 recon loss: 2190.6128757158
Epoch 27 recon loss: 2378.1181929079
Epoch 28 recon loss: 2597.373073987
Epoch 29 recon loss: 3220.1375312826
Epoch 30 recon loss: 1804.6930536399
Epoch 31 recon loss: 2350.4886160625
Epoch 32 recon loss: 2331.7922226761
Epoch 33 recon loss: 2216.5191509676
Epoch 34 recon loss: 2449.4562771629
Epoch 35 recon loss: 2582.4683558497
Epoch 36 recon loss: 2317.3900763747
Epoch 37 recon loss: 2938.7762292571
Epoch 38 recon loss: 2738.2562162297
Epoch 39 recon loss: 4130.8768829375

Latent space type: <class 'numpy.ndarray'>;
GEX encoded shape: torch.Size([69249, 10]);
ATAC encoded shape: torch.Size([69249, 10]);
Latent space shape: (69249, 20);

0.49712899211985484
   celltype_ari  celltype_ami  ...  batch_homogeneity  batch_complete
0      0.046613       0.27473  ...           0.832164        0.906508

[1 rows x 8 columns]
2022-12-18 14:27:26,462 - wandb.wandb_agent - INFO - Cleaning up finished run: f68q6enw
wandb: Waiting for W&B process to finish... (success).
wandb: - 0.006 MB of 0.006 MB uploaded (0.000 MB deduped)wandb: \ 0.006 MB of 0.025 MB uploaded (0.000 MB deduped)wandb: | 0.025 MB of 0.025 MB uploaded (0.000 MB deduped)wandb: 
wandb: Run history:
wandb:  recon loss █▅▃▃▃▂▂▂▂▂▂▂▂▂▁▂▂▂▁▁▂▂▂▂▁▂▁▁▁▂▁▁▁▁▁▁▁▂▁▂
wandb: total_score ▁
wandb: 
wandb: Run summary:
wandb:  recon loss 4130.87688
wandb: total_score 0.49713
wandb: 
wandb: Synced dandy-sweep-158: https://wandb.ai/team-single-cell/gex_atac_sweep/runs/f68q6enw
wandb: Synced 6 W&B file(s), 1 media file(s), 1 artifact file(s) and 0 other file(s)
wandb: Find logs at: ./wandb/run-20221218_140622-f68q6enw/logs
2022-12-18 14:27:31,402 - wandb.wandb_agent - INFO - Agent received command: run
2022-12-18 14:27:31,403 - wandb.wandb_agent - INFO - Agent starting run with config:
	atac_dim: 10000
	atac_weight: 11.943389994001148
	epochs: 20
	gex_dim: 5000
	gex_weight: 35.098420826234936
	init: xavier
	latent_dim: 10
	lr: 0.1
	model: [[1000, 200], [50, 100], [2000, 400], [100, 300]]
	weight_decay: 0.06627268195441029
2022-12-18 14:27:31,433 - wandb.wandb_agent - INFO - About to run command: /usr/bin/env python gex_atac_sweep.py --atac_dim=10000 --atac_weight=11.943389994001148 --epochs=20 --gex_dim=5000 --gex_weight=35.098420826234936 --init=xavier --latent_dim=10 --lr=0.1 "--model=[[1000, 200], [50, 100], [2000, 400], [100, 300]]" --weight_decay=0.06627268195441029
2022-12-18 14:27:36,472 - wandb.wandb_agent - INFO - Running runs: ['d96asbjh']
wandb: Currently logged in as: ange1o5 (team-single-cell). Use `wandb login --relogin` to force relogin
wandb: WARNING Ignored wandb.init() arg project when running a sweep.
wandb: WARNING Ignored wandb.init() arg entity when running a sweep.
wandb: Tracking run with wandb version 0.13.7
wandb: Run data is saved locally in /ssd003/home/angelo/single-cell-proj/repo/team_single_cell/experiments/scripts/wandb/run-20221218_142737-d96asbjh
wandb: Run `wandb offline` to turn off syncing.
wandb: Syncing run unique-sweep-455
wandb: ⭐️ View project at https://wandb.ai/team-single-cell/gex_atac_sweep
wandb: 🧹 View sweep at https://wandb.ai/team-single-cell/gex_atac_sweep/sweeps/j1snhit4
wandb: 🚀 View run at https://wandb.ai/team-single-cell/gex_atac_sweep/runs/d96asbjh
 UserWarning:/h/angelo/miniconda3/envs/single_cell_env/lib/python3.7/site-packages/scanpy/preprocessing/_highly_variable_genes.py:64: `flavor='seurat_v3'` expects raw count data, but non-integers were found.
Trying to set attribute `._uns` of view, copying.
Trying to set attribute `.var` of view, copying.
slurmstepd: error: *** JOB 8874588 ON gpu086 CANCELLED AT 2022-12-18T14:32:15 ***
