/h/angelo/single-cell-proj/repo/team_single_cell/experiments/jobs
gpu105
Sun Dec 18 14:07:20 EST 2022
wandb: Starting wandb agent 🕵️
2022-12-18 14:07:30,503 - wandb.wandb_agent - INFO - Running runs: []
2022-12-18 14:07:30,703 - wandb.wandb_agent - INFO - Agent received command: run
2022-12-18 14:07:30,704 - wandb.wandb_agent - INFO - Agent starting run with config:
	atac_dim: 7500
	atac_weight: 78.13718790801596
	epochs: 80
	gex_dim: 5000
	gex_weight: 92.05002287711744
	init: xavier
	latent_dim: 128
	lr: 0.1
	model: [[1000, 200], [50, 100], [2000, 400], [100, 300]]
	weight_decay: 0.004928449372019328
2022-12-18 14:07:30,712 - wandb.wandb_agent - INFO - About to run command: /usr/bin/env python gex_atac_sweep.py --atac_dim=7500 --atac_weight=78.13718790801596 --epochs=80 --gex_dim=5000 --gex_weight=92.05002287711744 --init=xavier --latent_dim=128 --lr=0.1 "--model=[[1000, 200], [50, 100], [2000, 400], [100, 300]]" --weight_decay=0.004928449372019328
2022-12-18 14:07:35,735 - wandb.wandb_agent - INFO - Running runs: ['y37ffci2']
wandb: Currently logged in as: ange1o5 (team-single-cell). Use `wandb login --relogin` to force relogin
wandb: WARNING Ignored wandb.init() arg project when running a sweep.
wandb: WARNING Ignored wandb.init() arg entity when running a sweep.
wandb: Tracking run with wandb version 0.13.7
wandb: Run data is saved locally in /ssd003/home/angelo/single-cell-proj/repo/team_single_cell/experiments/scripts/wandb/run-20221218_140739-y37ffci2
wandb: Run `wandb offline` to turn off syncing.
wandb: Syncing run dashing-sweep-215
wandb: ⭐️ View project at https://wandb.ai/team-single-cell/gex_atac_sweep
wandb: 🧹 View sweep at https://wandb.ai/team-single-cell/gex_atac_sweep/sweeps/j1snhit4
wandb: 🚀 View run at https://wandb.ai/team-single-cell/gex_atac_sweep/runs/y37ffci2
 UserWarning:/h/angelo/miniconda3/envs/single_cell_env/lib/python3.7/site-packages/scanpy/preprocessing/_highly_variable_genes.py:64: `flavor='seurat_v3'` expects raw count data, but non-integers were found.
Trying to set attribute `._uns` of view, copying.
Trying to set attribute `.var` of view, copying.
slurmstepd: error: *** JOB 8874645 ON gpu105 CANCELLED AT 2022-12-18T14:32:15 ***
