/h/angelo/single-cell-proj/repo/team_single_cell/experiments/jobs
gpu146.cluster.local
Sun Dec 18 14:05:21 EST 2022
wandb: Starting wandb agent 🕵️
2022-12-18 14:05:30,232 - wandb.wandb_agent - INFO - Running runs: []
2022-12-18 14:05:30,423 - wandb.wandb_agent - INFO - Agent received command: run
2022-12-18 14:05:30,423 - wandb.wandb_agent - INFO - Agent starting run with config:
	atac_dim: 7500
	atac_weight: 2.165384304140966
	epochs: 80
	gex_dim: 2500
	gex_weight: 56.09719760505798
	init: he
	latent_dim: 10
	lr: 0.0001
	model: [[1000, 200], [50, 100], [2000, 400], [100, 300]]
	weight_decay: 0.0187893545205146
2022-12-18 14:05:30,431 - wandb.wandb_agent - INFO - About to run command: /usr/bin/env python gex_atac_sweep.py --atac_dim=7500 --atac_weight=2.165384304140966 --epochs=80 --gex_dim=2500 --gex_weight=56.09719760505798 --init=he --latent_dim=10 --lr=0.0001 "--model=[[1000, 200], [50, 100], [2000, 400], [100, 300]]" --weight_decay=0.0187893545205146
wandb: Currently logged in as: ange1o5 (team-single-cell). Use `wandb login --relogin` to force relogin
wandb: WARNING Ignored wandb.init() arg project when running a sweep.
wandb: WARNING Ignored wandb.init() arg entity when running a sweep.
2022-12-18 14:05:35,462 - wandb.wandb_agent - INFO - Running runs: ['6adm4wl3']
wandb: Tracking run with wandb version 0.13.7
wandb: Run data is saved locally in /ssd003/home/angelo/single-cell-proj/repo/team_single_cell/experiments/scripts/wandb/run-20221218_140535-6adm4wl3
wandb: Run `wandb offline` to turn off syncing.
wandb: Syncing run twilight-sweep-115
wandb: ⭐️ View project at https://wandb.ai/team-single-cell/gex_atac_sweep
wandb: 🧹 View sweep at https://wandb.ai/team-single-cell/gex_atac_sweep/sweeps/j1snhit4
wandb: 🚀 View run at https://wandb.ai/team-single-cell/gex_atac_sweep/runs/6adm4wl3
 UserWarning:/h/angelo/miniconda3/envs/single_cell_env/lib/python3.7/site-packages/scanpy/preprocessing/_highly_variable_genes.py:64: `flavor='seurat_v3'` expects raw count data, but non-integers were found.
Trying to set attribute `._uns` of view, copying.
Trying to set attribute `.var` of view, copying.
2022-12-18 14:31:07.839573: I tensorflow/core/platform/cpu_feature_guard.cc:193] This TensorFlow binary is optimized with oneAPI Deep Neural Network Library (oneDNN) to use the following CPU instructions in performance-critical operations:  SSE4.1 SSE4.2 AVX AVX2 AVX512F AVX512_VNNI FMA
To enable them in other operations, rebuild TensorFlow with the appropriate compiler flags.
2022-12-18 14:31:08.057296: I tensorflow/core/util/util.cc:169] oneDNN custom operations are on. You may see slightly different numerical results due to floating-point round-off errors from different computation orders. To turn them off, set the environment variable `TF_ENABLE_ONEDNN_OPTS=0`.
slurmstepd: error: *** JOB 8874545 ON gpu146 CANCELLED AT 2022-12-18T14:32:15 ***
