/h/angelo/single-cell-proj/repo/team_single_cell/experiments/jobs
gpu132.cluster.local
Sun Dec 18 14:07:24 EST 2022
wandb: Starting wandb agent 🕵️
2022-12-18 14:07:34,985 - wandb.wandb_agent - INFO - Running runs: []
2022-12-18 14:07:35,210 - wandb.wandb_agent - INFO - Agent received command: run
2022-12-18 14:07:35,211 - wandb.wandb_agent - INFO - Agent starting run with config:
	atac_dim: 2500
	atac_weight: 19.39594350363184
	epochs: 60
	gex_dim: 2500
	gex_weight: 48.11460343285772
	init: he
	latent_dim: 10
	lr: 1e-05
	model: [[1200, 400, 100], [50, 100, 200], [1600, 600, 120], [60, 100, 150]]
	weight_decay: 0.07912661976886777
2022-12-18 14:07:35,218 - wandb.wandb_agent - INFO - About to run command: /usr/bin/env python gex_atac_sweep.py --atac_dim=2500 --atac_weight=19.39594350363184 --epochs=60 --gex_dim=2500 --gex_weight=48.11460343285772 --init=he --latent_dim=10 --lr=1e-05 "--model=[[1200, 400, 100], [50, 100, 200], [1600, 600, 120], [60, 100, 150]]" --weight_decay=0.07912661976886777
2022-12-18 14:07:40,233 - wandb.wandb_agent - INFO - Running runs: ['hmk9ncur']
wandb: Currently logged in as: ange1o5 (team-single-cell). Use `wandb login --relogin` to force relogin
wandb: WARNING Ignored wandb.init() arg project when running a sweep.
wandb: WARNING Ignored wandb.init() arg entity when running a sweep.
wandb: Tracking run with wandb version 0.13.7
wandb: Run data is saved locally in /ssd003/home/angelo/single-cell-proj/repo/team_single_cell/experiments/scripts/wandb/run-20221218_140742-hmk9ncur
wandb: Run `wandb offline` to turn off syncing.
wandb: Syncing run revived-sweep-224
wandb: ⭐️ View project at https://wandb.ai/team-single-cell/gex_atac_sweep
wandb: 🧹 View sweep at https://wandb.ai/team-single-cell/gex_atac_sweep/sweeps/j1snhit4
wandb: 🚀 View run at https://wandb.ai/team-single-cell/gex_atac_sweep/runs/hmk9ncur
 UserWarning:/h/angelo/miniconda3/envs/single_cell_env/lib/python3.7/site-packages/scanpy/preprocessing/_highly_variable_genes.py:64: `flavor='seurat_v3'` expects raw count data, but non-integers were found.
Trying to set attribute `._uns` of view, copying.
Trying to set attribute `.var` of view, copying.
2022-12-18 14:20:00.633164: I tensorflow/core/platform/cpu_feature_guard.cc:193] This TensorFlow binary is optimized with oneAPI Deep Neural Network Library (oneDNN) to use the following CPU instructions in performance-critical operations:  SSE4.1 SSE4.2 AVX AVX2 AVX512F AVX512_VNNI FMA
To enable them in other operations, rebuild TensorFlow with the appropriate compiler flags.
2022-12-18 14:20:01.475350: I tensorflow/core/util/util.cc:169] oneDNN custom operations are on. You may see slightly different numerical results due to floating-point round-off errors from different computation orders. To turn them off, set the environment variable `TF_ENABLE_ONEDNN_OPTS=0`.
 FutureWarning:/h/angelo/miniconda3/envs/single_cell_env/lib/python3.7/site-packages/anndata/_core/anndata.py:1228: The `inplace` parameter in pandas.Categorical.reorder_categories is deprecated and will be removed in a future version. Reordering categories will always return a new Categorical object.
... storing 'feature_types' as categorical
 FutureWarning:/h/angelo/miniconda3/envs/single_cell_env/lib/python3.7/site-packages/anndata/_core/anndata.py:1228: The `inplace` parameter in pandas.Categorical.reorder_categories is deprecated and will be removed in a future version. Reordering categories will always return a new Categorical object.
... storing 'gene_id' as categorical
Reading dataset...
Feature selecting GEX...
Feature selecting ATAC...

New GEX dim: 2500;
New ATAC dim: 2501;
AnnData dataset's shape: (69249, 5001)

Initializing dataset and dataloader...
The order of labels: ['s1d1', 's1d1', 's1d1', 's1d1', 's1d1', ..., 's4d9', 's4d9', 's4d9', 's4d9', 's4d9']
Length: 69249
Categories (13, object): ['s1d1', 's1d2', 's1d3', 's2d1', ..., 's3d10', 's4d1', 's4d8', 's4d9']
The device: cuda;

The model: DeepGexAtacMultiModalAutoencoder(
  (gex_encoder): Sequential(
    (0): Linear(in_features=2500, out_features=1200, bias=True)
    (1): BatchNorm1d(1200, eps=1e-05, momentum=0.1, affine=True, track_running_stats=True)
    (2): ReLU()
    (3): Dropout(p=0.1, inplace=False)
    (4): Linear(in_features=1200, out_features=400, bias=True)
    (5): BatchNorm1d(400, eps=1e-05, momentum=0.1, affine=True, track_running_stats=True)
    (6): ReLU()
    (7): Linear(in_features=400, out_features=100, bias=True)
    (8): BatchNorm1d(100, eps=1e-05, momentum=0.1, affine=True, track_running_stats=True)
    (9): ReLU()
    (10): Dropout(p=0.1, inplace=False)
    (11): Linear(in_features=100, out_features=5, bias=True)
    (12): ReLU()
  )
  (atac_encoder): Sequential(
    (0): Linear(in_features=2501, out_features=1600, bias=True)
    (1): BatchNorm1d(1600, eps=1e-05, momentum=0.1, affine=True, track_running_stats=True)
    (2): ReLU()
    (3): Dropout(p=0.1, inplace=False)
    (4): Linear(in_features=1600, out_features=600, bias=True)
    (5): BatchNorm1d(600, eps=1e-05, momentum=0.1, affine=True, track_running_stats=True)
    (6): ReLU()
    (7): Linear(in_features=600, out_features=120, bias=True)
    (8): BatchNorm1d(120, eps=1e-05, momentum=0.1, affine=True, track_running_stats=True)
    (9): ReLU()
    (10): Dropout(p=0.1, inplace=False)
    (11): Linear(in_features=120, out_features=5, bias=True)
    (12): ReLU()
  )
  (gex_decoder): Sequential(
    (0): Linear(in_features=10, out_features=50, bias=True)
    (1): BatchNorm1d(50, eps=1e-05, momentum=0.1, affine=True, track_running_stats=True)
    (2): ReLU()
    (3): Dropout(p=0.1, inplace=False)
    (4): Linear(in_features=50, out_features=100, bias=True)
    (5): BatchNorm1d(100, eps=1e-05, momentum=0.1, affine=True, track_running_stats=True)
    (6): ReLU()
    (7): Linear(in_features=100, out_features=200, bias=True)
    (8): BatchNorm1d(200, eps=1e-05, momentum=0.1, affine=True, track_running_stats=True)
    (9): ReLU()
    (10): Dropout(p=0.1, inplace=False)
    (11): Linear(in_features=200, out_features=2500, bias=True)
    (12): ReLU()
  )
  (atac_decoder): Sequential(
    (0): Linear(in_features=10, out_features=60, bias=True)
    (1): BatchNorm1d(60, eps=1e-05, momentum=0.1, affine=True, track_running_stats=True)
    (2): ReLU()
    (3): Dropout(p=0.1, inplace=False)
    (4): Linear(in_features=60, out_features=100, bias=True)
    (5): BatchNorm1d(100, eps=1e-05, momentum=0.1, affine=True, track_running_stats=True)
    (6): ReLU()
    (7): Linear(in_features=100, out_features=150, bias=True)
    (8): BatchNorm1d(150, eps=1e-05, momentum=0.1, affine=True, track_running_stats=True)
    (9): ReLU()
    (10): Dropout(p=0.1, inplace=False)
    (11): Linear(in_features=150, out_features=2501, bias=True)
    (12): Sigmoid()
  )
);
The dataset: <datasets.anndatadataset.AnnDataDataset object at 0x7fc98eabe690>;
The optimizer: Adam (
Parameter Group 0
    amsgrad: False
    betas: (0.9, 0.999)
    eps: 1e-08
    lr: 1e-05
    weight_decay: 0.07912661976886777
);

Epoch 0 recon loss: 7998.274190474
Epoch 1 recon loss: 7998.3988480043
Epoch 2 recon loss: 8157.1436555881
Epoch 3 recon loss: 8110.1141738097
Epoch 4 recon loss: 7716.8060810179
Epoch 5 recon loss: 8020.5205352894
Epoch 6 recon loss: 8193.0893971046
Epoch 7 recon loss: 8015.1037145244
Epoch 8 recon loss: 8009.3760331822
Epoch 9 recon loss: 8011.9355635313
Epoch 10 recon loss: 7809.413039099
Epoch 11 recon loss: 7856.7493460961
Epoch 12 recon loss: 7664.9039571246
Epoch 13 recon loss: 7776.1381354772
Epoch 14 recon loss: 7729.4862353886
Epoch 15 recon loss: 8117.1254776863
Epoch 16 recon loss: 7805.7853194019
Epoch 17 recon loss: 7783.9661149714
Epoch 18 recon loss: 7851.7002361575
Epoch 19 recon loss: 7797.4051549875
Epoch 20 recon loss: 7721.1629046621
Epoch 21 recon loss: 8125.7894114246
Epoch 22 recon loss: 8002.2713451668
Epoch 23 recon loss: 7828.5109550984
Epoch 24 recon loss: 7956.580176174
Epoch 25 recon loss: 7611.8695207034
Epoch 26 recon loss: 7846.1656208958
Epoch 27 recon loss: 8087.1191676481
Epoch 28 recon loss: 7822.9875588439
Epoch 29 recon loss: 7624.3843728246
Epoch 30 recon loss: 7847.9883608025
Epoch 31 recon loss: 7846.351176671
Epoch 32 recon loss: 7709.5236931252
Epoch 33 recon loss: 7724.3239086276
Epoch 34 recon loss: 7918.2497318879
Epoch 35 recon loss: 7917.3702660043
Epoch 36 recon loss: 7783.4961349197
Epoch 37 recon loss: 7850.1081689251
Epoch 38 recon loss: 7933.2690744455
Epoch 39 recon loss: 7804.9194699976
Epoch 40 recon loss: 8034.3799676176
Epoch 41 recon loss: 7924.552530971
Epoch 42 recon loss: 8025.4423072258
Epoch 43 recon loss: 7877.5371556618
Epoch 44 recon loss: 7526.0626912837
Epoch 45 recon loss: 7622.4403819057
Epoch 46 recon loss: 7641.8322476471
Epoch 47 recon loss: 7936.1961429427
Epoch 48 recon loss: 7889.5945548229
Epoch 49 recon loss: 7563.5434548697
Epoch 50 recon loss: 7658.7001194372
Epoch 51 recon loss: 7824.58500219
Epoch 52 recon loss: 7782.4435153749
Epoch 53 recon loss: 7809.2516625524
Epoch 54 recon loss: 7629.0916235312
Epoch 55 recon loss: 7918.8816962787
Epoch 56 recon loss: 7854.3702884218
Epoch 57 recon loss: 7818.9853478729
Epoch 58 recon loss: 7814.5042166719
Epoch 59 recon loss: 7636.2293302717

Latent space type: <class 'numpy.ndarray'>;
GEX encoded shape: torch.Size([69249, 5]);
ATAC encoded shape: torch.Size([69249, 5]);
Latent space shape: (69249, 10);

0.43298075747336023
   celltype_ari  celltype_ami  ...  batch_homogeneity  batch_complete
0      0.019123      0.096552  ...           0.913673         0.95701

[1 rows x 8 columns]
2022-12-18 14:25:10,820 - wandb.wandb_agent - INFO - Cleaning up finished run: hmk9ncur
wandb: Waiting for W&B process to finish... (success).
wandb: - 0.007 MB of 0.027 MB uploaded (0.000 MB deduped)wandb: 
wandb: Run history:
wandb:  recon loss ▆▆▇▃█▆▆▄▂▃▇▄▄▄▇▆▅▂▇▄▄▄▃▅▃▄▄▆▆▄▂▂▅▁▄▃▂▅▄▂
wandb: total_score ▁
wandb: 
wandb: Run summary:
wandb:  recon loss 7636.22933
wandb: total_score 0.43298
wandb: 
wandb: Synced revived-sweep-224: https://wandb.ai/team-single-cell/gex_atac_sweep/runs/hmk9ncur
wandb: Synced 6 W&B file(s), 1 media file(s), 1 artifact file(s) and 0 other file(s)
wandb: Find logs at: ./wandb/run-20221218_140742-hmk9ncur/logs
2022-12-18 14:25:14,381 - wandb.wandb_agent - INFO - Agent received command: run
2022-12-18 14:25:14,385 - wandb.wandb_agent - INFO - Agent starting run with config:
	atac_dim: 7500
	atac_weight: 7.694936168342501
	epochs: 80
	gex_dim: 2500
	gex_weight: 38.45696610100803
	init: he
	latent_dim: 20
	lr: 1e-05
	model: [[1600, 800, 400, 100], [40, 60, 100, 150], [1800, 800, 400, 100], [40, 60, 120, 200]]
	weight_decay: 0.05748175981524234
2022-12-18 14:25:14,491 - wandb.wandb_agent - INFO - About to run command: /usr/bin/env python gex_atac_sweep.py --atac_dim=7500 --atac_weight=7.694936168342501 --epochs=80 --gex_dim=2500 --gex_weight=38.45696610100803 --init=he --latent_dim=20 --lr=1e-05 "--model=[[1600, 800, 400, 100], [40, 60, 100, 150], [1800, 800, 400, 100], [40, 60, 120, 200]]" --weight_decay=0.05748175981524234
wandb: Currently logged in as: ange1o5 (team-single-cell). Use `wandb login --relogin` to force relogin
wandb: WARNING Ignored wandb.init() arg project when running a sweep.
wandb: WARNING Ignored wandb.init() arg entity when running a sweep.
2022-12-18 14:25:19,578 - wandb.wandb_agent - INFO - Running runs: ['do3om9h9']
wandb: Tracking run with wandb version 0.13.7
wandb: Run data is saved locally in /ssd003/home/angelo/single-cell-proj/repo/team_single_cell/experiments/scripts/wandb/run-20221218_142519-do3om9h9
wandb: Run `wandb offline` to turn off syncing.
wandb: Syncing run northern-sweep-431
wandb: ⭐️ View project at https://wandb.ai/team-single-cell/gex_atac_sweep
wandb: 🧹 View sweep at https://wandb.ai/team-single-cell/gex_atac_sweep/sweeps/j1snhit4
wandb: 🚀 View run at https://wandb.ai/team-single-cell/gex_atac_sweep/runs/do3om9h9
 UserWarning:/h/angelo/miniconda3/envs/single_cell_env/lib/python3.7/site-packages/scanpy/preprocessing/_highly_variable_genes.py:64: `flavor='seurat_v3'` expects raw count data, but non-integers were found.
Trying to set attribute `._uns` of view, copying.
Trying to set attribute `.var` of view, copying.
slurmstepd: error: *** JOB 8874655 ON gpu132 CANCELLED AT 2022-12-18T14:32:15 ***
