/h/angelo/single-cell-proj/repo/team_single_cell/experiments/jobs
gpu173.cluster.local
Sun Dec 18 14:09:46 EST 2022
wandb: Starting wandb agent 🕵️
2022-12-18 14:09:56,797 - wandb.wandb_agent - INFO - Running runs: []
2022-12-18 14:09:56,998 - wandb.wandb_agent - INFO - Agent received command: run
2022-12-18 14:09:56,999 - wandb.wandb_agent - INFO - Agent starting run with config:
	atac_dim: 2500
	atac_weight: 59.600476188991216
	epochs: 40
	gex_dim: 5000
	gex_weight: 79.48056818702506
	init: xavier
	latent_dim: 128
	lr: 1e-05
	model: [[1000, 200], [50, 100], [2000, 400], [100, 300]]
	weight_decay: 0.08972332494938695
2022-12-18 14:09:57,007 - wandb.wandb_agent - INFO - About to run command: /usr/bin/env python gex_atac_sweep.py --atac_dim=2500 --atac_weight=59.600476188991216 --epochs=40 --gex_dim=5000 --gex_weight=79.48056818702506 --init=xavier --latent_dim=128 --lr=1e-05 "--model=[[1000, 200], [50, 100], [2000, 400], [100, 300]]" --weight_decay=0.08972332494938695
2022-12-18 14:10:02,025 - wandb.wandb_agent - INFO - Running runs: ['3mz5rn2s']
wandb: Currently logged in as: ange1o5 (team-single-cell). Use `wandb login --relogin` to force relogin
wandb: WARNING Ignored wandb.init() arg project when running a sweep.
wandb: WARNING Ignored wandb.init() arg entity when running a sweep.
wandb: Tracking run with wandb version 0.13.7
wandb: Run data is saved locally in /ssd003/home/angelo/single-cell-proj/repo/team_single_cell/experiments/scripts/wandb/run-20221218_141005-3mz5rn2s
wandb: Run `wandb offline` to turn off syncing.
wandb: Syncing run worldly-sweep-294
wandb: ⭐️ View project at https://wandb.ai/team-single-cell/gex_atac_sweep
wandb: 🧹 View sweep at https://wandb.ai/team-single-cell/gex_atac_sweep/sweeps/j1snhit4
wandb: 🚀 View run at https://wandb.ai/team-single-cell/gex_atac_sweep/runs/3mz5rn2s
 UserWarning:/h/angelo/miniconda3/envs/single_cell_env/lib/python3.7/site-packages/scanpy/preprocessing/_highly_variable_genes.py:64: `flavor='seurat_v3'` expects raw count data, but non-integers were found.
Trying to set attribute `._uns` of view, copying.
Trying to set attribute `.var` of view, copying.
2022-12-18 14:20:25.426489: I tensorflow/core/platform/cpu_feature_guard.cc:193] This TensorFlow binary is optimized with oneAPI Deep Neural Network Library (oneDNN) to use the following CPU instructions in performance-critical operations:  SSE4.1 SSE4.2 AVX AVX2 AVX512F AVX512_VNNI FMA
To enable them in other operations, rebuild TensorFlow with the appropriate compiler flags.
2022-12-18 14:20:25.804865: I tensorflow/core/util/util.cc:169] oneDNN custom operations are on. You may see slightly different numerical results due to floating-point round-off errors from different computation orders. To turn them off, set the environment variable `TF_ENABLE_ONEDNN_OPTS=0`.
 FutureWarning:/h/angelo/miniconda3/envs/single_cell_env/lib/python3.7/site-packages/anndata/_core/anndata.py:1228: The `inplace` parameter in pandas.Categorical.reorder_categories is deprecated and will be removed in a future version. Reordering categories will always return a new Categorical object.
... storing 'feature_types' as categorical
 FutureWarning:/h/angelo/miniconda3/envs/single_cell_env/lib/python3.7/site-packages/anndata/_core/anndata.py:1228: The `inplace` parameter in pandas.Categorical.reorder_categories is deprecated and will be removed in a future version. Reordering categories will always return a new Categorical object.
... storing 'gene_id' as categorical
Reading dataset...
Feature selecting GEX...
Feature selecting ATAC...

New GEX dim: 5000;
New ATAC dim: 2501;
AnnData dataset's shape: (69249, 7501)

Initializing dataset and dataloader...
The order of labels: ['s1d1', 's1d1', 's1d1', 's1d1', 's1d1', ..., 's4d9', 's4d9', 's4d9', 's4d9', 's4d9']
Length: 69249
Categories (13, object): ['s1d1', 's1d2', 's1d3', 's2d1', ..., 's3d10', 's4d1', 's4d8', 's4d9']
The device: cuda;

The model: DeepGexAtacMultiModalAutoencoder(
  (gex_encoder): Sequential(
    (0): Linear(in_features=5000, out_features=1000, bias=True)
    (1): BatchNorm1d(1000, eps=1e-05, momentum=0.1, affine=True, track_running_stats=True)
    (2): ReLU()
    (3): Dropout(p=0.1, inplace=False)
    (4): Linear(in_features=1000, out_features=200, bias=True)
    (5): BatchNorm1d(200, eps=1e-05, momentum=0.1, affine=True, track_running_stats=True)
    (6): ReLU()
    (7): Linear(in_features=200, out_features=64, bias=True)
    (8): ReLU()
  )
  (atac_encoder): Sequential(
    (0): Linear(in_features=2501, out_features=2000, bias=True)
    (1): BatchNorm1d(2000, eps=1e-05, momentum=0.1, affine=True, track_running_stats=True)
    (2): ReLU()
    (3): Dropout(p=0.1, inplace=False)
    (4): Linear(in_features=2000, out_features=400, bias=True)
    (5): BatchNorm1d(400, eps=1e-05, momentum=0.1, affine=True, track_running_stats=True)
    (6): ReLU()
    (7): Linear(in_features=400, out_features=64, bias=True)
    (8): ReLU()
  )
  (gex_decoder): Sequential(
    (0): Linear(in_features=128, out_features=50, bias=True)
    (1): BatchNorm1d(50, eps=1e-05, momentum=0.1, affine=True, track_running_stats=True)
    (2): ReLU()
    (3): Dropout(p=0.1, inplace=False)
    (4): Linear(in_features=50, out_features=100, bias=True)
    (5): BatchNorm1d(100, eps=1e-05, momentum=0.1, affine=True, track_running_stats=True)
    (6): ReLU()
    (7): Linear(in_features=100, out_features=5000, bias=True)
    (8): ReLU()
  )
  (atac_decoder): Sequential(
    (0): Linear(in_features=128, out_features=100, bias=True)
    (1): BatchNorm1d(100, eps=1e-05, momentum=0.1, affine=True, track_running_stats=True)
    (2): ReLU()
    (3): Dropout(p=0.1, inplace=False)
    (4): Linear(in_features=100, out_features=300, bias=True)
    (5): BatchNorm1d(300, eps=1e-05, momentum=0.1, affine=True, track_running_stats=True)
    (6): ReLU()
    (7): Linear(in_features=300, out_features=2501, bias=True)
    (8): Sigmoid()
  )
);
The dataset: <datasets.anndatadataset.AnnDataDataset object at 0x7fe8e80db6d0>;
The optimizer: Adam (
Parameter Group 0
    amsgrad: False
    betas: (0.9, 0.999)
    eps: 1e-08
    lr: 1e-05
    weight_decay: 0.08972332494938695
);

Epoch 0 recon loss: 6558.8835912603
Epoch 1 recon loss: 6729.037754273
Epoch 2 recon loss: 6663.2589126752
Epoch 3 recon loss: 6633.4671013046
Epoch 4 recon loss: 6581.4674523485
Epoch 5 recon loss: 6598.4735420268
Epoch 6 recon loss: 6793.2324446136
Epoch 7 recon loss: 6746.2995193936
Epoch 8 recon loss: 6760.3480330499
Epoch 9 recon loss: 6595.5442278701
Epoch 10 recon loss: 6568.8227825232
Epoch 11 recon loss: 6743.4819675904
Epoch 12 recon loss: 6578.4288780182
Epoch 13 recon loss: 6711.5078164047
Epoch 14 recon loss: 6547.9968414979
Epoch 15 recon loss: 6673.3940814631
Epoch 16 recon loss: 6673.4888595257
Epoch 17 recon loss: 6576.5772113071
Epoch 18 recon loss: 6247.3539679851
Epoch 19 recon loss: 6445.9840754431
Epoch 20 recon loss: 6333.9633233428
Epoch 21 recon loss: 6731.0076911176
Epoch 22 recon loss: 6659.9772219308
Epoch 23 recon loss: 6605.6252755999
Epoch 24 recon loss: 6413.863608381
Epoch 25 recon loss: 6487.0815800458
Epoch 26 recon loss: 6285.1661520379
Epoch 27 recon loss: 6531.1714297616
Epoch 28 recon loss: 6511.8910638011
Epoch 29 recon loss: 6515.2931116538
Epoch 30 recon loss: 6520.3374047888
Epoch 31 recon loss: 6624.0940603347
Epoch 32 recon loss: 6595.9390243906
Epoch 33 recon loss: 6646.7768115741
Epoch 34 recon loss: 6511.6165839084
Epoch 35 recon loss: 6292.9239564822
Epoch 36 recon loss: 6405.7649584313
Epoch 37 recon loss: 6522.7445623732
Epoch 38 recon loss: 6790.7277788501
Epoch 39 recon loss: 6366.4044420363

Latent space type: <class 'numpy.ndarray'>;
GEX encoded shape: torch.Size([69249, 64]);
ATAC encoded shape: torch.Size([69249, 64]);
Latent space shape: (69249, 128);

0.46589414898990505
   celltype_ari  celltype_ami  ...  batch_homogeneity  batch_complete
0      0.068213      0.198586  ...           0.895031        0.904942

[1 rows x 8 columns]
2022-12-18 14:23:19,053 - wandb.wandb_agent - INFO - Cleaning up finished run: 3mz5rn2s
wandb: Waiting for W&B process to finish... (success).
wandb: 
wandb: Run history:
wandb:  recon loss ▅▇▆▆▅▆█▇█▅▅▇▅▇▅▆▆▅▁▄▂▇▆▆▃▄▁▅▄▄▅▆▅▆▄▂▃▅█▃
wandb: total_score ▁
wandb: 
wandb: Run summary:
wandb:  recon loss 6366.40444
wandb: total_score 0.46589
wandb: 
wandb: Synced worldly-sweep-294: https://wandb.ai/team-single-cell/gex_atac_sweep/runs/3mz5rn2s
wandb: Synced 6 W&B file(s), 1 media file(s), 1 artifact file(s) and 0 other file(s)
wandb: Find logs at: ./wandb/run-20221218_141005-3mz5rn2s/logs
2022-12-18 14:23:25,279 - wandb.wandb_agent - INFO - Agent received command: run
2022-12-18 14:23:25,296 - wandb.wandb_agent - INFO - Agent starting run with config:
	atac_dim: 7500
	atac_weight: 27.46648607745156
	epochs: 80
	gex_dim: 5000
	gex_weight: 46.52341933297098
	init: he
	latent_dim: 128
	lr: 0.1
	model: [[1200, 400, 100], [50, 100, 200], [1600, 600, 120], [60, 100, 150]]
	weight_decay: 0.029187908217130267
2022-12-18 14:23:25,485 - wandb.wandb_agent - INFO - About to run command: /usr/bin/env python gex_atac_sweep.py --atac_dim=7500 --atac_weight=27.46648607745156 --epochs=80 --gex_dim=5000 --gex_weight=46.52341933297098 --init=he --latent_dim=128 --lr=0.1 "--model=[[1200, 400, 100], [50, 100, 200], [1600, 600, 120], [60, 100, 150]]" --weight_decay=0.029187908217130267
2022-12-18 14:23:30,617 - wandb.wandb_agent - INFO - Running runs: ['jd4hk8bh']
wandb: Currently logged in as: ange1o5 (team-single-cell). Use `wandb login --relogin` to force relogin
wandb: WARNING Ignored wandb.init() arg project when running a sweep.
wandb: WARNING Ignored wandb.init() arg entity when running a sweep.
wandb: Tracking run with wandb version 0.13.7
wandb: Run data is saved locally in /ssd003/home/angelo/single-cell-proj/repo/team_single_cell/experiments/scripts/wandb/run-20221218_142335-jd4hk8bh
wandb: Run `wandb offline` to turn off syncing.
wandb: Syncing run dutiful-sweep-421
wandb: ⭐️ View project at https://wandb.ai/team-single-cell/gex_atac_sweep
wandb: 🧹 View sweep at https://wandb.ai/team-single-cell/gex_atac_sweep/sweeps/j1snhit4
wandb: 🚀 View run at https://wandb.ai/team-single-cell/gex_atac_sweep/runs/jd4hk8bh
 UserWarning:/h/angelo/miniconda3/envs/single_cell_env/lib/python3.7/site-packages/scanpy/preprocessing/_highly_variable_genes.py:64: `flavor='seurat_v3'` expects raw count data, but non-integers were found.
Trying to set attribute `._uns` of view, copying.
Trying to set attribute `.var` of view, copying.
slurmstepd: error: *** JOB 8874729 ON gpu173 CANCELLED AT 2022-12-18T14:32:15 ***
