/h/angelo/single-cell-proj/repo/team_single_cell/experiments/jobs
gpu070
Sun Dec 18 14:06:26 EST 2022
wandb: Starting wandb agent 🕵️
2022-12-18 14:06:35,755 - wandb.wandb_agent - INFO - Running runs: []
2022-12-18 14:06:35,984 - wandb.wandb_agent - INFO - Agent received command: run
2022-12-18 14:06:35,984 - wandb.wandb_agent - INFO - Agent starting run with config:
	atac_dim: 5000
	atac_weight: 83.19327576692889
	epochs: 40
	gex_dim: 2500
	gex_weight: 61.42991608111542
	init: xavier
	latent_dim: 10
	lr: 0.001
	model: [[1600, 800, 400, 100], [40, 60, 100, 150], [1800, 800, 400, 100], [40, 60, 120, 200]]
	weight_decay: 0.08890988384480114
2022-12-18 14:06:35,994 - wandb.wandb_agent - INFO - About to run command: /usr/bin/env python gex_atac_sweep.py --atac_dim=5000 --atac_weight=83.19327576692889 --epochs=40 --gex_dim=2500 --gex_weight=61.42991608111542 --init=xavier --latent_dim=10 --lr=0.001 "--model=[[1600, 800, 400, 100], [40, 60, 100, 150], [1800, 800, 400, 100], [40, 60, 120, 200]]" --weight_decay=0.08890988384480114
2022-12-18 14:06:41,007 - wandb.wandb_agent - INFO - Running runs: ['54u1e6l2']
wandb: Currently logged in as: ange1o5 (team-single-cell). Use `wandb login --relogin` to force relogin
wandb: WARNING Ignored wandb.init() arg project when running a sweep.
wandb: WARNING Ignored wandb.init() arg entity when running a sweep.
wandb: Tracking run with wandb version 0.13.7
wandb: Run data is saved locally in /ssd003/home/angelo/single-cell-proj/repo/team_single_cell/experiments/scripts/wandb/run-20221218_140641-54u1e6l2
wandb: Run `wandb offline` to turn off syncing.
wandb: Syncing run fresh-sweep-175
wandb: ⭐️ View project at https://wandb.ai/team-single-cell/gex_atac_sweep
wandb: 🧹 View sweep at https://wandb.ai/team-single-cell/gex_atac_sweep/sweeps/j1snhit4
wandb: 🚀 View run at https://wandb.ai/team-single-cell/gex_atac_sweep/runs/54u1e6l2
 UserWarning:/h/angelo/miniconda3/envs/single_cell_env/lib/python3.7/site-packages/scanpy/preprocessing/_highly_variable_genes.py:64: `flavor='seurat_v3'` expects raw count data, but non-integers were found.
Trying to set attribute `._uns` of view, copying.
Trying to set attribute `.var` of view, copying.
2022-12-18 14:28:48.432622: I tensorflow/core/platform/cpu_feature_guard.cc:193] This TensorFlow binary is optimized with oneAPI Deep Neural Network Library (oneDNN) to use the following CPU instructions in performance-critical operations:  SSE4.1 SSE4.2 AVX AVX2 AVX512F FMA
To enable them in other operations, rebuild TensorFlow with the appropriate compiler flags.
 FutureWarning:/h/angelo/miniconda3/envs/single_cell_env/lib/python3.7/site-packages/anndata/_core/anndata.py:1228: The `inplace` parameter in pandas.Categorical.reorder_categories is deprecated and will be removed in a future version. Reordering categories will always return a new Categorical object.
... storing 'feature_types' as categorical
 FutureWarning:/h/angelo/miniconda3/envs/single_cell_env/lib/python3.7/site-packages/anndata/_core/anndata.py:1228: The `inplace` parameter in pandas.Categorical.reorder_categories is deprecated and will be removed in a future version. Reordering categories will always return a new Categorical object.
... storing 'gene_id' as categorical
Reading dataset...
Feature selecting GEX...
Feature selecting ATAC...

New GEX dim: 2500;
New ATAC dim: 5001;
AnnData dataset's shape: (69249, 7501)

Initializing dataset and dataloader...
The order of labels: ['s1d1', 's1d1', 's1d1', 's1d1', 's1d1', ..., 's4d9', 's4d9', 's4d9', 's4d9', 's4d9']
Length: 69249
Categories (13, object): ['s1d1', 's1d2', 's1d3', 's2d1', ..., 's3d10', 's4d1', 's4d8', 's4d9']
The device: cuda;

The model: DeepGexAtacMultiModalAutoencoder(
  (gex_encoder): Sequential(
    (0): Linear(in_features=2500, out_features=1600, bias=True)
    (1): BatchNorm1d(1600, eps=1e-05, momentum=0.1, affine=True, track_running_stats=True)
    (2): ReLU()
    (3): Dropout(p=0.1, inplace=False)
    (4): Linear(in_features=1600, out_features=800, bias=True)
    (5): BatchNorm1d(800, eps=1e-05, momentum=0.1, affine=True, track_running_stats=True)
    (6): ReLU()
    (7): Linear(in_features=800, out_features=400, bias=True)
    (8): BatchNorm1d(400, eps=1e-05, momentum=0.1, affine=True, track_running_stats=True)
    (9): ReLU()
    (10): Dropout(p=0.1, inplace=False)
    (11): Linear(in_features=400, out_features=100, bias=True)
    (12): BatchNorm1d(100, eps=1e-05, momentum=0.1, affine=True, track_running_stats=True)
    (13): ReLU()
    (14): Linear(in_features=100, out_features=5, bias=True)
    (15): ReLU()
  )
  (atac_encoder): Sequential(
    (0): Linear(in_features=5001, out_features=1800, bias=True)
    (1): BatchNorm1d(1800, eps=1e-05, momentum=0.1, affine=True, track_running_stats=True)
    (2): ReLU()
    (3): Dropout(p=0.1, inplace=False)
    (4): Linear(in_features=1800, out_features=800, bias=True)
    (5): BatchNorm1d(800, eps=1e-05, momentum=0.1, affine=True, track_running_stats=True)
    (6): ReLU()
    (7): Linear(in_features=800, out_features=400, bias=True)
    (8): BatchNorm1d(400, eps=1e-05, momentum=0.1, affine=True, track_running_stats=True)
    (9): ReLU()
    (10): Dropout(p=0.1, inplace=False)
    (11): Linear(in_features=400, out_features=100, bias=True)
    (12): BatchNorm1d(100, eps=1e-05, momentum=0.1, affine=True, track_running_stats=True)
    (13): ReLU()
    (14): Linear(in_features=100, out_features=5, bias=True)
    (15): ReLU()
  )
  (gex_decoder): Sequential(
    (0): Linear(in_features=10, out_features=40, bias=True)
    (1): BatchNorm1d(40, eps=1e-05, momentum=0.1, affine=True, track_running_stats=True)
    (2): ReLU()
    (3): Dropout(p=0.1, inplace=False)
    (4): Linear(in_features=40, out_features=60, bias=True)
    (5): BatchNorm1d(60, eps=1e-05, momentum=0.1, affine=True, track_running_stats=True)
    (6): ReLU()
    (7): Linear(in_features=60, out_features=100, bias=True)
    (8): BatchNorm1d(100, eps=1e-05, momentum=0.1, affine=True, track_running_stats=True)
    (9): ReLU()
    (10): Dropout(p=0.1, inplace=False)
    (11): Linear(in_features=100, out_features=150, bias=True)
    (12): BatchNorm1d(150, eps=1e-05, momentum=0.1, affine=True, track_running_stats=True)
    (13): ReLU()
    (14): Linear(in_features=150, out_features=2500, bias=True)
    (15): ReLU()
  )
  (atac_decoder): Sequential(
    (0): Linear(in_features=10, out_features=40, bias=True)
    (1): BatchNorm1d(40, eps=1e-05, momentum=0.1, affine=True, track_running_stats=True)
    (2): ReLU()
    (3): Dropout(p=0.1, inplace=False)
    (4): Linear(in_features=40, out_features=60, bias=True)
    (5): BatchNorm1d(60, eps=1e-05, momentum=0.1, affine=True, track_running_stats=True)
    (6): ReLU()
    (7): Linear(in_features=60, out_features=120, bias=True)
    (8): BatchNorm1d(120, eps=1e-05, momentum=0.1, affine=True, track_running_stats=True)
    (9): ReLU()
    (10): Dropout(p=0.1, inplace=False)
    (11): Linear(in_features=120, out_features=200, bias=True)
    (12): BatchNorm1d(200, eps=1e-05, momentum=0.1, affine=True, track_running_stats=True)
    (13): ReLU()
    (14): Linear(in_features=200, out_features=5001, bias=True)
    (15): Sigmoid()
  )
);
The dataset: <datasets.anndatadataset.AnnDataDataset object at 0x7fea801eedd0>;
The optimizer: Adam (
Parameter Group 0
    amsgrad: False
    betas: (0.9, 0.999)
    eps: 1e-08
    lr: 0.001
    weight_decay: 0.08890988384480114
);

Epoch 0 recon loss: 9829.9597844501
Epoch 1 recon loss: 10059.9842607942
Epoch 2 recon loss: 9780.7417886682
Epoch 3 recon loss: 9281.4350485198
Epoch 4 recon loss: 8936.0130336049
Epoch 5 recon loss: 8803.9197186197
Epoch 6 recon loss: 8769.627264786
Epoch 7 recon loss: 8523.0363535606
Epoch 8 recon loss: 8143.2134931679
Epoch 9 recon loss: 8101.9445073036
Epoch 10 recon loss: 7868.5314874183
Epoch 11 recon loss: 7647.6510693357
Epoch 12 recon loss: 7592.4696360155
Epoch 13 recon loss: 7361.0074534984
Epoch 14 recon loss: 6975.2558600668
Epoch 15 recon loss: 6625.7700577564
Epoch 16 recon loss: 6564.5231781103
Epoch 17 recon loss: 6464.938258298
Epoch 18 recon loss: 6318.7511721826
Epoch 19 recon loss: 5685.7874822476
Epoch 20 recon loss: 5786.3782368533
Epoch 21 recon loss: 5620.0683785076
Epoch 22 recon loss: 5529.5296201995
Epoch 23 recon loss: 5236.9881248559
Epoch 24 recon loss: 4981.7154108236
Epoch 25 recon loss: 4766.0228807529
Epoch 26 recon loss: 4681.89114277
Epoch 27 recon loss: 4295.9938066968
Epoch 28 recon loss: 4304.2261551647
Epoch 29 recon loss: 4203.3836450715
Epoch 30 recon loss: 4042.0885299329
Epoch 31 recon loss: 3875.3509739159
Epoch 32 recon loss: 3672.4139058481
Epoch 33 recon loss: 3512.7762567345
Epoch 34 recon loss: 3287.4751594878
Epoch 35 recon loss: 3400.3532341092
Epoch 36 recon loss: 3320.0955700314
Epoch 37 recon loss: 3282.6488905634
Epoch 38 recon loss: 3076.9921443395
Epoch 39 recon loss: 3075.351651596

Latent space type: <class 'numpy.ndarray'>;
GEX encoded shape: torch.Size([69249, 5]);
ATAC encoded shape: torch.Size([69249, 5]);
Latent space shape: (69249, 10);

0.46754372188310833
   celltype_ari  celltype_ami  ...  batch_homogeneity  batch_complete
0      0.047816      0.213036  ...           0.852465        0.905361

[1 rows x 8 columns]
2022-12-18 14:32:05,676 - wandb.wandb_agent - INFO - Cleaning up finished run: 54u1e6l2
wandb: Waiting for W&B process to finish... (success).
wandb: 
wandb: Run history:
wandb:  recon loss ███▇▇▇▇▆▆▆▆▆▆▅▅▅▄▄▄▄▄▄▃▃▃▃▃▂▂▂▂▂▂▁▁▁▁▁▁▁
wandb: total_score ▁
wandb: 
wandb: Run summary:
wandb:  recon loss 3075.35165
wandb: total_score 0.46754
wandb: 
wandb: Synced fresh-sweep-175: https://wandb.ai/team-single-cell/gex_atac_sweep/runs/54u1e6l2
wandb: Synced 6 W&B file(s), 1 media file(s), 1 artifact file(s) and 0 other file(s)
wandb: Find logs at: ./wandb/run-20221218_140641-54u1e6l2/logs
2022-12-18 14:32:11,327 - wandb.wandb_agent - INFO - Agent received command: run
2022-12-18 14:32:11,327 - wandb.wandb_agent - INFO - Agent starting run with config:
	atac_dim: 10000
	atac_weight: 29.188720704996292
	epochs: 60
	gex_dim: 5000
	gex_weight: 37.38550989709893
	init: he
	latent_dim: 128
	lr: 0.001
	model: [[1600, 800, 400, 100], [40, 60, 100, 150], [1800, 800, 400, 100], [40, 60, 120, 200]]
	weight_decay: 0.02133613883598741
2022-12-18 14:32:11,338 - wandb.wandb_agent - INFO - About to run command: /usr/bin/env python gex_atac_sweep.py --atac_dim=10000 --atac_weight=29.188720704996292 --epochs=60 --gex_dim=5000 --gex_weight=37.38550989709893 --init=he --latent_dim=128 --lr=0.001 "--model=[[1600, 800, 400, 100], [40, 60, 100, 150], [1800, 800, 400, 100], [40, 60, 120, 200]]" --weight_decay=0.02133613883598741
slurmstepd: error: *** JOB 8874605 ON gpu070 CANCELLED AT 2022-12-18T14:32:15 ***
