/h/angelo/single-cell-proj/repo/team_single_cell/experiments/jobs
gpu138.cluster.local
Sun Dec 18 14:07:56 EST 2022
wandb: Starting wandb agent 🕵️
2022-12-18 14:08:05,843 - wandb.wandb_agent - INFO - Running runs: []
2022-12-18 14:08:06,052 - wandb.wandb_agent - INFO - Agent received command: run
2022-12-18 14:08:06,052 - wandb.wandb_agent - INFO - Agent starting run with config:
	atac_dim: 7500
	atac_weight: 29.534159341578093
	epochs: 40
	gex_dim: 1000
	gex_weight: 30.31572091503479
	init: he
	latent_dim: 64
	lr: 0.1
	model: [[1000, 200], [50, 100], [2000, 400], [100, 300]]
	weight_decay: 0.09841114785199888
2022-12-18 14:08:06,061 - wandb.wandb_agent - INFO - About to run command: /usr/bin/env python gex_atac_sweep.py --atac_dim=7500 --atac_weight=29.534159341578093 --epochs=40 --gex_dim=1000 --gex_weight=30.31572091503479 --init=he --latent_dim=64 --lr=0.1 "--model=[[1000, 200], [50, 100], [2000, 400], [100, 300]]" --weight_decay=0.09841114785199888
2022-12-18 14:08:11,084 - wandb.wandb_agent - INFO - Running runs: ['73340tg5']
wandb: Currently logged in as: ange1o5 (team-single-cell). Use `wandb login --relogin` to force relogin
wandb: WARNING Ignored wandb.init() arg project when running a sweep.
wandb: WARNING Ignored wandb.init() arg entity when running a sweep.
wandb: Tracking run with wandb version 0.13.7
wandb: Run data is saved locally in /ssd003/home/angelo/single-cell-proj/repo/team_single_cell/experiments/scripts/wandb/run-20221218_140813-73340tg5
wandb: Run `wandb offline` to turn off syncing.
wandb: Syncing run devoted-sweep-290
wandb: ⭐️ View project at https://wandb.ai/team-single-cell/gex_atac_sweep
wandb: 🧹 View sweep at https://wandb.ai/team-single-cell/gex_atac_sweep/sweeps/j1snhit4
wandb: 🚀 View run at https://wandb.ai/team-single-cell/gex_atac_sweep/runs/73340tg5
 UserWarning:/h/angelo/miniconda3/envs/single_cell_env/lib/python3.7/site-packages/scanpy/preprocessing/_highly_variable_genes.py:64: `flavor='seurat_v3'` expects raw count data, but non-integers were found.
Trying to set attribute `._uns` of view, copying.
Trying to set attribute `.var` of view, copying.
2022-12-18 14:22:25.746680: I tensorflow/core/platform/cpu_feature_guard.cc:193] This TensorFlow binary is optimized with oneAPI Deep Neural Network Library (oneDNN) to use the following CPU instructions in performance-critical operations:  SSE4.1 SSE4.2 AVX AVX2 AVX512F AVX512_VNNI FMA
To enable them in other operations, rebuild TensorFlow with the appropriate compiler flags.
2022-12-18 14:22:26.205964: I tensorflow/core/util/util.cc:169] oneDNN custom operations are on. You may see slightly different numerical results due to floating-point round-off errors from different computation orders. To turn them off, set the environment variable `TF_ENABLE_ONEDNN_OPTS=0`.
slurmstepd: error: *** JOB 8874723 ON gpu138 CANCELLED AT 2022-12-18T14:32:15 ***
