/h/angelo/single-cell-proj/repo/team_single_cell/experiments/jobs
gpu109
Sun Dec 18 14:07:19 EST 2022
wandb: Starting wandb agent 🕵️
2022-12-18 14:07:27,749 - wandb.wandb_agent - INFO - Running runs: []
2022-12-18 14:07:27,965 - wandb.wandb_agent - INFO - Agent received command: run
2022-12-18 14:07:27,965 - wandb.wandb_agent - INFO - Agent starting run with config:
	atac_dim: 10000
	atac_weight: 9.143158767951924
	epochs: 60
	gex_dim: 5000
	gex_weight: 50.11511196493866
	init: xavier
	latent_dim: 64
	lr: 0.001
	model: [[1000, 200], [50, 100], [2000, 400], [100, 300]]
	weight_decay: 0.010298682086326994
2022-12-18 14:07:27,974 - wandb.wandb_agent - INFO - About to run command: /usr/bin/env python gex_atac_sweep.py --atac_dim=10000 --atac_weight=9.143158767951924 --epochs=60 --gex_dim=5000 --gex_weight=50.11511196493866 --init=xavier --latent_dim=64 --lr=0.001 "--model=[[1000, 200], [50, 100], [2000, 400], [100, 300]]" --weight_decay=0.010298682086326994
wandb: Currently logged in as: ange1o5 (team-single-cell). Use `wandb login --relogin` to force relogin
wandb: WARNING Ignored wandb.init() arg project when running a sweep.
wandb: WARNING Ignored wandb.init() arg entity when running a sweep.
2022-12-18 14:07:33,013 - wandb.wandb_agent - INFO - Running runs: ['933gdi7i']
wandb: Tracking run with wandb version 0.13.7
wandb: Run data is saved locally in /ssd003/home/angelo/single-cell-proj/repo/team_single_cell/experiments/scripts/wandb/run-20221218_140732-933gdi7i
wandb: Run `wandb offline` to turn off syncing.
wandb: Syncing run genial-sweep-214
wandb: ⭐️ View project at https://wandb.ai/team-single-cell/gex_atac_sweep
wandb: 🧹 View sweep at https://wandb.ai/team-single-cell/gex_atac_sweep/sweeps/j1snhit4
wandb: 🚀 View run at https://wandb.ai/team-single-cell/gex_atac_sweep/runs/933gdi7i
 UserWarning:/h/angelo/miniconda3/envs/single_cell_env/lib/python3.7/site-packages/scanpy/preprocessing/_highly_variable_genes.py:64: `flavor='seurat_v3'` expects raw count data, but non-integers were found.
Trying to set attribute `._uns` of view, copying.
Trying to set attribute `.var` of view, copying.
slurmstepd: error: *** JOB 8874644 ON gpu109 CANCELLED AT 2022-12-18T14:32:15 ***
