/h/angelo/single-cell-proj/repo/team_single_cell/experiments/jobs
gpu099
Sun Dec 18 14:07:34 EST 2022
wandb: Starting wandb agent 🕵️
2022-12-18 14:07:44,259 - wandb.wandb_agent - INFO - Running runs: []
2022-12-18 14:07:45,831 - wandb.wandb_agent - INFO - Agent received command: run
2022-12-18 14:07:45,832 - wandb.wandb_agent - INFO - Agent starting run with config:
	atac_dim: 2500
	atac_weight: 83.4942068671418
	epochs: 40
	gex_dim: 2500
	gex_weight: 50.14591526281809
	init: he
	latent_dim: 64
	lr: 0.001
	model: [[1000, 200], [50, 100], [2000, 400], [100, 300]]
	weight_decay: 0.040033220141216574
2022-12-18 14:07:45,841 - wandb.wandb_agent - INFO - About to run command: /usr/bin/env python gex_atac_sweep.py --atac_dim=2500 --atac_weight=83.4942068671418 --epochs=40 --gex_dim=2500 --gex_weight=50.14591526281809 --init=he --latent_dim=64 --lr=0.001 "--model=[[1000, 200], [50, 100], [2000, 400], [100, 300]]" --weight_decay=0.040033220141216574
2022-12-18 14:07:50,858 - wandb.wandb_agent - INFO - Running runs: ['mcyghqkp']
wandb: Currently logged in as: ange1o5 (team-single-cell). Use `wandb login --relogin` to force relogin
wandb: WARNING Ignored wandb.init() arg project when running a sweep.
wandb: WARNING Ignored wandb.init() arg entity when running a sweep.
wandb: Tracking run with wandb version 0.13.7
wandb: Run data is saved locally in /ssd003/home/angelo/single-cell-proj/repo/team_single_cell/experiments/scripts/wandb/run-20221218_140753-mcyghqkp
wandb: Run `wandb offline` to turn off syncing.
wandb: Syncing run fresh-sweep-245
wandb: ⭐️ View project at https://wandb.ai/team-single-cell/gex_atac_sweep
wandb: 🧹 View sweep at https://wandb.ai/team-single-cell/gex_atac_sweep/sweeps/j1snhit4
wandb: 🚀 View run at https://wandb.ai/team-single-cell/gex_atac_sweep/runs/mcyghqkp
 UserWarning:/h/angelo/miniconda3/envs/single_cell_env/lib/python3.7/site-packages/scanpy/preprocessing/_highly_variable_genes.py:64: `flavor='seurat_v3'` expects raw count data, but non-integers were found.
Trying to set attribute `._uns` of view, copying.
Trying to set attribute `.var` of view, copying.
2022-12-18 14:20:39.429407: I tensorflow/core/platform/cpu_feature_guard.cc:193] This TensorFlow binary is optimized with oneAPI Deep Neural Network Library (oneDNN) to use the following CPU instructions in performance-critical operations:  SSE4.1 SSE4.2 AVX AVX2 AVX512F FMA
To enable them in other operations, rebuild TensorFlow with the appropriate compiler flags.
 FutureWarning:/h/angelo/miniconda3/envs/single_cell_env/lib/python3.7/site-packages/anndata/_core/anndata.py:1228: The `inplace` parameter in pandas.Categorical.reorder_categories is deprecated and will be removed in a future version. Reordering categories will always return a new Categorical object.
... storing 'feature_types' as categorical
 FutureWarning:/h/angelo/miniconda3/envs/single_cell_env/lib/python3.7/site-packages/anndata/_core/anndata.py:1228: The `inplace` parameter in pandas.Categorical.reorder_categories is deprecated and will be removed in a future version. Reordering categories will always return a new Categorical object.
... storing 'gene_id' as categorical
Reading dataset...
Feature selecting GEX...
Feature selecting ATAC...

New GEX dim: 2500;
New ATAC dim: 2501;
AnnData dataset's shape: (69249, 5001)

Initializing dataset and dataloader...
The order of labels: ['s1d1', 's1d1', 's1d1', 's1d1', 's1d1', ..., 's4d9', 's4d9', 's4d9', 's4d9', 's4d9']
Length: 69249
Categories (13, object): ['s1d1', 's1d2', 's1d3', 's2d1', ..., 's3d10', 's4d1', 's4d8', 's4d9']
The device: cuda;

The model: DeepGexAtacMultiModalAutoencoder(
  (gex_encoder): Sequential(
    (0): Linear(in_features=2500, out_features=1000, bias=True)
    (1): BatchNorm1d(1000, eps=1e-05, momentum=0.1, affine=True, track_running_stats=True)
    (2): ReLU()
    (3): Dropout(p=0.1, inplace=False)
    (4): Linear(in_features=1000, out_features=200, bias=True)
    (5): BatchNorm1d(200, eps=1e-05, momentum=0.1, affine=True, track_running_stats=True)
    (6): ReLU()
    (7): Linear(in_features=200, out_features=32, bias=True)
    (8): ReLU()
  )
  (atac_encoder): Sequential(
    (0): Linear(in_features=2501, out_features=2000, bias=True)
    (1): BatchNorm1d(2000, eps=1e-05, momentum=0.1, affine=True, track_running_stats=True)
    (2): ReLU()
    (3): Dropout(p=0.1, inplace=False)
    (4): Linear(in_features=2000, out_features=400, bias=True)
    (5): BatchNorm1d(400, eps=1e-05, momentum=0.1, affine=True, track_running_stats=True)
    (6): ReLU()
    (7): Linear(in_features=400, out_features=32, bias=True)
    (8): ReLU()
  )
  (gex_decoder): Sequential(
    (0): Linear(in_features=64, out_features=50, bias=True)
    (1): BatchNorm1d(50, eps=1e-05, momentum=0.1, affine=True, track_running_stats=True)
    (2): ReLU()
    (3): Dropout(p=0.1, inplace=False)
    (4): Linear(in_features=50, out_features=100, bias=True)
    (5): BatchNorm1d(100, eps=1e-05, momentum=0.1, affine=True, track_running_stats=True)
    (6): ReLU()
    (7): Linear(in_features=100, out_features=2500, bias=True)
    (8): ReLU()
  )
  (atac_decoder): Sequential(
    (0): Linear(in_features=64, out_features=100, bias=True)
    (1): BatchNorm1d(100, eps=1e-05, momentum=0.1, affine=True, track_running_stats=True)
    (2): ReLU()
    (3): Dropout(p=0.1, inplace=False)
    (4): Linear(in_features=100, out_features=300, bias=True)
    (5): BatchNorm1d(300, eps=1e-05, momentum=0.1, affine=True, track_running_stats=True)
    (6): ReLU()
    (7): Linear(in_features=300, out_features=2501, bias=True)
    (8): Sigmoid()
  )
);
The dataset: <datasets.anndatadataset.AnnDataDataset object at 0x7f235cbde250>;
The optimizer: Adam (
Parameter Group 0
    amsgrad: False
    betas: (0.9, 0.999)
    eps: 1e-08
    lr: 0.001
    weight_decay: 0.040033220141216574
);

Epoch 0 recon loss: 8004.4530890746
Epoch 1 recon loss: 8052.6025798572
Epoch 2 recon loss: 8164.1883089282
Epoch 3 recon loss: 8069.1285647593
Epoch 4 recon loss: 7909.1526557919
Epoch 5 recon loss: 7774.8854286723
Epoch 6 recon loss: 7360.6411440952
Epoch 7 recon loss: 7611.0997577082
Epoch 8 recon loss: 7052.061960297
Epoch 9 recon loss: 6980.4409578869
Epoch 10 recon loss: 7154.3199692868
Epoch 11 recon loss: 6847.1592115811
Epoch 12 recon loss: 6557.0035708223
Epoch 13 recon loss: 6489.7100847424
Epoch 14 recon loss: 6177.9496983188
Epoch 15 recon loss: 5872.1087825267
Epoch 16 recon loss: 5878.5159151943
Epoch 17 recon loss: 5518.6361823348
Epoch 18 recon loss: 5716.4168818178
Epoch 19 recon loss: 5591.4069284482
Epoch 20 recon loss: 5387.8500669654
Epoch 21 recon loss: 5121.0466423095
Epoch 22 recon loss: 4869.5833580321
Epoch 23 recon loss: 4549.9743923423
Epoch 24 recon loss: 4727.8732105296
Epoch 25 recon loss: 4737.910101634
Epoch 26 recon loss: 4488.8625991641
Epoch 27 recon loss: 4368.4670034511
Epoch 28 recon loss: 4108.6393412566
Epoch 29 recon loss: 4034.6929139856
Epoch 30 recon loss: 3908.6450651478
Epoch 31 recon loss: 3764.1960609832
Epoch 32 recon loss: 3501.6924353139
Epoch 33 recon loss: 3672.2962999086
Epoch 34 recon loss: 3494.6055351376
Epoch 35 recon loss: 3260.3882773473
Epoch 36 recon loss: 3192.7434001945
Epoch 37 recon loss: 3125.772833281
Epoch 38 recon loss: 3034.5235717917
Epoch 39 recon loss: 2804.2066239787

Latent space type: <class 'numpy.ndarray'>;
GEX encoded shape: torch.Size([69249, 32]);
ATAC encoded shape: torch.Size([69249, 32]);
Latent space shape: (69249, 64);

0.5547153119124807
   celltype_ari  celltype_ami  ...  batch_homogeneity  batch_complete
0      0.143915      0.419425  ...           0.783441        0.852171

[1 rows x 8 columns]
2022-12-18 14:23:24,517 - wandb.wandb_agent - INFO - Cleaning up finished run: mcyghqkp
wandb: Waiting for W&B process to finish... (success).
wandb: 
wandb: Run history:
wandb:  recon loss █████▇▇▇▇▆▇▆▆▆▅▅▅▅▅▅▄▄▄▃▄▄▃▃▃▃▂▂▂▂▂▂▂▁▁▁
wandb: total_score ▁
wandb: 
wandb: Run summary:
wandb:  recon loss 2804.20662
wandb: total_score 0.55472
wandb: 
wandb: Synced fresh-sweep-245: https://wandb.ai/team-single-cell/gex_atac_sweep/runs/mcyghqkp
wandb: Synced 6 W&B file(s), 1 media file(s), 1 artifact file(s) and 0 other file(s)
wandb: Find logs at: ./wandb/run-20221218_140753-mcyghqkp/logs
2022-12-18 14:23:30,927 - wandb.wandb_agent - INFO - Agent received command: run
2022-12-18 14:23:30,928 - wandb.wandb_agent - INFO - Agent starting run with config:
	atac_dim: 2500
	atac_weight: 69.38967920845506
	epochs: 60
	gex_dim: 5000
	gex_weight: 28.859977552143217
	init: he
	latent_dim: 10
	lr: 0.1
	model: [[1000, 200], [50, 100], [2000, 400], [100, 300]]
	weight_decay: 0.07360862599679169
2022-12-18 14:23:30,957 - wandb.wandb_agent - INFO - About to run command: /usr/bin/env python gex_atac_sweep.py --atac_dim=2500 --atac_weight=69.38967920845506 --epochs=60 --gex_dim=5000 --gex_weight=28.859977552143217 --init=he --latent_dim=10 --lr=0.1 "--model=[[1000, 200], [50, 100], [2000, 400], [100, 300]]" --weight_decay=0.07360862599679169
2022-12-18 14:23:35,995 - wandb.wandb_agent - INFO - Running runs: ['pbia3lsl']
wandb: Currently logged in as: ange1o5 (team-single-cell). Use `wandb login --relogin` to force relogin
wandb: WARNING Ignored wandb.init() arg project when running a sweep.
wandb: WARNING Ignored wandb.init() arg entity when running a sweep.
wandb: Tracking run with wandb version 0.13.7
wandb: Run data is saved locally in /ssd003/home/angelo/single-cell-proj/repo/team_single_cell/experiments/scripts/wandb/run-20221218_142336-pbia3lsl
wandb: Run `wandb offline` to turn off syncing.
wandb: Syncing run sweepy-sweep-423
wandb: ⭐️ View project at https://wandb.ai/team-single-cell/gex_atac_sweep
wandb: 🧹 View sweep at https://wandb.ai/team-single-cell/gex_atac_sweep/sweeps/j1snhit4
wandb: 🚀 View run at https://wandb.ai/team-single-cell/gex_atac_sweep/runs/pbia3lsl
 UserWarning:/h/angelo/miniconda3/envs/single_cell_env/lib/python3.7/site-packages/scanpy/preprocessing/_highly_variable_genes.py:64: `flavor='seurat_v3'` expects raw count data, but non-integers were found.
Trying to set attribute `._uns` of view, copying.
Trying to set attribute `.var` of view, copying.
slurmstepd: error: *** JOB 8874678 ON gpu099 CANCELLED AT 2022-12-18T14:32:15 ***
