/h/angelo/single-cell-proj/repo/team_single_cell/experiments/jobs
gpu159.cluster.local
Sun Dec 18 14:07:54 EST 2022
wandb: Starting wandb agent 🕵️
2022-12-18 14:08:04,131 - wandb.wandb_agent - INFO - Running runs: []
2022-12-18 14:08:04,468 - wandb.wandb_agent - INFO - Agent received command: run
2022-12-18 14:08:04,468 - wandb.wandb_agent - INFO - Agent starting run with config:
	atac_dim: 2500
	atac_weight: 28.493865313443575
	epochs: 60
	gex_dim: 1000
	gex_weight: 74.70453042497651
	init: xavier
	latent_dim: 20
	lr: 0.001
	model: [[1200, 400, 100], [50, 100, 200], [1600, 600, 120], [60, 100, 150]]
	weight_decay: 0.007951225291638931
2022-12-18 14:08:04,476 - wandb.wandb_agent - INFO - About to run command: /usr/bin/env python gex_atac_sweep.py --atac_dim=2500 --atac_weight=28.493865313443575 --epochs=60 --gex_dim=1000 --gex_weight=74.70453042497651 --init=xavier --latent_dim=20 --lr=0.001 "--model=[[1200, 400, 100], [50, 100, 200], [1600, 600, 120], [60, 100, 150]]" --weight_decay=0.007951225291638931
2022-12-18 14:08:09,489 - wandb.wandb_agent - INFO - Running runs: ['720e8wbd']
wandb: Currently logged in as: ange1o5 (team-single-cell). Use `wandb login --relogin` to force relogin
wandb: WARNING Ignored wandb.init() arg project when running a sweep.
wandb: WARNING Ignored wandb.init() arg entity when running a sweep.
wandb: Tracking run with wandb version 0.13.7
wandb: Run data is saved locally in /ssd003/home/angelo/single-cell-proj/repo/team_single_cell/experiments/scripts/wandb/run-20221218_140811-720e8wbd
wandb: Run `wandb offline` to turn off syncing.
wandb: Syncing run restful-sweep-287
wandb: ⭐️ View project at https://wandb.ai/team-single-cell/gex_atac_sweep
wandb: 🧹 View sweep at https://wandb.ai/team-single-cell/gex_atac_sweep/sweeps/j1snhit4
wandb: 🚀 View run at https://wandb.ai/team-single-cell/gex_atac_sweep/runs/720e8wbd
 UserWarning:/h/angelo/miniconda3/envs/single_cell_env/lib/python3.7/site-packages/scanpy/preprocessing/_highly_variable_genes.py:64: `flavor='seurat_v3'` expects raw count data, but non-integers were found.
Trying to set attribute `._uns` of view, copying.
Trying to set attribute `.var` of view, copying.
2022-12-18 14:18:08.036579: I tensorflow/core/platform/cpu_feature_guard.cc:193] This TensorFlow binary is optimized with oneAPI Deep Neural Network Library (oneDNN) to use the following CPU instructions in performance-critical operations:  SSE4.1 SSE4.2 AVX AVX2 AVX512F AVX512_VNNI FMA
To enable them in other operations, rebuild TensorFlow with the appropriate compiler flags.
2022-12-18 14:18:08.150197: I tensorflow/core/util/util.cc:169] oneDNN custom operations are on. You may see slightly different numerical results due to floating-point round-off errors from different computation orders. To turn them off, set the environment variable `TF_ENABLE_ONEDNN_OPTS=0`.
 FutureWarning:/h/angelo/miniconda3/envs/single_cell_env/lib/python3.7/site-packages/anndata/_core/anndata.py:1228: The `inplace` parameter in pandas.Categorical.reorder_categories is deprecated and will be removed in a future version. Reordering categories will always return a new Categorical object.
... storing 'feature_types' as categorical
 FutureWarning:/h/angelo/miniconda3/envs/single_cell_env/lib/python3.7/site-packages/anndata/_core/anndata.py:1228: The `inplace` parameter in pandas.Categorical.reorder_categories is deprecated and will be removed in a future version. Reordering categories will always return a new Categorical object.
... storing 'gene_id' as categorical
Reading dataset...
Feature selecting GEX...
Feature selecting ATAC...

New GEX dim: 1000;
New ATAC dim: 2501;
AnnData dataset's shape: (69249, 3501)

Initializing dataset and dataloader...
The order of labels: ['s1d1', 's1d1', 's1d1', 's1d1', 's1d1', ..., 's4d9', 's4d9', 's4d9', 's4d9', 's4d9']
Length: 69249
Categories (13, object): ['s1d1', 's1d2', 's1d3', 's2d1', ..., 's3d10', 's4d1', 's4d8', 's4d9']
The device: cuda;

The model: DeepGexAtacMultiModalAutoencoder(
  (gex_encoder): Sequential(
    (0): Linear(in_features=1000, out_features=1200, bias=True)
    (1): BatchNorm1d(1200, eps=1e-05, momentum=0.1, affine=True, track_running_stats=True)
    (2): ReLU()
    (3): Dropout(p=0.1, inplace=False)
    (4): Linear(in_features=1200, out_features=400, bias=True)
    (5): BatchNorm1d(400, eps=1e-05, momentum=0.1, affine=True, track_running_stats=True)
    (6): ReLU()
    (7): Linear(in_features=400, out_features=100, bias=True)
    (8): BatchNorm1d(100, eps=1e-05, momentum=0.1, affine=True, track_running_stats=True)
    (9): ReLU()
    (10): Dropout(p=0.1, inplace=False)
    (11): Linear(in_features=100, out_features=10, bias=True)
    (12): ReLU()
  )
  (atac_encoder): Sequential(
    (0): Linear(in_features=2501, out_features=1600, bias=True)
    (1): BatchNorm1d(1600, eps=1e-05, momentum=0.1, affine=True, track_running_stats=True)
    (2): ReLU()
    (3): Dropout(p=0.1, inplace=False)
    (4): Linear(in_features=1600, out_features=600, bias=True)
    (5): BatchNorm1d(600, eps=1e-05, momentum=0.1, affine=True, track_running_stats=True)
    (6): ReLU()
    (7): Linear(in_features=600, out_features=120, bias=True)
    (8): BatchNorm1d(120, eps=1e-05, momentum=0.1, affine=True, track_running_stats=True)
    (9): ReLU()
    (10): Dropout(p=0.1, inplace=False)
    (11): Linear(in_features=120, out_features=10, bias=True)
    (12): ReLU()
  )
  (gex_decoder): Sequential(
    (0): Linear(in_features=20, out_features=50, bias=True)
    (1): BatchNorm1d(50, eps=1e-05, momentum=0.1, affine=True, track_running_stats=True)
    (2): ReLU()
    (3): Dropout(p=0.1, inplace=False)
    (4): Linear(in_features=50, out_features=100, bias=True)
    (5): BatchNorm1d(100, eps=1e-05, momentum=0.1, affine=True, track_running_stats=True)
    (6): ReLU()
    (7): Linear(in_features=100, out_features=200, bias=True)
    (8): BatchNorm1d(200, eps=1e-05, momentum=0.1, affine=True, track_running_stats=True)
    (9): ReLU()
    (10): Dropout(p=0.1, inplace=False)
    (11): Linear(in_features=200, out_features=1000, bias=True)
    (12): ReLU()
  )
  (atac_decoder): Sequential(
    (0): Linear(in_features=20, out_features=60, bias=True)
    (1): BatchNorm1d(60, eps=1e-05, momentum=0.1, affine=True, track_running_stats=True)
    (2): ReLU()
    (3): Dropout(p=0.1, inplace=False)
    (4): Linear(in_features=60, out_features=100, bias=True)
    (5): BatchNorm1d(100, eps=1e-05, momentum=0.1, affine=True, track_running_stats=True)
    (6): ReLU()
    (7): Linear(in_features=100, out_features=150, bias=True)
    (8): BatchNorm1d(150, eps=1e-05, momentum=0.1, affine=True, track_running_stats=True)
    (9): ReLU()
    (10): Dropout(p=0.1, inplace=False)
    (11): Linear(in_features=150, out_features=2501, bias=True)
    (12): Sigmoid()
  )
);
The dataset: <datasets.anndatadataset.AnnDataDataset object at 0x7f242c8c6d50>;
The optimizer: Adam (
Parameter Group 0
    amsgrad: False
    betas: (0.9, 0.999)
    eps: 1e-08
    lr: 0.001
    weight_decay: 0.007951225291638931
);

Epoch 0 recon loss: 29737.7809344851
Epoch 1 recon loss: 30021.0867198754
Epoch 2 recon loss: 29878.3108043876
Epoch 3 recon loss: 28336.6135476329
Epoch 4 recon loss: 27155.6431724948
Epoch 5 recon loss: 26118.6456857981
Epoch 6 recon loss: 25416.8368761548
Epoch 7 recon loss: 23622.6522548218
Epoch 8 recon loss: 23523.6292784627
Epoch 9 recon loss: 22569.8930481293
Epoch 10 recon loss: 21013.9402513279
Epoch 11 recon loss: 20000.8995382662
Epoch 12 recon loss: 18992.5132408628
Epoch 13 recon loss: 18023.116615706
Epoch 14 recon loss: 17138.5254815673
Epoch 15 recon loss: 17470.6657253821
Epoch 16 recon loss: 15426.5520223506
Epoch 17 recon loss: 15125.525199205
Epoch 18 recon loss: 14794.7715842936
Epoch 19 recon loss: 14607.1628712448
Epoch 20 recon loss: 12739.666534007
Epoch 21 recon loss: 13069.7472937584
Epoch 22 recon loss: 12551.9437658083
Epoch 23 recon loss: 11828.6828453135
Epoch 24 recon loss: 11358.7331349779
Epoch 25 recon loss: 10292.3769541763
Epoch 26 recon loss: 9618.2163801538
Epoch 27 recon loss: 9284.5028520619
Epoch 28 recon loss: 9235.6192986067
Epoch 29 recon loss: 9024.170065661
Epoch 30 recon loss: 8462.8580755939
Epoch 31 recon loss: 8180.2963443034
Epoch 32 recon loss: 7997.310842482
Epoch 33 recon loss: 7829.3578352462
Epoch 34 recon loss: 7134.2259946128
Epoch 35 recon loss: 7162.2431350607
Epoch 36 recon loss: 6776.5219205634
Epoch 37 recon loss: 6483.6498588642
Epoch 38 recon loss: 5931.5843156973
Epoch 39 recon loss: 5858.1184130283
Epoch 40 recon loss: 5249.219775553
Epoch 41 recon loss: 5910.501579333
Epoch 42 recon loss: 5310.5521249181
Epoch 43 recon loss: 4918.0562603374
Epoch 44 recon loss: 4318.8990206403
Epoch 45 recon loss: 4769.2991505501
Epoch 46 recon loss: 4769.9720139358
Epoch 47 recon loss: 3941.1133312524
Epoch 48 recon loss: 3771.5413041279
Epoch 49 recon loss: 4051.268256204
Epoch 50 recon loss: 3346.6282108339
Epoch 51 recon loss: 3517.3746337699
Epoch 52 recon loss: 3019.5313169897
Epoch 53 recon loss: 2899.6333867943
Epoch 54 recon loss: 3008.6031690729
Epoch 55 recon loss: 2710.6926079693
Epoch 56 recon loss: 2337.6836730266
Epoch 57 recon loss: 2426.4371215966
Epoch 58 recon loss: 2128.2610855822
Epoch 59 recon loss: 2233.7816019094

Latent space type: <class 'numpy.ndarray'>;
GEX encoded shape: torch.Size([69249, 10]);
ATAC encoded shape: torch.Size([69249, 10]);
Latent space shape: (69249, 20);

0.5462622622919014
   celltype_ari  celltype_ami  ...  batch_homogeneity  batch_complete
0      0.140541      0.379093  ...           0.826099        0.878928

[1 rows x 8 columns]
2022-12-18 14:20:41,029 - wandb.wandb_agent - INFO - Cleaning up finished run: 720e8wbd
wandb: Waiting for W&B process to finish... (success).
wandb: - 0.007 MB of 0.027 MB uploaded (0.000 MB deduped)wandb: \ 0.027 MB of 0.027 MB uploaded (0.000 MB deduped)wandb: 
wandb: Run history:
wandb:  recon loss ███▇▇▆▆▆▅▅▅▄▄▄▄▄▃▃▃▃▃▂▂▂▂▂▂▂▂▂▂▂▁▁▁▁▁▁▁▁
wandb: total_score ▁
wandb: 
wandb: Run summary:
wandb:  recon loss 2233.7816
wandb: total_score 0.54626
wandb: 
wandb: Synced restful-sweep-287: https://wandb.ai/team-single-cell/gex_atac_sweep/runs/720e8wbd
wandb: Synced 6 W&B file(s), 1 media file(s), 1 artifact file(s) and 0 other file(s)
wandb: Find logs at: ./wandb/run-20221218_140811-720e8wbd/logs
2022-12-18 14:20:44,909 - wandb.wandb_agent - INFO - Agent received command: run
2022-12-18 14:20:44,926 - wandb.wandb_agent - INFO - Agent starting run with config:
	atac_dim: 7500
	atac_weight: 40.59343867539127
	epochs: 20
	gex_dim: 2500
	gex_weight: 90.52104594265938
	init: he
	latent_dim: 64
	lr: 0.01
	model: [[1200, 400, 100], [50, 100, 200], [1600, 600, 120], [60, 100, 150]]
	weight_decay: 0.019142342660708737
2022-12-18 14:20:45,089 - wandb.wandb_agent - INFO - About to run command: /usr/bin/env python gex_atac_sweep.py --atac_dim=7500 --atac_weight=40.59343867539127 --epochs=20 --gex_dim=2500 --gex_weight=90.52104594265938 --init=he --latent_dim=64 --lr=0.01 "--model=[[1200, 400, 100], [50, 100, 200], [1600, 600, 120], [60, 100, 150]]" --weight_decay=0.019142342660708737
wandb: Currently logged in as: ange1o5 (team-single-cell). Use `wandb login --relogin` to force relogin
wandb: WARNING Ignored wandb.init() arg project when running a sweep.
wandb: WARNING Ignored wandb.init() arg entity when running a sweep.
2022-12-18 14:20:50,133 - wandb.wandb_agent - INFO - Running runs: ['bsgr8ejl']
wandb: Tracking run with wandb version 0.13.7
wandb: Run data is saved locally in /ssd003/home/angelo/single-cell-proj/repo/team_single_cell/experiments/scripts/wandb/run-20221218_142049-bsgr8ejl
wandb: Run `wandb offline` to turn off syncing.
wandb: Syncing run jolly-sweep-404
wandb: ⭐️ View project at https://wandb.ai/team-single-cell/gex_atac_sweep
wandb: 🧹 View sweep at https://wandb.ai/team-single-cell/gex_atac_sweep/sweeps/j1snhit4
wandb: 🚀 View run at https://wandb.ai/team-single-cell/gex_atac_sweep/runs/bsgr8ejl
 UserWarning:/h/angelo/miniconda3/envs/single_cell_env/lib/python3.7/site-packages/scanpy/preprocessing/_highly_variable_genes.py:64: `flavor='seurat_v3'` expects raw count data, but non-integers were found.
Trying to set attribute `._uns` of view, copying.
Trying to set attribute `.var` of view, copying.
2022-12-18 14:29:00.064149: I tensorflow/core/platform/cpu_feature_guard.cc:193] This TensorFlow binary is optimized with oneAPI Deep Neural Network Library (oneDNN) to use the following CPU instructions in performance-critical operations:  SSE4.1 SSE4.2 AVX AVX2 AVX512F AVX512_VNNI FMA
To enable them in other operations, rebuild TensorFlow with the appropriate compiler flags.
2022-12-18 14:29:00.260528: I tensorflow/core/util/util.cc:169] oneDNN custom operations are on. You may see slightly different numerical results due to floating-point round-off errors from different computation orders. To turn them off, set the environment variable `TF_ENABLE_ONEDNN_OPTS=0`.
slurmstepd: error: *** JOB 8874717 ON gpu159 CANCELLED AT 2022-12-18T14:32:15 ***
