/h/angelo/single-cell-proj/repo/team_single_cell/experiments/jobs
gpu070
Sun Dec 18 14:06:26 EST 2022
wandb: Starting wandb agent 🕵️
2022-12-18 14:06:35,703 - wandb.wandb_agent - INFO - Running runs: []
2022-12-18 14:06:35,909 - wandb.wandb_agent - INFO - Agent received command: run
2022-12-18 14:06:35,910 - wandb.wandb_agent - INFO - Agent starting run with config:
	atac_dim: 10000
	atac_weight: 17.948971156167506
	epochs: 60
	gex_dim: 1000
	gex_weight: 50.438779858800125
	init: xavier
	latent_dim: 64
	lr: 0.001
	model: [[1600, 800, 400, 100], [40, 60, 100, 150], [1800, 800, 400, 100], [40, 60, 120, 200]]
	weight_decay: 0.04987740155789725
2022-12-18 14:06:35,919 - wandb.wandb_agent - INFO - About to run command: /usr/bin/env python gex_atac_sweep.py --atac_dim=10000 --atac_weight=17.948971156167506 --epochs=60 --gex_dim=1000 --gex_weight=50.438779858800125 --init=xavier --latent_dim=64 --lr=0.001 "--model=[[1600, 800, 400, 100], [40, 60, 100, 150], [1800, 800, 400, 100], [40, 60, 120, 200]]" --weight_decay=0.04987740155789725
2022-12-18 14:06:40,943 - wandb.wandb_agent - INFO - Running runs: ['t1q4ib20']
wandb: Currently logged in as: ange1o5 (team-single-cell). Use `wandb login --relogin` to force relogin
wandb: WARNING Ignored wandb.init() arg project when running a sweep.
wandb: WARNING Ignored wandb.init() arg entity when running a sweep.
wandb: Tracking run with wandb version 0.13.7
wandb: Run data is saved locally in /ssd003/home/angelo/single-cell-proj/repo/team_single_cell/experiments/scripts/wandb/run-20221218_140641-t1q4ib20
wandb: Run `wandb offline` to turn off syncing.
wandb: Syncing run eager-sweep-174
wandb: ⭐️ View project at https://wandb.ai/team-single-cell/gex_atac_sweep
wandb: 🧹 View sweep at https://wandb.ai/team-single-cell/gex_atac_sweep/sweeps/j1snhit4
wandb: 🚀 View run at https://wandb.ai/team-single-cell/gex_atac_sweep/runs/t1q4ib20
 UserWarning:/h/angelo/miniconda3/envs/single_cell_env/lib/python3.7/site-packages/scanpy/preprocessing/_highly_variable_genes.py:64: `flavor='seurat_v3'` expects raw count data, but non-integers were found.
Trying to set attribute `._uns` of view, copying.
Trying to set attribute `.var` of view, copying.
slurmstepd: error: *** JOB 8874604 ON gpu070 CANCELLED AT 2022-12-18T14:32:15 ***
