/h/angelo/single-cell-proj/repo/team_single_cell/experiments/jobs
gpu071
Sun Dec 18 14:07:09 EST 2022
wandb: Starting wandb agent 🕵️
2022-12-18 14:07:18,570 - wandb.wandb_agent - INFO - Running runs: []
2022-12-18 14:07:18,781 - wandb.wandb_agent - INFO - Agent received command: run
2022-12-18 14:07:18,781 - wandb.wandb_agent - INFO - Agent starting run with config:
	atac_dim: 2500
	atac_weight: 6.274239252641559
	epochs: 80
	gex_dim: 5000
	gex_weight: 98.44508702667795
	init: xavier
	latent_dim: 10
	lr: 0.01
	model: [[1000, 800, 600, 400, 200], [10, 30, 50, 100, 160], [1200, 900, 600, 400, 150], [15, 40, 60, 100, 180]]
	weight_decay: 0.09523248699189252
2022-12-18 14:07:18,791 - wandb.wandb_agent - INFO - About to run command: /usr/bin/env python gex_atac_sweep.py --atac_dim=2500 --atac_weight=6.274239252641559 --epochs=80 --gex_dim=5000 --gex_weight=98.44508702667795 --init=xavier --latent_dim=10 --lr=0.01 "--model=[[1000, 800, 600, 400, 200], [10, 30, 50, 100, 160], [1200, 900, 600, 400, 150], [15, 40, 60, 100, 180]]" --weight_decay=0.09523248699189252
2022-12-18 14:07:23,805 - wandb.wandb_agent - INFO - Running runs: ['o0stptm0']
wandb: Currently logged in as: ange1o5 (team-single-cell). Use `wandb login --relogin` to force relogin
wandb: WARNING Ignored wandb.init() arg project when running a sweep.
wandb: WARNING Ignored wandb.init() arg entity when running a sweep.
wandb: Tracking run with wandb version 0.13.7
wandb: Run data is saved locally in /ssd003/home/angelo/single-cell-proj/repo/team_single_cell/experiments/scripts/wandb/run-20221218_140724-o0stptm0
wandb: Run `wandb offline` to turn off syncing.
wandb: Syncing run zesty-sweep-193
wandb: ⭐️ View project at https://wandb.ai/team-single-cell/gex_atac_sweep
wandb: 🧹 View sweep at https://wandb.ai/team-single-cell/gex_atac_sweep/sweeps/j1snhit4
wandb: 🚀 View run at https://wandb.ai/team-single-cell/gex_atac_sweep/runs/o0stptm0
 UserWarning:/h/angelo/miniconda3/envs/single_cell_env/lib/python3.7/site-packages/scanpy/preprocessing/_highly_variable_genes.py:64: `flavor='seurat_v3'` expects raw count data, but non-integers were found.
Trying to set attribute `._uns` of view, copying.
Trying to set attribute `.var` of view, copying.
slurmstepd: error: *** JOB 8874624 ON gpu071 CANCELLED AT 2022-12-18T14:32:15 ***
