/h/angelo/single-cell-proj/repo/team_single_cell/experiments/jobs
gpu109
Sun Dec 18 14:04:55 EST 2022
wandb: Starting wandb agent 🕵️
2022-12-18 14:05:04,353 - wandb.wandb_agent - INFO - Running runs: []
2022-12-18 14:05:07,410 - wandb.wandb_agent - INFO - Agent received command: run
2022-12-18 14:05:07,410 - wandb.wandb_agent - INFO - Agent starting run with config:
	atac_dim: 2500
	atac_weight: 12.092692643786323
	epochs: 40
	gex_dim: 5000
	gex_weight: 72.67617647534313
	init: xavier
	latent_dim: 128
	lr: 0.0001
	model: [[1000, 200], [50, 100], [2000, 400], [100, 300]]
	weight_decay: 0.07864618520041733
2022-12-18 14:05:07,418 - wandb.wandb_agent - INFO - About to run command: /usr/bin/env python gex_atac_sweep.py --atac_dim=2500 --atac_weight=12.092692643786323 --epochs=40 --gex_dim=5000 --gex_weight=72.67617647534313 --init=xavier --latent_dim=128 --lr=0.0001 "--model=[[1000, 200], [50, 100], [2000, 400], [100, 300]]" --weight_decay=0.07864618520041733
2022-12-18 14:05:12,433 - wandb.wandb_agent - INFO - Running runs: ['fnov8wxt']
wandb: Currently logged in as: ange1o5 (team-single-cell). Use `wandb login --relogin` to force relogin
wandb: WARNING Ignored wandb.init() arg project when running a sweep.
wandb: WARNING Ignored wandb.init() arg entity when running a sweep.
wandb: Tracking run with wandb version 0.13.7
wandb: Run data is saved locally in /ssd003/home/angelo/single-cell-proj/repo/team_single_cell/experiments/scripts/wandb/run-20221218_140513-fnov8wxt
wandb: Run `wandb offline` to turn off syncing.
wandb: Syncing run fanciful-sweep-64
wandb: ⭐️ View project at https://wandb.ai/team-single-cell/gex_atac_sweep
wandb: 🧹 View sweep at https://wandb.ai/team-single-cell/gex_atac_sweep/sweeps/j1snhit4
wandb: 🚀 View run at https://wandb.ai/team-single-cell/gex_atac_sweep/runs/fnov8wxt
 UserWarning:/h/angelo/miniconda3/envs/single_cell_env/lib/python3.7/site-packages/scanpy/preprocessing/_highly_variable_genes.py:64: `flavor='seurat_v3'` expects raw count data, but non-integers were found.
Trying to set attribute `._uns` of view, copying.
Trying to set attribute `.var` of view, copying.
2022-12-18 14:21:32.914820: I tensorflow/core/platform/cpu_feature_guard.cc:193] This TensorFlow binary is optimized with oneAPI Deep Neural Network Library (oneDNN) to use the following CPU instructions in performance-critical operations:  SSE4.1 SSE4.2 AVX AVX2 AVX512F FMA
To enable them in other operations, rebuild TensorFlow with the appropriate compiler flags.
wandb: 429 encountered (Filestream rate limit exceeded, retrying in 2.433560731391999 seconds), retrying request
 FutureWarning:/h/angelo/miniconda3/envs/single_cell_env/lib/python3.7/site-packages/anndata/_core/anndata.py:1228: The `inplace` parameter in pandas.Categorical.reorder_categories is deprecated and will be removed in a future version. Reordering categories will always return a new Categorical object.
... storing 'feature_types' as categorical
 FutureWarning:/h/angelo/miniconda3/envs/single_cell_env/lib/python3.7/site-packages/anndata/_core/anndata.py:1228: The `inplace` parameter in pandas.Categorical.reorder_categories is deprecated and will be removed in a future version. Reordering categories will always return a new Categorical object.
... storing 'gene_id' as categorical
Reading dataset...
Feature selecting GEX...
Feature selecting ATAC...

New GEX dim: 5000;
New ATAC dim: 2501;
AnnData dataset's shape: (69249, 7501)

Initializing dataset and dataloader...
The order of labels: ['s1d1', 's1d1', 's1d1', 's1d1', 's1d1', ..., 's4d9', 's4d9', 's4d9', 's4d9', 's4d9']
Length: 69249
Categories (13, object): ['s1d1', 's1d2', 's1d3', 's2d1', ..., 's3d10', 's4d1', 's4d8', 's4d9']
The device: cuda;

The model: DeepGexAtacMultiModalAutoencoder(
  (gex_encoder): Sequential(
    (0): Linear(in_features=5000, out_features=1000, bias=True)
    (1): BatchNorm1d(1000, eps=1e-05, momentum=0.1, affine=True, track_running_stats=True)
    (2): ReLU()
    (3): Dropout(p=0.1, inplace=False)
    (4): Linear(in_features=1000, out_features=200, bias=True)
    (5): BatchNorm1d(200, eps=1e-05, momentum=0.1, affine=True, track_running_stats=True)
    (6): ReLU()
    (7): Linear(in_features=200, out_features=64, bias=True)
    (8): ReLU()
  )
  (atac_encoder): Sequential(
    (0): Linear(in_features=2501, out_features=2000, bias=True)
    (1): BatchNorm1d(2000, eps=1e-05, momentum=0.1, affine=True, track_running_stats=True)
    (2): ReLU()
    (3): Dropout(p=0.1, inplace=False)
    (4): Linear(in_features=2000, out_features=400, bias=True)
    (5): BatchNorm1d(400, eps=1e-05, momentum=0.1, affine=True, track_running_stats=True)
    (6): ReLU()
    (7): Linear(in_features=400, out_features=64, bias=True)
    (8): ReLU()
  )
  (gex_decoder): Sequential(
    (0): Linear(in_features=128, out_features=50, bias=True)
    (1): BatchNorm1d(50, eps=1e-05, momentum=0.1, affine=True, track_running_stats=True)
    (2): ReLU()
    (3): Dropout(p=0.1, inplace=False)
    (4): Linear(in_features=50, out_features=100, bias=True)
    (5): BatchNorm1d(100, eps=1e-05, momentum=0.1, affine=True, track_running_stats=True)
    (6): ReLU()
    (7): Linear(in_features=100, out_features=5000, bias=True)
    (8): ReLU()
  )
  (atac_decoder): Sequential(
    (0): Linear(in_features=128, out_features=100, bias=True)
    (1): BatchNorm1d(100, eps=1e-05, momentum=0.1, affine=True, track_running_stats=True)
    (2): ReLU()
    (3): Dropout(p=0.1, inplace=False)
    (4): Linear(in_features=100, out_features=300, bias=True)
    (5): BatchNorm1d(300, eps=1e-05, momentum=0.1, affine=True, track_running_stats=True)
    (6): ReLU()
    (7): Linear(in_features=300, out_features=2501, bias=True)
    (8): Sigmoid()
  )
);
The dataset: <datasets.anndatadataset.AnnDataDataset object at 0x7f8593d4dad0>;
The optimizer: Adam (
Parameter Group 0
    amsgrad: False
    betas: (0.9, 0.999)
    eps: 1e-08
    lr: 0.0001
    weight_decay: 0.07864618520041733
);

Epoch 0 recon loss: 5865.6158594335
Epoch 1 recon loss: 6070.0388973976
Epoch 2 recon loss: 6141.280623991
Epoch 3 recon loss: 6096.3111756707
Epoch 4 recon loss: 5837.5060196978
Epoch 5 recon loss: 6079.2956311912
Epoch 6 recon loss: 5888.3634448322
Epoch 7 recon loss: 5909.2569128969
Epoch 8 recon loss: 5917.3182749657
Epoch 9 recon loss: 5874.1043960763
Epoch 10 recon loss: 5941.3535413758
Epoch 11 recon loss: 5763.2399251248
Epoch 12 recon loss: 6018.2677381432
Epoch 13 recon loss: 5944.0150235515
Epoch 14 recon loss: 6062.5209645614
Epoch 15 recon loss: 5690.0001269325
Epoch 16 recon loss: 5675.3813403365
Epoch 17 recon loss: 5706.4463989382
Epoch 18 recon loss: 5862.5864422061
Epoch 19 recon loss: 5801.0890073284
Epoch 20 recon loss: 5909.6504040158
Epoch 21 recon loss: 5719.4133910509
Epoch 22 recon loss: 5795.9232293548
Epoch 23 recon loss: 5770.9365575443
Epoch 24 recon loss: 5683.5638567239
Epoch 25 recon loss: 5786.0811611971
Epoch 26 recon loss: 5455.0458389714
Epoch 27 recon loss: 5761.6744514959
Epoch 28 recon loss: 5766.2381872946
Epoch 29 recon loss: 5707.0774233761
Epoch 30 recon loss: 5725.5943549922
Epoch 31 recon loss: 5885.7700517492
Epoch 32 recon loss: 5791.3164023318
Epoch 33 recon loss: 5829.9679614426
Epoch 34 recon loss: 5502.9637922587
Epoch 35 recon loss: 5833.1456845232
Epoch 36 recon loss: 5368.6983230721
Epoch 37 recon loss: 5845.6180129754
Epoch 38 recon loss: 5756.8997009193
Epoch 39 recon loss: 5531.4035168709

Latent space type: <class 'numpy.ndarray'>;
GEX encoded shape: torch.Size([69249, 64]);
ATAC encoded shape: torch.Size([69249, 64]);
Latent space shape: (69249, 128);

0.5023605502829119
   celltype_ari  celltype_ami  ...  batch_homogeneity  batch_complete
0      0.091042      0.299032  ...           0.815173        0.877681

[1 rows x 8 columns]
2022-12-18 14:24:33,287 - wandb.wandb_agent - INFO - Cleaning up finished run: fnov8wxt
wandb: Waiting for W&B process to finish... (success).
wandb: 
wandb: Run history:
wandb:  recon loss ▆▇██▅▇▆▆▆▆▆▅▇▆▇▄▄▄▅▅▆▄▅▅▄▅▂▅▅▄▄▆▅▅▂▅▁▅▅▂
wandb: total_score ▁
wandb: 
wandb: Run summary:
wandb:  recon loss 5531.40352
wandb: total_score 0.50236
wandb: 
wandb: Synced fanciful-sweep-64: https://wandb.ai/team-single-cell/gex_atac_sweep/runs/fnov8wxt
wandb: Synced 6 W&B file(s), 1 media file(s), 1 artifact file(s) and 0 other file(s)
wandb: Find logs at: ./wandb/run-20221218_140513-fnov8wxt/logs
2022-12-18 14:24:39,192 - wandb.wandb_agent - INFO - Agent received command: run
2022-12-18 14:24:39,212 - wandb.wandb_agent - INFO - Agent starting run with config:
	atac_dim: 10000
	atac_weight: 28.718505759252487
	epochs: 80
	gex_dim: 5000
	gex_weight: 99.33829254292142
	init: xavier
	latent_dim: 10
	lr: 0.001
	model: [[1000, 200], [50, 100], [2000, 400], [100, 300]]
	weight_decay: 0.027436423885239727
2022-12-18 14:24:39,314 - wandb.wandb_agent - INFO - About to run command: /usr/bin/env python gex_atac_sweep.py --atac_dim=10000 --atac_weight=28.718505759252487 --epochs=80 --gex_dim=5000 --gex_weight=99.33829254292142 --init=xavier --latent_dim=10 --lr=0.001 "--model=[[1000, 200], [50, 100], [2000, 400], [100, 300]]" --weight_decay=0.027436423885239727
2022-12-18 14:24:44,409 - wandb.wandb_agent - INFO - Running runs: ['dto9erne']
wandb: Currently logged in as: ange1o5 (team-single-cell). Use `wandb login --relogin` to force relogin
wandb: WARNING Ignored wandb.init() arg project when running a sweep.
wandb: WARNING Ignored wandb.init() arg entity when running a sweep.
wandb: Tracking run with wandb version 0.13.7
wandb: Run data is saved locally in /ssd003/home/angelo/single-cell-proj/repo/team_single_cell/experiments/scripts/wandb/run-20221218_142445-dto9erne
wandb: Run `wandb offline` to turn off syncing.
wandb: Syncing run rosy-sweep-429
wandb: ⭐️ View project at https://wandb.ai/team-single-cell/gex_atac_sweep
wandb: 🧹 View sweep at https://wandb.ai/team-single-cell/gex_atac_sweep/sweeps/j1snhit4
wandb: 🚀 View run at https://wandb.ai/team-single-cell/gex_atac_sweep/runs/dto9erne
 UserWarning:/h/angelo/miniconda3/envs/single_cell_env/lib/python3.7/site-packages/scanpy/preprocessing/_highly_variable_genes.py:64: `flavor='seurat_v3'` expects raw count data, but non-integers were found.
Trying to set attribute `._uns` of view, copying.
Trying to set attribute `.var` of view, copying.
slurmstepd: error: *** JOB 8874488 ON gpu109 CANCELLED AT 2022-12-18T14:32:15 ***
