/h/angelo/single-cell-proj/repo/team_single_cell/experiments/jobs
gpu170.cluster.local
Sun Dec 18 14:05:13 EST 2022
wandb: Starting wandb agent 🕵️
2022-12-18 14:05:21,907 - wandb.wandb_agent - INFO - Running runs: []
2022-12-18 14:05:22,145 - wandb.wandb_agent - INFO - Agent received command: run
2022-12-18 14:05:22,146 - wandb.wandb_agent - INFO - Agent starting run with config:
	atac_dim: 5000
	atac_weight: 80.80782845488692
	epochs: 40
	gex_dim: 1000
	gex_weight: 18.92099837032758
	init: xavier
	latent_dim: 128
	lr: 1e-05
	model: [[1000, 800, 600, 400, 200], [10, 30, 50, 100, 160], [1200, 900, 600, 400, 150], [15, 40, 60, 100, 180]]
	weight_decay: 0.026513689678370745
2022-12-18 14:05:22,154 - wandb.wandb_agent - INFO - About to run command: /usr/bin/env python gex_atac_sweep.py --atac_dim=5000 --atac_weight=80.80782845488692 --epochs=40 --gex_dim=1000 --gex_weight=18.92099837032758 --init=xavier --latent_dim=128 --lr=1e-05 "--model=[[1000, 800, 600, 400, 200], [10, 30, 50, 100, 160], [1200, 900, 600, 400, 150], [15, 40, 60, 100, 180]]" --weight_decay=0.026513689678370745
2022-12-18 14:05:27,183 - wandb.wandb_agent - INFO - Running runs: ['ocos92lg']
wandb: Currently logged in as: ange1o5 (team-single-cell). Use `wandb login --relogin` to force relogin
wandb: WARNING Ignored wandb.init() arg project when running a sweep.
wandb: WARNING Ignored wandb.init() arg entity when running a sweep.
wandb: Tracking run with wandb version 0.13.7
wandb: Run data is saved locally in /ssd003/home/angelo/single-cell-proj/repo/team_single_cell/experiments/scripts/wandb/run-20221218_140527-ocos92lg
wandb: Run `wandb offline` to turn off syncing.
wandb: Syncing run lunar-sweep-107
wandb: ⭐️ View project at https://wandb.ai/team-single-cell/gex_atac_sweep
wandb: 🧹 View sweep at https://wandb.ai/team-single-cell/gex_atac_sweep/sweeps/j1snhit4
wandb: 🚀 View run at https://wandb.ai/team-single-cell/gex_atac_sweep/runs/ocos92lg
 UserWarning:/h/angelo/miniconda3/envs/single_cell_env/lib/python3.7/site-packages/scanpy/preprocessing/_highly_variable_genes.py:64: `flavor='seurat_v3'` expects raw count data, but non-integers were found.
Trying to set attribute `._uns` of view, copying.
Trying to set attribute `.var` of view, copying.
2022-12-18 14:15:57.264140: I tensorflow/core/platform/cpu_feature_guard.cc:193] This TensorFlow binary is optimized with oneAPI Deep Neural Network Library (oneDNN) to use the following CPU instructions in performance-critical operations:  SSE4.1 SSE4.2 AVX AVX2 AVX512F AVX512_VNNI FMA
To enable them in other operations, rebuild TensorFlow with the appropriate compiler flags.
2022-12-18 14:15:57.523494: I tensorflow/core/util/util.cc:169] oneDNN custom operations are on. You may see slightly different numerical results due to floating-point round-off errors from different computation orders. To turn them off, set the environment variable `TF_ENABLE_ONEDNN_OPTS=0`.
 FutureWarning:/h/angelo/miniconda3/envs/single_cell_env/lib/python3.7/site-packages/anndata/_core/anndata.py:1228: The `inplace` parameter in pandas.Categorical.reorder_categories is deprecated and will be removed in a future version. Reordering categories will always return a new Categorical object.
... storing 'feature_types' as categorical
 FutureWarning:/h/angelo/miniconda3/envs/single_cell_env/lib/python3.7/site-packages/anndata/_core/anndata.py:1228: The `inplace` parameter in pandas.Categorical.reorder_categories is deprecated and will be removed in a future version. Reordering categories will always return a new Categorical object.
... storing 'gene_id' as categorical
Reading dataset...
Feature selecting GEX...
Feature selecting ATAC...

New GEX dim: 1000;
New ATAC dim: 5001;
AnnData dataset's shape: (69249, 6001)

Initializing dataset and dataloader...
The order of labels: ['s1d1', 's1d1', 's1d1', 's1d1', 's1d1', ..., 's4d9', 's4d9', 's4d9', 's4d9', 's4d9']
Length: 69249
Categories (13, object): ['s1d1', 's1d2', 's1d3', 's2d1', ..., 's3d10', 's4d1', 's4d8', 's4d9']
The device: cuda;

The model: DeepGexAtacMultiModalAutoencoder(
  (gex_encoder): Sequential(
    (0): Linear(in_features=1000, out_features=1000, bias=True)
    (1): BatchNorm1d(1000, eps=1e-05, momentum=0.1, affine=True, track_running_stats=True)
    (2): ReLU()
    (3): Dropout(p=0.1, inplace=False)
    (4): Linear(in_features=1000, out_features=800, bias=True)
    (5): BatchNorm1d(800, eps=1e-05, momentum=0.1, affine=True, track_running_stats=True)
    (6): ReLU()
    (7): Linear(in_features=800, out_features=600, bias=True)
    (8): BatchNorm1d(600, eps=1e-05, momentum=0.1, affine=True, track_running_stats=True)
    (9): ReLU()
    (10): Dropout(p=0.1, inplace=False)
    (11): Linear(in_features=600, out_features=400, bias=True)
    (12): BatchNorm1d(400, eps=1e-05, momentum=0.1, affine=True, track_running_stats=True)
    (13): ReLU()
    (14): Linear(in_features=400, out_features=200, bias=True)
    (15): BatchNorm1d(200, eps=1e-05, momentum=0.1, affine=True, track_running_stats=True)
    (16): ReLU()
    (17): Dropout(p=0.1, inplace=False)
    (18): Linear(in_features=200, out_features=64, bias=True)
    (19): ReLU()
  )
  (atac_encoder): Sequential(
    (0): Linear(in_features=5001, out_features=1200, bias=True)
    (1): BatchNorm1d(1200, eps=1e-05, momentum=0.1, affine=True, track_running_stats=True)
    (2): ReLU()
    (3): Dropout(p=0.1, inplace=False)
    (4): Linear(in_features=1200, out_features=900, bias=True)
    (5): BatchNorm1d(900, eps=1e-05, momentum=0.1, affine=True, track_running_stats=True)
    (6): ReLU()
    (7): Linear(in_features=900, out_features=600, bias=True)
    (8): BatchNorm1d(600, eps=1e-05, momentum=0.1, affine=True, track_running_stats=True)
    (9): ReLU()
    (10): Dropout(p=0.1, inplace=False)
    (11): Linear(in_features=600, out_features=400, bias=True)
    (12): BatchNorm1d(400, eps=1e-05, momentum=0.1, affine=True, track_running_stats=True)
    (13): ReLU()
    (14): Linear(in_features=400, out_features=150, bias=True)
    (15): BatchNorm1d(150, eps=1e-05, momentum=0.1, affine=True, track_running_stats=True)
    (16): ReLU()
    (17): Dropout(p=0.1, inplace=False)
    (18): Linear(in_features=150, out_features=64, bias=True)
    (19): ReLU()
  )
  (gex_decoder): Sequential(
    (0): Linear(in_features=128, out_features=10, bias=True)
    (1): BatchNorm1d(10, eps=1e-05, momentum=0.1, affine=True, track_running_stats=True)
    (2): ReLU()
    (3): Dropout(p=0.1, inplace=False)
    (4): Linear(in_features=10, out_features=30, bias=True)
    (5): BatchNorm1d(30, eps=1e-05, momentum=0.1, affine=True, track_running_stats=True)
    (6): ReLU()
    (7): Linear(in_features=30, out_features=50, bias=True)
    (8): BatchNorm1d(50, eps=1e-05, momentum=0.1, affine=True, track_running_stats=True)
    (9): ReLU()
    (10): Dropout(p=0.1, inplace=False)
    (11): Linear(in_features=50, out_features=100, bias=True)
    (12): BatchNorm1d(100, eps=1e-05, momentum=0.1, affine=True, track_running_stats=True)
    (13): ReLU()
    (14): Linear(in_features=100, out_features=160, bias=True)
    (15): BatchNorm1d(160, eps=1e-05, momentum=0.1, affine=True, track_running_stats=True)
    (16): ReLU()
    (17): Dropout(p=0.1, inplace=False)
    (18): Linear(in_features=160, out_features=1000, bias=True)
    (19): ReLU()
  )
  (atac_decoder): Sequential(
    (0): Linear(in_features=128, out_features=15, bias=True)
    (1): BatchNorm1d(15, eps=1e-05, momentum=0.1, affine=True, track_running_stats=True)
    (2): ReLU()
    (3): Dropout(p=0.1, inplace=False)
    (4): Linear(in_features=15, out_features=40, bias=True)
    (5): BatchNorm1d(40, eps=1e-05, momentum=0.1, affine=True, track_running_stats=True)
    (6): ReLU()
    (7): Linear(in_features=40, out_features=60, bias=True)
    (8): BatchNorm1d(60, eps=1e-05, momentum=0.1, affine=True, track_running_stats=True)
    (9): ReLU()
    (10): Dropout(p=0.1, inplace=False)
    (11): Linear(in_features=60, out_features=100, bias=True)
    (12): BatchNorm1d(100, eps=1e-05, momentum=0.1, affine=True, track_running_stats=True)
    (13): ReLU()
    (14): Linear(in_features=100, out_features=180, bias=True)
    (15): BatchNorm1d(180, eps=1e-05, momentum=0.1, affine=True, track_running_stats=True)
    (16): ReLU()
    (17): Dropout(p=0.1, inplace=False)
    (18): Linear(in_features=180, out_features=5001, bias=True)
    (19): Sigmoid()
  )
);
The dataset: <datasets.anndatadataset.AnnDataDataset object at 0x7f8755ac2e50>;
The optimizer: Adam (
Parameter Group 0
    amsgrad: False
    betas: (0.9, 0.999)
    eps: 1e-08
    lr: 1e-05
    weight_decay: 0.026513689678370745
);

Epoch 0 recon loss: 7936.209420383
Epoch 1 recon loss: 7947.4760277738
Epoch 2 recon loss: 7515.9514611662
Epoch 3 recon loss: 7894.5820649927
Epoch 4 recon loss: 7910.2174171286
Epoch 5 recon loss: 7575.4804733981
Epoch 6 recon loss: 7856.2609701184
Epoch 7 recon loss: 7694.4302235732
Epoch 8 recon loss: 8051.1265516084
Epoch 9 recon loss: 7946.3892404047
Epoch 10 recon loss: 7600.0303694564
Epoch 11 recon loss: 7951.7929213427
Epoch 12 recon loss: 7718.4651456454
Epoch 13 recon loss: 7913.4920085387
Epoch 14 recon loss: 7702.8982953583
Epoch 15 recon loss: 7860.0963925826
Epoch 16 recon loss: 7832.441912752
Epoch 17 recon loss: 7831.9239652308
Epoch 18 recon loss: 8050.712193908
Epoch 19 recon loss: 7947.9838283008
Epoch 20 recon loss: 7637.8535849057
Epoch 21 recon loss: 7446.265164184
Epoch 22 recon loss: 7720.3873380619
Epoch 23 recon loss: 7651.7712612787
Epoch 24 recon loss: 7800.7539014245
Epoch 25 recon loss: 7928.6520777607
Epoch 26 recon loss: 7667.2655758922
Epoch 27 recon loss: 7912.8087795954
Epoch 28 recon loss: 7465.7446706653
Epoch 29 recon loss: 7695.5764927808
Epoch 30 recon loss: 7697.0532374913
Epoch 31 recon loss: 7702.0273674867
Epoch 32 recon loss: 7899.4740736992
Epoch 33 recon loss: 7837.4854756345
Epoch 34 recon loss: 7942.6532438939
Epoch 35 recon loss: 7822.4659287258
Epoch 36 recon loss: 7607.7051464737
Epoch 37 recon loss: 7921.9313244967
Epoch 38 recon loss: 7920.3651081676
Epoch 39 recon loss: 7699.023829569

Latent space type: <class 'numpy.ndarray'>;
GEX encoded shape: torch.Size([69249, 64]);
ATAC encoded shape: torch.Size([69249, 64]);
Latent space shape: (69249, 128);

0.43575770672718905
   celltype_ari  celltype_ami  ...  batch_homogeneity  batch_complete
0      0.040339      0.115423  ...           0.936086        0.927608

[1 rows x 8 columns]
2022-12-18 14:18:33,146 - wandb.wandb_agent - INFO - Cleaning up finished run: ocos92lg
wandb: Waiting for W&B process to finish... (success).
wandb: ERROR Failed to sample metric: process no longer exists (pid=16668)
wandb: ERROR Error while calling W&B API: internal database error (<Response [500]>)
wandb: 
wandb: Run history:
wandb:  recon loss ▇▇▂▆▆▂▆▄█▇▃▇▄▆▄▆▅▅█▇▃▁▄▃▅▇▄▆▁▄▄▄▆▆▇▅▃▇▆▄
wandb: total_score ▁
wandb: 
wandb: Run summary:
wandb:  recon loss 7699.02383
wandb: total_score 0.43576
wandb: 
wandb: Synced lunar-sweep-107: https://wandb.ai/team-single-cell/gex_atac_sweep/runs/ocos92lg
wandb: Synced 6 W&B file(s), 1 media file(s), 1 artifact file(s) and 0 other file(s)
wandb: Find logs at: ./wandb/run-20221218_140527-ocos92lg/logs
2022-12-18 14:18:41,384 - wandb.wandb_agent - INFO - Agent received command: run
2022-12-18 14:18:41,385 - wandb.wandb_agent - INFO - Agent starting run with config:
	atac_dim: 7500
	atac_weight: 53.20128419146744
	epochs: 60
	gex_dim: 2500
	gex_weight: 57.66899895917585
	init: xavier
	latent_dim: 64
	lr: 0.01
	model: [[1000, 800, 600, 400, 200], [10, 30, 50, 100, 160], [1200, 900, 600, 400, 150], [15, 40, 60, 100, 180]]
	weight_decay: 0.02751049802954149
2022-12-18 14:18:41,392 - wandb.wandb_agent - INFO - About to run command: /usr/bin/env python gex_atac_sweep.py --atac_dim=7500 --atac_weight=53.20128419146744 --epochs=60 --gex_dim=2500 --gex_weight=57.66899895917585 --init=xavier --latent_dim=64 --lr=0.01 "--model=[[1000, 800, 600, 400, 200], [10, 30, 50, 100, 160], [1200, 900, 600, 400, 150], [15, 40, 60, 100, 180]]" --weight_decay=0.02751049802954149
wandb: Currently logged in as: ange1o5 (team-single-cell). Use `wandb login --relogin` to force relogin
wandb: WARNING Ignored wandb.init() arg project when running a sweep.
wandb: WARNING Ignored wandb.init() arg entity when running a sweep.
2022-12-18 14:18:46,415 - wandb.wandb_agent - INFO - Running runs: ['04mgbf2o']
wandb: Tracking run with wandb version 0.13.7
wandb: Run data is saved locally in /ssd003/home/angelo/single-cell-proj/repo/team_single_cell/experiments/scripts/wandb/run-20221218_141846-04mgbf2o
wandb: Run `wandb offline` to turn off syncing.
wandb: Syncing run azure-sweep-363
wandb: ⭐️ View project at https://wandb.ai/team-single-cell/gex_atac_sweep
wandb: 🧹 View sweep at https://wandb.ai/team-single-cell/gex_atac_sweep/sweeps/j1snhit4
wandb: 🚀 View run at https://wandb.ai/team-single-cell/gex_atac_sweep/runs/04mgbf2o
 UserWarning:/h/angelo/miniconda3/envs/single_cell_env/lib/python3.7/site-packages/scanpy/preprocessing/_highly_variable_genes.py:64: `flavor='seurat_v3'` expects raw count data, but non-integers were found.
Trying to set attribute `._uns` of view, copying.
Trying to set attribute `.var` of view, copying.
slurmstepd: error: *** JOB 8874537 ON gpu170 CANCELLED AT 2022-12-18T14:32:15 ***
