/h/angelo/single-cell-proj/repo/team_single_cell/experiments/jobs
gpu096
Sun Dec 18 14:07:34 EST 2022
wandb: Starting wandb agent 🕵️
2022-12-18 14:07:43,816 - wandb.wandb_agent - INFO - Running runs: []
2022-12-18 14:07:44,211 - wandb.wandb_agent - INFO - Agent received command: run
2022-12-18 14:07:44,212 - wandb.wandb_agent - INFO - Agent starting run with config:
	atac_dim: 5000
	atac_weight: 21.463889539374392
	epochs: 60
	gex_dim: 1000
	gex_weight: 70.90570064372389
	init: he
	latent_dim: 64
	lr: 1e-05
	model: [[1200, 400, 100], [50, 100, 200], [1600, 600, 120], [60, 100, 150]]
	weight_decay: 0.07283535417370661
2022-12-18 14:07:44,222 - wandb.wandb_agent - INFO - About to run command: /usr/bin/env python gex_atac_sweep.py --atac_dim=5000 --atac_weight=21.463889539374392 --epochs=60 --gex_dim=1000 --gex_weight=70.90570064372389 --init=he --latent_dim=64 --lr=1e-05 "--model=[[1200, 400, 100], [50, 100, 200], [1600, 600, 120], [60, 100, 150]]" --weight_decay=0.07283535417370661
2022-12-18 14:07:49,251 - wandb.wandb_agent - INFO - Running runs: ['e2gppla9']
wandb: Currently logged in as: ange1o5 (team-single-cell). Use `wandb login --relogin` to force relogin
wandb: WARNING Ignored wandb.init() arg project when running a sweep.
wandb: WARNING Ignored wandb.init() arg entity when running a sweep.
wandb: Tracking run with wandb version 0.13.7
wandb: Run data is saved locally in /ssd003/home/angelo/single-cell-proj/repo/team_single_cell/experiments/scripts/wandb/run-20221218_140752-e2gppla9
wandb: Run `wandb offline` to turn off syncing.
wandb: Syncing run rosy-sweep-243
wandb: ⭐️ View project at https://wandb.ai/team-single-cell/gex_atac_sweep
wandb: 🧹 View sweep at https://wandb.ai/team-single-cell/gex_atac_sweep/sweeps/j1snhit4
wandb: 🚀 View run at https://wandb.ai/team-single-cell/gex_atac_sweep/runs/e2gppla9
 UserWarning:/h/angelo/miniconda3/envs/single_cell_env/lib/python3.7/site-packages/scanpy/preprocessing/_highly_variable_genes.py:64: `flavor='seurat_v3'` expects raw count data, but non-integers were found.
Trying to set attribute `._uns` of view, copying.
Trying to set attribute `.var` of view, copying.
2022-12-18 14:29:48.761299: I tensorflow/core/platform/cpu_feature_guard.cc:193] This TensorFlow binary is optimized with oneAPI Deep Neural Network Library (oneDNN) to use the following CPU instructions in performance-critical operations:  SSE4.1 SSE4.2 AVX AVX2 AVX512F FMA
To enable them in other operations, rebuild TensorFlow with the appropriate compiler flags.
slurmstepd: error: *** JOB 8874673 ON gpu096 CANCELLED AT 2022-12-18T14:32:15 ***
