/h/angelo/single-cell-proj/repo/team_single_cell/experiments/jobs
gpu171.cluster.local
Sun Dec 18 14:07:23 EST 2022
wandb: Starting wandb agent 🕵️
2022-12-18 14:07:33,046 - wandb.wandb_agent - INFO - Running runs: []
2022-12-18 14:07:33,383 - wandb.wandb_agent - INFO - Agent received command: run
2022-12-18 14:07:33,384 - wandb.wandb_agent - INFO - Agent starting run with config:
	atac_dim: 7500
	atac_weight: 61.78489197256398
	epochs: 80
	gex_dim: 5000
	gex_weight: 83.23344916185576
	init: xavier
	latent_dim: 20
	lr: 1e-05
	model: [[1000, 200], [50, 100], [2000, 400], [100, 300]]
	weight_decay: 0.09525188376274084
2022-12-18 14:07:33,391 - wandb.wandb_agent - INFO - About to run command: /usr/bin/env python gex_atac_sweep.py --atac_dim=7500 --atac_weight=61.78489197256398 --epochs=80 --gex_dim=5000 --gex_weight=83.23344916185576 --init=xavier --latent_dim=20 --lr=1e-05 "--model=[[1000, 200], [50, 100], [2000, 400], [100, 300]]" --weight_decay=0.09525188376274084
2022-12-18 14:07:38,402 - wandb.wandb_agent - INFO - Running runs: ['s4552b2k']
wandb: Currently logged in as: ange1o5 (team-single-cell). Use `wandb login --relogin` to force relogin
wandb: WARNING Ignored wandb.init() arg project when running a sweep.
wandb: WARNING Ignored wandb.init() arg entity when running a sweep.
wandb: Tracking run with wandb version 0.13.7
wandb: Run data is saved locally in /ssd003/home/angelo/single-cell-proj/repo/team_single_cell/experiments/scripts/wandb/run-20221218_140741-s4552b2k
wandb: Run `wandb offline` to turn off syncing.
wandb: Syncing run likely-sweep-219
wandb: ⭐️ View project at https://wandb.ai/team-single-cell/gex_atac_sweep
wandb: 🧹 View sweep at https://wandb.ai/team-single-cell/gex_atac_sweep/sweeps/j1snhit4
wandb: 🚀 View run at https://wandb.ai/team-single-cell/gex_atac_sweep/runs/s4552b2k
 UserWarning:/h/angelo/miniconda3/envs/single_cell_env/lib/python3.7/site-packages/scanpy/preprocessing/_highly_variable_genes.py:64: `flavor='seurat_v3'` expects raw count data, but non-integers were found.
Trying to set attribute `._uns` of view, copying.
Trying to set attribute `.var` of view, copying.
slurmstepd: error: *** JOB 8874649 ON gpu171 CANCELLED AT 2022-12-18T14:32:15 ***
