/h/angelo/single-cell-proj/repo/team_single_cell/experiments/jobs
gpu084
Sun Dec 18 14:05:56 EST 2022
wandb: Starting wandb agent 🕵️
2022-12-18 14:06:06,422 - wandb.wandb_agent - INFO - Running runs: []
2022-12-18 14:06:06,618 - wandb.wandb_agent - INFO - Agent received command: run
2022-12-18 14:06:06,618 - wandb.wandb_agent - INFO - Agent starting run with config:
	atac_dim: 7500
	atac_weight: 51.54915381165571
	epochs: 60
	gex_dim: 2500
	gex_weight: 21.509828074794303
	init: xavier
	latent_dim: 128
	lr: 0.01
	model: [[1000, 800, 600, 400, 200], [10, 30, 50, 100, 160], [1200, 900, 600, 400, 150], [15, 40, 60, 100, 180]]
	weight_decay: 0.05388602050041341
2022-12-18 14:06:06,629 - wandb.wandb_agent - INFO - About to run command: /usr/bin/env python gex_atac_sweep.py --atac_dim=7500 --atac_weight=51.54915381165571 --epochs=60 --gex_dim=2500 --gex_weight=21.509828074794303 --init=xavier --latent_dim=128 --lr=0.01 "--model=[[1000, 800, 600, 400, 200], [10, 30, 50, 100, 160], [1200, 900, 600, 400, 150], [15, 40, 60, 100, 180]]" --weight_decay=0.05388602050041341
2022-12-18 14:06:11,644 - wandb.wandb_agent - INFO - Running runs: ['r3856ub5']
wandb: Currently logged in as: ange1o5 (team-single-cell). Use `wandb login --relogin` to force relogin
wandb: WARNING Ignored wandb.init() arg project when running a sweep.
wandb: WARNING Ignored wandb.init() arg entity when running a sweep.
wandb: Tracking run with wandb version 0.13.7
wandb: Run data is saved locally in /ssd003/home/angelo/single-cell-proj/repo/team_single_cell/experiments/scripts/wandb/run-20221218_140614-r3856ub5
wandb: Run `wandb offline` to turn off syncing.
wandb: Syncing run faithful-sweep-153
wandb: ⭐️ View project at https://wandb.ai/team-single-cell/gex_atac_sweep
wandb: 🧹 View sweep at https://wandb.ai/team-single-cell/gex_atac_sweep/sweeps/j1snhit4
wandb: 🚀 View run at https://wandb.ai/team-single-cell/gex_atac_sweep/runs/r3856ub5
 UserWarning:/h/angelo/miniconda3/envs/single_cell_env/lib/python3.7/site-packages/scanpy/preprocessing/_highly_variable_genes.py:64: `flavor='seurat_v3'` expects raw count data, but non-integers were found.
Trying to set attribute `._uns` of view, copying.
Trying to set attribute `.var` of view, copying.
slurmstepd: error: *** JOB 8874582 ON gpu084 CANCELLED AT 2022-12-18T14:32:15 ***
