/h/angelo/single-cell-proj/repo/team_single_cell/experiments/jobs
gpu138.cluster.local
Sun Dec 18 14:07:56 EST 2022
wandb: Starting wandb agent 🕵️
2022-12-18 14:08:06,055 - wandb.wandb_agent - INFO - Running runs: []
2022-12-18 14:08:06,251 - wandb.wandb_agent - INFO - Agent received command: run
2022-12-18 14:08:06,251 - wandb.wandb_agent - INFO - Agent starting run with config:
	atac_dim: 2500
	atac_weight: 5.706007102264314
	epochs: 80
	gex_dim: 1000
	gex_weight: 38.28082255193071
	init: xavier
	latent_dim: 10
	lr: 0.001
	model: [[1600, 800, 400, 100], [40, 60, 100, 150], [1800, 800, 400, 100], [40, 60, 120, 200]]
	weight_decay: 0.02389884060420642
2022-12-18 14:08:06,259 - wandb.wandb_agent - INFO - About to run command: /usr/bin/env python gex_atac_sweep.py --atac_dim=2500 --atac_weight=5.706007102264314 --epochs=80 --gex_dim=1000 --gex_weight=38.28082255193071 --init=xavier --latent_dim=10 --lr=0.001 "--model=[[1600, 800, 400, 100], [40, 60, 100, 150], [1800, 800, 400, 100], [40, 60, 120, 200]]" --weight_decay=0.02389884060420642
2022-12-18 14:08:11,273 - wandb.wandb_agent - INFO - Running runs: ['axfr8vqm']
wandb: Currently logged in as: ange1o5 (team-single-cell). Use `wandb login --relogin` to force relogin
wandb: WARNING Ignored wandb.init() arg project when running a sweep.
wandb: WARNING Ignored wandb.init() arg entity when running a sweep.
wandb: Tracking run with wandb version 0.13.7
wandb: Run data is saved locally in /ssd003/home/angelo/single-cell-proj/repo/team_single_cell/experiments/scripts/wandb/run-20221218_140814-axfr8vqm
wandb: Run `wandb offline` to turn off syncing.
wandb: Syncing run comfy-sweep-292
wandb: ⭐️ View project at https://wandb.ai/team-single-cell/gex_atac_sweep
wandb: 🧹 View sweep at https://wandb.ai/team-single-cell/gex_atac_sweep/sweeps/j1snhit4
wandb: 🚀 View run at https://wandb.ai/team-single-cell/gex_atac_sweep/runs/axfr8vqm
 UserWarning:/h/angelo/miniconda3/envs/single_cell_env/lib/python3.7/site-packages/scanpy/preprocessing/_highly_variable_genes.py:64: `flavor='seurat_v3'` expects raw count data, but non-integers were found.
Trying to set attribute `._uns` of view, copying.
Trying to set attribute `.var` of view, copying.
2022-12-18 14:24:43.977496: I tensorflow/core/platform/cpu_feature_guard.cc:193] This TensorFlow binary is optimized with oneAPI Deep Neural Network Library (oneDNN) to use the following CPU instructions in performance-critical operations:  SSE4.1 SSE4.2 AVX AVX2 AVX512F AVX512_VNNI FMA
To enable them in other operations, rebuild TensorFlow with the appropriate compiler flags.
2022-12-18 14:24:44.089405: I tensorflow/core/util/util.cc:169] oneDNN custom operations are on. You may see slightly different numerical results due to floating-point round-off errors from different computation orders. To turn them off, set the environment variable `TF_ENABLE_ONEDNN_OPTS=0`.
slurmstepd: error: *** JOB 8874724 ON gpu138 CANCELLED AT 2022-12-18T14:32:15 ***
