/h/angelo/single-cell-proj/repo/team_single_cell/experiments/jobs
gpu101
Sun Dec 18 14:07:30 EST 2022
wandb: Starting wandb agent 🕵️
2022-12-18 14:07:39,963 - wandb.wandb_agent - INFO - Running runs: []
2022-12-18 14:07:40,168 - wandb.wandb_agent - INFO - Agent received command: run
2022-12-18 14:07:40,169 - wandb.wandb_agent - INFO - Agent starting run with config:
	atac_dim: 10000
	atac_weight: 76.83776016319499
	epochs: 20
	gex_dim: 1000
	gex_weight: 66.41031261554276
	init: he
	latent_dim: 128
	lr: 1e-05
	model: [[1000, 200], [50, 100], [2000, 400], [100, 300]]
	weight_decay: 0.08843214413327649
2022-12-18 14:07:40,179 - wandb.wandb_agent - INFO - About to run command: /usr/bin/env python gex_atac_sweep.py --atac_dim=10000 --atac_weight=76.83776016319499 --epochs=20 --gex_dim=1000 --gex_weight=66.41031261554276 --init=he --latent_dim=128 --lr=1e-05 "--model=[[1000, 200], [50, 100], [2000, 400], [100, 300]]" --weight_decay=0.08843214413327649
2022-12-18 14:07:45,192 - wandb.wandb_agent - INFO - Running runs: ['5c2n5i5m']
wandb: Currently logged in as: ange1o5 (team-single-cell). Use `wandb login --relogin` to force relogin
wandb: WARNING Ignored wandb.init() arg project when running a sweep.
wandb: WARNING Ignored wandb.init() arg entity when running a sweep.
wandb: Tracking run with wandb version 0.13.7
wandb: Run data is saved locally in /ssd003/home/angelo/single-cell-proj/repo/team_single_cell/experiments/scripts/wandb/run-20221218_140747-5c2n5i5m
wandb: Run `wandb offline` to turn off syncing.
wandb: Syncing run trim-sweep-237
wandb: ⭐️ View project at https://wandb.ai/team-single-cell/gex_atac_sweep
wandb: 🧹 View sweep at https://wandb.ai/team-single-cell/gex_atac_sweep/sweeps/j1snhit4
wandb: 🚀 View run at https://wandb.ai/team-single-cell/gex_atac_sweep/runs/5c2n5i5m
 UserWarning:/h/angelo/miniconda3/envs/single_cell_env/lib/python3.7/site-packages/scanpy/preprocessing/_highly_variable_genes.py:64: `flavor='seurat_v3'` expects raw count data, but non-integers were found.
Trying to set attribute `._uns` of view, copying.
Trying to set attribute `.var` of view, copying.
2022-12-18 14:24:28.377420: I tensorflow/core/platform/cpu_feature_guard.cc:193] This TensorFlow binary is optimized with oneAPI Deep Neural Network Library (oneDNN) to use the following CPU instructions in performance-critical operations:  SSE4.1 SSE4.2 AVX AVX2 AVX512F FMA
To enable them in other operations, rebuild TensorFlow with the appropriate compiler flags.
 FutureWarning:/h/angelo/miniconda3/envs/single_cell_env/lib/python3.7/site-packages/anndata/_core/anndata.py:1228: The `inplace` parameter in pandas.Categorical.reorder_categories is deprecated and will be removed in a future version. Reordering categories will always return a new Categorical object.
... storing 'feature_types' as categorical
 FutureWarning:/h/angelo/miniconda3/envs/single_cell_env/lib/python3.7/site-packages/anndata/_core/anndata.py:1228: The `inplace` parameter in pandas.Categorical.reorder_categories is deprecated and will be removed in a future version. Reordering categories will always return a new Categorical object.
... storing 'gene_id' as categorical
Reading dataset...
Feature selecting GEX...
Feature selecting ATAC...

New GEX dim: 1000;
New ATAC dim: 10002;
AnnData dataset's shape: (69249, 11002)

Initializing dataset and dataloader...
The order of labels: ['s1d1', 's1d1', 's1d1', 's1d1', 's1d1', ..., 's4d9', 's4d9', 's4d9', 's4d9', 's4d9']
Length: 69249
Categories (13, object): ['s1d1', 's1d2', 's1d3', 's2d1', ..., 's3d10', 's4d1', 's4d8', 's4d9']
The device: cuda;

The model: DeepGexAtacMultiModalAutoencoder(
  (gex_encoder): Sequential(
    (0): Linear(in_features=1000, out_features=1000, bias=True)
    (1): BatchNorm1d(1000, eps=1e-05, momentum=0.1, affine=True, track_running_stats=True)
    (2): ReLU()
    (3): Dropout(p=0.1, inplace=False)
    (4): Linear(in_features=1000, out_features=200, bias=True)
    (5): BatchNorm1d(200, eps=1e-05, momentum=0.1, affine=True, track_running_stats=True)
    (6): ReLU()
    (7): Linear(in_features=200, out_features=64, bias=True)
    (8): ReLU()
  )
  (atac_encoder): Sequential(
    (0): Linear(in_features=10002, out_features=2000, bias=True)
    (1): BatchNorm1d(2000, eps=1e-05, momentum=0.1, affine=True, track_running_stats=True)
    (2): ReLU()
    (3): Dropout(p=0.1, inplace=False)
    (4): Linear(in_features=2000, out_features=400, bias=True)
    (5): BatchNorm1d(400, eps=1e-05, momentum=0.1, affine=True, track_running_stats=True)
    (6): ReLU()
    (7): Linear(in_features=400, out_features=64, bias=True)
    (8): ReLU()
  )
  (gex_decoder): Sequential(
    (0): Linear(in_features=128, out_features=50, bias=True)
    (1): BatchNorm1d(50, eps=1e-05, momentum=0.1, affine=True, track_running_stats=True)
    (2): ReLU()
    (3): Dropout(p=0.1, inplace=False)
    (4): Linear(in_features=50, out_features=100, bias=True)
    (5): BatchNorm1d(100, eps=1e-05, momentum=0.1, affine=True, track_running_stats=True)
    (6): ReLU()
    (7): Linear(in_features=100, out_features=1000, bias=True)
    (8): ReLU()
  )
  (atac_decoder): Sequential(
    (0): Linear(in_features=128, out_features=100, bias=True)
    (1): BatchNorm1d(100, eps=1e-05, momentum=0.1, affine=True, track_running_stats=True)
    (2): ReLU()
    (3): Dropout(p=0.1, inplace=False)
    (4): Linear(in_features=100, out_features=300, bias=True)
    (5): BatchNorm1d(300, eps=1e-05, momentum=0.1, affine=True, track_running_stats=True)
    (6): ReLU()
    (7): Linear(in_features=300, out_features=10002, bias=True)
    (8): Sigmoid()
  )
);
The dataset: <datasets.anndatadataset.AnnDataDataset object at 0x7fd6bac877d0>;
The optimizer: Adam (
Parameter Group 0
    amsgrad: False
    betas: (0.9, 0.999)
    eps: 1e-08
    lr: 1e-05
    weight_decay: 0.08843214413327649
);

Epoch 0 recon loss: 28000.8036647027
Epoch 1 recon loss: 27664.1068354956
Epoch 2 recon loss: 26673.9177367527
Epoch 3 recon loss: 26747.2334579238
Epoch 4 recon loss: 27653.5016002076
Epoch 5 recon loss: 27107.905026166
Epoch 6 recon loss: 27551.5112275894
Epoch 7 recon loss: 27531.1014081807
Epoch 8 recon loss: 26765.471677782
Epoch 9 recon loss: 27592.4204152704
Epoch 10 recon loss: 27155.9399114109
Epoch 11 recon loss: 26721.7991452931
Epoch 12 recon loss: 26660.2626420367
Epoch 13 recon loss: 27360.950602168
Epoch 14 recon loss: 28160.7551485935
Epoch 15 recon loss: 27467.1716693435
Epoch 16 recon loss: 26828.3057923689
Epoch 17 recon loss: 27270.2433721132
Epoch 18 recon loss: 26848.5280256996
Epoch 19 recon loss: 26970.73040513

Latent space type: <class 'numpy.ndarray'>;
GEX encoded shape: torch.Size([69249, 64]);
ATAC encoded shape: torch.Size([69249, 64]);
Latent space shape: (69249, 128);

0.4468139195771763
   celltype_ari  celltype_ami  ...  batch_homogeneity  batch_complete
0       0.04917      0.134601  ...           0.935431        0.937972

[1 rows x 8 columns]
2022-12-18 14:27:37,250 - wandb.wandb_agent - INFO - Cleaning up finished run: 5c2n5i5m
wandb: ERROR Failed to sample metric: process no longer exists (pid=11261)
wandb: Waiting for W&B process to finish... (success).
wandb: 
wandb: Run history:
wandb:  recon loss ▇▆▁▁▆▃▅▅▁▅▃▁▁▄█▅▂▄▂▂
wandb: total_score ▁
wandb: 
wandb: Run summary:
wandb:  recon loss 26970.73041
wandb: total_score 0.44681
wandb: 
wandb: Synced trim-sweep-237: https://wandb.ai/team-single-cell/gex_atac_sweep/runs/5c2n5i5m
wandb: Synced 6 W&B file(s), 1 media file(s), 1 artifact file(s) and 0 other file(s)
wandb: Find logs at: ./wandb/run-20221218_140747-5c2n5i5m/logs
2022-12-18 14:27:53,275 - wandb.wandb_agent - INFO - Agent received command: run
2022-12-18 14:27:53,298 - wandb.wandb_agent - INFO - Agent starting run with config:
	atac_dim: 2500
	atac_weight: 21.366892699044296
	epochs: 40
	gex_dim: 2500
	gex_weight: 34.96553823675774
	init: he
	latent_dim: 128
	lr: 0.01
	model: [[1000, 200], [50, 100], [2000, 400], [100, 300]]
	weight_decay: 0.07195911277850287
2022-12-18 14:27:53,602 - wandb.wandb_agent - INFO - About to run command: /usr/bin/env python gex_atac_sweep.py --atac_dim=2500 --atac_weight=21.366892699044296 --epochs=40 --gex_dim=2500 --gex_weight=34.96553823675774 --init=he --latent_dim=128 --lr=0.01 "--model=[[1000, 200], [50, 100], [2000, 400], [100, 300]]" --weight_decay=0.07195911277850287
2022-12-18 14:27:58,848 - wandb.wandb_agent - INFO - Running runs: ['78urswej']
wandb: Currently logged in as: ange1o5 (team-single-cell). Use `wandb login --relogin` to force relogin
wandb: WARNING Ignored wandb.init() arg project when running a sweep.
wandb: WARNING Ignored wandb.init() arg entity when running a sweep.
wandb: Tracking run with wandb version 0.13.7
wandb: Run data is saved locally in /ssd003/home/angelo/single-cell-proj/repo/team_single_cell/experiments/scripts/wandb/run-20221218_142759-78urswej
wandb: Run `wandb offline` to turn off syncing.
wandb: Syncing run prime-sweep-460
wandb: ⭐️ View project at https://wandb.ai/team-single-cell/gex_atac_sweep
wandb: 🧹 View sweep at https://wandb.ai/team-single-cell/gex_atac_sweep/sweeps/j1snhit4
wandb: 🚀 View run at https://wandb.ai/team-single-cell/gex_atac_sweep/runs/78urswej
 UserWarning:/h/angelo/miniconda3/envs/single_cell_env/lib/python3.7/site-packages/scanpy/preprocessing/_highly_variable_genes.py:64: `flavor='seurat_v3'` expects raw count data, but non-integers were found.
Trying to set attribute `._uns` of view, copying.
Trying to set attribute `.var` of view, copying.
slurmstepd: error: *** JOB 8874666 ON gpu101 CANCELLED AT 2022-12-18T14:32:15 ***
