/h/angelo/single-cell-proj/repo/team_single_cell/experiments/jobs
gpu171.cluster.local
Sun Dec 18 14:07:23 EST 2022
wandb: Starting wandb agent 🕵️
2022-12-18 14:07:33,018 - wandb.wandb_agent - INFO - Running runs: []
2022-12-18 14:07:33,222 - wandb.wandb_agent - INFO - Agent received command: run
2022-12-18 14:07:33,223 - wandb.wandb_agent - INFO - Agent starting run with config:
	atac_dim: 2500
	atac_weight: 71.43694834396163
	epochs: 40
	gex_dim: 5000
	gex_weight: 38.72793737425968
	init: he
	latent_dim: 10
	lr: 0.01
	model: [[1000, 200], [50, 100], [2000, 400], [100, 300]]
	weight_decay: 0.05859769162351147
2022-12-18 14:07:33,232 - wandb.wandb_agent - INFO - About to run command: /usr/bin/env python gex_atac_sweep.py --atac_dim=2500 --atac_weight=71.43694834396163 --epochs=40 --gex_dim=5000 --gex_weight=38.72793737425968 --init=he --latent_dim=10 --lr=0.01 "--model=[[1000, 200], [50, 100], [2000, 400], [100, 300]]" --weight_decay=0.05859769162351147
2022-12-18 14:07:38,246 - wandb.wandb_agent - INFO - Running runs: ['2numknof']
wandb: Currently logged in as: ange1o5 (team-single-cell). Use `wandb login --relogin` to force relogin
wandb: WARNING Ignored wandb.init() arg project when running a sweep.
wandb: WARNING Ignored wandb.init() arg entity when running a sweep.
wandb: Tracking run with wandb version 0.13.7
wandb: Run data is saved locally in /ssd003/home/angelo/single-cell-proj/repo/team_single_cell/experiments/scripts/wandb/run-20221218_140741-2numknof
wandb: Run `wandb offline` to turn off syncing.
wandb: Syncing run vocal-sweep-217
wandb: ⭐️ View project at https://wandb.ai/team-single-cell/gex_atac_sweep
wandb: 🧹 View sweep at https://wandb.ai/team-single-cell/gex_atac_sweep/sweeps/j1snhit4
wandb: 🚀 View run at https://wandb.ai/team-single-cell/gex_atac_sweep/runs/2numknof
 UserWarning:/h/angelo/miniconda3/envs/single_cell_env/lib/python3.7/site-packages/scanpy/preprocessing/_highly_variable_genes.py:64: `flavor='seurat_v3'` expects raw count data, but non-integers were found.
Trying to set attribute `._uns` of view, copying.
Trying to set attribute `.var` of view, copying.
2022-12-18 14:18:09.523918: I tensorflow/core/platform/cpu_feature_guard.cc:193] This TensorFlow binary is optimized with oneAPI Deep Neural Network Library (oneDNN) to use the following CPU instructions in performance-critical operations:  SSE4.1 SSE4.2 AVX AVX2 AVX512F AVX512_VNNI FMA
To enable them in other operations, rebuild TensorFlow with the appropriate compiler flags.
2022-12-18 14:18:09.854182: I tensorflow/core/util/util.cc:169] oneDNN custom operations are on. You may see slightly different numerical results due to floating-point round-off errors from different computation orders. To turn them off, set the environment variable `TF_ENABLE_ONEDNN_OPTS=0`.
 FutureWarning:/h/angelo/miniconda3/envs/single_cell_env/lib/python3.7/site-packages/anndata/_core/anndata.py:1228: The `inplace` parameter in pandas.Categorical.reorder_categories is deprecated and will be removed in a future version. Reordering categories will always return a new Categorical object.
... storing 'feature_types' as categorical
 FutureWarning:/h/angelo/miniconda3/envs/single_cell_env/lib/python3.7/site-packages/anndata/_core/anndata.py:1228: The `inplace` parameter in pandas.Categorical.reorder_categories is deprecated and will be removed in a future version. Reordering categories will always return a new Categorical object.
... storing 'gene_id' as categorical
Reading dataset...
Feature selecting GEX...
Feature selecting ATAC...

New GEX dim: 5000;
New ATAC dim: 2501;
AnnData dataset's shape: (69249, 7501)

Initializing dataset and dataloader...
The order of labels: ['s1d1', 's1d1', 's1d1', 's1d1', 's1d1', ..., 's4d9', 's4d9', 's4d9', 's4d9', 's4d9']
Length: 69249
Categories (13, object): ['s1d1', 's1d2', 's1d3', 's2d1', ..., 's3d10', 's4d1', 's4d8', 's4d9']
The device: cuda;

The model: DeepGexAtacMultiModalAutoencoder(
  (gex_encoder): Sequential(
    (0): Linear(in_features=5000, out_features=1000, bias=True)
    (1): BatchNorm1d(1000, eps=1e-05, momentum=0.1, affine=True, track_running_stats=True)
    (2): ReLU()
    (3): Dropout(p=0.1, inplace=False)
    (4): Linear(in_features=1000, out_features=200, bias=True)
    (5): BatchNorm1d(200, eps=1e-05, momentum=0.1, affine=True, track_running_stats=True)
    (6): ReLU()
    (7): Linear(in_features=200, out_features=5, bias=True)
    (8): ReLU()
  )
  (atac_encoder): Sequential(
    (0): Linear(in_features=2501, out_features=2000, bias=True)
    (1): BatchNorm1d(2000, eps=1e-05, momentum=0.1, affine=True, track_running_stats=True)
    (2): ReLU()
    (3): Dropout(p=0.1, inplace=False)
    (4): Linear(in_features=2000, out_features=400, bias=True)
    (5): BatchNorm1d(400, eps=1e-05, momentum=0.1, affine=True, track_running_stats=True)
    (6): ReLU()
    (7): Linear(in_features=400, out_features=5, bias=True)
    (8): ReLU()
  )
  (gex_decoder): Sequential(
    (0): Linear(in_features=10, out_features=50, bias=True)
    (1): BatchNorm1d(50, eps=1e-05, momentum=0.1, affine=True, track_running_stats=True)
    (2): ReLU()
    (3): Dropout(p=0.1, inplace=False)
    (4): Linear(in_features=50, out_features=100, bias=True)
    (5): BatchNorm1d(100, eps=1e-05, momentum=0.1, affine=True, track_running_stats=True)
    (6): ReLU()
    (7): Linear(in_features=100, out_features=5000, bias=True)
    (8): ReLU()
  )
  (atac_decoder): Sequential(
    (0): Linear(in_features=10, out_features=100, bias=True)
    (1): BatchNorm1d(100, eps=1e-05, momentum=0.1, affine=True, track_running_stats=True)
    (2): ReLU()
    (3): Dropout(p=0.1, inplace=False)
    (4): Linear(in_features=100, out_features=300, bias=True)
    (5): BatchNorm1d(300, eps=1e-05, momentum=0.1, affine=True, track_running_stats=True)
    (6): ReLU()
    (7): Linear(in_features=300, out_features=2501, bias=True)
    (8): Sigmoid()
  )
);
The dataset: <datasets.anndatadataset.AnnDataDataset object at 0x7fa6d20323d0>;
The optimizer: Adam (
Parameter Group 0
    amsgrad: False
    betas: (0.9, 0.999)
    eps: 1e-08
    lr: 0.01
    weight_decay: 0.05859769162351147
);

Epoch 0 recon loss: 3018.9893882701
Epoch 1 recon loss: 2670.071643627
Epoch 2 recon loss: 2187.1842886733
Epoch 3 recon loss: 1885.1658525848
Epoch 4 recon loss: 1836.810585433
Epoch 5 recon loss: 1318.3602935759
Epoch 6 recon loss: 1036.1271579558
Epoch 7 recon loss: 943.0009022218
Epoch 8 recon loss: 922.7068803696
Epoch 9 recon loss: 677.0661347408
Epoch 10 recon loss: 689.0821479028
Epoch 11 recon loss: 450.1349218315
Epoch 12 recon loss: 577.9892696466
Epoch 13 recon loss: 363.698705574
Epoch 14 recon loss: 434.1559986889
Epoch 15 recon loss: 295.191733501
Epoch 16 recon loss: 307.6668437189
Epoch 17 recon loss: 316.0207903177
Epoch 18 recon loss: 336.0940714176
Epoch 19 recon loss: 302.2116367721
Epoch 20 recon loss: 237.8518623385
Epoch 21 recon loss: 335.5997823247
Epoch 22 recon loss: 373.3982705236
Epoch 23 recon loss: 356.5769050417
Epoch 24 recon loss: 266.020641245
Epoch 25 recon loss: 272.8070760048
Epoch 26 recon loss: 252.6153750832
Epoch 27 recon loss: 228.4196619412
Epoch 28 recon loss: 241.1967522658
Epoch 29 recon loss: 205.8318531862
Epoch 30 recon loss: 291.9218052149
Epoch 31 recon loss: 366.1712434997
Epoch 32 recon loss: 214.3274224268
Epoch 33 recon loss: 241.5756123113
Epoch 34 recon loss: 242.7342090458
Epoch 35 recon loss: 268.0157538038
Epoch 36 recon loss: 425.0186391169
Epoch 37 recon loss: 215.8138542417
Epoch 38 recon loss: 214.9507789544
Epoch 39 recon loss: 276.8801623119

Latent space type: <class 'numpy.ndarray'>;
GEX encoded shape: torch.Size([69249, 5]);
ATAC encoded shape: torch.Size([69249, 5]);
Latent space shape: (69249, 10);

0.5061179922765368
   celltype_ari  celltype_ami  ...  batch_homogeneity  batch_complete
0      0.088801      0.338888  ...           0.757927        0.844695

[1 rows x 8 columns]
wandb: ERROR Failed to sample metric: process no longer exists (pid=18050)
2022-12-18 14:20:52,784 - wandb.wandb_agent - INFO - Cleaning up finished run: 2numknof
wandb: Waiting for W&B process to finish... (success).
wandb: - 0.007 MB of 0.007 MB uploaded (0.000 MB deduped)wandb: \ 0.007 MB of 0.026 MB uploaded (0.000 MB deduped)wandb: 
wandb: Run history:
wandb:  recon loss █▇▆▅▅▄▃▃▃▂▂▂▂▁▂▁▁▁▁▁▁▁▁▁▁▁▁▁▁▁▁▁▁▁▁▁▂▁▁▁
wandb: total_score ▁
wandb: 
wandb: Run summary:
wandb:  recon loss 276.88016
wandb: total_score 0.50612
wandb: 
wandb: Synced vocal-sweep-217: https://wandb.ai/team-single-cell/gex_atac_sweep/runs/2numknof
wandb: Synced 6 W&B file(s), 1 media file(s), 1 artifact file(s) and 0 other file(s)
wandb: Find logs at: ./wandb/run-20221218_140741-2numknof/logs
2022-12-18 14:21:00,584 - wandb.wandb_agent - INFO - Agent received command: run
2022-12-18 14:21:00,608 - wandb.wandb_agent - INFO - Agent starting run with config:
	atac_dim: 5000
	atac_weight: 90.95326871425873
	epochs: 40
	gex_dim: 1000
	gex_weight: 79.49469966191735
	init: he
	latent_dim: 20
	lr: 0.01
	model: [[1200, 400, 100], [50, 100, 200], [1600, 600, 120], [60, 100, 150]]
	weight_decay: 0.0781734158710901
2022-12-18 14:21:00,976 - wandb.wandb_agent - INFO - About to run command: /usr/bin/env python gex_atac_sweep.py --atac_dim=5000 --atac_weight=90.95326871425873 --epochs=40 --gex_dim=1000 --gex_weight=79.49469966191735 --init=he --latent_dim=20 --lr=0.01 "--model=[[1200, 400, 100], [50, 100, 200], [1600, 600, 120], [60, 100, 150]]" --weight_decay=0.0781734158710901
2022-12-18 14:21:06,274 - wandb.wandb_agent - INFO - Running runs: ['k7g3mrgx']
wandb: Currently logged in as: ange1o5 (team-single-cell). Use `wandb login --relogin` to force relogin
wandb: WARNING Ignored wandb.init() arg project when running a sweep.
wandb: WARNING Ignored wandb.init() arg entity when running a sweep.
wandb: Tracking run with wandb version 0.13.7
wandb: Run data is saved locally in /ssd003/home/angelo/single-cell-proj/repo/team_single_cell/experiments/scripts/wandb/run-20221218_142107-k7g3mrgx
wandb: Run `wandb offline` to turn off syncing.
wandb: Syncing run restful-sweep-407
wandb: ⭐️ View project at https://wandb.ai/team-single-cell/gex_atac_sweep
wandb: 🧹 View sweep at https://wandb.ai/team-single-cell/gex_atac_sweep/sweeps/j1snhit4
wandb: 🚀 View run at https://wandb.ai/team-single-cell/gex_atac_sweep/runs/k7g3mrgx
 UserWarning:/h/angelo/miniconda3/envs/single_cell_env/lib/python3.7/site-packages/scanpy/preprocessing/_highly_variable_genes.py:64: `flavor='seurat_v3'` expects raw count data, but non-integers were found.
Trying to set attribute `._uns` of view, copying.
Trying to set attribute `.var` of view, copying.
2022-12-18 14:30:40.735586: I tensorflow/core/platform/cpu_feature_guard.cc:193] This TensorFlow binary is optimized with oneAPI Deep Neural Network Library (oneDNN) to use the following CPU instructions in performance-critical operations:  SSE4.1 SSE4.2 AVX AVX2 AVX512F AVX512_VNNI FMA
To enable them in other operations, rebuild TensorFlow with the appropriate compiler flags.
2022-12-18 14:30:40.856064: I tensorflow/core/util/util.cc:169] oneDNN custom operations are on. You may see slightly different numerical results due to floating-point round-off errors from different computation orders. To turn them off, set the environment variable `TF_ENABLE_ONEDNN_OPTS=0`.
slurmstepd: error: *** JOB 8874647 ON gpu171 CANCELLED AT 2022-12-18T14:32:15 ***
