/h/angelo/single-cell-proj/repo/team_single_cell/experiments/jobs
gpu155.cluster.local
Sun Dec 18 14:05:23 EST 2022
wandb: Starting wandb agent 🕵️
2022-12-18 14:05:31,836 - wandb.wandb_agent - INFO - Running runs: []
2022-12-18 14:05:32,109 - wandb.wandb_agent - INFO - Agent received command: run
2022-12-18 14:05:32,110 - wandb.wandb_agent - INFO - Agent starting run with config:
	atac_dim: 2500
	atac_weight: 36.536578408081354
	epochs: 80
	gex_dim: 1000
	gex_weight: 40.86622273873217
	init: he
	latent_dim: 64
	lr: 0.0001
	model: [[1000, 200], [50, 100], [2000, 400], [100, 300]]
	weight_decay: 0.01484690949754507
2022-12-18 14:05:32,117 - wandb.wandb_agent - INFO - About to run command: /usr/bin/env python gex_atac_sweep.py --atac_dim=2500 --atac_weight=36.536578408081354 --epochs=80 --gex_dim=1000 --gex_weight=40.86622273873217 --init=he --latent_dim=64 --lr=0.0001 "--model=[[1000, 200], [50, 100], [2000, 400], [100, 300]]" --weight_decay=0.01484690949754507
wandb: Currently logged in as: ange1o5 (team-single-cell). Use `wandb login --relogin` to force relogin
wandb: WARNING Ignored wandb.init() arg project when running a sweep.
wandb: WARNING Ignored wandb.init() arg entity when running a sweep.
2022-12-18 14:05:37,149 - wandb.wandb_agent - INFO - Running runs: ['huk0c54x']
wandb: Tracking run with wandb version 0.13.7
wandb: Run data is saved locally in /ssd003/home/angelo/single-cell-proj/repo/team_single_cell/experiments/scripts/wandb/run-20221218_140537-huk0c54x
wandb: Run `wandb offline` to turn off syncing.
wandb: Syncing run fresh-sweep-119
wandb: ⭐️ View project at https://wandb.ai/team-single-cell/gex_atac_sweep
wandb: 🧹 View sweep at https://wandb.ai/team-single-cell/gex_atac_sweep/sweeps/j1snhit4
wandb: 🚀 View run at https://wandb.ai/team-single-cell/gex_atac_sweep/runs/huk0c54x
 UserWarning:/h/angelo/miniconda3/envs/single_cell_env/lib/python3.7/site-packages/scanpy/preprocessing/_highly_variable_genes.py:64: `flavor='seurat_v3'` expects raw count data, but non-integers were found.
Trying to set attribute `._uns` of view, copying.
Trying to set attribute `.var` of view, copying.
2022-12-18 14:17:34.958689: I tensorflow/core/platform/cpu_feature_guard.cc:193] This TensorFlow binary is optimized with oneAPI Deep Neural Network Library (oneDNN) to use the following CPU instructions in performance-critical operations:  SSE4.1 SSE4.2 AVX AVX2 AVX512F AVX512_VNNI FMA
To enable them in other operations, rebuild TensorFlow with the appropriate compiler flags.
2022-12-18 14:17:35.258667: I tensorflow/core/util/util.cc:169] oneDNN custom operations are on. You may see slightly different numerical results due to floating-point round-off errors from different computation orders. To turn them off, set the environment variable `TF_ENABLE_ONEDNN_OPTS=0`.
 FutureWarning:/h/angelo/miniconda3/envs/single_cell_env/lib/python3.7/site-packages/anndata/_core/anndata.py:1228: The `inplace` parameter in pandas.Categorical.reorder_categories is deprecated and will be removed in a future version. Reordering categories will always return a new Categorical object.
... storing 'feature_types' as categorical
 FutureWarning:/h/angelo/miniconda3/envs/single_cell_env/lib/python3.7/site-packages/anndata/_core/anndata.py:1228: The `inplace` parameter in pandas.Categorical.reorder_categories is deprecated and will be removed in a future version. Reordering categories will always return a new Categorical object.
... storing 'gene_id' as categorical
Reading dataset...
Feature selecting GEX...
Feature selecting ATAC...

New GEX dim: 1000;
New ATAC dim: 2501;
AnnData dataset's shape: (69249, 3501)

Initializing dataset and dataloader...
The order of labels: ['s1d1', 's1d1', 's1d1', 's1d1', 's1d1', ..., 's4d9', 's4d9', 's4d9', 's4d9', 's4d9']
Length: 69249
Categories (13, object): ['s1d1', 's1d2', 's1d3', 's2d1', ..., 's3d10', 's4d1', 's4d8', 's4d9']
The device: cuda;

The model: DeepGexAtacMultiModalAutoencoder(
  (gex_encoder): Sequential(
    (0): Linear(in_features=1000, out_features=1000, bias=True)
    (1): BatchNorm1d(1000, eps=1e-05, momentum=0.1, affine=True, track_running_stats=True)
    (2): ReLU()
    (3): Dropout(p=0.1, inplace=False)
    (4): Linear(in_features=1000, out_features=200, bias=True)
    (5): BatchNorm1d(200, eps=1e-05, momentum=0.1, affine=True, track_running_stats=True)
    (6): ReLU()
    (7): Linear(in_features=200, out_features=32, bias=True)
    (8): ReLU()
  )
  (atac_encoder): Sequential(
    (0): Linear(in_features=2501, out_features=2000, bias=True)
    (1): BatchNorm1d(2000, eps=1e-05, momentum=0.1, affine=True, track_running_stats=True)
    (2): ReLU()
    (3): Dropout(p=0.1, inplace=False)
    (4): Linear(in_features=2000, out_features=400, bias=True)
    (5): BatchNorm1d(400, eps=1e-05, momentum=0.1, affine=True, track_running_stats=True)
    (6): ReLU()
    (7): Linear(in_features=400, out_features=32, bias=True)
    (8): ReLU()
  )
  (gex_decoder): Sequential(
    (0): Linear(in_features=64, out_features=50, bias=True)
    (1): BatchNorm1d(50, eps=1e-05, momentum=0.1, affine=True, track_running_stats=True)
    (2): ReLU()
    (3): Dropout(p=0.1, inplace=False)
    (4): Linear(in_features=50, out_features=100, bias=True)
    (5): BatchNorm1d(100, eps=1e-05, momentum=0.1, affine=True, track_running_stats=True)
    (6): ReLU()
    (7): Linear(in_features=100, out_features=1000, bias=True)
    (8): ReLU()
  )
  (atac_decoder): Sequential(
    (0): Linear(in_features=64, out_features=100, bias=True)
    (1): BatchNorm1d(100, eps=1e-05, momentum=0.1, affine=True, track_running_stats=True)
    (2): ReLU()
    (3): Dropout(p=0.1, inplace=False)
    (4): Linear(in_features=100, out_features=300, bias=True)
    (5): BatchNorm1d(300, eps=1e-05, momentum=0.1, affine=True, track_running_stats=True)
    (6): ReLU()
    (7): Linear(in_features=300, out_features=2501, bias=True)
    (8): Sigmoid()
  )
);
The dataset: <datasets.anndatadataset.AnnDataDataset object at 0x7f4470a9ba50>;
The optimizer: Adam (
Parameter Group 0
    amsgrad: False
    betas: (0.9, 0.999)
    eps: 1e-08
    lr: 0.0001
    weight_decay: 0.01484690949754507
);

Epoch 0 recon loss: 16933.0172014
Epoch 1 recon loss: 16746.2847341698
Epoch 2 recon loss: 16888.4966450066
Epoch 3 recon loss: 16293.8010740809
Epoch 4 recon loss: 16344.2995020735
Epoch 5 recon loss: 16557.5595628417
Epoch 6 recon loss: 16867.1482118187
Epoch 7 recon loss: 16899.1876879304
Epoch 8 recon loss: 16450.7056567774
Epoch 9 recon loss: 16143.0686193221
Epoch 10 recon loss: 15808.4319831975
Epoch 11 recon loss: 16312.3125160135
Epoch 12 recon loss: 15826.2678716108
Epoch 13 recon loss: 16464.118282964
Epoch 14 recon loss: 16254.1460920185
Epoch 15 recon loss: 16639.213954366
Epoch 16 recon loss: 16343.9581023373
Epoch 17 recon loss: 16269.7411951325
Epoch 18 recon loss: 15133.6518845355
Epoch 19 recon loss: 16364.7265709464
Epoch 20 recon loss: 15725.8628319374
Epoch 21 recon loss: 16343.2669763243
Epoch 22 recon loss: 16294.3060753529
Epoch 23 recon loss: 15207.2571191719
Epoch 24 recon loss: 15878.5677080678
Epoch 25 recon loss: 16583.8613206962
Epoch 26 recon loss: 16190.82652005
Epoch 27 recon loss: 15815.6392368613
Epoch 28 recon loss: 16229.9575122869
Epoch 29 recon loss: 15930.3021757202
Epoch 30 recon loss: 15509.340645776
Epoch 31 recon loss: 15853.2407512374
Epoch 32 recon loss: 15782.4949478627
Epoch 33 recon loss: 15531.5509674181
Epoch 34 recon loss: 16442.0651001766
Epoch 35 recon loss: 15679.9027821979
Epoch 36 recon loss: 15338.4900151871
Epoch 37 recon loss: 16057.4655494357
Epoch 38 recon loss: 14486.6809318733
Epoch 39 recon loss: 16208.4828447853
Epoch 40 recon loss: 16124.944767935
Epoch 41 recon loss: 15683.1409345146
Epoch 42 recon loss: 15322.4879765673
Epoch 43 recon loss: 15738.8990469541
Epoch 44 recon loss: 16013.9721923919
Epoch 45 recon loss: 15860.1102604685
Epoch 46 recon loss: 15569.0173309603
Epoch 47 recon loss: 15759.8142890799
Epoch 48 recon loss: 15390.3223327119
Epoch 49 recon loss: 15946.8764512161
Epoch 50 recon loss: 15723.4976368325
Epoch 51 recon loss: 15848.1380307553
Epoch 52 recon loss: 15842.8871389428
Epoch 53 recon loss: 15158.2020052455
Epoch 54 recon loss: 15768.0981679381
Epoch 55 recon loss: 15740.9529479752
Epoch 56 recon loss: 14790.9668116545
Epoch 57 recon loss: 15564.253416783
Epoch 58 recon loss: 15607.1553790487
Epoch 59 recon loss: 15532.4838037277
Epoch 60 recon loss: 15022.0392501068
Epoch 61 recon loss: 15368.6017295292
Epoch 62 recon loss: 14808.6925521276
Epoch 63 recon loss: 15399.5176258965
Epoch 64 recon loss: 14407.2553433589
Epoch 65 recon loss: 14688.2580501536
Epoch 66 recon loss: 15209.1922515047
Epoch 67 recon loss: 15343.901168176
Epoch 68 recon loss: 15575.6471691313
Epoch 69 recon loss: 15423.598253289
Epoch 70 recon loss: 15127.5798801754
Epoch 71 recon loss: 14510.581611542
Epoch 72 recon loss: 15213.1673573928
Epoch 73 recon loss: 14794.7550542498
Epoch 74 recon loss: 14850.5416332085
Epoch 75 recon loss: 14297.1989528733
Epoch 76 recon loss: 14970.1806618426
Epoch 77 recon loss: 14770.03559159
Epoch 78 recon loss: 14994.909815346
Epoch 79 recon loss: 14779.4257306894

Latent space type: <class 'numpy.ndarray'>;
GEX encoded shape: torch.Size([69249, 32]);
ATAC encoded shape: torch.Size([69249, 32]);
Latent space shape: (69249, 64);

0.5504149627691565
   celltype_ari  celltype_ami  ...  batch_homogeneity  batch_complete
0      0.169501      0.408155  ...            0.79714        0.843481

[1 rows x 8 columns]
2022-12-18 14:20:04,000 - wandb.wandb_agent - INFO - Cleaning up finished run: huk0c54x
wandb: Waiting for W&B process to finish... (success).
wandb: - 0.007 MB of 0.007 MB uploaded (0.000 MB deduped)wandb: \ 0.007 MB of 0.027 MB uploaded (0.000 MB deduped)wandb: 
wandb: Run history:
wandb:  recon loss ██▆█▇▅▅▆▆▃▅▆▅▆▆▄▅▇▄▁▆▄▅▄▄▅▅▅▂▄▃▂▁▃▄▃▃▂▃▂
wandb: total_score ▁
wandb: 
wandb: Run summary:
wandb:  recon loss 14779.42573
wandb: total_score 0.55041
wandb: 
wandb: Synced fresh-sweep-119: https://wandb.ai/team-single-cell/gex_atac_sweep/runs/huk0c54x
wandb: Synced 6 W&B file(s), 1 media file(s), 1 artifact file(s) and 0 other file(s)
wandb: Find logs at: ./wandb/run-20221218_140537-huk0c54x/logs
2022-12-18 14:20:09,332 - wandb.wandb_agent - INFO - Agent received command: run
2022-12-18 14:20:09,332 - wandb.wandb_agent - INFO - Agent starting run with config:
	atac_dim: 10000
	atac_weight: 67.88412111840826
	epochs: 80
	gex_dim: 2500
	gex_weight: 29.85114587207621
	init: xavier
	latent_dim: 64
	lr: 0.1
	model: [[1000, 800, 600, 400, 200], [10, 30, 50, 100, 160], [1200, 900, 600, 400, 150], [15, 40, 60, 100, 180]]
	weight_decay: 0.06400882078463317
2022-12-18 14:20:09,341 - wandb.wandb_agent - INFO - About to run command: /usr/bin/env python gex_atac_sweep.py --atac_dim=10000 --atac_weight=67.88412111840826 --epochs=80 --gex_dim=2500 --gex_weight=29.85114587207621 --init=xavier --latent_dim=64 --lr=0.1 "--model=[[1000, 800, 600, 400, 200], [10, 30, 50, 100, 160], [1200, 900, 600, 400, 150], [15, 40, 60, 100, 180]]" --weight_decay=0.06400882078463317
2022-12-18 14:20:14,363 - wandb.wandb_agent - INFO - Running runs: ['wi13jofj']
wandb: Currently logged in as: ange1o5 (team-single-cell). Use `wandb login --relogin` to force relogin
wandb: WARNING Ignored wandb.init() arg project when running a sweep.
wandb: WARNING Ignored wandb.init() arg entity when running a sweep.
wandb: Tracking run with wandb version 0.13.7
wandb: Run data is saved locally in /ssd003/home/angelo/single-cell-proj/repo/team_single_cell/experiments/scripts/wandb/run-20221218_142014-wi13jofj
wandb: Run `wandb offline` to turn off syncing.
wandb: Syncing run robust-sweep-398
wandb: ⭐️ View project at https://wandb.ai/team-single-cell/gex_atac_sweep
wandb: 🧹 View sweep at https://wandb.ai/team-single-cell/gex_atac_sweep/sweeps/j1snhit4
wandb: 🚀 View run at https://wandb.ai/team-single-cell/gex_atac_sweep/runs/wi13jofj
 UserWarning:/h/angelo/miniconda3/envs/single_cell_env/lib/python3.7/site-packages/scanpy/preprocessing/_highly_variable_genes.py:64: `flavor='seurat_v3'` expects raw count data, but non-integers were found.
Trying to set attribute `._uns` of view, copying.
Trying to set attribute `.var` of view, copying.
slurmstepd: error: *** JOB 8874549 ON gpu155 CANCELLED AT 2022-12-18T14:32:15 ***
