/h/angelo/single-cell-proj/repo/team_single_cell/experiments/jobs
gpu056
Sun Dec 18 12:51:59 EST 2022
wandb: Starting wandb agent 🕵️
2022-12-18 12:52:07,124 - wandb.wandb_agent - INFO - Running runs: []
2022-12-18 12:52:07,324 - wandb.wandb_agent - INFO - Agent received command: run
2022-12-18 12:52:07,325 - wandb.wandb_agent - INFO - Agent starting run with config:
	adt_weight: 3.810536401816851
	epochs: 20
	gex_dim: 2500
	gex_weight: 8.554503246352166
	init: he
	latent_dim: 20
	lr: 0.1
	model: [[1600, 800, 400, 100], [40, 60, 100, 150], [100, 80, 40, 10], [20, 40, 60, 80]]
	weight_decay: 0.0751779134353266
2022-12-18 12:52:07,329 - wandb.wandb_agent - INFO - About to run command: /usr/bin/env python gex_adt_sweep.py --adt_weight=3.810536401816851 --epochs=20 --gex_dim=2500 --gex_weight=8.554503246352166 --init=he --latent_dim=20 --lr=0.1 "--model=[[1600, 800, 400, 100], [40, 60, 100, 150], [100, 80, 40, 10], [20, 40, 60, 80]]" --weight_decay=0.0751779134353266
wandb: Currently logged in as: ange1o5 (team-single-cell). Use `wandb login --relogin` to force relogin
wandb: WARNING Ignored wandb.init() arg project when running a sweep.
wandb: WARNING Ignored wandb.init() arg entity when running a sweep.
2022-12-18 12:52:12,338 - wandb.wandb_agent - INFO - Running runs: ['pbnyobq7']
wandb: Tracking run with wandb version 0.13.7
wandb: Run data is saved locally in /ssd003/home/angelo/single-cell-proj/repo/team_single_cell/experiments/scripts/wandb/run-20221218_125211-pbnyobq7
wandb: Run `wandb offline` to turn off syncing.
wandb: Syncing run faithful-sweep-1
wandb: ⭐️ View project at https://wandb.ai/team-single-cell/gex_adt_sweep
wandb: 🧹 View sweep at https://wandb.ai/team-single-cell/gex_adt_sweep/sweeps/51vf06uq
wandb: 🚀 View run at https://wandb.ai/team-single-cell/gex_adt_sweep/runs/pbnyobq7
 UserWarning:/h/angelo/miniconda3/envs/single_cell_env/lib/python3.7/site-packages/scanpy/preprocessing/_highly_variable_genes.py:64: `flavor='seurat_v3'` expects raw count data, but non-integers were found.
Trying to set attribute `._uns` of view, copying.
Reading dataset...
Feature selecting GEX...

New GEX dim: 2500;
New ADT dim: 0;
AnnData dataset's shape: (69249, 2500)

Traceback (most recent call last):
  File "gex_adt_sweep.py", line 53, in <module>
    lr=lr, weight_decay=weight_decay
  File "../../train.py", line 130, in __init__
    init=init
  File "../../models/multimodal_autoencoder.py", line 195, in __init__
    adtenc_modules.append(nn.Linear(self.adt_dim, value))
  File "/h/angelo/miniconda3/envs/single_cell_env/lib/python3.7/site-packages/torch/nn/modules/linear.py", line 77, in __init__
    self.reset_parameters()
  File "/h/angelo/miniconda3/envs/single_cell_env/lib/python3.7/site-packages/torch/nn/modules/linear.py", line 80, in reset_parameters
    init.kaiming_uniform_(self.weight, a=math.sqrt(5))
  File "/h/angelo/miniconda3/envs/single_cell_env/lib/python3.7/site-packages/torch/nn/init.py", line 316, in kaiming_uniform_
    std = gain / math.sqrt(fan)
ZeroDivisionError: float division by zero
2022-12-18 12:53:48,839 - wandb.wandb_agent - INFO - Cleaning up finished run: pbnyobq7
wandb: Waiting for W&B process to finish... (failed 1). Press Control-C to abort syncing.
wandb: - 0.005 MB of 0.010 MB uploaded (0.000 MB deduped)wandb: \ 0.019 MB of 0.019 MB uploaded (0.000 MB deduped)wandb: Synced faithful-sweep-1: https://wandb.ai/team-single-cell/gex_adt_sweep/runs/pbnyobq7
wandb: Synced 6 W&B file(s), 0 media file(s), 0 artifact file(s) and 0 other file(s)
wandb: Find logs at: ./wandb/run-20221218_125211-pbnyobq7/logs
2022-12-18 12:53:52,359 - wandb.wandb_agent - INFO - Agent received command: run
2022-12-18 12:53:52,359 - wandb.wandb_agent - INFO - Agent starting run with config:
	adt_weight: 17.500718725302757
	epochs: 60
	gex_dim: 5000
	gex_weight: 67.51018109985164
	init: he
	latent_dim: 64
	lr: 0.0001
	model: [[1600, 800, 400, 100], [40, 60, 100, 150], [100, 80, 40, 10], [20, 40, 60, 80]]
	weight_decay: 0.0100182201886038
2022-12-18 12:53:52,363 - wandb.wandb_agent - INFO - About to run command: /usr/bin/env python gex_adt_sweep.py --adt_weight=17.500718725302757 --epochs=60 --gex_dim=5000 --gex_weight=67.51018109985164 --init=he --latent_dim=64 --lr=0.0001 "--model=[[1600, 800, 400, 100], [40, 60, 100, 150], [100, 80, 40, 10], [20, 40, 60, 80]]" --weight_decay=0.0100182201886038
2022-12-18 12:53:57,374 - wandb.wandb_agent - INFO - Running runs: ['f0xcw8cw']
wandb: Currently logged in as: ange1o5 (team-single-cell). Use `wandb login --relogin` to force relogin
wandb: WARNING Ignored wandb.init() arg project when running a sweep.
wandb: WARNING Ignored wandb.init() arg entity when running a sweep.
wandb: Tracking run with wandb version 0.13.7
wandb: Run data is saved locally in /ssd003/home/angelo/single-cell-proj/repo/team_single_cell/experiments/scripts/wandb/run-20221218_125357-f0xcw8cw
wandb: Run `wandb offline` to turn off syncing.
wandb: Syncing run driven-sweep-2
wandb: ⭐️ View project at https://wandb.ai/team-single-cell/gex_adt_sweep
wandb: 🧹 View sweep at https://wandb.ai/team-single-cell/gex_adt_sweep/sweeps/51vf06uq
wandb: 🚀 View run at https://wandb.ai/team-single-cell/gex_adt_sweep/runs/f0xcw8cw
 UserWarning:/h/angelo/miniconda3/envs/single_cell_env/lib/python3.7/site-packages/scanpy/preprocessing/_highly_variable_genes.py:64: `flavor='seurat_v3'` expects raw count data, but non-integers were found.
Trying to set attribute `._uns` of view, copying.
Reading dataset...
Feature selecting GEX...

New GEX dim: 5000;
New ADT dim: 0;
AnnData dataset's shape: (69249, 5000)

wandb: Waiting for W&B process to finish... (failed 1). Press Control-C to abort syncing.
wandb: Synced driven-sweep-2: https://wandb.ai/team-single-cell/gex_adt_sweep/runs/f0xcw8cw
wandb: Synced 6 W&B file(s), 0 media file(s), 0 artifact file(s) and 0 other file(s)
wandb: Find logs at: ./wandb/run-20221218_125357-f0xcw8cw/logs
Traceback (most recent call last):
  File "gex_adt_sweep.py", line 53, in <module>
    lr=lr, weight_decay=weight_decay
  File "../../train.py", line 130, in __init__
    init=init
  File "../../models/multimodal_autoencoder.py", line 195, in __init__
    adtenc_modules.append(nn.Linear(self.adt_dim, value))
  File "/h/angelo/miniconda3/envs/single_cell_env/lib/python3.7/site-packages/torch/nn/modules/linear.py", line 77, in __init__
    self.reset_parameters()
  File "/h/angelo/miniconda3/envs/single_cell_env/lib/python3.7/site-packages/torch/nn/modules/linear.py", line 80, in reset_parameters
    init.kaiming_uniform_(self.weight, a=math.sqrt(5))
  File "/h/angelo/miniconda3/envs/single_cell_env/lib/python3.7/site-packages/torch/nn/init.py", line 316, in kaiming_uniform_
    std = gain / math.sqrt(fan)
ZeroDivisionError: float division by zero
2022-12-18 12:55:34,395 - wandb.wandb_agent - INFO - Cleaning up finished run: f0xcw8cw
2022-12-18 12:55:34,584 - wandb.wandb_agent - INFO - Agent received command: run
2022-12-18 12:55:34,584 - wandb.wandb_agent - INFO - Agent starting run with config:
	adt_weight: 58.231279748834915
	epochs: 80
	gex_dim: 1000
	gex_weight: 91.58855956144232
	init: xavier
	latent_dim: 128
	lr: 1e-05
	model: [[1000, 200], [50, 100], [100, 40], [10, 30]]
	weight_decay: 0.02206026000534066
2022-12-18 12:55:34,589 - wandb.wandb_agent - INFO - About to run command: /usr/bin/env python gex_adt_sweep.py --adt_weight=58.231279748834915 --epochs=80 --gex_dim=1000 --gex_weight=91.58855956144232 --init=xavier --latent_dim=128 --lr=1e-05 "--model=[[1000, 200], [50, 100], [100, 40], [10, 30]]" --weight_decay=0.02206026000534066
2022-12-18 12:55:39,598 - wandb.wandb_agent - INFO - Running runs: ['g103yxhc']
wandb: Currently logged in as: ange1o5 (team-single-cell). Use `wandb login --relogin` to force relogin
wandb: WARNING Ignored wandb.init() arg project when running a sweep.
wandb: WARNING Ignored wandb.init() arg entity when running a sweep.
wandb: Tracking run with wandb version 0.13.7
wandb: Run data is saved locally in /ssd003/home/angelo/single-cell-proj/repo/team_single_cell/experiments/scripts/wandb/run-20221218_125539-g103yxhc
wandb: Run `wandb offline` to turn off syncing.
wandb: Syncing run vivid-sweep-3
wandb: ⭐️ View project at https://wandb.ai/team-single-cell/gex_adt_sweep
wandb: 🧹 View sweep at https://wandb.ai/team-single-cell/gex_adt_sweep/sweeps/51vf06uq
wandb: 🚀 View run at https://wandb.ai/team-single-cell/gex_adt_sweep/runs/g103yxhc
 UserWarning:/h/angelo/miniconda3/envs/single_cell_env/lib/python3.7/site-packages/scanpy/preprocessing/_highly_variable_genes.py:64: `flavor='seurat_v3'` expects raw count data, but non-integers were found.
Trying to set attribute `._uns` of view, copying.
Reading dataset...
Feature selecting GEX...

New GEX dim: 1000;
New ADT dim: 0;
AnnData dataset's shape: (69249, 1000)

wandb: Waiting for W&B process to finish... (failed 1). Press Control-C to abort syncing.
wandb: Synced vivid-sweep-3: https://wandb.ai/team-single-cell/gex_adt_sweep/runs/g103yxhc
wandb: Synced 6 W&B file(s), 0 media file(s), 0 artifact file(s) and 0 other file(s)
wandb: Find logs at: ./wandb/run-20221218_125539-g103yxhc/logs
Traceback (most recent call last):
  File "gex_adt_sweep.py", line 53, in <module>
    lr=lr, weight_decay=weight_decay
  File "../../train.py", line 130, in __init__
    init=init
  File "../../models/multimodal_autoencoder.py", line 195, in __init__
    adtenc_modules.append(nn.Linear(self.adt_dim, value))
  File "/h/angelo/miniconda3/envs/single_cell_env/lib/python3.7/site-packages/torch/nn/modules/linear.py", line 77, in __init__
    self.reset_parameters()
  File "/h/angelo/miniconda3/envs/single_cell_env/lib/python3.7/site-packages/torch/nn/modules/linear.py", line 80, in reset_parameters
    init.kaiming_uniform_(self.weight, a=math.sqrt(5))
  File "/h/angelo/miniconda3/envs/single_cell_env/lib/python3.7/site-packages/torch/nn/init.py", line 316, in kaiming_uniform_
    std = gain / math.sqrt(fan)
ZeroDivisionError: float division by zero
2022-12-18 12:57:16,360 - wandb.wandb_agent - INFO - Cleaning up finished run: g103yxhc
2022-12-18 12:57:16,575 - wandb.wandb_agent - INFO - Agent received command: run
2022-12-18 12:57:16,576 - wandb.wandb_agent - INFO - Agent starting run with config:
	adt_weight: 49.64000846032887
	epochs: 20
	gex_dim: 1000
	gex_weight: 88.2262631250402
	init: he
	latent_dim: 128
	lr: 0.001
	model: [[1000, 200], [50, 100], [100, 40], [10, 30]]
	weight_decay: 0.06559074761924553
2022-12-18 12:57:16,580 - wandb.wandb_agent - INFO - About to run command: /usr/bin/env python gex_adt_sweep.py --adt_weight=49.64000846032887 --epochs=20 --gex_dim=1000 --gex_weight=88.2262631250402 --init=he --latent_dim=128 --lr=0.001 "--model=[[1000, 200], [50, 100], [100, 40], [10, 30]]" --weight_decay=0.06559074761924553
2022-12-18 12:57:21,592 - wandb.wandb_agent - INFO - Running runs: ['iglnb3om']
wandb: Currently logged in as: ange1o5 (team-single-cell). Use `wandb login --relogin` to force relogin
wandb: WARNING Ignored wandb.init() arg project when running a sweep.
wandb: WARNING Ignored wandb.init() arg entity when running a sweep.
wandb: Tracking run with wandb version 0.13.7
wandb: Run data is saved locally in /ssd003/home/angelo/single-cell-proj/repo/team_single_cell/experiments/scripts/wandb/run-20221218_125721-iglnb3om
wandb: Run `wandb offline` to turn off syncing.
wandb: Syncing run glamorous-sweep-4
wandb: ⭐️ View project at https://wandb.ai/team-single-cell/gex_adt_sweep
wandb: 🧹 View sweep at https://wandb.ai/team-single-cell/gex_adt_sweep/sweeps/51vf06uq
wandb: 🚀 View run at https://wandb.ai/team-single-cell/gex_adt_sweep/runs/iglnb3om
 UserWarning:/h/angelo/miniconda3/envs/single_cell_env/lib/python3.7/site-packages/scanpy/preprocessing/_highly_variable_genes.py:64: `flavor='seurat_v3'` expects raw count data, but non-integers were found.
Trying to set attribute `._uns` of view, copying.
Reading dataset...
Feature selecting GEX...

New GEX dim: 1000;
New ADT dim: 0;
AnnData dataset's shape: (69249, 1000)

wandb: Waiting for W&B process to finish... (failed 1). Press Control-C to abort syncing.
wandb: - 0.005 MB of 0.005 MB uploaded (0.000 MB deduped)wandb: \ 0.005 MB of 0.019 MB uploaded (0.000 MB deduped)wandb: | 0.019 MB of 0.019 MB uploaded (0.000 MB deduped)wandb: Synced glamorous-sweep-4: https://wandb.ai/team-single-cell/gex_adt_sweep/runs/iglnb3om
wandb: Synced 6 W&B file(s), 0 media file(s), 0 artifact file(s) and 0 other file(s)
wandb: Find logs at: ./wandb/run-20221218_125721-iglnb3om/logs
Traceback (most recent call last):
  File "gex_adt_sweep.py", line 53, in <module>
    lr=lr, weight_decay=weight_decay
  File "../../train.py", line 130, in __init__
    init=init
  File "../../models/multimodal_autoencoder.py", line 195, in __init__
    adtenc_modules.append(nn.Linear(self.adt_dim, value))
  File "/h/angelo/miniconda3/envs/single_cell_env/lib/python3.7/site-packages/torch/nn/modules/linear.py", line 77, in __init__
    self.reset_parameters()
  File "/h/angelo/miniconda3/envs/single_cell_env/lib/python3.7/site-packages/torch/nn/modules/linear.py", line 80, in reset_parameters
    init.kaiming_uniform_(self.weight, a=math.sqrt(5))
  File "/h/angelo/miniconda3/envs/single_cell_env/lib/python3.7/site-packages/torch/nn/init.py", line 316, in kaiming_uniform_
    std = gain / math.sqrt(fan)
ZeroDivisionError: float division by zero
2022-12-18 12:58:57,849 - wandb.wandb_agent - INFO - Cleaning up finished run: iglnb3om
2022-12-18 12:58:58,095 - wandb.wandb_agent - INFO - Agent received command: run
2022-12-18 12:58:58,096 - wandb.wandb_agent - INFO - Agent starting run with config:
	adt_weight: 21.360715825308684
	epochs: 60
	gex_dim: 2500
	gex_weight: 94.26969458279147
	init: xavier
	latent_dim: 20
	lr: 0.1
	model: [[1600, 800, 400, 100], [40, 60, 100, 150], [100, 80, 40, 10], [20, 40, 60, 80]]
	weight_decay: 0.0386782815749258
2022-12-18 12:58:58,100 - wandb.wandb_agent - INFO - About to run command: /usr/bin/env python gex_adt_sweep.py --adt_weight=21.360715825308684 --epochs=60 --gex_dim=2500 --gex_weight=94.26969458279147 --init=xavier --latent_dim=20 --lr=0.1 "--model=[[1600, 800, 400, 100], [40, 60, 100, 150], [100, 80, 40, 10], [20, 40, 60, 80]]" --weight_decay=0.0386782815749258
2022-12-18 12:59:03,112 - wandb.wandb_agent - INFO - Running runs: ['k2zcnrjq']
wandb: Currently logged in as: ange1o5 (team-single-cell). Use `wandb login --relogin` to force relogin
wandb: WARNING Ignored wandb.init() arg project when running a sweep.
wandb: WARNING Ignored wandb.init() arg entity when running a sweep.
wandb: Tracking run with wandb version 0.13.7
wandb: Run data is saved locally in /ssd003/home/angelo/single-cell-proj/repo/team_single_cell/experiments/scripts/wandb/run-20221218_125903-k2zcnrjq
wandb: Run `wandb offline` to turn off syncing.
wandb: Syncing run gentle-sweep-5
wandb: ⭐️ View project at https://wandb.ai/team-single-cell/gex_adt_sweep
wandb: 🧹 View sweep at https://wandb.ai/team-single-cell/gex_adt_sweep/sweeps/51vf06uq
wandb: 🚀 View run at https://wandb.ai/team-single-cell/gex_adt_sweep/runs/k2zcnrjq
slurmstepd: error: *** JOB 8874402 ON gpu056 CANCELLED AT 2022-12-18T12:59:58 ***
