/h/angelo/single-cell-proj/repo/team_single_cell/experiments/jobs
gpu066
Sun Dec 18 14:04:58 EST 2022
wandb: Starting wandb agent 🕵️
2022-12-18 14:05:07,914 - wandb.wandb_agent - INFO - Running runs: []
2022-12-18 14:05:08,117 - wandb.wandb_agent - INFO - Agent received command: run
2022-12-18 14:05:08,117 - wandb.wandb_agent - INFO - Agent starting run with config:
	atac_dim: 2500
	atac_weight: 50.05008980047711
	epochs: 60
	gex_dim: 5000
	gex_weight: 9.043582049454995
	init: xavier
	latent_dim: 128
	lr: 0.1
	model: [[1000, 200], [50, 100], [2000, 400], [100, 300]]
	weight_decay: 0.08000875091019007
2022-12-18 14:05:08,126 - wandb.wandb_agent - INFO - About to run command: /usr/bin/env python gex_atac_sweep.py --atac_dim=2500 --atac_weight=50.05008980047711 --epochs=60 --gex_dim=5000 --gex_weight=9.043582049454995 --init=xavier --latent_dim=128 --lr=0.1 "--model=[[1000, 200], [50, 100], [2000, 400], [100, 300]]" --weight_decay=0.08000875091019007
2022-12-18 14:05:13,151 - wandb.wandb_agent - INFO - Running runs: ['cn9r14l8']
wandb: Currently logged in as: ange1o5 (team-single-cell). Use `wandb login --relogin` to force relogin
wandb: WARNING Ignored wandb.init() arg project when running a sweep.
wandb: WARNING Ignored wandb.init() arg entity when running a sweep.
wandb: Tracking run with wandb version 0.13.7
wandb: Run data is saved locally in /ssd003/home/angelo/single-cell-proj/repo/team_single_cell/experiments/scripts/wandb/run-20221218_140515-cn9r14l8
wandb: Run `wandb offline` to turn off syncing.
wandb: Syncing run wandering-sweep-69
wandb: ⭐️ View project at https://wandb.ai/team-single-cell/gex_atac_sweep
wandb: 🧹 View sweep at https://wandb.ai/team-single-cell/gex_atac_sweep/sweeps/j1snhit4
wandb: 🚀 View run at https://wandb.ai/team-single-cell/gex_atac_sweep/runs/cn9r14l8
 UserWarning:/h/angelo/miniconda3/envs/single_cell_env/lib/python3.7/site-packages/scanpy/preprocessing/_highly_variable_genes.py:64: `flavor='seurat_v3'` expects raw count data, but non-integers were found.
Trying to set attribute `._uns` of view, copying.
Trying to set attribute `.var` of view, copying.
2022-12-18 14:27:40.466792: I tensorflow/core/platform/cpu_feature_guard.cc:193] This TensorFlow binary is optimized with oneAPI Deep Neural Network Library (oneDNN) to use the following CPU instructions in performance-critical operations:  SSE4.1 SSE4.2 AVX AVX2 AVX512F FMA
To enable them in other operations, rebuild TensorFlow with the appropriate compiler flags.
slurmstepd: error: *** JOB 8874499 ON gpu066 CANCELLED AT 2022-12-18T14:32:15 ***
