/h/angelo/single-cell-proj/repo/team_single_cell/experiments/jobs
gpu067
Sun Dec 18 14:06:33 EST 2022
wandb: Starting wandb agent 🕵️
2022-12-18 14:06:42,406 - wandb.wandb_agent - INFO - Running runs: []
2022-12-18 14:06:42,597 - wandb.wandb_agent - INFO - Agent received command: run
2022-12-18 14:06:42,597 - wandb.wandb_agent - INFO - Agent starting run with config:
	atac_dim: 7500
	atac_weight: 83.23379225074756
	epochs: 40
	gex_dim: 1000
	gex_weight: 75.482879940242
	init: xavier
	latent_dim: 10
	lr: 1e-05
	model: [[1600, 800, 400, 100], [40, 60, 100, 150], [1800, 800, 400, 100], [40, 60, 120, 200]]
	weight_decay: 0.06476120123528002
2022-12-18 14:06:42,605 - wandb.wandb_agent - INFO - About to run command: /usr/bin/env python gex_atac_sweep.py --atac_dim=7500 --atac_weight=83.23379225074756 --epochs=40 --gex_dim=1000 --gex_weight=75.482879940242 --init=xavier --latent_dim=10 --lr=1e-05 "--model=[[1600, 800, 400, 100], [40, 60, 100, 150], [1800, 800, 400, 100], [40, 60, 120, 200]]" --weight_decay=0.06476120123528002
wandb: Currently logged in as: ange1o5 (team-single-cell). Use `wandb login --relogin` to force relogin
wandb: WARNING Ignored wandb.init() arg project when running a sweep.
wandb: WARNING Ignored wandb.init() arg entity when running a sweep.
2022-12-18 14:06:47,617 - wandb.wandb_agent - INFO - Running runs: ['g5qkp853']
wandb: Tracking run with wandb version 0.13.7
wandb: Run data is saved locally in /ssd003/home/angelo/single-cell-proj/repo/team_single_cell/experiments/scripts/wandb/run-20221218_140646-g5qkp853
wandb: Run `wandb offline` to turn off syncing.
wandb: Syncing run feasible-sweep-177
wandb: ⭐️ View project at https://wandb.ai/team-single-cell/gex_atac_sweep
wandb: 🧹 View sweep at https://wandb.ai/team-single-cell/gex_atac_sweep/sweeps/j1snhit4
wandb: 🚀 View run at https://wandb.ai/team-single-cell/gex_atac_sweep/runs/g5qkp853
 UserWarning:/h/angelo/miniconda3/envs/single_cell_env/lib/python3.7/site-packages/scanpy/preprocessing/_highly_variable_genes.py:64: `flavor='seurat_v3'` expects raw count data, but non-integers were found.
Trying to set attribute `._uns` of view, copying.
Trying to set attribute `.var` of view, copying.
2022-12-18 14:31:37.818369: I tensorflow/core/platform/cpu_feature_guard.cc:193] This TensorFlow binary is optimized with oneAPI Deep Neural Network Library (oneDNN) to use the following CPU instructions in performance-critical operations:  SSE4.1 SSE4.2 AVX AVX2 AVX512F FMA
To enable them in other operations, rebuild TensorFlow with the appropriate compiler flags.
slurmstepd: error: *** JOB 8874607 ON gpu067 CANCELLED AT 2022-12-18T14:32:15 ***
