/h/angelo/single-cell-proj/repo/team_single_cell/experiments/jobs
gpu074
Sun Dec 18 14:04:55 EST 2022
wandb: Starting wandb agent 🕵️
2022-12-18 14:05:04,420 - wandb.wandb_agent - INFO - Running runs: []
2022-12-18 14:05:06,839 - wandb.wandb_agent - INFO - Agent received command: run
2022-12-18 14:05:06,840 - wandb.wandb_agent - INFO - Agent starting run with config:
	atac_dim: 10000
	atac_weight: 78.16345255952926
	epochs: 20
	gex_dim: 2500
	gex_weight: 86.51480760946717
	init: xavier
	latent_dim: 64
	lr: 0.01
	model: [[1200, 400, 100], [50, 100, 200], [1600, 600, 120], [60, 100, 150]]
	weight_decay: 0.0644071171572843
2022-12-18 14:05:06,848 - wandb.wandb_agent - INFO - About to run command: /usr/bin/env python gex_atac_sweep.py --atac_dim=10000 --atac_weight=78.16345255952926 --epochs=20 --gex_dim=2500 --gex_weight=86.51480760946717 --init=xavier --latent_dim=64 --lr=0.01 "--model=[[1200, 400, 100], [50, 100, 200], [1600, 600, 120], [60, 100, 150]]" --weight_decay=0.0644071171572843
2022-12-18 14:05:11,859 - wandb.wandb_agent - INFO - Running runs: ['qsooe3aa']
wandb: Currently logged in as: ange1o5 (team-single-cell). Use `wandb login --relogin` to force relogin
wandb: WARNING Ignored wandb.init() arg project when running a sweep.
wandb: WARNING Ignored wandb.init() arg entity when running a sweep.
wandb: Tracking run with wandb version 0.13.7
wandb: Run data is saved locally in /ssd003/home/angelo/single-cell-proj/repo/team_single_cell/experiments/scripts/wandb/run-20221218_140512-qsooe3aa
wandb: Run `wandb offline` to turn off syncing.
wandb: Syncing run giddy-sweep-56
wandb: ⭐️ View project at https://wandb.ai/team-single-cell/gex_atac_sweep
wandb: 🧹 View sweep at https://wandb.ai/team-single-cell/gex_atac_sweep/sweeps/j1snhit4
wandb: 🚀 View run at https://wandb.ai/team-single-cell/gex_atac_sweep/runs/qsooe3aa
 UserWarning:/h/angelo/miniconda3/envs/single_cell_env/lib/python3.7/site-packages/scanpy/preprocessing/_highly_variable_genes.py:64: `flavor='seurat_v3'` expects raw count data, but non-integers were found.
Trying to set attribute `._uns` of view, copying.
Trying to set attribute `.var` of view, copying.
2022-12-18 14:20:39.174279: I tensorflow/core/platform/cpu_feature_guard.cc:193] This TensorFlow binary is optimized with oneAPI Deep Neural Network Library (oneDNN) to use the following CPU instructions in performance-critical operations:  SSE4.1 SSE4.2 AVX AVX2 AVX512F FMA
To enable them in other operations, rebuild TensorFlow with the appropriate compiler flags.
 FutureWarning:/h/angelo/miniconda3/envs/single_cell_env/lib/python3.7/site-packages/anndata/_core/anndata.py:1228: The `inplace` parameter in pandas.Categorical.reorder_categories is deprecated and will be removed in a future version. Reordering categories will always return a new Categorical object.
... storing 'feature_types' as categorical
 FutureWarning:/h/angelo/miniconda3/envs/single_cell_env/lib/python3.7/site-packages/anndata/_core/anndata.py:1228: The `inplace` parameter in pandas.Categorical.reorder_categories is deprecated and will be removed in a future version. Reordering categories will always return a new Categorical object.
... storing 'gene_id' as categorical
Reading dataset...
Feature selecting GEX...
Feature selecting ATAC...

New GEX dim: 2500;
New ATAC dim: 10002;
AnnData dataset's shape: (69249, 12502)

Initializing dataset and dataloader...
The order of labels: ['s1d1', 's1d1', 's1d1', 's1d1', 's1d1', ..., 's4d9', 's4d9', 's4d9', 's4d9', 's4d9']
Length: 69249
Categories (13, object): ['s1d1', 's1d2', 's1d3', 's2d1', ..., 's3d10', 's4d1', 's4d8', 's4d9']
The device: cuda;

The model: DeepGexAtacMultiModalAutoencoder(
  (gex_encoder): Sequential(
    (0): Linear(in_features=2500, out_features=1200, bias=True)
    (1): BatchNorm1d(1200, eps=1e-05, momentum=0.1, affine=True, track_running_stats=True)
    (2): ReLU()
    (3): Dropout(p=0.1, inplace=False)
    (4): Linear(in_features=1200, out_features=400, bias=True)
    (5): BatchNorm1d(400, eps=1e-05, momentum=0.1, affine=True, track_running_stats=True)
    (6): ReLU()
    (7): Linear(in_features=400, out_features=100, bias=True)
    (8): BatchNorm1d(100, eps=1e-05, momentum=0.1, affine=True, track_running_stats=True)
    (9): ReLU()
    (10): Dropout(p=0.1, inplace=False)
    (11): Linear(in_features=100, out_features=32, bias=True)
    (12): ReLU()
  )
  (atac_encoder): Sequential(
    (0): Linear(in_features=10002, out_features=1600, bias=True)
    (1): BatchNorm1d(1600, eps=1e-05, momentum=0.1, affine=True, track_running_stats=True)
    (2): ReLU()
    (3): Dropout(p=0.1, inplace=False)
    (4): Linear(in_features=1600, out_features=600, bias=True)
    (5): BatchNorm1d(600, eps=1e-05, momentum=0.1, affine=True, track_running_stats=True)
    (6): ReLU()
    (7): Linear(in_features=600, out_features=120, bias=True)
    (8): BatchNorm1d(120, eps=1e-05, momentum=0.1, affine=True, track_running_stats=True)
    (9): ReLU()
    (10): Dropout(p=0.1, inplace=False)
    (11): Linear(in_features=120, out_features=32, bias=True)
    (12): ReLU()
  )
  (gex_decoder): Sequential(
    (0): Linear(in_features=64, out_features=50, bias=True)
    (1): BatchNorm1d(50, eps=1e-05, momentum=0.1, affine=True, track_running_stats=True)
    (2): ReLU()
    (3): Dropout(p=0.1, inplace=False)
    (4): Linear(in_features=50, out_features=100, bias=True)
    (5): BatchNorm1d(100, eps=1e-05, momentum=0.1, affine=True, track_running_stats=True)
    (6): ReLU()
    (7): Linear(in_features=100, out_features=200, bias=True)
    (8): BatchNorm1d(200, eps=1e-05, momentum=0.1, affine=True, track_running_stats=True)
    (9): ReLU()
    (10): Dropout(p=0.1, inplace=False)
    (11): Linear(in_features=200, out_features=2500, bias=True)
    (12): ReLU()
  )
  (atac_decoder): Sequential(
    (0): Linear(in_features=64, out_features=60, bias=True)
    (1): BatchNorm1d(60, eps=1e-05, momentum=0.1, affine=True, track_running_stats=True)
    (2): ReLU()
    (3): Dropout(p=0.1, inplace=False)
    (4): Linear(in_features=60, out_features=100, bias=True)
    (5): BatchNorm1d(100, eps=1e-05, momentum=0.1, affine=True, track_running_stats=True)
    (6): ReLU()
    (7): Linear(in_features=100, out_features=150, bias=True)
    (8): BatchNorm1d(150, eps=1e-05, momentum=0.1, affine=True, track_running_stats=True)
    (9): ReLU()
    (10): Dropout(p=0.1, inplace=False)
    (11): Linear(in_features=150, out_features=10002, bias=True)
    (12): Sigmoid()
  )
);
The dataset: <datasets.anndatadataset.AnnDataDataset object at 0x7f0fe0ad7610>;
The optimizer: Adam (
Parameter Group 0
    amsgrad: False
    betas: (0.9, 0.999)
    eps: 1e-08
    lr: 0.01
    weight_decay: 0.0644071171572843
);

Epoch 0 recon loss: 13410.7081175032
Epoch 1 recon loss: 10422.8254444118
Epoch 2 recon loss: 8379.1960255317
Epoch 3 recon loss: 8352.9893015694
Epoch 4 recon loss: 7659.6677723331
Epoch 5 recon loss: 5172.0876695779
Epoch 6 recon loss: 4750.7481246285
Epoch 7 recon loss: 3981.8501201014
Epoch 8 recon loss: 2974.1136062399
Epoch 9 recon loss: 3805.6468437407
Epoch 10 recon loss: 2850.968647482
Epoch 11 recon loss: 2359.1398504842
Epoch 12 recon loss: 1611.543397478
Epoch 13 recon loss: 2318.1621601129
Epoch 14 recon loss: 1849.6966653951
Epoch 15 recon loss: 1459.5361230017
Epoch 16 recon loss: 1950.4975567032
Epoch 17 recon loss: 1301.3307747468
Epoch 18 recon loss: 1686.5636855385
Epoch 19 recon loss: 1120.0037029144

Latent space type: <class 'numpy.ndarray'>;
GEX encoded shape: torch.Size([69249, 32]);
ATAC encoded shape: torch.Size([69249, 32]);
Latent space shape: (69249, 64);

0.5361334350381955
   celltype_ari  celltype_ami  ...  batch_homogeneity  batch_complete
0      0.093899      0.370826  ...           0.808201        0.879288

[1 rows x 8 columns]
2022-12-18 14:24:26,227 - wandb.wandb_agent - INFO - Cleaning up finished run: qsooe3aa
wandb: ERROR Failed to sample metric: process no longer exists (pid=9990)
wandb: Waiting for W&B process to finish... (success).
wandb: - 0.006 MB of 0.006 MB uploaded (0.000 MB deduped)wandb: \ 0.006 MB of 0.006 MB uploaded (0.000 MB deduped)wandb: | 0.006 MB of 0.006 MB uploaded (0.000 MB deduped)wandb: / 0.006 MB of 0.006 MB uploaded (0.000 MB deduped)wandb: 
wandb: Run history:
wandb:  recon loss █▆▅▅▅▃▃▃▂▃▂▂▁▂▁▁▁▁▁▁
wandb: total_score ▁
wandb: 
wandb: Run summary:
wandb:  recon loss 1120.0037
wandb: total_score 0.53613
wandb: 
wandb: Synced giddy-sweep-56: https://wandb.ai/team-single-cell/gex_atac_sweep/runs/qsooe3aa
wandb: Synced 6 W&B file(s), 1 media file(s), 1 artifact file(s) and 0 other file(s)
wandb: Find logs at: ./wandb/run-20221218_140512-qsooe3aa/logs
2022-12-18 14:24:44,269 - wandb.wandb_agent - INFO - Agent received command: run
2022-12-18 14:24:44,288 - wandb.wandb_agent - INFO - Agent starting run with config:
	atac_dim: 2500
	atac_weight: 29.376440154602307
	epochs: 80
	gex_dim: 5000
	gex_weight: 6.85711673341558
	init: he
	latent_dim: 128
	lr: 0.0001
	model: [[1200, 400, 100], [50, 100, 200], [1600, 600, 120], [60, 100, 150]]
	weight_decay: 0.0925636747696146
2022-12-18 14:24:44,618 - wandb.wandb_agent - INFO - About to run command: /usr/bin/env python gex_atac_sweep.py --atac_dim=2500 --atac_weight=29.376440154602307 --epochs=80 --gex_dim=5000 --gex_weight=6.85711673341558 --init=he --latent_dim=128 --lr=0.0001 "--model=[[1200, 400, 100], [50, 100, 200], [1600, 600, 120], [60, 100, 150]]" --weight_decay=0.0925636747696146
2022-12-18 14:24:49,839 - wandb.wandb_agent - INFO - Running runs: ['5tkursjm']
wandb: Currently logged in as: ange1o5 (team-single-cell). Use `wandb login --relogin` to force relogin
wandb: WARNING Ignored wandb.init() arg project when running a sweep.
wandb: WARNING Ignored wandb.init() arg entity when running a sweep.
wandb: Tracking run with wandb version 0.13.7
wandb: Run data is saved locally in /ssd003/home/angelo/single-cell-proj/repo/team_single_cell/experiments/scripts/wandb/run-20221218_142451-5tkursjm
wandb: Run `wandb offline` to turn off syncing.
wandb: Syncing run comfy-sweep-430
wandb: ⭐️ View project at https://wandb.ai/team-single-cell/gex_atac_sweep
wandb: 🧹 View sweep at https://wandb.ai/team-single-cell/gex_atac_sweep/sweeps/j1snhit4
wandb: 🚀 View run at https://wandb.ai/team-single-cell/gex_atac_sweep/runs/5tkursjm
 UserWarning:/h/angelo/miniconda3/envs/single_cell_env/lib/python3.7/site-packages/scanpy/preprocessing/_highly_variable_genes.py:64: `flavor='seurat_v3'` expects raw count data, but non-integers were found.
Trying to set attribute `._uns` of view, copying.
Trying to set attribute `.var` of view, copying.
slurmstepd: error: *** JOB 8874491 ON gpu074 CANCELLED AT 2022-12-18T14:32:15 ***
