/h/angelo/single-cell-proj/repo/team_single_cell/experiments/jobs
gpu134.cluster.local
Sun Dec 18 14:07:05 EST 2022
wandb: Starting wandb agent 🕵️
2022-12-18 14:07:14,710 - wandb.wandb_agent - INFO - Running runs: []
2022-12-18 14:07:15,070 - wandb.wandb_agent - INFO - Agent received command: run
2022-12-18 14:07:15,071 - wandb.wandb_agent - INFO - Agent starting run with config:
	atac_dim: 5000
	atac_weight: 1.4355084277143146
	epochs: 20
	gex_dim: 5000
	gex_weight: 88.71294086644059
	init: xavier
	latent_dim: 128
	lr: 1e-05
	model: [[1000, 200], [50, 100], [2000, 400], [100, 300]]
	weight_decay: 0.06834466979307537
2022-12-18 14:07:15,078 - wandb.wandb_agent - INFO - About to run command: /usr/bin/env python gex_atac_sweep.py --atac_dim=5000 --atac_weight=1.4355084277143146 --epochs=20 --gex_dim=5000 --gex_weight=88.71294086644059 --init=xavier --latent_dim=128 --lr=1e-05 "--model=[[1000, 200], [50, 100], [2000, 400], [100, 300]]" --weight_decay=0.06834466979307537
2022-12-18 14:07:20,091 - wandb.wandb_agent - INFO - Running runs: ['d4kmgz33']
wandb: Currently logged in as: ange1o5 (team-single-cell). Use `wandb login --relogin` to force relogin
wandb: WARNING Ignored wandb.init() arg project when running a sweep.
wandb: WARNING Ignored wandb.init() arg entity when running a sweep.
wandb: Tracking run with wandb version 0.13.7
wandb: Run data is saved locally in /ssd003/home/angelo/single-cell-proj/repo/team_single_cell/experiments/scripts/wandb/run-20221218_140722-d4kmgz33
wandb: Run `wandb offline` to turn off syncing.
wandb: Syncing run solar-sweep-187
wandb: ⭐️ View project at https://wandb.ai/team-single-cell/gex_atac_sweep
wandb: 🧹 View sweep at https://wandb.ai/team-single-cell/gex_atac_sweep/sweeps/j1snhit4
wandb: 🚀 View run at https://wandb.ai/team-single-cell/gex_atac_sweep/runs/d4kmgz33
 UserWarning:/h/angelo/miniconda3/envs/single_cell_env/lib/python3.7/site-packages/scanpy/preprocessing/_highly_variable_genes.py:64: `flavor='seurat_v3'` expects raw count data, but non-integers were found.
Trying to set attribute `._uns` of view, copying.
Trying to set attribute `.var` of view, copying.
2022-12-18 14:15:36.890264: I tensorflow/core/platform/cpu_feature_guard.cc:193] This TensorFlow binary is optimized with oneAPI Deep Neural Network Library (oneDNN) to use the following CPU instructions in performance-critical operations:  SSE4.1 SSE4.2 AVX AVX2 AVX512F AVX512_VNNI FMA
To enable them in other operations, rebuild TensorFlow with the appropriate compiler flags.
2022-12-18 14:15:37.012271: I tensorflow/core/util/util.cc:169] oneDNN custom operations are on. You may see slightly different numerical results due to floating-point round-off errors from different computation orders. To turn them off, set the environment variable `TF_ENABLE_ONEDNN_OPTS=0`.
 FutureWarning:/h/angelo/miniconda3/envs/single_cell_env/lib/python3.7/site-packages/anndata/_core/anndata.py:1228: The `inplace` parameter in pandas.Categorical.reorder_categories is deprecated and will be removed in a future version. Reordering categories will always return a new Categorical object.
... storing 'feature_types' as categorical
 FutureWarning:/h/angelo/miniconda3/envs/single_cell_env/lib/python3.7/site-packages/anndata/_core/anndata.py:1228: The `inplace` parameter in pandas.Categorical.reorder_categories is deprecated and will be removed in a future version. Reordering categories will always return a new Categorical object.
... storing 'gene_id' as categorical
Reading dataset...
Feature selecting GEX...
Feature selecting ATAC...

New GEX dim: 5000;
New ATAC dim: 5001;
AnnData dataset's shape: (69249, 10001)

Initializing dataset and dataloader...
The order of labels: ['s1d1', 's1d1', 's1d1', 's1d1', 's1d1', ..., 's4d9', 's4d9', 's4d9', 's4d9', 's4d9']
Length: 69249
Categories (13, object): ['s1d1', 's1d2', 's1d3', 's2d1', ..., 's3d10', 's4d1', 's4d8', 's4d9']
The device: cuda;

The model: DeepGexAtacMultiModalAutoencoder(
  (gex_encoder): Sequential(
    (0): Linear(in_features=5000, out_features=1000, bias=True)
    (1): BatchNorm1d(1000, eps=1e-05, momentum=0.1, affine=True, track_running_stats=True)
    (2): ReLU()
    (3): Dropout(p=0.1, inplace=False)
    (4): Linear(in_features=1000, out_features=200, bias=True)
    (5): BatchNorm1d(200, eps=1e-05, momentum=0.1, affine=True, track_running_stats=True)
    (6): ReLU()
    (7): Linear(in_features=200, out_features=64, bias=True)
    (8): ReLU()
  )
  (atac_encoder): Sequential(
    (0): Linear(in_features=5001, out_features=2000, bias=True)
    (1): BatchNorm1d(2000, eps=1e-05, momentum=0.1, affine=True, track_running_stats=True)
    (2): ReLU()
    (3): Dropout(p=0.1, inplace=False)
    (4): Linear(in_features=2000, out_features=400, bias=True)
    (5): BatchNorm1d(400, eps=1e-05, momentum=0.1, affine=True, track_running_stats=True)
    (6): ReLU()
    (7): Linear(in_features=400, out_features=64, bias=True)
    (8): ReLU()
  )
  (gex_decoder): Sequential(
    (0): Linear(in_features=128, out_features=50, bias=True)
    (1): BatchNorm1d(50, eps=1e-05, momentum=0.1, affine=True, track_running_stats=True)
    (2): ReLU()
    (3): Dropout(p=0.1, inplace=False)
    (4): Linear(in_features=50, out_features=100, bias=True)
    (5): BatchNorm1d(100, eps=1e-05, momentum=0.1, affine=True, track_running_stats=True)
    (6): ReLU()
    (7): Linear(in_features=100, out_features=5000, bias=True)
    (8): ReLU()
  )
  (atac_decoder): Sequential(
    (0): Linear(in_features=128, out_features=100, bias=True)
    (1): BatchNorm1d(100, eps=1e-05, momentum=0.1, affine=True, track_running_stats=True)
    (2): ReLU()
    (3): Dropout(p=0.1, inplace=False)
    (4): Linear(in_features=100, out_features=300, bias=True)
    (5): BatchNorm1d(300, eps=1e-05, momentum=0.1, affine=True, track_running_stats=True)
    (6): ReLU()
    (7): Linear(in_features=300, out_features=5001, bias=True)
    (8): Sigmoid()
  )
);
The dataset: <datasets.anndatadataset.AnnDataDataset object at 0x7ff7f7541450>;
The optimizer: Adam (
Parameter Group 0
    amsgrad: False
    betas: (0.9, 0.999)
    eps: 1e-08
    lr: 1e-05
    weight_decay: 0.06834466979307537
);

Epoch 0 recon loss: 7380.5866954255
Epoch 1 recon loss: 7318.2198168061
Epoch 2 recon loss: 7290.823539628
Epoch 3 recon loss: 7065.3732301172
Epoch 4 recon loss: 7357.2032461232
Epoch 5 recon loss: 7404.8934203256
Epoch 6 recon loss: 7294.7725281016
Epoch 7 recon loss: 7463.1260947337
Epoch 8 recon loss: 7510.0612893596
Epoch 9 recon loss: 7564.5706183316
Epoch 10 recon loss: 7493.0370724584
Epoch 11 recon loss: 7156.9219125713
Epoch 12 recon loss: 7339.5977144172
Epoch 13 recon loss: 7441.8263536891
Epoch 14 recon loss: 7481.4187935594
Epoch 15 recon loss: 7345.4771110838
Epoch 16 recon loss: 7062.2581700238
Epoch 17 recon loss: 7098.0384229279
Epoch 18 recon loss: 7340.726486749
Epoch 19 recon loss: 7247.6568339749

Latent space type: <class 'numpy.ndarray'>;
GEX encoded shape: torch.Size([69249, 64]);
ATAC encoded shape: torch.Size([69249, 64]);
Latent space shape: (69249, 128);

0.45686505232897046
   celltype_ari  celltype_ami  ...  batch_homogeneity  batch_complete
0       0.06512      0.160915  ...           0.926352        0.923776

[1 rows x 8 columns]
wandb: ERROR Failed to sample metric: process no longer exists (pid=24184)
2022-12-18 14:18:44,903 - wandb.wandb_agent - INFO - Cleaning up finished run: d4kmgz33
wandb: Waiting for W&B process to finish... (success).
wandb: 
wandb: Run history:
wandb:  recon loss ▅▅▄▁▅▆▄▇▇█▇▂▅▆▇▅▁▁▅▄
wandb: total_score ▁
wandb: 
wandb: Run summary:
wandb:  recon loss 7247.65683
wandb: total_score 0.45687
wandb: 
wandb: Synced solar-sweep-187: https://wandb.ai/team-single-cell/gex_atac_sweep/runs/d4kmgz33
wandb: Synced 6 W&B file(s), 1 media file(s), 1 artifact file(s) and 0 other file(s)
wandb: Find logs at: ./wandb/run-20221218_140722-d4kmgz33/logs
2022-12-18 14:18:51,588 - wandb.wandb_agent - INFO - Agent received command: run
2022-12-18 14:18:51,604 - wandb.wandb_agent - INFO - Agent starting run with config:
	atac_dim: 2500
	atac_weight: 47.559310668438
	epochs: 80
	gex_dim: 5000
	gex_weight: 11.419964705242316
	init: he
	latent_dim: 10
	lr: 0.0001
	model: [[1200, 400, 100], [50, 100, 200], [1600, 600, 120], [60, 100, 150]]
	weight_decay: 0.04556835147520161
2022-12-18 14:18:51,838 - wandb.wandb_agent - INFO - About to run command: /usr/bin/env python gex_atac_sweep.py --atac_dim=2500 --atac_weight=47.559310668438 --epochs=80 --gex_dim=5000 --gex_weight=11.419964705242316 --init=he --latent_dim=10 --lr=0.0001 "--model=[[1200, 400, 100], [50, 100, 200], [1600, 600, 120], [60, 100, 150]]" --weight_decay=0.04556835147520161
wandb: Currently logged in as: ange1o5 (team-single-cell). Use `wandb login --relogin` to force relogin
wandb: WARNING Ignored wandb.init() arg project when running a sweep.
wandb: WARNING Ignored wandb.init() arg entity when running a sweep.
2022-12-18 14:18:57,099 - wandb.wandb_agent - INFO - Running runs: ['66b9zudd']
wandb: Tracking run with wandb version 0.13.7
wandb: Run data is saved locally in /ssd003/home/angelo/single-cell-proj/repo/team_single_cell/experiments/scripts/wandb/run-20221218_141856-66b9zudd
wandb: Run `wandb offline` to turn off syncing.
wandb: Syncing run dainty-sweep-369
wandb: ⭐️ View project at https://wandb.ai/team-single-cell/gex_atac_sweep
wandb: 🧹 View sweep at https://wandb.ai/team-single-cell/gex_atac_sweep/sweeps/j1snhit4
wandb: 🚀 View run at https://wandb.ai/team-single-cell/gex_atac_sweep/runs/66b9zudd
 UserWarning:/h/angelo/miniconda3/envs/single_cell_env/lib/python3.7/site-packages/scanpy/preprocessing/_highly_variable_genes.py:64: `flavor='seurat_v3'` expects raw count data, but non-integers were found.
Trying to set attribute `._uns` of view, copying.
Trying to set attribute `.var` of view, copying.
slurmstepd: error: *** JOB 8874618 ON gpu134 CANCELLED AT 2022-12-18T14:32:15 ***
