/h/angelo/single-cell-proj/repo/team_single_cell/experiments/jobs
gpu171.cluster.local
Sun Dec 18 14:07:23 EST 2022
wandb: Starting wandb agent 🕵️
2022-12-18 14:07:33,077 - wandb.wandb_agent - INFO - Running runs: []
2022-12-18 14:07:33,284 - wandb.wandb_agent - INFO - Agent received command: run
2022-12-18 14:07:33,285 - wandb.wandb_agent - INFO - Agent starting run with config:
	atac_dim: 7500
	atac_weight: 44.07888502925885
	epochs: 40
	gex_dim: 5000
	gex_weight: 99.8656329762304
	init: xavier
	latent_dim: 64
	lr: 0.1
	model: [[1600, 800, 400, 100], [40, 60, 100, 150], [1800, 800, 400, 100], [40, 60, 120, 200]]
	weight_decay: 0.00046762789461467506
2022-12-18 14:07:33,293 - wandb.wandb_agent - INFO - About to run command: /usr/bin/env python gex_atac_sweep.py --atac_dim=7500 --atac_weight=44.07888502925885 --epochs=40 --gex_dim=5000 --gex_weight=99.8656329762304 --init=xavier --latent_dim=64 --lr=0.1 "--model=[[1600, 800, 400, 100], [40, 60, 100, 150], [1800, 800, 400, 100], [40, 60, 120, 200]]" --weight_decay=0.00046762789461467506
2022-12-18 14:07:38,306 - wandb.wandb_agent - INFO - Running runs: ['8bfylqrs']
wandb: Currently logged in as: ange1o5 (team-single-cell). Use `wandb login --relogin` to force relogin
wandb: WARNING Ignored wandb.init() arg project when running a sweep.
wandb: WARNING Ignored wandb.init() arg entity when running a sweep.
wandb: Tracking run with wandb version 0.13.7
wandb: Run data is saved locally in /ssd003/home/angelo/single-cell-proj/repo/team_single_cell/experiments/scripts/wandb/run-20221218_140741-8bfylqrs
wandb: Run `wandb offline` to turn off syncing.
wandb: Syncing run lemon-sweep-218
wandb: ⭐️ View project at https://wandb.ai/team-single-cell/gex_atac_sweep
wandb: 🧹 View sweep at https://wandb.ai/team-single-cell/gex_atac_sweep/sweeps/j1snhit4
wandb: 🚀 View run at https://wandb.ai/team-single-cell/gex_atac_sweep/runs/8bfylqrs
 UserWarning:/h/angelo/miniconda3/envs/single_cell_env/lib/python3.7/site-packages/scanpy/preprocessing/_highly_variable_genes.py:64: `flavor='seurat_v3'` expects raw count data, but non-integers were found.
Trying to set attribute `._uns` of view, copying.
Trying to set attribute `.var` of view, copying.
2022-12-18 14:27:30.455418: I tensorflow/core/platform/cpu_feature_guard.cc:193] This TensorFlow binary is optimized with oneAPI Deep Neural Network Library (oneDNN) to use the following CPU instructions in performance-critical operations:  SSE4.1 SSE4.2 AVX AVX2 AVX512F AVX512_VNNI FMA
To enable them in other operations, rebuild TensorFlow with the appropriate compiler flags.
2022-12-18 14:27:30.703376: I tensorflow/core/util/util.cc:169] oneDNN custom operations are on. You may see slightly different numerical results due to floating-point round-off errors from different computation orders. To turn them off, set the environment variable `TF_ENABLE_ONEDNN_OPTS=0`.
 FutureWarning:/h/angelo/miniconda3/envs/single_cell_env/lib/python3.7/site-packages/anndata/_core/anndata.py:1228: The `inplace` parameter in pandas.Categorical.reorder_categories is deprecated and will be removed in a future version. Reordering categories will always return a new Categorical object.
... storing 'feature_types' as categorical
 FutureWarning:/h/angelo/miniconda3/envs/single_cell_env/lib/python3.7/site-packages/anndata/_core/anndata.py:1228: The `inplace` parameter in pandas.Categorical.reorder_categories is deprecated and will be removed in a future version. Reordering categories will always return a new Categorical object.
... storing 'gene_id' as categorical
Reading dataset...
Feature selecting GEX...
Feature selecting ATAC...

New GEX dim: 5000;
New ATAC dim: 7502;
AnnData dataset's shape: (69249, 12502)

Initializing dataset and dataloader...
The order of labels: ['s1d1', 's1d1', 's1d1', 's1d1', 's1d1', ..., 's4d9', 's4d9', 's4d9', 's4d9', 's4d9']
Length: 69249
Categories (13, object): ['s1d1', 's1d2', 's1d3', 's2d1', ..., 's3d10', 's4d1', 's4d8', 's4d9']
The device: cuda;

The model: DeepGexAtacMultiModalAutoencoder(
  (gex_encoder): Sequential(
    (0): Linear(in_features=5000, out_features=1600, bias=True)
    (1): BatchNorm1d(1600, eps=1e-05, momentum=0.1, affine=True, track_running_stats=True)
    (2): ReLU()
    (3): Dropout(p=0.1, inplace=False)
    (4): Linear(in_features=1600, out_features=800, bias=True)
    (5): BatchNorm1d(800, eps=1e-05, momentum=0.1, affine=True, track_running_stats=True)
    (6): ReLU()
    (7): Linear(in_features=800, out_features=400, bias=True)
    (8): BatchNorm1d(400, eps=1e-05, momentum=0.1, affine=True, track_running_stats=True)
    (9): ReLU()
    (10): Dropout(p=0.1, inplace=False)
    (11): Linear(in_features=400, out_features=100, bias=True)
    (12): BatchNorm1d(100, eps=1e-05, momentum=0.1, affine=True, track_running_stats=True)
    (13): ReLU()
    (14): Linear(in_features=100, out_features=32, bias=True)
    (15): ReLU()
  )
  (atac_encoder): Sequential(
    (0): Linear(in_features=7502, out_features=1800, bias=True)
    (1): BatchNorm1d(1800, eps=1e-05, momentum=0.1, affine=True, track_running_stats=True)
    (2): ReLU()
    (3): Dropout(p=0.1, inplace=False)
    (4): Linear(in_features=1800, out_features=800, bias=True)
    (5): BatchNorm1d(800, eps=1e-05, momentum=0.1, affine=True, track_running_stats=True)
    (6): ReLU()
    (7): Linear(in_features=800, out_features=400, bias=True)
    (8): BatchNorm1d(400, eps=1e-05, momentum=0.1, affine=True, track_running_stats=True)
    (9): ReLU()
    (10): Dropout(p=0.1, inplace=False)
    (11): Linear(in_features=400, out_features=100, bias=True)
    (12): BatchNorm1d(100, eps=1e-05, momentum=0.1, affine=True, track_running_stats=True)
    (13): ReLU()
    (14): Linear(in_features=100, out_features=32, bias=True)
    (15): ReLU()
  )
  (gex_decoder): Sequential(
    (0): Linear(in_features=64, out_features=40, bias=True)
    (1): BatchNorm1d(40, eps=1e-05, momentum=0.1, affine=True, track_running_stats=True)
    (2): ReLU()
    (3): Dropout(p=0.1, inplace=False)
    (4): Linear(in_features=40, out_features=60, bias=True)
    (5): BatchNorm1d(60, eps=1e-05, momentum=0.1, affine=True, track_running_stats=True)
    (6): ReLU()
    (7): Linear(in_features=60, out_features=100, bias=True)
    (8): BatchNorm1d(100, eps=1e-05, momentum=0.1, affine=True, track_running_stats=True)
    (9): ReLU()
    (10): Dropout(p=0.1, inplace=False)
    (11): Linear(in_features=100, out_features=150, bias=True)
    (12): BatchNorm1d(150, eps=1e-05, momentum=0.1, affine=True, track_running_stats=True)
    (13): ReLU()
    (14): Linear(in_features=150, out_features=5000, bias=True)
    (15): ReLU()
  )
  (atac_decoder): Sequential(
    (0): Linear(in_features=64, out_features=40, bias=True)
    (1): BatchNorm1d(40, eps=1e-05, momentum=0.1, affine=True, track_running_stats=True)
    (2): ReLU()
    (3): Dropout(p=0.1, inplace=False)
    (4): Linear(in_features=40, out_features=60, bias=True)
    (5): BatchNorm1d(60, eps=1e-05, momentum=0.1, affine=True, track_running_stats=True)
    (6): ReLU()
    (7): Linear(in_features=60, out_features=120, bias=True)
    (8): BatchNorm1d(120, eps=1e-05, momentum=0.1, affine=True, track_running_stats=True)
    (9): ReLU()
    (10): Dropout(p=0.1, inplace=False)
    (11): Linear(in_features=120, out_features=200, bias=True)
    (12): BatchNorm1d(200, eps=1e-05, momentum=0.1, affine=True, track_running_stats=True)
    (13): ReLU()
    (14): Linear(in_features=200, out_features=7502, bias=True)
    (15): Sigmoid()
  )
);
The dataset: <datasets.anndatadataset.AnnDataDataset object at 0x7ff85567f290>;
The optimizer: Adam (
Parameter Group 0
    amsgrad: False
    betas: (0.9, 0.999)
    eps: 1e-08
    lr: 0.1
    weight_decay: 0.00046762789461467506
);

Epoch 0 recon loss: 6126.8097172785
Epoch 1 recon loss: 4831.5601617701
Epoch 2 recon loss: 3957.8805419436
Epoch 3 recon loss: 4534.1807813839
Epoch 4 recon loss: 4046.4060418945
Epoch 5 recon loss: 1757.6190205265
Epoch 6 recon loss: 1409.8008249926
Epoch 7 recon loss: 969.3746744543
Epoch 8 recon loss: 789.9984745924
Epoch 9 recon loss: 703.6108181188
Epoch 10 recon loss: 1429.1327097624
Epoch 11 recon loss: 1121.0894564706
Epoch 12 recon loss: 716.9673568348
Epoch 13 recon loss: 674.392719081
Epoch 14 recon loss: 881.2809398925
Epoch 15 recon loss: 1748.7986103356
Epoch 16 recon loss: 851.5841375392
Epoch 17 recon loss: 838.0962863956
Epoch 18 recon loss: 926.2107612088
Epoch 19 recon loss: 737.3467209985
Epoch 20 recon loss: 1123.0437074993
Epoch 21 recon loss: 913.5051383719
Epoch 22 recon loss: 734.5904898254
Epoch 23 recon loss: 661.6372490738
Epoch 24 recon loss: 1386.7829435701
Epoch 25 recon loss: 837.1319285881
Epoch 26 recon loss: 694.5038480566
Epoch 27 recon loss: 653.5974534307
Epoch 28 recon loss: 608.6924989885
Epoch 29 recon loss: 562.4749479041
Epoch 30 recon loss: 637.743752501
Epoch 31 recon loss: 686.940655493
Epoch 32 recon loss: 607.5725569963
Epoch 33 recon loss: 688.0987486374
Epoch 34 recon loss: 588.5545071791
Epoch 35 recon loss: 585.5394158981
Epoch 36 recon loss: 629.757854227
Epoch 37 recon loss: 795.9130460948
Epoch 38 recon loss: 1070.5244152548
Epoch 39 recon loss: 614.781775343

Latent space type: <class 'numpy.ndarray'>;
GEX encoded shape: torch.Size([69249, 32]);
ATAC encoded shape: torch.Size([69249, 32]);
Latent space shape: (69249, 64);

0.45937624611837374
   celltype_ari  celltype_ami  ...  batch_homogeneity  batch_complete
0       0.03186      0.215807  ...           0.796026        0.887911

[1 rows x 8 columns]
2022-12-18 14:31:37,357 - wandb.wandb_agent - INFO - Cleaning up finished run: 8bfylqrs
wandb: ERROR Failed to sample metric: process no longer exists (pid=18051)
wandb: Waiting for W&B process to finish... (success).
wandb: - 0.007 MB of 0.007 MB uploaded (0.000 MB deduped)wandb: \ 0.007 MB of 0.027 MB uploaded (0.000 MB deduped)wandb: 
wandb: Run history:
wandb:  recon loss █▆▅▆▅▃▂▂▁▁▂▂▁▁▁▂▁▁▁▁▂▁▁▁▂▁▁▁▁▁▁▁▁▁▁▁▁▁▂▁
wandb: total_score ▁
wandb: 
wandb: Run summary:
wandb:  recon loss 614.78178
wandb: total_score 0.45938
wandb: 
wandb: Synced lemon-sweep-218: https://wandb.ai/team-single-cell/gex_atac_sweep/runs/8bfylqrs
wandb: Synced 6 W&B file(s), 1 media file(s), 1 artifact file(s) and 0 other file(s)
wandb: Find logs at: ./wandb/run-20221218_140741-8bfylqrs/logs
2022-12-18 14:32:07,624 - wandb.wandb_agent - INFO - Agent received command: run
2022-12-18 14:32:07,645 - wandb.wandb_agent - INFO - Agent starting run with config:
	atac_dim: 2500
	atac_weight: 23.240357486827623
	epochs: 80
	gex_dim: 1000
	gex_weight: 83.2107615793156
	init: he
	latent_dim: 128
	lr: 0.1
	model: [[1000, 200], [50, 100], [2000, 400], [100, 300]]
	weight_decay: 0.041590908987509424
2022-12-18 14:32:08,074 - wandb.wandb_agent - INFO - About to run command: /usr/bin/env python gex_atac_sweep.py --atac_dim=2500 --atac_weight=23.240357486827623 --epochs=80 --gex_dim=1000 --gex_weight=83.2107615793156 --init=he --latent_dim=128 --lr=0.1 "--model=[[1000, 200], [50, 100], [2000, 400], [100, 300]]" --weight_decay=0.041590908987509424
2022-12-18 14:32:13,586 - wandb.wandb_agent - INFO - Running runs: ['qsiddioj']
wandb: Currently logged in as: ange1o5 (team-single-cell). Use `wandb login --relogin` to force relogin
wandb: WARNING Ignored wandb.init() arg project when running a sweep.
wandb: WARNING Ignored wandb.init() arg entity when running a sweep.
slurmstepd: error: *** JOB 8874650 ON gpu171 CANCELLED AT 2022-12-18T14:32:15 ***
