/h/angelo/single-cell-proj/repo/team_single_cell/experiments/jobs
gpu090
Sun Dec 18 14:06:19 EST 2022
wandb: Starting wandb agent 🕵️
2022-12-18 14:06:29,003 - wandb.wandb_agent - INFO - Running runs: []
2022-12-18 14:06:29,253 - wandb.wandb_agent - INFO - Agent received command: run
2022-12-18 14:06:29,253 - wandb.wandb_agent - INFO - Agent starting run with config:
	atac_dim: 10000
	atac_weight: 21.000760481413035
	epochs: 40
	gex_dim: 1000
	gex_weight: 97.513471840108
	init: xavier
	latent_dim: 64
	lr: 0.01
	model: [[1000, 200], [50, 100], [2000, 400], [100, 300]]
	weight_decay: 0.000962695190839924
2022-12-18 14:06:29,262 - wandb.wandb_agent - INFO - About to run command: /usr/bin/env python gex_atac_sweep.py --atac_dim=10000 --atac_weight=21.000760481413035 --epochs=40 --gex_dim=1000 --gex_weight=97.513471840108 --init=xavier --latent_dim=64 --lr=0.01 "--model=[[1000, 200], [50, 100], [2000, 400], [100, 300]]" --weight_decay=0.000962695190839924
2022-12-18 14:06:34,277 - wandb.wandb_agent - INFO - Running runs: ['oi58jnxm']
wandb: Currently logged in as: ange1o5 (team-single-cell). Use `wandb login --relogin` to force relogin
wandb: WARNING Ignored wandb.init() arg project when running a sweep.
wandb: WARNING Ignored wandb.init() arg entity when running a sweep.
wandb: Tracking run with wandb version 0.13.7
wandb: Run data is saved locally in /ssd003/home/angelo/single-cell-proj/repo/team_single_cell/experiments/scripts/wandb/run-20221218_140637-oi58jnxm
wandb: Run `wandb offline` to turn off syncing.
wandb: Syncing run lemon-sweep-171
wandb: ⭐️ View project at https://wandb.ai/team-single-cell/gex_atac_sweep
wandb: 🧹 View sweep at https://wandb.ai/team-single-cell/gex_atac_sweep/sweeps/j1snhit4
wandb: 🚀 View run at https://wandb.ai/team-single-cell/gex_atac_sweep/runs/oi58jnxm
 UserWarning:/h/angelo/miniconda3/envs/single_cell_env/lib/python3.7/site-packages/scanpy/preprocessing/_highly_variable_genes.py:64: `flavor='seurat_v3'` expects raw count data, but non-integers were found.
Trying to set attribute `._uns` of view, copying.
Trying to set attribute `.var` of view, copying.
slurmstepd: error: *** JOB 8874601 ON gpu090 CANCELLED AT 2022-12-18T14:32:15 ***
