/h/angelo/single-cell-proj/repo/team_single_cell/experiments/jobs
gpu078
Sun Dec 18 14:07:51 EST 2022
wandb: Starting wandb agent 🕵️
2022-12-18 14:08:00,435 - wandb.wandb_agent - INFO - Running runs: []
2022-12-18 14:08:00,675 - wandb.wandb_agent - INFO - Agent received command: run
2022-12-18 14:08:00,676 - wandb.wandb_agent - INFO - Agent starting run with config:
	atac_dim: 2500
	atac_weight: 89.00802962156337
	epochs: 60
	gex_dim: 2500
	gex_weight: 28.336043246302427
	init: he
	latent_dim: 20
	lr: 0.001
	model: [[1000, 800, 600, 400, 200], [10, 30, 50, 100, 160], [1200, 900, 600, 400, 150], [15, 40, 60, 100, 180]]
	weight_decay: 0.037149456298494046
2022-12-18 14:08:00,685 - wandb.wandb_agent - INFO - About to run command: /usr/bin/env python gex_atac_sweep.py --atac_dim=2500 --atac_weight=89.00802962156337 --epochs=60 --gex_dim=2500 --gex_weight=28.336043246302427 --init=he --latent_dim=20 --lr=0.001 "--model=[[1000, 800, 600, 400, 200], [10, 30, 50, 100, 160], [1200, 900, 600, 400, 150], [15, 40, 60, 100, 180]]" --weight_decay=0.037149456298494046
2022-12-18 14:08:05,710 - wandb.wandb_agent - INFO - Running runs: ['dbhveddt']
wandb: Currently logged in as: ange1o5 (team-single-cell). Use `wandb login --relogin` to force relogin
wandb: WARNING Ignored wandb.init() arg project when running a sweep.
wandb: WARNING Ignored wandb.init() arg entity when running a sweep.
wandb: Tracking run with wandb version 0.13.7
wandb: Run data is saved locally in /ssd003/home/angelo/single-cell-proj/repo/team_single_cell/experiments/scripts/wandb/run-20221218_140807-dbhveddt
wandb: Run `wandb offline` to turn off syncing.
wandb: Syncing run golden-sweep-279
wandb: ⭐️ View project at https://wandb.ai/team-single-cell/gex_atac_sweep
wandb: 🧹 View sweep at https://wandb.ai/team-single-cell/gex_atac_sweep/sweeps/j1snhit4
wandb: 🚀 View run at https://wandb.ai/team-single-cell/gex_atac_sweep/runs/dbhveddt
 UserWarning:/h/angelo/miniconda3/envs/single_cell_env/lib/python3.7/site-packages/scanpy/preprocessing/_highly_variable_genes.py:64: `flavor='seurat_v3'` expects raw count data, but non-integers were found.
Trying to set attribute `._uns` of view, copying.
Trying to set attribute `.var` of view, copying.
2022-12-18 14:29:29.930745: I tensorflow/core/platform/cpu_feature_guard.cc:193] This TensorFlow binary is optimized with oneAPI Deep Neural Network Library (oneDNN) to use the following CPU instructions in performance-critical operations:  SSE4.1 SSE4.2 AVX AVX2 AVX512F FMA
To enable them in other operations, rebuild TensorFlow with the appropriate compiler flags.
slurmstepd: error: *** JOB 8874712 ON gpu078 CANCELLED AT 2022-12-18T14:32:15 ***
